#
# There is insufficient memory for the Java Runtime Environment to continue.
# Native memory allocation (malloc) failed to allocate 131088 bytes for Chunk::new
# Possible reasons:
#   The system is out of physical RAM or swap space
#   In 32 bit mode, the process size limit was hit
# Possible solutions:
#   Reduce memory load on the system
#   Increase physical memory or swap space
#   Check if swap backing store is full
#   Use 64 bit Java on a 64 bit OS
#   Decrease Java heap size (-Xmx/-Xms)
#   Decrease number of Java threads
#   Decrease Java thread stack sizes (-Xss)
#   Set larger code cache with -XX:ReservedCodeCacheSize=
# This output file may be truncated or incomplete.
#
#  Out of Memory Error (allocation.cpp:390), pid=4692, tid=7152
#
# JRE version: Java(TM) SE Runtime Environment (8.0_45-b15) (build 1.8.0_45-b15)
# Java VM: Java HotSpot(TM) 64-Bit Server VM (25.45-b02 mixed mode windows-amd64 compressed oops)
# Failed to write core dump. Minidumps are not enabled by default on client versions of Windows
#

---------------  T H R E A D  ---------------

Current thread (0x0000000007532800):  JavaThread "C2 CompilerThread2" daemon [_thread_in_native, id=7152, stack(0x0000000008fc0000,0x00000000090c0000)]

Stack: [0x0000000008fc0000,0x00000000090c0000]
Native frames: (J=compiled Java code, j=interpreted, Vv=VM code, C=native code)
V  [jvm.dll+0x32b57a]
V  [jvm.dll+0x279873]
V  [jvm.dll+0x27a509]
V  [jvm.dll+0x271825]
V  [jvm.dll+0xcb9e2]
V  [jvm.dll+0xcbeac]
V  [jvm.dll+0xcc204]
V  [jvm.dll+0x4ea280]
V  [jvm.dll+0x4bc678]
V  [jvm.dll+0x4c9641]
V  [jvm.dll+0x4cbc15]
V  [jvm.dll+0x4cbd1b]
V  [jvm.dll+0x4cbd67]
V  [jvm.dll+0x4cbd67]
V  [jvm.dll+0x4cbd67]
V  [jvm.dll+0x4cbd67]
V  [jvm.dll+0x4cbd67]
V  [jvm.dll+0x4cbd67]
V  [jvm.dll+0x4b9b23]
V  [jvm.dll+0x46bf81]
V  [jvm.dll+0x46ccbe]
V  [jvm.dll+0x4500f2]
V  [jvm.dll+0xa4352]
V  [jvm.dll+0xa4c8f]
V  [jvm.dll+0x241984]
V  [jvm.dll+0x29853a]
C  [msvcr100.dll+0x21d9f]
C  [msvcr100.dll+0x21e3b]
C  [kernel32.dll+0x159cd]
C  [ntdll.dll+0x2b981]


Current CompileTask:
C2:   3299 1228       4       com.android.dx.ssa.SCCP::simulateBranch (666 bytes)


---------------  P R O C E S S  ---------------

Java Threads: ( => current thread )
  0x00000000075ba800 JavaThread "Service Thread" daemon [_thread_blocked, id=2852, stack(0x0000000009420000,0x0000000009520000)]
  0x0000000007537800 JavaThread "C1 CompilerThread3" daemon [_thread_in_native, id=6240, stack(0x0000000009250000,0x0000000009350000)]
=>0x0000000007532800 JavaThread "C2 CompilerThread2" daemon [_thread_in_native, id=7152, stack(0x0000000008fc0000,0x00000000090c0000)]
  0x000000000752f800 JavaThread "C2 CompilerThread1" daemon [_thread_in_native, id=6080, stack(0x0000000008e50000,0x0000000008f50000)]
  0x0000000007528000 JavaThread "C2 CompilerThread0" daemon [_thread_in_native, id=1968, stack(0x0000000008940000,0x0000000008a40000)]
  0x000000000751d000 JavaThread "Attach Listener" daemon [_thread_blocked, id=5776, stack(0x0000000008c50000,0x0000000008d50000)]
  0x0000000007527000 JavaThread "Signal Dispatcher" daemon [_thread_blocked, id=4280, stack(0x0000000008af0000,0x0000000008bf0000)]
  0x000000000634b000 JavaThread "Finalizer" daemon [_thread_blocked, id=3256, stack(0x0000000008810000,0x0000000008910000)]
  0x0000000006344800 JavaThread "Reference Handler" daemon [_thread_blocked, id=6756, stack(0x00000000086c0000,0x00000000087c0000)]
  0x00000000022ae000 JavaThread "main" [_thread_in_Java, id=6584, stack(0x0000000002500000,0x0000000002600000)]

Other Threads:
  0x00000000074c0800 VMThread [stack: 0x00000000084c0000,0x00000000085c0000] [id=6532]
  0x00000000075bc800 WatcherThread [stack: 0x00000000090d0000,0x00000000091d0000] [id=5164]

VM state:not at safepoint (normal execution)

VM Mutex/Monitor currently owned by a thread: None

Heap:
 PSYoungGen      total 38400K, used 32628K [0x00000000eab00000, 0x00000000ed580000, 0x0000000100000000)
  eden space 33280K, 98% used [0x00000000eab00000,0x00000000ecadd108,0x00000000ecb80000)
  from space 5120K, 0% used [0x00000000ed080000,0x00000000ed080000,0x00000000ed580000)
  to   space 5120K, 0% used [0x00000000ecb80000,0x00000000ecb80000,0x00000000ed080000)
 ParOldGen       total 87552K, used 0K [0x00000000c0000000, 0x00000000c5580000, 0x00000000eab00000)
  object space 87552K, 0% used [0x00000000c0000000,0x00000000c0000000,0x00000000c5580000)
 Metaspace       used 5684K, capacity 6896K, committed 7040K, reserved 1056768K
  class space    used 554K, capacity 616K, committed 640K, reserved 1048576K

Card table byte_map: [0x00000000029c0000,0x0000000002bd0000] byte_map_base: 0x00000000023c0000

Marking Bits: (ParMarkBitMap*) 0x000000005b0d4040
 Begin Bits: [0x0000000003760000, 0x0000000004760000)
 End Bits:   [0x0000000004760000, 0x0000000005760000)

Polling page: 0x0000000000230000

CodeCache: size=245760Kb used=5089Kb max_used=5089Kb free=240670Kb
 bounds [0x000000000f010000, 0x000000000f510000, 0x000000001e010000]
 total_blobs=1548 nmethods=1281 adapters=180
 compilation: enabled

Compilation events (10 events):
Event: 3.123 Thread 0x0000000007537800 1242       3       com.android.dx.cf.code.ConcreteMethod::<init> (21 bytes)
Event: 3.124 Thread 0x0000000007537800 nmethod 1242 0x000000000f4ecc50 code [0x000000000f4ece60, 0x000000000f4ed728]
Event: 3.144 Thread 0x0000000007537800 1247       3       com.android.dx.ssa.SsaMethod::setBackMode (16 bytes)
Event: 3.144 Thread 0x0000000007537800 nmethod 1247 0x000000000f4e9890 code [0x000000000f4e99e0, 0x000000000f4e9b70]
Event: 3.144 Thread 0x0000000007537800 1248       3       com.android.dx.ssa.back.SsaToRop::moveParametersToHighRegisters (88 bytes)
Event: 3.145 Thread 0x0000000007537800 nmethod 1248 0x000000000f4edc10 code [0x000000000f4edde0, 0x000000000f4ee698]
Event: 3.145 Thread 0x0000000007537800 1250       3       com.android.dx.ssa.back.SsaToRop::convertBasicBlocks (151 bytes)
Event: 3.147 Thread 0x0000000007537800 nmethod 1250 0x000000000f4ee9d0 code [0x000000000f4eece0, 0x000000000f4f0578]
Event: 3.147 Thread 0x0000000007537800 1249       3       com.android.dx.ssa.BasicRegisterMapper::<init> (17 bytes)
Event: 3.147 Thread 0x0000000007537800 nmethod 1249 0x000000000f4e9310 code [0x000000000f4e9480, 0x000000000f4e9748]

GC Heap History (0 events):
No events

Deoptimization events (8 events):
Event: 1.055 Thread 0x00000000022ae000 Uncommon trap: reason=unstable_if action=reinterpret pc=0x000000000f2090d0 method=java.util.HashMap.getNode(ILjava/lang/Object;)Ljava/util/HashMap$Node; @ 129
Event: 1.200 Thread 0x00000000022ae000 Uncommon trap: reason=unstable_if action=reinterpret pc=0x000000000f223660 method=java.util.BitSet.nextSetBit(I)I @ 87
Event: 2.010 Thread 0x00000000022ae000 Uncommon trap: reason=class_check action=maybe_recompile pc=0x000000000f2aca84 method=com.android.dx.ssa.NormalSsaInsn.accept(Lcom/android/dx/ssa/SsaInsn$Visitor;)V @ 9
Event: 2.010 Thread 0x00000000022ae000 Uncommon trap: reason=class_check action=maybe_recompile pc=0x000000000f2aca84 method=com.android.dx.ssa.NormalSsaInsn.accept(Lcom/android/dx/ssa/SsaInsn$Visitor;)V @ 9
Event: 2.010 Thread 0x00000000022ae000 Uncommon trap: reason=class_check action=maybe_recompile pc=0x000000000f2aca84 method=com.android.dx.ssa.NormalSsaInsn.accept(Lcom/android/dx/ssa/SsaInsn$Visitor;)V @ 9
Event: 2.010 Thread 0x00000000022ae000 Uncommon trap: reason=class_check action=maybe_recompile pc=0x000000000f2aca84 method=com.android.dx.ssa.NormalSsaInsn.accept(Lcom/android/dx/ssa/SsaInsn$Visitor;)V @ 9
Event: 2.265 Thread 0x00000000022ae000 Uncommon trap: reason=unstable_if action=reinterpret pc=0x000000000f400f60 method=com.android.dx.rop.code.RegisterSpecSet.put(Lcom/android/dx/rop/code/RegisterSpec;)V @ 77
Event: 3.049 Thread 0x00000000022ae000 Uncommon trap: reason=unstable_if action=reinterpret pc=0x000000000f42ec0c method=com.android.dx.ssa.SsaMethod.updateOneDefinition(Lcom/android/dx/ssa/SsaInsn;Lcom/android/dx/rop/code/RegisterSpec;)V @ 4

Internal exceptions (2 events):
Event: 0.101 Thread 0x00000000022ae000 Exception <a 'java/lang/NoSuchMethodError': Method sun.misc.Unsafe.defineClass(Ljava/lang/String;[BII)Ljava/lang/Class; name or signature does not match> (0x00000000eab12f70) thrown at [C:\re\workspace\8-2-build-windows-amd64-cygwin\jdk8u45\3627\hotspot\srYÞ’G®Ú¹?
Event: 0.101 Thread 0x00000000022ae000 Exception <a 'java/lang/NoSuchMethodError': Method sun.misc.Unsafe.prefetchRead(Ljava/lang/Object;J)V name or signature does not match> (0x00000000eab13200) thrown at [C:\re\workspace\8-2-build-windows-amd64-cygwin\jdk8u45\3627\hotspot\src\share\vm\prims\j

Events (10 events):
Event: 2.265 Thread 0x00000000022ae000 Uncommon trap: trap_request=0xffffff65 fr.pc=0x000000000f400f60
Event: 2.265 Thread 0x00000000022ae000 DEOPT PACKING pc=0x000000000f400f60 sp=0x00000000025fe780
Event: 2.265 Thread 0x00000000022ae000 DEOPT UNPACKING pc=0x000000000f05582a sp=0x00000000025fe6a0 mode 2
Event: 2.856 loading class com/android/dx/cf/attrib/AttExceptions
Event: 2.856 loading class com/android/dx/cf/attrib/AttExceptions done
Event: 3.047 loading class com/android/dx/rop/code/RegOps
Event: 3.047 loading class com/android/dx/rop/code/RegOps done
Event: 3.048 Thread 0x00000000022ae000 Uncommon trap: trap_request=0xffffff65 fr.pc=0x000000000f42ec0c
Event: 3.049 Thread 0x00000000022ae000 DEOPT PACKING pc=0x000000000f42ec0c sp=0x00000000025fe5b0
Event: 3.049 Thread 0x00000000022ae000 DEOPT UNPACKING pc=0x000000000f05582a sp=0x00000000025fe558 mode 2


Dynamic libraries:
0x000000013f4c0000 - 0x000000013f4f7000 	C:\Program Files\Java\jdk1.8.0_45\bin\java.exe
0x0000000076e70000 - 0x0000000077019000 	C:\Windows\SYSTEM32\ntdll.dll
0x0000000076d50000 - 0x0000000076e6f000 	C:\Windows\system32\kernel32.dll
0x000007fefcdf0000 - 0x000007fefce5c000 	C:\Windows\system32\KERNELBASE.dll
0x000007fefd540000 - 0x000007fefd61b000 	C:\Windows\system32\ADVAPI32.dll
0x000007fefd190000 - 0x000007fefd22f000 	C:\Windows\system32\msvcrt.dll
0x000007fefee20000 - 0x000007fefee3f000 	C:\Windows\SYSTEM32\sechost.dll
0x000007fefd620000 - 0x000007fefd74d000 	C:\Windows\system32\RPCRT4.dll
0x0000000076c50000 - 0x0000000076d4a000 	C:\Windows\system32\USER32.dll
0x000007fefde10000 - 0x000007fefde77000 	C:\Windows\system32\GDI32.dll
0x000007fefd990000 - 0x000007fefd99e000 	C:\Windows\system32\LPK.dll
0x000007fefecb0000 - 0x000007fefed79000 	C:\Windows\system32\USP10.dll
0x000007fef9d00000 - 0x000007fef9ef4000 	C:\Windows\WinSxS\amd64_microsoft.windows.common-controls_6595b64144ccf1df_6.0.7601.18837_none_fa3b1e3d17594757\COMCTL32.dll
0x000007fefee40000 - 0x000007fefeeb1000 	C:\Windows\system32\SHLWAPI.dll
0x000007fefd960000 - 0x000007fefd98e000 	C:\Windows\system32\IMM32.DLL
0x000007fefd080000 - 0x000007fefd189000 	C:\Windows\system32\MSCTF.dll
0x000007fefcb50000 - 0x000007fefcb81000 	C:\Windows\system32\nvinitx.dll
0x000000000f000000 - 0x000000000f006000 	C:\Program Files\NVIDIA Corporation\CoProcManager\_etoured.dll
0x000007fef8de0000 - 0x000007fef8e3f000 	C:\Program Files\NVIDIA Corporation\CoProcManager\nvd3d9wrapx.dll
0x000007fefd230000 - 0x000007fefd407000 	C:\Windows\system32\SETUPAPI.dll
0x000007fefcce0000 - 0x000007fefcd16000 	C:\Windows\system32\CFGMGR32.dll
0x000007fefd460000 - 0x000007fefd537000 	C:\Windows\system32\OLEAUT32.dll
0x000007fefd750000 - 0x000007fefd953000 	C:\Windows\system32\ole32.dll
0x000007fefcd20000 - 0x000007fefcd3a000 	C:\Windows\system32\DEVOBJ.dll
0x000007fef8d60000 - 0x000007fef8da6000 	C:\Program Files\NVIDIA Corporation\CoProcManager\nvdxgiwrapx.dll
0x0000000069ea0000 - 0x0000000069f72000 	C:\Program Files\Java\jdk1.8.0_45\jre\bin\msvcr100.dll
0x000000005a8d0000 - 0x000000005b153000 	C:\Program Files\Java\jdk1.8.0_45\jre\bin\server\jvm.dll
0x000007fef0620000 - 0x000007fef0629000 	C:\Windows\system32\WSOCK32.dll
0x000007fefd410000 - 0x000007fefd45d000 	C:\Windows\system32\WS2_32.dll
0x000007fefdb30000 - 0x000007fefdb38000 	C:\Windows\system32\NSI.dll
0x000007fef8f50000 - 0x000007fef8f8b000 	C:\Windows\system32\WINMM.dll
0x000007fefba20000 - 0x000007fefba2c000 	C:\Windows\system32\VERSION.dll
0x0000000077030000 - 0x0000000077037000 	C:\Windows\system32\PSAPI.DLL
0x000000006f040000 - 0x000000006f04f000 	C:\Program Files\Java\jdk1.8.0_45\jre\bin\verify.dll
0x000000006ad30000 - 0x000000006ad59000 	C:\Program Files\Java\jdk1.8.0_45\jre\bin\java.dll
0x000000006ad70000 - 0x000000006ad86000 	C:\Program Files\Java\jdk1.8.0_45\jre\bin\zip.dll
0x000007fefde80000 - 0x000007fefec09000 	C:\Windows\system32\SHELL32.dll
0x000007fefcc30000 - 0x000007fefcc3f000 	C:\Windows\system32\profapi.dll
0x000007fef8c30000 - 0x000007fef8d55000 	C:\Windows\system32\dbghelp.dll

VM Arguments:
jvm_args: -Xmx1024M -Dfile.encoding=x-windows-949 -Duser.country=KR -Duser.language=ko -Duser.variant 
java_command: com.android.dx.command.Main --dex --output C:\Users\Administrator\Documents\anoki-android\app\build\intermediates\pre-dexed\debug\classes-a70e7f1cf301d7ce70830bdb57f389b70ac2a0ef.jar C:\Users\Administrator\Documents\anoki-android\app\build\intermediates\exploded-aar\com.google.android.gms\play-services-drive\7.5.0\jars\classes.jar
java_class_path (initial): D:\Users\Administrator\AppData\Local\Android\sdk\build-tools\22.0.1\lib\dx.jar
Launcher Type: SUN_STANDARD

Environment Variables:
PATH=C:\ProgramData\Oracle\Java\javapath;C:\Program Files (x86)\NVIDIA Corporation\PhysX\Common;C:\Windows\system32;C:\Windows;C:\Windows\System32\Wbem;C:\Windows\System32\WindowsPowerShell\v1.0\;C:\Program Files (x86)\Intel\OpenCL SDK\3.0\bin\x86;C:\Program Files (x86)\Intel\OpenCL SDK\3.0\bin\x64;d:\Program Files (x86)\Microsoft SQL Server\100\Tools\Binn\;d:\Program Files\Microsoft SQL Server\100\Tools\Binn\;d:\Program Files\Microsoft SQL Server\100\DTS\Binn\;d:\Program Files (x86)\Microsoft SQL Server\100\Tools\Binn\VSShell\Common7\IDE\;d:\Program Files (x86)\Microsoft SQL Server\100\DTS\Binn\
USERNAME=Administrator
OS=Windows_NT
PROCESSOR_IDENTIFIER=Intel64 Family 6 Model 60 Stepping 3, GenuineIntel



---------------  S Y S T E M  ---------------

OS: Windows 7 , 64 bit Build 7601 (6.1.7601.18869)

CPU:total 8 (4 cores per cpu, 2 threads per core) family 6 model 60 stepping 3, cmov, cx8, fxsr, mmx, sse, sse2, sse3, ssse3, sse4.1, sse4.2, popcnt, avx, avx2, aes, clmul, erms, lzcnt, ht, tsc, tscinvbit, bmi1, bmi2

Memory: 4k page, physical 8294168k(341528k free), swap 10389484k(8044k free)

vm_info: Java HotSpot(TM) 64-Bit Server VM (25.45-b02) for windows-amd64 JRE (1.8.0_45-b15), built on Apr 30 2015 12:40:44 by "java_re" with MS VC++ 10.0 (VS2010)

time: Tue Aug 11 15:21:16 2015
elapsed time: 3 seconds (0d 0h 0m 3s)

