#
# There is insufficient memory for the Java Runtime Environment to continue.
# Native memory allocation (malloc) failed to allocate 1565376 bytes for Chunk::new
# Possible reasons:
#   The system is out of physical RAM or swap space
#   In 32 bit mode, the process size limit was hit
# Possible solutions:
#   Reduce memory load on the system
#   Increase physical memory or swap space
#   Check if swap backing store is full
#   Use 64 bit Java on a 64 bit OS
#   Decrease Java heap size (-Xmx/-Xms)
#   Decrease number of Java threads
#   Decrease Java thread stack sizes (-Xss)
#   Set larger code cache with -XX:ReservedCodeCacheSize=
# This output file may be truncated or incomplete.
#
#  Out of Memory Error (allocation.cpp:390), pid=6284, tid=5412
#
# JRE version: Java(TM) SE Runtime Environment (8.0_45-b15) (build 1.8.0_45-b15)
# Java VM: Java HotSpot(TM) 64-Bit Server VM (25.45-b02 mixed mode windows-amd64 compressed oops)
# Failed to write core dump. Minidumps are not enabled by default on client versions of Windows
#

---------------  T H R E A D  ---------------

Current thread (0x00000000074f2000):  JavaThread "C2 CompilerThread2" daemon [_thread_in_native, id=5412, stack(0x0000000008c10000,0x0000000008d10000)]

Stack: [0x0000000008c10000,0x0000000008d10000]
Native frames: (J=compiled Java code, j=interpreted, Vv=VM code, C=native code)
V  [jvm.dll+0x32b57a]
V  [jvm.dll+0x279873]
V  [jvm.dll+0x27a509]
V  [jvm.dll+0x271825]
V  [jvm.dll+0xcb9e2]
V  [jvm.dll+0xcbeac]
V  [jvm.dll+0x476ef2]
V  [jvm.dll+0x4b955f]
V  [jvm.dll+0x46b92f]
V  [jvm.dll+0x46ccbe]
V  [jvm.dll+0x4500f2]
V  [jvm.dll+0xa4352]
V  [jvm.dll+0xa4c8f]
V  [jvm.dll+0x241984]
V  [jvm.dll+0x29853a]
C  [msvcr100.dll+0x21d9f]
C  [msvcr100.dll+0x21e3b]
C  [kernel32.dll+0x159cd]
C  [ntdll.dll+0x2b981]


Current CompileTask:
C2:   3322 1437   !   4       com.android.dx.cf.cst.ConstantPoolParser::parse0 (731 bytes)


---------------  P R O C E S S  ---------------

Java Threads: ( => current thread )
  0x000000000757b800 JavaThread "Service Thread" daemon [_thread_blocked, id=6416, stack(0x0000000009030000,0x0000000009130000)]
  0x00000000074f7000 JavaThread "C1 CompilerThread3" daemon [_thread_blocked, id=6816, stack(0x0000000008e40000,0x0000000008f40000)]
=>0x00000000074f2000 JavaThread "C2 CompilerThread2" daemon [_thread_in_native, id=5412, stack(0x0000000008c10000,0x0000000008d10000)]
  0x00000000074ef000 JavaThread "C2 CompilerThread1" daemon [_thread_blocked, id=4708, stack(0x00000000089e0000,0x0000000008ae0000)]
  0x00000000074e8000 JavaThread "C2 CompilerThread0" daemon [_thread_in_native, id=1952, stack(0x0000000008620000,0x0000000008720000)]
  0x00000000074dd000 JavaThread "Attach Listener" daemon [_thread_blocked, id=5204, stack(0x00000000083d0000,0x00000000084d0000)]
  0x00000000074e6800 JavaThread "Signal Dispatcher" daemon [_thread_blocked, id=4396, stack(0x0000000008ae0000,0x0000000008be0000)]
  0x0000000006525800 JavaThread "Finalizer" daemon [_thread_blocked, id=4608, stack(0x00000000088c0000,0x00000000089c0000)]
  0x0000000006524800 JavaThread "Reference Handler" daemon [_thread_blocked, id=5940, stack(0x0000000008750000,0x0000000008850000)]
  0x00000000022ce000 JavaThread "main" [_thread_in_Java, id=5380, stack(0x0000000002630000,0x0000000002730000)]

Other Threads:
  0x0000000007480800 VMThread [stack: 0x00000000084e0000,0x00000000085e0000] [id=4144]
  0x000000000757e800 WatcherThread [stack: 0x0000000008d20000,0x0000000008e20000] [id=3016]

VM state:not at safepoint (normal execution)

VM Mutex/Monitor currently owned by a thread: None

Heap:
 PSYoungGen      total 71680K, used 15619K [0x00000000eab00000, 0x00000000ef600000, 0x0000000100000000)
  eden space 66560K, 15% used [0x00000000eab00000,0x00000000eb5432e0,0x00000000eec00000)
  from space 5120K, 99% used [0x00000000ef100000,0x00000000ef5fdd08,0x00000000ef600000)
  to   space 5120K, 0% used [0x00000000eec00000,0x00000000eec00000,0x00000000ef100000)
 ParOldGen       total 87552K, used 7226K [0x00000000c0000000, 0x00000000c5580000, 0x00000000eab00000)
  object space 87552K, 8% used [0x00000000c0000000,0x00000000c070e970,0x00000000c5580000)
 Metaspace       used 5829K, capacity 7024K, committed 7296K, reserved 1056768K
  class space    used 554K, capacity 616K, committed 640K, reserved 1048576K

Card table byte_map: [0x0000000002af0000,0x0000000002d00000] byte_map_base: 0x00000000024f0000

Marking Bits: (ParMarkBitMap*) 0x000000005b0d4040
 Begin Bits: [0x0000000003940000, 0x0000000004940000)
 End Bits:   [0x0000000004940000, 0x0000000005940000)

Polling page: 0x00000000005c0000

CodeCache: size=245760Kb used=5953Kb max_used=5973Kb free=239806Kb
 bounds [0x000000000f010000, 0x000000000f5f0000, 0x000000001e010000]
 total_blobs=1731 nmethods=1463 adapters=180
 compilation: disabled (not enough contiguous free space left)

Compilation events (10 events):
Event: 2.787 Thread 0x00000000074e8000 nmethod 1348 0x000000000f5e4f50 code [0x000000000f5e5260, 0x000000000f5e8760]
Event: 2.788 Thread 0x00000000074e8000 1456       4       com.android.dx.ssa.SsaRenamer$BlockRenamer$RenamingMapper::map (28 bytes)
Event: 2.790 Thread 0x00000000074e8000 nmethod 1456 0x000000000f5d7890 code [0x000000000f5d79e0, 0x000000000f5d7ac8]
Event: 2.790 Thread 0x00000000074e8000 1328       4       com.android.dx.ssa.SsaBasicBlock::<init> (109 bytes)
Event: 2.800 Thread 0x00000000074e8000 nmethod 1328 0x000000000f5d61d0 code [0x000000000f5d6360, 0x000000000f5d69d8]
Event: 2.800 Thread 0x00000000074e8000 1481       4       com.android.dx.ssa.SsaMethod::updateOneDefinition (70 bytes)
Event: 2.801 Thread 0x00000000074e8000 nmethod 1481 0x000000000f5d9250 code [0x000000000f5d9380, 0x000000000f5d9418]
Event: 2.801 Thread 0x00000000074e8000 1484       4       com.android.dx.ssa.SCCP::simulateBlock (54 bytes)
Event: 3.201 Thread 0x00000000074ef000 

Event: 3.204 Thread 0x00000000074f7000 


GC Heap History (4 events):
Event: 1.808 GC heap before
{Heap before GC invocations=1 (full 0):
 PSYoungGen      total 38400K, used 33280K [0x00000000eab00000, 0x00000000ed580000, 0x0000000100000000)
  eden space 33280K, 100% used [0x00000000eab00000,0x00000000ecb80000,0x00000000ecb80000)
  from space 5120K, 0% used [0x00000000ed080000,0x00000000ed080000,0x00000000ed580000)
  to   space 5120K, 0% used [0x00000000ecb80000,0x00000000ecb80000,0x00000000ed080000)
 ParOldGen       total 87552K, used 0K [0x00000000c0000000, 0x00000000c5580000, 0x00000000eab00000)
  object space 87552K, 0% used [0x00000000c0000000,0x00000000c0000000,0x00000000c5580000)
 Metaspace       used 5659K, capacity 6896K, committed 7040K, reserved 1056768K
  class space    used 553K, capacity 616K, committed 640K, reserved 1048576K
Event: 2.292 GC heap after
Heap after GC invocations=1 (full 0):
 PSYoungGen      total 38400K, used 5088K [0x00000000eab00000, 0x00000000ef600000, 0x0000000100000000)
  eden space 33280K, 0% used [0x00000000eab00000,0x00000000eab00000,0x00000000ecb80000)
  from space 5120K, 99% used [0x00000000ecb80000,0x00000000ed078298,0x00000000ed080000)
  to   space 5120K, 0% used [0x00000000ef100000,0x00000000ef100000,0x00000000ef600000)
 ParOldGen       total 87552K, used 2051K [0x00000000c0000000, 0x00000000c5580000, 0x00000000eab00000)
  object space 87552K, 2% used [0x00000000c0000000,0x00000000c0200de0,0x00000000c5580000)
 Metaspace       used 5659K, capacity 6896K, committed 7040K, reserved 1056768K
  class space    used 553K, capacity 616K, committed 640K, reserved 1048576K
}
Event: 2.808 GC heap before
{Heap before GC invocations=2 (full 0):
 PSYoungGen      total 38400K, used 38368K [0x00000000eab00000, 0x00000000ef600000, 0x0000000100000000)
  eden space 33280K, 100% used [0x00000000eab00000,0x00000000ecb80000,0x00000000ecb80000)
  from space 5120K, 99% used [0x00000000ecb80000,0x00000000ed078298,0x00000000ed080000)
  to   space 5120K, 0% used [0x00000000ef100000,0x00000000ef100000,0x00000000ef600000)
 ParOldGen       total 87552K, used 2051K [0x00000000c0000000, 0x00000000c5580000, 0x00000000eab00000)
  object space 87552K, 2% used [0x00000000c0000000,0x00000000c0200de0,0x00000000c5580000)
 Metaspace       used 5827K, capacity 7024K, committed 7296K, reserved 1056768K
  class space    used 554K, capacity 616K, committed 640K, reserved 1048576K
Event: 3.181 GC heap after
Heap after GC invocations=2 (full 0):
 PSYoungGen      total 71680K, used 5111K [0x00000000eab00000, 0x00000000ef600000, 0x0000000100000000)
  eden space 66560K, 0% used [0x00000000eab00000,0x00000000eab00000,0x00000000eec00000)
  from space 5120K, 99% used [0x00000000ef100000,0x00000000ef5fdd08,0x00000000ef600000)
  to   space 5120K, 0% used [0x00000000eec00000,0x00000000eec00000,0x00000000ef100000)
 ParOldGen       total 87552K, used 7226K [0x00000000c0000000, 0x00000000c5580000, 0x00000000eab00000)
  object space 87552K, 8% used [0x00000000c0000000,0x00000000c070e970,0x00000000c5580000)
 Metaspace       used 5827K, capacity 7024K, committed 7296K, reserved 1056768K
  class space    used 554K, capacity 616K, committed 640K, reserved 1048576K
}

Deoptimization events (6 events):
Event: 1.139 Thread 0x00000000022ce000 Uncommon trap: reason=unstable_if action=reinterpret pc=0x000000000f20cea0 method=java.util.BitSet.nextSetBit(I)I @ 87
Event: 1.139 Thread 0x00000000022ce000 Uncommon trap: reason=unstable_if action=reinterpret pc=0x000000000f255664 method=java.util.BitSet.ensureCapacity(I)V @ 6
Event: 2.491 Thread 0x00000000022ce000 Uncommon trap: reason=bimorphic action=maybe_recompile pc=0x000000000f1fc6d0 method=java.util.HashMap.getNode(ILjava/lang/Object;)Ljava/util/HashMap$Node; @ 126
Event: 2.491 Thread 0x00000000022ce000 Uncommon trap: reason=class_check action=maybe_recompile pc=0x000000000f495850 method=java.util.HashMap.putVal(ILjava/lang/Object;Ljava/lang/Object;ZZ)Ljava/lang/Object; @ 203
Event: 2.535 Thread 0x00000000022ce000 Uncommon trap: reason=unstable_if action=reinterpret pc=0x000000000f39088c method=com.android.dx.ssa.SsaMethod.updateOneDefinition(Lcom/android/dx/ssa/SsaInsn;Lcom/android/dx/rop/code/RegisterSpec;)V @ 4
Event: 2.801 Thread 0x00000000022ce000 Uncommon trap: reason=unstable_if action=reinterpret pc=0x000000000f56fda8 method=com.android.dx.ssa.SCCP.simulateBranch(Lcom/android/dx/ssa/SsaInsn;)V @ 118

Internal exceptions (2 events):
Event: 0.116 Thread 0x00000000022ce000 Exception <a 'java/lang/NoSuchMethodError': Method sun.misc.Unsafe.defineClass(Ljava/lang/String;[BII)Ljava/lang/Class; name or signature does not match> (0x00000000eab12f70) thrown at [C:\re\workspace\8-2-build-windows-amd64-cygwin\jdk8u45\3627\hotspot\srn·—F°¯½?
Event: 0.116 Thread 0x00000000022ce000 Exception <a 'java/lang/NoSuchMethodError': Method sun.misc.Unsafe.prefetchRead(Ljava/lang/Object;J)V name or signature does not match> (0x00000000eab13200) thrown at [C:\re\workspace\8-2-build-windows-amd64-cygwin\jdk8u45\3627\hotspot\src\share\vm\prims\j

Events (10 events):
Event: 2.534 loading class com/android/dx/rop/code/RegOps
Event: 2.534 loading class com/android/dx/rop/code/RegOps done
Event: 2.535 Thread 0x00000000022ce000 Uncommon trap: trap_request=0xffffff65 fr.pc=0x000000000f39088c
Event: 2.535 Thread 0x00000000022ce000 DEOPT PACKING pc=0x000000000f39088c sp=0x000000000272e9f0
Event: 2.535 Thread 0x00000000022ce000 DEOPT UNPACKING pc=0x000000000f05582a sp=0x000000000272e998 mode 2
Event: 2.801 Thread 0x00000000022ce000 Uncommon trap: trap_request=0xffffff65 fr.pc=0x000000000f56fda8
Event: 2.801 Thread 0x00000000022ce000 DEOPT PACKING pc=0x000000000f56fda8 sp=0x000000000272eb00
Event: 2.801 Thread 0x00000000022ce000 DEOPT UNPACKING pc=0x000000000f05582a sp=0x000000000272eac0 mode 2
Event: 2.807 Executing VM operation: ParallelGCFailedAllocation
Event: 3.181 Executing VM operation: ParallelGCFailedAllocation done


Dynamic libraries:
0x000000013f4c0000 - 0x000000013f4f7000 	C:\Program Files\Java\jdk1.8.0_45\bin\java.exe
0x0000000076e70000 - 0x0000000077019000 	C:\Windows\SYSTEM32\ntdll.dll
0x0000000076d50000 - 0x0000000076e6f000 	C:\Windows\system32\kernel32.dll
0x000007fefcdf0000 - 0x000007fefce5c000 	C:\Windows\system32\KERNELBASE.dll
0x000007fefd540000 - 0x000007fefd61b000 	C:\Windows\system32\ADVAPI32.dll
0x000007fefd190000 - 0x000007fefd22f000 	C:\Windows\system32\msvcrt.dll
0x000007fefee20000 - 0x000007fefee3f000 	C:\Windows\SYSTEM32\sechost.dll
0x000007fefd620000 - 0x000007fefd74d000 	C:\Windows\system32\RPCRT4.dll
0x0000000076c50000 - 0x0000000076d4a000 	C:\Windows\system32\USER32.dll
0x000007fefde10000 - 0x000007fefde77000 	C:\Windows\system32\GDI32.dll
0x000007fefd990000 - 0x000007fefd99e000 	C:\Windows\system32\LPK.dll
0x000007fefecb0000 - 0x000007fefed79000 	C:\Windows\system32\USP10.dll
0x000007fef9d00000 - 0x000007fef9ef4000 	C:\Windows\WinSxS\amd64_microsoft.windows.common-controls_6595b64144ccf1df_6.0.7601.18837_none_fa3b1e3d17594757\COMCTL32.dll
0x000007fefee40000 - 0x000007fefeeb1000 	C:\Windows\system32\SHLWAPI.dll
0x000007fefd960000 - 0x000007fefd98e000 	C:\Windows\system32\IMM32.DLL
0x000007fefd080000 - 0x000007fefd189000 	C:\Windows\system32\MSCTF.dll
0x000007fefcb50000 - 0x000007fefcb81000 	C:\Windows\system32\nvinitx.dll
0x000000000f000000 - 0x000000000f006000 	C:\Program Files\NVIDIA Corporation\CoProcManager\_etoured.dll
0x000007fef8de0000 - 0x000007fef8e3f000 	C:\Program Files\NVIDIA Corporation\CoProcManager\nvd3d9wrapx.dll
0x000007fefd230000 - 0x000007fefd407000 	C:\Windows\system32\SETUPAPI.dll
0x000007fefcce0000 - 0x000007fefcd16000 	C:\Windows\system32\CFGMGR32.dll
0x000007fefd460000 - 0x000007fefd537000 	C:\Windows\system32\OLEAUT32.dll
0x000007fefd750000 - 0x000007fefd953000 	C:\Windows\system32\ole32.dll
0x000007fefcd20000 - 0x000007fefcd3a000 	C:\Windows\system32\DEVOBJ.dll
0x000007fef8d60000 - 0x000007fef8da6000 	C:\Program Files\NVIDIA Corporation\CoProcManager\nvdxgiwrapx.dll
0x0000000069ea0000 - 0x0000000069f72000 	C:\Program Files\Java\jdk1.8.0_45\jre\bin\msvcr100.dll
0x000000005a8d0000 - 0x000000005b153000 	C:\Program Files\Java\jdk1.8.0_45\jre\bin\server\jvm.dll
0x000007fef0620000 - 0x000007fef0629000 	C:\Windows\system32\WSOCK32.dll
0x000007fefd410000 - 0x000007fefd45d000 	C:\Windows\system32\WS2_32.dll
0x000007fefdb30000 - 0x000007fefdb38000 	C:\Windows\system32\NSI.dll
0x000007fef8f50000 - 0x000007fef8f8b000 	C:\Windows\system32\WINMM.dll
0x000007fefba20000 - 0x000007fefba2c000 	C:\Windows\system32\VERSION.dll
0x0000000077030000 - 0x0000000077037000 	C:\Windows\system32\PSAPI.DLL
0x000000006f040000 - 0x000000006f04f000 	C:\Program Files\Java\jdk1.8.0_45\jre\bin\verify.dll
0x000000006ad30000 - 0x000000006ad59000 	C:\Program Files\Java\jdk1.8.0_45\jre\bin\java.dll
0x000000006ad70000 - 0x000000006ad86000 	C:\Program Files\Java\jdk1.8.0_45\jre\bin\zip.dll
0x000007fefde80000 - 0x000007fefec09000 	C:\Windows\system32\SHELL32.dll
0x000007fefcc30000 - 0x000007fefcc3f000 	C:\Windows\system32\profapi.dll
0x000007fef8c30000 - 0x000007fef8d55000 	C:\Windows\system32\dbghelp.dll

VM Arguments:
jvm_args: -Xmx1024M -Dfile.encoding=x-windows-949 -Duser.country=KR -Duser.language=ko -Duser.variant 
java_command: com.android.dx.command.Main --dex --output C:\Users\Administrator\Documents\anoki-android\app\build\intermediates\pre-dexed\debug\classes-8050aafcfbbd2905fbc878362247f4c98c23378f.jar C:\Users\Administrator\Documents\anoki-android\app\build\intermediates\exploded-aar\com.google.android.gms\play-services-wearable\7.5.0\jars\classes.jar
java_class_path (initial): D:\Users\Administrator\AppData\Local\Android\sdk\build-tools\22.0.1\lib\dx.jar
Launcher Type: SUN_STANDARD

Environment Variables:
PATH=C:\ProgramData\Oracle\Java\javapath;C:\Program Files (x86)\NVIDIA Corporation\PhysX\Common;C:\Windows\system32;C:\Windows;C:\Windows\System32\Wbem;C:\Windows\System32\WindowsPowerShell\v1.0\;C:\Program Files (x86)\Intel\OpenCL SDK\3.0\bin\x86;C:\Program Files (x86)\Intel\OpenCL SDK\3.0\bin\x64;d:\Program Files (x86)\Microsoft SQL Server\100\Tools\Binn\;d:\Program Files\Microsoft SQL Server\100\Tools\Binn\;d:\Program Files\Microsoft SQL Server\100\DTS\Binn\;d:\Program Files (x86)\Microsoft SQL Server\100\Tools\Binn\VSShell\Common7\IDE\;d:\Program Files (x86)\Microsoft SQL Server\100\DTS\Binn\
USERNAME=Administrator
OS=Windows_NT
PROCESSOR_IDENTIFIER=Intel64 Family 6 Model 60 Stepping 3, GenuineIntel



---------------  S Y S T E M  ---------------

OS: Windows 7 , 64 bit Build 7601 (6.1.7601.18869)

CPU:total 8 (4 cores per cpu, 2 threads per core) family 6 model 60 stepping 3, cmov, cx8, fxsr, mmx, sse, sse2, sse3, ssse3, sse4.1, sse4.2, popcnt, avx, avx2, aes, clmul, erms, lzcnt, ht, tsc, tscinvbit, bmi1, bmi2

Memory: 4k page, physical 8294168k(341464k free), swap 10389484k(8040k free)

vm_info: Java HotSpot(TM) 64-Bit Server VM (25.45-b02) for windows-amd64 JRE (1.8.0_45-b15), built on Apr 30 2015 12:40:44 by "java_re" with MS VC++ 10.0 (VS2010)

time: Tue Aug 11 15:21:16 2015
elapsed time: 3 seconds (0d 0h 0m 3s)

