#
# There is insufficient memory for the Java Runtime Environment to continue.
# Native memory allocation (malloc) failed to allocate 32784 bytes for Chunk::new
# Possible reasons:
#   The system is out of physical RAM or swap space
#   In 32 bit mode, the process size limit was hit
# Possible solutions:
#   Reduce memory load on the system
#   Increase physical memory or swap space
#   Check if swap backing store is full
#   Use 64 bit Java on a 64 bit OS
#   Decrease Java heap size (-Xmx/-Xms)
#   Decrease number of Java threads
#   Decrease Java thread stack sizes (-Xss)
#   Set larger code cache with -XX:ReservedCodeCacheSize=
# This output file may be truncated or incomplete.
#
#  Out of Memory Error (allocation.cpp:390), pid=2692, tid=1964
#
# JRE version: Java(TM) SE Runtime Environment (8.0_45-b15) (build 1.8.0_45-b15)
# Java VM: Java HotSpot(TM) 64-Bit Server VM (25.45-b02 mixed mode windows-amd64 compressed oops)
# Failed to write core dump. Minidumps are not enabled by default on client versions of Windows
#

---------------  T H R E A D  ---------------

Current thread (0x00000000075cf000):  JavaThread "C2 CompilerThread1" daemon [_thread_in_native, id=1964, stack(0x0000000009080000,0x0000000009180000)]

Stack: [0x0000000009080000,0x0000000009180000]
Native frames: (J=compiled Java code, j=interpreted, Vv=VM code, C=native code)
V  [jvm.dll+0x32b57a]


Current CompileTask:
C2:   1912  755   !   4       com.android.dx.rop.code.RegisterSpec::intern (70 bytes)


---------------  P R O C E S S  ---------------

Java Threads: ( => current thread )
  0x0000000007641800 JavaThread "Service Thread" daemon [_thread_blocked, id=6348, stack(0x00000000094a0000,0x00000000095a0000)]
  0x0000000007630800 JavaThread "C1 CompilerThread3" daemon [_thread_in_native, id=5412, stack(0x0000000009200000,0x0000000009300000)]
  0x0000000007630000 JavaThread "C2 CompilerThread2" daemon [_thread_in_native, id=3820, stack(0x0000000008670000,0x0000000008770000)]
=>0x00000000075cf000 JavaThread "C2 CompilerThread1" daemon [_thread_in_native, id=1964, stack(0x0000000009080000,0x0000000009180000)]
  0x00000000075c8000 JavaThread "C2 CompilerThread0" daemon [_thread_in_native, id=6504, stack(0x0000000008e90000,0x0000000008f90000)]
  0x00000000075bd000 JavaThread "Attach Listener" daemon [_thread_blocked, id=6740, stack(0x0000000008ce0000,0x0000000008de0000)]
  0x00000000075c6800 JavaThread "Signal Dispatcher" daemon [_thread_blocked, id=2684, stack(0x0000000008ac0000,0x0000000008bc0000)]
  0x0000000006605800 JavaThread "Finalizer" daemon [_thread_blocked, id=7060, stack(0x00000000088e0000,0x00000000089e0000)]
  0x0000000006604800 JavaThread "Reference Handler" daemon [_thread_blocked, id=6124, stack(0x0000000008770000,0x0000000008870000)]
  0x00000000023ee000 JavaThread "main" [_thread_in_vm, id=6208, stack(0x0000000002620000,0x0000000002720000)]

Other Threads:
  0x0000000007560800 VMThread [stack: 0x00000000084b0000,0x00000000085b0000] [id=6444]
  0x000000000763a800 WatcherThread [stack: 0x00000000093a0000,0x00000000094a0000] [id=4932]

VM state:not at safepoint (normal execution)

VM Mutex/Monitor currently owned by a thread: None

Heap:
 PSYoungGen      total 38400K, used 13607K [0x00000000eab00000, 0x00000000ed580000, 0x0000000100000000)
  eden space 33280K, 40% used [0x00000000eab00000,0x00000000eb849c80,0x00000000ecb80000)
  from space 5120K, 0% used [0x00000000ed080000,0x00000000ed080000,0x00000000ed580000)
  to   space 5120K, 0% used [0x00000000ecb80000,0x00000000ecb80000,0x00000000ed080000)
 ParOldGen       total 87552K, used 0K [0x00000000c0000000, 0x00000000c5580000, 0x00000000eab00000)
  object space 87552K, 0% used [0x00000000c0000000,0x00000000c0000000,0x00000000c5580000)
 Metaspace       used 5368K, capacity 6640K, committed 6784K, reserved 1056768K
  class space    used 551K, capacity 616K, committed 640K, reserved 1048576K

Card table byte_map: [0x0000000002ae0000,0x0000000002cf0000] byte_map_base: 0x00000000024e0000

Marking Bits: (ParMarkBitMap*) 0x000000005c964040
 Begin Bits: [0x0000000003a20000, 0x0000000004a20000)
 End Bits:   [0x0000000004a20000, 0x0000000005a20000)

Polling page: 0x0000000001f50000

CodeCache: size=245760Kb used=2944Kb max_used=2945Kb free=242815Kb
 bounds [0x000000000f010000, 0x000000000f300000, 0x000000001e010000]
 total_blobs=1008 nmethods=741 adapters=180
 compilation: enabled

Compilation events (10 events):
Event: 1.855 Thread 0x0000000007630800 nmethod 726 0x000000000f2edd90 code [0x000000000f2edf00, 0x000000000f2ee208]
Event: 1.855 Thread 0x0000000007630800  725       3       com.android.dx.rop.cst.CstString::<init> (35 bytes)
Event: 1.856 Thread 0x0000000007630800 nmethod 725 0x000000000f2ee2d0 code [0x000000000f2ee480, 0x000000000f2ee908]
Event: 1.856 Thread 0x0000000007630800  727       3       com.android.dx.rop.cst.TypedConstant::<init> (5 bytes)
Event: 1.856 Thread 0x0000000007630800 nmethod 727 0x000000000f2eead0 code [0x000000000f2eec40, 0x000000000f2eee50]
Event: 1.898 Thread 0x00000000075cf000  740       4       com.android.dx.rop.type.Type::equals (31 bytes)
Event: 1.900 Thread 0x00000000075cf000 nmethod 740 0x000000000f2f1cd0 code [0x000000000f2f1e20, 0x000000000f2f1f98]
Event: 1.900 Thread 0x00000000075cf000  758       4       com.android.dx.ssa.SsaBasicBlock::forEachInsn (37 bytes)
Event: 1.904 Thread 0x00000000075cf000 nmethod 758 0x000000000f2f0190 code [0x000000000f2f0300, 0x000000000f2f0508]
Event: 1.904 Thread 0x00000000075cf000  755   !   4       com.android.dx.rop.code.RegisterSpec::intern (70 bytes)

GC Heap History (0 events):
No events

Deoptimization events (2 events):
Event: 1.396 Thread 0x00000000023ee000 Uncommon trap: reason=unstable_if action=reinterpret pc=0x000000000f1bde70 method=java.lang.String.replace(CC)Ljava/lang/String; @ 26
Event: 1.524 Thread 0x00000000023ee000 Uncommon trap: reason=unstable_if action=reinterpret pc=0x000000000f21c2e0 method=java.util.BitSet.nextSetBit(I)I @ 87

Internal exceptions (2 events):
Event: 0.067 Thread 0x00000000023ee000 Exception <a 'java/lang/NoSuchMethodError': Method sun.misc.Unsafe.defineClass(Ljava/lang/String;[BII)Ljava/lang/Class; name or signature does not match> (0x00000000eab12f70) thrown at [C:\re\workspace\8-2-build-windows-amd64-cygwin\jdk8u45\3627\hotspot\sr”]i9¤3±?
Event: 0.067 Thread 0x00000000023ee000 Exception <a 'java/lang/NoSuchMethodError': Method sun.misc.Unsafe.prefetchRead(Ljava/lang/Object;J)V name or signature does not match> (0x00000000eab13200) thrown at [C:\re\workspace\8-2-build-windows-amd64-cygwin\jdk8u45\3627\hotspot\src\share\vm\prims\j

Events (10 events):
Event: 1.543 loading class java/util/TreeMap$EntrySet
Event: 1.543 loading class java/util/TreeMap$EntrySet done
Event: 1.543 loading class java/util/TreeMap$EntryIterator
Event: 1.543 loading class java/util/TreeMap$EntryIterator done
Event: 1.546 loading class java/util/DualPivotQuicksort
Event: 1.546 loading class java/util/DualPivotQuicksort done
Event: 1.585 loading class com/android/dx/dex/file/FieldAnnotationStruct
Event: 1.585 loading class com/android/dx/dex/file/FieldAnnotationStruct done
Event: 1.602 loading class java/util/ArrayList$1
Event: 1.602 loading class java/util/ArrayList$1 done


Dynamic libraries:
0x000000013fc60000 - 0x000000013fc97000 	C:\Program Files\Java\jdk1.8.0_45\bin\java.exe
0x0000000076e70000 - 0x0000000077019000 	C:\Windows\SYSTEM32\ntdll.dll
0x0000000076d50000 - 0x0000000076e6f000 	C:\Windows\system32\kernel32.dll
0x000007fefcdf0000 - 0x000007fefce5c000 	C:\Windows\system32\KERNELBASE.dll
0x000007fefd540000 - 0x000007fefd61b000 	C:\Windows\system32\ADVAPI32.dll
0x000007fefd190000 - 0x000007fefd22f000 	C:\Windows\system32\msvcrt.dll
0x000007fefee20000 - 0x000007fefee3f000 	C:\Windows\SYSTEM32\sechost.dll
0x000007fefd620000 - 0x000007fefd74d000 	C:\Windows\system32\RPCRT4.dll
0x0000000076c50000 - 0x0000000076d4a000 	C:\Windows\system32\USER32.dll
0x000007fefde10000 - 0x000007fefde77000 	C:\Windows\system32\GDI32.dll
0x000007fefd990000 - 0x000007fefd99e000 	C:\Windows\system32\LPK.dll
0x000007fefecb0000 - 0x000007fefed79000 	C:\Windows\system32\USP10.dll
0x000007fef9d00000 - 0x000007fef9ef4000 	C:\Windows\WinSxS\amd64_microsoft.windows.common-controls_6595b64144ccf1df_6.0.7601.18837_none_fa3b1e3d17594757\COMCTL32.dll
0x000007fefee40000 - 0x000007fefeeb1000 	C:\Windows\system32\SHLWAPI.dll
0x000007fefd960000 - 0x000007fefd98e000 	C:\Windows\system32\IMM32.DLL
0x000007fefd080000 - 0x000007fefd189000 	C:\Windows\system32\MSCTF.dll
0x000007fefcb50000 - 0x000007fefcb81000 	C:\Windows\system32\nvinitx.dll
0x000000000f000000 - 0x000000000f006000 	C:\Program Files\NVIDIA Corporation\CoProcManager\_etoured.dll
0x000007fef8de0000 - 0x000007fef8e3f000 	C:\Program Files\NVIDIA Corporation\CoProcManager\nvd3d9wrapx.dll
0x000007fefd230000 - 0x000007fefd407000 	C:\Windows\system32\SETUPAPI.dll
0x000007fefcce0000 - 0x000007fefcd16000 	C:\Windows\system32\CFGMGR32.dll
0x000007fefd460000 - 0x000007fefd537000 	C:\Windows\system32\OLEAUT32.dll
0x000007fefd750000 - 0x000007fefd953000 	C:\Windows\system32\ole32.dll
0x000007fefcd20000 - 0x000007fefcd3a000 	C:\Windows\system32\DEVOBJ.dll
0x000007fef8d60000 - 0x000007fef8da6000 	C:\Program Files\NVIDIA Corporation\CoProcManager\nvdxgiwrapx.dll
0x0000000067fc0000 - 0x0000000068092000 	C:\Program Files\Java\jdk1.8.0_45\jre\bin\msvcr100.dll
0x000000005c160000 - 0x000000005c9e3000 	C:\Program Files\Java\jdk1.8.0_45\jre\bin\server\jvm.dll
0x000007fef0620000 - 0x000007fef0629000 	C:\Windows\system32\WSOCK32.dll
0x000007fefd410000 - 0x000007fefd45d000 	C:\Windows\system32\WS2_32.dll
0x000007fefdb30000 - 0x000007fefdb38000 	C:\Windows\system32\NSI.dll
0x000007fef8f50000 - 0x000007fef8f8b000 	C:\Windows\system32\WINMM.dll
0x000007fefba20000 - 0x000007fefba2c000 	C:\Windows\system32\VERSION.dll
0x0000000077030000 - 0x0000000077037000 	C:\Windows\system32\PSAPI.DLL
0x000000006ef10000 - 0x000000006ef1f000 	C:\Program Files\Java\jdk1.8.0_45\jre\bin\verify.dll
0x000000006ad60000 - 0x000000006ad89000 	C:\Program Files\Java\jdk1.8.0_45\jre\bin\java.dll
0x000000006ad40000 - 0x000000006ad56000 	C:\Program Files\Java\jdk1.8.0_45\jre\bin\zip.dll
0x000007fefde80000 - 0x000007fefec09000 	C:\Windows\system32\SHELL32.dll
0x000007fefcc30000 - 0x000007fefcc3f000 	C:\Windows\system32\profapi.dll

VM Arguments:
jvm_args: -Xmx1024M -Dfile.encoding=x-windows-949 -Duser.country=KR -Duser.language=ko -Duser.variant 
java_command: com.android.dx.command.Main --dex --output C:\Users\Administrator\Documents\anoki-android\app\build\intermediates\pre-dexed\debug\classes-01802bc2c99460b16b7502e0713a6ee626de334c.jar C:\Users\Administrator\Documents\anoki-android\app\build\intermediates\exploded-aar\com.google.android.gms\play-services-maps\7.5.0\jars\classes.jar
java_class_path (initial): D:\Users\Administrator\AppData\Local\Android\sdk\build-tools\22.0.1\lib\dx.jar
Launcher Type: SUN_STANDARD

Environment Variables:
PATH=C:\ProgramData\Oracle\Java\javapath;C:\Program Files (x86)\NVIDIA Corporation\PhysX\Common;C:\Windows\system32;C:\Windows;C:\Windows\System32\Wbem;C:\Windows\System32\WindowsPowerShell\v1.0\;C:\Program Files (x86)\Intel\OpenCL SDK\3.0\bin\x86;C:\Program Files (x86)\Intel\OpenCL SDK\3.0\bin\x64;d:\Program Files (x86)\Microsoft SQL Server\100\Tools\Binn\;d:\Program Files\Microsoft SQL Server\100\Tools\Binn\;d:\Program Files\Microsoft SQL Server\100\DTS\Binn\;d:\Program Files (x86)\Microsoft SQL Server\100\Tools\Binn\VSShell\Common7\IDE\;d:\Program Files (x86)\Microsoft SQL Server\100\DTS\Binn\
USERNAME=Administrator
OS=Windows_NT
PROCESSOR_IDENTIFIER=Intel64 Family 6 Model 60 Stepping 3, GenuineIntel



---------------  S Y S T E M  ---------------

OS: Windows 7 , 64 bit Build 7601 (6.1.7601.18869)

CPU:total 8 (4 cores per cpu, 2 threads per core) family 6 model 60 stepping 3, cmov, cx8, fxsr, mmx, sse, sse2, sse3, ssse3, sse4.1, sse4.2, popcnt, avx, avx2, aes, clmul, erms, lzcnt, ht, tsc, tscinvbit, bmi1, bmi2

Memory: 4k page, physical 8294168k(340940k free), swap 10389484k(12088k free)

vm_info: Java HotSpot(TM) 64-Bit Server VM (25.45-b02) for windows-amd64 JRE (1.8.0_45-b15), built on Apr 30 2015 12:40:44 by "java_re" with MS VC++ 10.0 (VS2010)

time: Tue Aug 11 11:10:42 2015
elapsed time: 1 seconds (0d 0h 0m 1s)

