#
# There is insufficient memory for the Java Runtime Environment to continue.
# Native memory allocation (malloc) failed to allocate 88256 bytes for Chunk::new
# Possible reasons:
#   The system is out of physical RAM or swap space
#   In 32 bit mode, the process size limit was hit
# Possible solutions:
#   Reduce memory load on the system
#   Increase physical memory or swap space
#   Check if swap backing store is full
#   Use 64 bit Java on a 64 bit OS
#   Decrease Java heap size (-Xmx/-Xms)
#   Decrease number of Java threads
#   Decrease Java thread stack sizes (-Xss)
#   Set larger code cache with -XX:ReservedCodeCacheSize=
# This output file may be truncated or incomplete.
#
#  Out of Memory Error (allocation.cpp:390), pid=5448, tid=4124
#
# JRE version: Java(TM) SE Runtime Environment (8.0_45-b15) (build 1.8.0_45-b15)
# Java VM: Java HotSpot(TM) 64-Bit Server VM (25.45-b02 mixed mode windows-amd64 compressed oops)
# Failed to write core dump. Minidumps are not enabled by default on client versions of Windows
#

---------------  T H R E A D  ---------------

Current thread (0x0000000007818000):  JavaThread "C2 CompilerThread0" daemon [_thread_in_native, id=4124, stack(0x0000000008fd0000,0x00000000090d0000)]

Stack: [0x0000000008fd0000,0x00000000090d0000]
Native frames: (J=compiled Java code, j=interpreted, Vv=VM code, C=native code)
V  [jvm.dll+0x32b57a]


Current CompileTask:
C2:    471  276       4       java.lang.String::replace (127 bytes)


---------------  P R O C E S S  ---------------

Java Threads: ( => current thread )
  0x00000000078d1800 JavaThread "Service Thread" daemon [_thread_blocked, id=4328, stack(0x0000000009540000,0x0000000009640000)]
  0x0000000007856000 JavaThread "C1 CompilerThread3" daemon [_thread_blocked, id=5376, stack(0x00000000092e0000,0x00000000093e0000)]
  0x000000000782d800 JavaThread "C2 CompilerThread2" daemon [_thread_blocked, id=5972, stack(0x0000000008730000,0x0000000008830000)]
  0x000000000781f000 JavaThread "C2 CompilerThread1" daemon [_thread_blocked, id=2712, stack(0x0000000009110000,0x0000000009210000)]
=>0x0000000007818000 JavaThread "C2 CompilerThread0" daemon [_thread_in_native, id=4124, stack(0x0000000008fd0000,0x00000000090d0000)]
  0x000000000780d000 JavaThread "Attach Listener" daemon [_thread_blocked, id=2616, stack(0x0000000008ed0000,0x0000000008fd0000)]
  0x0000000007816800 JavaThread "Signal Dispatcher" daemon [_thread_blocked, id=2968, stack(0x0000000008ce0000,0x0000000008de0000)]
  0x000000000685b000 JavaThread "Finalizer" daemon [_thread_blocked, id=5920, stack(0x0000000008990000,0x0000000008a90000)]
  0x0000000006854800 JavaThread "Reference Handler" daemon [_thread_blocked, id=5228, stack(0x0000000008a90000,0x0000000008b90000)]
  0x00000000023be000 JavaThread "main" [_thread_in_vm, id=6076, stack(0x00000000027b0000,0x00000000028b0000)]

Other Threads:
  0x00000000077b0800 VMThread [stack: 0x0000000008840000,0x0000000008940000] [id=6236]
  0x00000000078aa800 WatcherThread [stack: 0x0000000008bd0000,0x0000000008cd0000] [id=5864]

VM state:not at safepoint (normal execution)

VM Mutex/Monitor currently owned by a thread: None

Heap:
 PSYoungGen      total 38400K, used 8000K [0x00000000eab00000, 0x00000000ed580000, 0x0000000100000000)
  eden space 33280K, 24% used [0x00000000eab00000,0x00000000eb2d00c0,0x00000000ecb80000)
  from space 5120K, 0% used [0x00000000ed080000,0x00000000ed080000,0x00000000ed580000)
  to   space 5120K, 0% used [0x00000000ecb80000,0x00000000ecb80000,0x00000000ed080000)
 ParOldGen       total 87552K, used 0K [0x00000000c0000000, 0x00000000c5580000, 0x00000000eab00000)
  object space 87552K, 0% used [0x00000000c0000000,0x00000000c0000000,0x00000000c5580000)
 Metaspace       used 4657K, capacity 5968K, committed 6272K, reserved 1056768K
  class space    used 509K, capacity 584K, committed 640K, reserved 1048576K

Card table byte_map: [0x0000000002c70000,0x0000000002e80000] byte_map_base: 0x0000000002670000

Marking Bits: (ParMarkBitMap*) 0x000000005b0d4040
 Begin Bits: [0x0000000003c70000, 0x0000000004c70000)
 End Bits:   [0x0000000004c70000, 0x0000000005c70000)

Polling page: 0x0000000000240000

CodeCache: size=245760Kb used=1709Kb max_used=1709Kb free=244050Kb
 bounds [0x000000000f010000, 0x000000000f280000, 0x000000001e010000]
 total_blobs=544 nmethods=278 adapters=179
 compilation: enabled

Compilation events (10 events):
Event: 0.467 Thread 0x0000000007856000 nmethod 275 0x000000000f1b7d10 code [0x000000000f1b7f40, 0x000000000f1b8af8]
Event: 0.467 Thread 0x0000000007856000  277  s!   3       java.net.URLStreamHandler::getHostAddress (54 bytes)
Event: 0.468 Thread 0x0000000007856000 nmethod 277 0x000000000f1b8f10 code [0x000000000f1b90a0, 0x000000000f1b9758]
Event: 0.468 Thread 0x0000000007856000  278       3       java.util.jar.Attributes$Name::hashCode (24 bytes)
Event: 0.468 Thread 0x0000000007856000 nmethod 278 0x000000000f1b98d0 code [0x000000000f1b9a40, 0x000000000f1b9c08]
Event: 0.468 Thread 0x0000000007856000  271       3       java.security.CodeSource::hashCode (17 bytes)
Event: 0.468 Thread 0x0000000007856000 nmethod 271 0x000000000f1b9c90 code [0x000000000f1b9e20, 0x000000000f1ba388]
Event: 0.468 Thread 0x0000000007856000  272  s    3       java.net.URL::hashCode (30 bytes)
Event: 0.468 Thread 0x0000000007856000 nmethod 272 0x000000000f1ba510 code [0x000000000f1ba680, 0x000000000f1baaa8]
Event: 0.469 Thread 0x0000000007856000  279       3       java.util.BitSet::get (69 bytes)

GC Heap History (0 events):
No events

Deoptimization events (0 events):
No events

Internal exceptions (2 events):
Event: 0.048 Thread 0x00000000023be000 Exception <a 'java/lang/NoSuchMethodError': Method sun.misc.Unsafe.defineClass(Ljava/lang/String;[BII)Ljava/lang/Class; name or signature does not match> (0x00000000eab12f70) thrown at [C:\re\workspace\8-2-build-windows-amd64-cygwin\jdk8u45\3627\hotspot\srDþ7dn¨?
Event: 0.048 Thread 0x00000000023be000 Exception <a 'java/lang/NoSuchMethodError': Method sun.misc.Unsafe.prefetchRead(Ljava/lang/Object;J)V name or signature does not match> (0x00000000eab13200) thrown at [C:\re\workspace\8-2-build-windows-amd64-cygwin\jdk8u45\3627\hotspot\src\share\vm\prims\j

Events (10 events):
Event: 0.467 loading class com/android/dx/dex/code/ZeroSizeInsn
Event: 0.467 loading class com/android/dx/dex/code/ZeroSizeInsn done
Event: 0.468 loading class com/android/dx/dex/code/LocalSnapshot
Event: 0.468 loading class com/android/dx/dex/code/LocalSnapshot done
Event: 0.468 loading class com/android/dx/dex/code/TargetInsn
Event: 0.468 loading class com/android/dx/dex/code/TargetInsn done
Event: 0.468 loading class com/android/dx/dex/code/FixedSizeInsn
Event: 0.468 loading class com/android/dx/dex/code/FixedSizeInsn done
Event: 0.469 loading class com/android/dx/dex/code/BlockAddresses
Event: 0.469 loading class com/android/dx/dex/code/BlockAddresses done


Dynamic libraries:
0x000000013fcd0000 - 0x000000013fd07000 	C:\Program Files\Java\jdk1.8.0_45\bin\java.exe
0x0000000076e70000 - 0x0000000077019000 	C:\Windows\SYSTEM32\ntdll.dll
0x0000000076d50000 - 0x0000000076e6f000 	C:\Windows\system32\kernel32.dll
0x000007fefcdf0000 - 0x000007fefce5c000 	C:\Windows\system32\KERNELBASE.dll
0x000007fefd540000 - 0x000007fefd61b000 	C:\Windows\system32\ADVAPI32.dll
0x000007fefd190000 - 0x000007fefd22f000 	C:\Windows\system32\msvcrt.dll
0x000007fefee20000 - 0x000007fefee3f000 	C:\Windows\SYSTEM32\sechost.dll
0x000007fefd620000 - 0x000007fefd74d000 	C:\Windows\system32\RPCRT4.dll
0x0000000076c50000 - 0x0000000076d4a000 	C:\Windows\system32\USER32.dll
0x000007fefde10000 - 0x000007fefde77000 	C:\Windows\system32\GDI32.dll
0x000007fefd990000 - 0x000007fefd99e000 	C:\Windows\system32\LPK.dll
0x000007fefecb0000 - 0x000007fefed79000 	C:\Windows\system32\USP10.dll
0x000007fef9d00000 - 0x000007fef9ef4000 	C:\Windows\WinSxS\amd64_microsoft.windows.common-controls_6595b64144ccf1df_6.0.7601.18837_none_fa3b1e3d17594757\COMCTL32.dll
0x000007fefee40000 - 0x000007fefeeb1000 	C:\Windows\system32\SHLWAPI.dll
0x000007fefd960000 - 0x000007fefd98e000 	C:\Windows\system32\IMM32.DLL
0x000007fefd080000 - 0x000007fefd189000 	C:\Windows\system32\MSCTF.dll
0x000007fefcb50000 - 0x000007fefcb81000 	C:\Windows\system32\nvinitx.dll
0x000000000f000000 - 0x000000000f006000 	C:\Program Files\NVIDIA Corporation\CoProcManager\_etoured.dll
0x000007fef8de0000 - 0x000007fef8e3f000 	C:\Program Files\NVIDIA Corporation\CoProcManager\nvd3d9wrapx.dll
0x000007fefd230000 - 0x000007fefd407000 	C:\Windows\system32\SETUPAPI.dll
0x000007fefcce0000 - 0x000007fefcd16000 	C:\Windows\system32\CFGMGR32.dll
0x000007fefd460000 - 0x000007fefd537000 	C:\Windows\system32\OLEAUT32.dll
0x000007fefd750000 - 0x000007fefd953000 	C:\Windows\system32\ole32.dll
0x000007fefcd20000 - 0x000007fefcd3a000 	C:\Windows\system32\DEVOBJ.dll
0x000007fef8d60000 - 0x000007fef8da6000 	C:\Program Files\NVIDIA Corporation\CoProcManager\nvdxgiwrapx.dll
0x0000000067fc0000 - 0x0000000068092000 	C:\Program Files\Java\jdk1.8.0_45\jre\bin\msvcr100.dll
0x000000005a8d0000 - 0x000000005b153000 	C:\Program Files\Java\jdk1.8.0_45\jre\bin\server\jvm.dll
0x000007fef0620000 - 0x000007fef0629000 	C:\Windows\system32\WSOCK32.dll
0x000007fefd410000 - 0x000007fefd45d000 	C:\Windows\system32\WS2_32.dll
0x000007fefdb30000 - 0x000007fefdb38000 	C:\Windows\system32\NSI.dll
0x000007fef8f50000 - 0x000007fef8f8b000 	C:\Windows\system32\WINMM.dll
0x000007fefba20000 - 0x000007fefba2c000 	C:\Windows\system32\VERSION.dll
0x0000000077030000 - 0x0000000077037000 	C:\Windows\system32\PSAPI.DLL
0x000000006f040000 - 0x000000006f04f000 	C:\Program Files\Java\jdk1.8.0_45\jre\bin\verify.dll
0x000000006ad30000 - 0x000000006ad59000 	C:\Program Files\Java\jdk1.8.0_45\jre\bin\java.dll
0x000000006ad70000 - 0x000000006ad86000 	C:\Program Files\Java\jdk1.8.0_45\jre\bin\zip.dll
0x000007fefde80000 - 0x000007fefec09000 	C:\Windows\system32\SHELL32.dll
0x000007fefcc30000 - 0x000007fefcc3f000 	C:\Windows\system32\profapi.dll

VM Arguments:
jvm_args: -Xmx1024M -Dfile.encoding=x-windows-949 -Duser.country=KR -Duser.language=ko -Duser.variant 
java_command: com.android.dx.command.Main --dex --output C:\Users\Administrator\Documents\anoki-android\app\build\intermediates\pre-dexed\debug\classes-a70e7f1cf301d7ce70830bdb57f389b70ac2a0ef.jar C:\Users\Administrator\Documents\anoki-android\app\build\intermediates\exploded-aar\com.google.android.gms\play-services-drive\7.5.0\jars\classes.jar
java_class_path (initial): D:\Users\Administrator\AppData\Local\Android\sdk\build-tools\22.0.1\lib\dx.jar
Launcher Type: SUN_STANDARD

Environment Variables:
PATH=C:\ProgramData\Oracle\Java\javapath;C:\Program Files (x86)\NVIDIA Corporation\PhysX\Common;C:\Windows\system32;C:\Windows;C:\Windows\System32\Wbem;C:\Windows\System32\WindowsPowerShell\v1.0\;C:\Program Files (x86)\Intel\OpenCL SDK\3.0\bin\x86;C:\Program Files (x86)\Intel\OpenCL SDK\3.0\bin\x64;d:\Program Files (x86)\Microsoft SQL Server\100\Tools\Binn\;d:\Program Files\Microsoft SQL Server\100\Tools\Binn\;d:\Program Files\Microsoft SQL Server\100\DTS\Binn\;d:\Program Files (x86)\Microsoft SQL Server\100\Tools\Binn\VSShell\Common7\IDE\;d:\Program Files (x86)\Microsoft SQL Server\100\DTS\Binn\
USERNAME=Administrator
OS=Windows_NT
PROCESSOR_IDENTIFIER=Intel64 Family 6 Model 60 Stepping 3, GenuineIntel



---------------  S Y S T E M  ---------------

OS: Windows 7 , 64 bit Build 7601 (6.1.7601.18869)

CPU:total 8 (4 cores per cpu, 2 threads per core) family 6 model 60 stepping 3, cmov, cx8, fxsr, mmx, sse, sse2, sse3, ssse3, sse4.1, sse4.2, popcnt, avx, avx2, aes, clmul, erms, lzcnt, ht, tsc, tscinvbit, bmi1, bmi2

Memory: 4k page, physical 8294168k(557532k free), swap 10389484k(5036k free)

vm_info: Java HotSpot(TM) 64-Bit Server VM (25.45-b02) for windows-amd64 JRE (1.8.0_45-b15), built on Apr 30 2015 12:40:44 by "java_re" with MS VC++ 10.0 (VS2010)

time: Tue Aug 11 14:05:28 2015
elapsed time: 0 seconds (0d 0h 0m 0s)

