---------------  P R O C E S S  ---------------

Java Threads: ( => current thread )
  0x00000000076f1000 JavaThread "Service Thread" daemon [_thread_blocked, id=6360, stack(0x0000000009250000,0x0000000009350000)]
=>0x00000000076dc800 JavaThread "C1 CompilerThread3" daemon [_thread_in_native, id=4796, stack(0x0000000009060000,0x0000000009160000)]
  0x00000000076d7800 JavaThread "C2 CompilerThread2" daemon [_thread_blocked, id=3540, stack(0x0000000008f00000,0x0000000009000000)]
  0x00000000076d4000 JavaThread "C2 CompilerThread1" daemon [_thread_blocked, id=6800, stack(0x0000000008de0000,0x0000000008ee0000)]
  0x00000000076cd000 JavaThread "C2 CompilerThread0" daemon [_thread_in_vm, id=3972, stack(0x00000000085b0000,0x00000000086b0000)]
  0x00000000076cc000 JavaThread "Attach Listener" daemon [_thread_blocked, id=5244, stack(0x0000000008c50000,0x0000000008d50000)]
  0x00000000076c2000 JavaThread "Signal Dispatcher" daemon [_thread_blocked, id=4556, stack(0x0000000008a30000,0x0000000008b30000)]
  0x00000000065f5800 JavaThread "Finalizer" daemon [_thread_blocked, id=4264, stack(0x0000000008930000,0x0000000008a30000)]
  0x00000000065f4800 JavaThread "Reference Handler" daemon [_thread_blocked, id=6220, stack(0x0000000008830000,0x0000000008930000)]
  0x000000000255e000 JavaThread "main" [_thread_in_Java, id=5360, stack(0x00000000027b0000,0x00000000028b0000)]

Other Threads:
  0x0000000007660800 VMThread [stack: 0x0000000008700000,0x0000000008800000] [id=2976]
  0x00000000076f4000 WatcherThread [stack: 0x0000000008b40000,0x0000000008c40000] [id=5196]

VM state:not at safepoint (normal execution)

VM Mutex/Monitor currently owned by a thread: None

Heap:
 PSYoungGen      total 38400K, used 10243K [0x00000000eab00000, 0x00000000ed580000, 0x0000000100000000)
  eden space 33280K, 30% used [0x00000000eab00000,0x00000000eb500e40,0x00000000ecb80000)
  from space 5120K, 0% used [0x00000000ed080000,0x00000000ed080000,0x00000000ed580000)
  to   space 5120K, 0% used [0x00000000ecb80000,0x00000000ecb80000,0x00000000ed080000)
 ParOldGen       total 87552K, used 0K [0x00000000c0000000, 0x00000000c5580000, 0x00000000eab00000)
  object space 87552K, 0% used [0x00000000c0000000,0x00000000c0000000,0x00000000c5580000)
 Metaspace       used 5114K, capacity 6384K, committed 6528K, reserved 1056768K
  class space    used 550K, capacity 616K, committed 640K, reserved 1048576K

Card table byte_map: [0x0000000002c70000,0x0000000002e80000] byte_map_base: 0x0000000002670000

Marking Bits: (ParMarkBitMap*) 0x000000005b0d4040
 Begin Bits: [0x0000000003a10000, 0x0000000004a10000)
 End Bits:   [0x0000000004a10000, 0x0000000005a10000)

Polling page: 0x0000000000230000

CodeCache: size=245760Kb used=1902Kb max_used=1914Kb free=243857Kb
 bounds [0x000000000f010000, 0x000000000f280000, 0x000000001e010000]
 total_blobs=745 nmethods=478 adapters=180
 compilation: enabled

Compilation events (10 events):
Event: 0.741 Thread 0x00000000076dc800 nmethod 473 0x000000000f1eb710 code [0x000000000f1eb880, 0x000000000f1ebbe8]
Event: 0.741 Thread 0x00000000076dc800  476       3       java.util.ArrayList::subList (22 bytes)
Event: 0.742 Thread 0x00000000076dc800 nmethod 476 0x000000000f1ebd50 code [0x000000000f1ebec0, 0x000000000f1ec0f8]
Event: 0.742 Thread 0x00000000076dc800  474       3       java.util.Collections$UnmodifiableCollection$1::next (10 bytes)
Event: 0.742 Thread 0x00000000076dc800 nmethod 474 0x000000000f1ec1d0 code [0x000000000f1ec340, 0x000000000f1ec568]
Event: 0.742 Thread 0x00000000076dc800  464       1       java.util.TreeMap::access$100 (5 bytes)
Event: 0.742 Thread 0x00000000076dc800 nmethod 464 0x000000000f1ec610 code [0x000000000f1ec760, 0x000000000f1ec850]
Event: 0.747 Thread 0x00000000076d4000  482       4       java.util.HashMap::getNode (148 bytes)
Event: 0.747 Thread 0x00000000076dc800  483   !   3       com.android.dx.cf.code.BytecodeArray::parseInstruction (2764 bytes)
Event: 0.754 Thread 0x00000000076d4000 nmethod 482 0x000000000f1ef890 code [0x000000000f1efa00, 0x000000000f1efda8]

GC Heap History (0 events):
No events

Deoptimization events (1 events):
Event: 0.754 Thread 0x000000000255e000 Uncommon trap: reason=unstable_if action=reinterpret pc=0x000000000f1efcf0 method=java.util.HashMap.getNode(ILjava/lang/Object;)Ljava/util/HashMap$Node; @ 62

Internal exceptions (2 events):
Event: 0.051 Thread 0x000000000255e000 Exception <a 'java/lang/NoSuchMethodError': Method sun.misc.Unsafe.defineClass(Ljava/lang/String;[BII)Ljava/lang/Class; name or signature does not match> (0x00000000eab12f70) thrown at [C:\re\workspace\8-2-build-windows-amd64-cygwin\jdk8u45\3627\hotspot\sr®qxª:>ª?
Event: 0.051 Thread 0x000000000255e000 Exception <a 'java/lang/NoSuchMethodError': Method sun.misc.Unsafe.prefetchRead(Ljava/lang/Object;J)V name or signature does not match> (0x00000000eab13200) thrown at [C:\re\workspace\8-2-build-windows-amd64-cygwin\jdk8u45\3627\hotspot\src\share\vm\prims\j

Events (10 events):
Event: 0.738 loading class com/android/dx/cf/attrib/AttExceptions done
Event: 0.746 loading class com/android/dx/cf/code/Ropper$ExceptionHandlerSetup
Event: 0.746 loading class com/android/dx/cf/code/Ropper$ExceptionHandlerSetup done
Event: 0.754 Thread 0x000000000255e000 Uncommon trap: trap_request=0xffffff65 fr.pc=0x000000000f1efcf0
Event: 0.754 Thread 0x000000000255e000 DEOPT PACKING pc=0x000000000f1efcf0 sp=0x00000000028ae590
Event: 0.754 Thread 0x000000000255e000 DEOPT UNPACKING pc=0x000000000f05582a sp=0x00000000028ae508 mode 2
Event: 0.754 loading class java/util/HashMap$Values
Event: 0.755 loading class java/util/HashMap$Values done
Event: 0.755 loading class java/util/HashMap$ValueIterator
Event: 0.755 loading class java/util/HashMap$ValueIterator done


Dynamic libraries:
0x000000013f4c0000 - 0x000000013f4f7000 	C:\Program Files\Java\jdk1.8.0_45\bin\java.exe
0x0000000076e70000 - 0x0000000077019000 	C:\Windows\SYSTEM32\ntdll.dll
0x0000000076d50000 - 0x0000000076e6f000 	C:\Windows\system32\kernel32.dll
0x000007fefcdf0000 - 0x000007fefce5c000 	C:\Windows\system32\KERNELBASE.dll
0x000007fefd540000 - 0x000007fefd61b000 	C:\Windows\system32\ADVAPI32.dll
0x000007fefd190000 - 0x000007fefd22f000 	C:\Windows\system32\msvcrt.dll
0x000007fefee20000 - 0x000007fefee3f000 	C:\Windows\SYSTEM32\sechost.dll
0x000007fefd620000 - 0x000007fefd74d000 	C:\Windows\system32\RPCRT4.dll
0x0000000076c50000 - 0x0000000076d4a000 	C:\Windows\system32\USER32.dll
0x000007fefde10000 - 0x000007fefde77000 	C:\Windows\system32\GDI32.dll
0x000007fefd990000 - 0x000007fefd99e000 	C:\Windows\system32\LPK.dll
0x000007fefecb0000 - 0x000007fefed79000 	C:\Windows\system32\USP10.dll
0x000007fef9d00000 - 0x000007fef9ef4000 	C:\Windows\WinSxS\amd64_microsoft.windows.common-controls_6595b64144ccf1df_6.0.7601.18837_none_fa3b1e3d17594757\COMCTL32.dll
0x000007fefee40000 - 0x000007fefeeb1000 	C:\Windows\system32\SHLWAPI.dll
0x000007fefd960000 - 0x000007fefd98e000 	C:\Windows\system32\IMM32.DLL
0x000007fefd080000 - 0x000007fefd189000 	C:\Windows\system32\MSCTF.dll
0x000007fefcb50000 - 0x000007fefcb81000 	C:\Windows\system32\nvinitx.dll
0x000000000f000000 - 0x000000000f006000 	C:\Program Files\NVIDIA Corporation\CoProcManager\_etoured.dll
0x000007fef8de0000 - 0x000007fef8e3f000 	C:\Program Files\NVIDIA Corporation\CoProcManager\nvd3d9wrapx.dll
0x000007fefd230000 - 0x000007fefd407000 	C:\Windows\system32\SETUPAPI.dll
0x000007fefcce0000 - 0x000007fefcd16000 	C:\Windows\system32\CFGMGR32.dll
0x000007fefd460000 - 0x000007fefd537000 	C:\Windows\system32\OLEAUT32.dll
0x000007fefd750000 - 0x000007fefd953000 	C:\Windows\system32\ole32.dll
0x000007fefcd20000 - 0x000007fefcd3a000 	C:\Windows\system32\DEVOBJ.dll
0x000007fef8d60000 - 0x000007fef8da6000 	C:\Program Files\NVIDIA Corporation\CoProcManager\nvdxgiwrapx.dll
0x0000000069ea0000 - 0x0000000069f72000 	C:\Program Files\Java\jdk1.8.0_45\jre\bin\msvcr100.dll
0x000000005a8d0000 - 0x000000005b153000 	C:\Program Files\Java\jdk1.8.0_45\jre\bin\server\jvm.dll
0x000007fef0620000 - 0x000007fef0629000 	C:\Windows\system32\WSOCK32.dll
0x000007fefd410000 - 0x000007fefd45d000 	C:\Windows\system32\WS2_32.dll
0x000007fefdb30000 - 0x000007fefdb38000 	C:\Windows\system32\NSI.dll
0x000007fef8f50000 - 0x000007fef8f8b000 	C:\Windows\system32\WINMM.dll
0x000007fefba20000 - 0x000007fefba2c000 	C:\Windows\system32\VERSION.dll
0x0000000077030000 - 0x0000000077037000 	C:\Windows\system32\PSAPI.DLL
0x000000006f040000 - 0x000000006f04f000 	C:\Program Files\Java\jdk1.8.0_45\jre\bin\verify.dll
0x000000006ad30000 - 0x000000006ad59000 	C:\Program Files\Java\jdk1.8.0_45\jre\bin\java.dll
0x000000006ad70000 - 0x000000006ad86000 	C:\Program Files\Java\jdk1.8.0_45\jre\bin\zip.dll
0x000007fefde80000 - 0x000007fefec09000 	C:\Windows\system32\SHELL32.dll
0x000007fefcc30000 - 0x000007fefcc3f000 	C:\Windows\system32\profapi.dll

VM Arguments:
jvm_args: -Xmx1024M -Dfile.encoding=x-windows-949 -Duser.country=KR -Duser.language=ko -Duser.variant 
java_command: com.android.dx.command.Main --dex --output C:\Users\Administrator\Documents\anoki-android\app\build\intermediates\pre-dexed\debug\classes-d0f250681c635224d756a13d01f57fb76ece1f6f.jar C:\Users\Administrator\Documents\anoki-android\app\build\intermediates\exploded-aar\com.google.android.gms\play-services-safetynet\7.5.0\jars\classes.jar
java_class_path (initial): D:\Users\Administrator\AppData\Local\Android\sdk\build-tools\22.0.1\lib\dx.jar
Launcher Type: SUN_STANDARD

Environment Variables:
PATH=C:\ProgramData\Oracle\Java\javapath;C:\Program Files (x86)\NVIDIA Corporation\PhysX\Common;C:\Windows\system32;C:\Windows;C:\Windows\System32\Wbem;C:\Windows\System32\WindowsPowerShell\v1.0\;C:\Program Files (x86)\Intel\OpenCL SDK\3.0\bin\x86;C:\Program Files (x86)\Intel\OpenCL SDK\3.0\bin\x64;d:\Program Files (x86)\Microsoft SQL Server\100\Tools\Binn\;d:\Program Files\Microsoft SQL Server\100\Tools\Binn\;d:\Program Files\Microsoft SQL Server\100\DTS\Binn\;d:\Program Files (x86)\Microsoft SQL Server\100\Tools\Binn\VSShell\Common7\IDE\;d:\Program Files (x86)\Microsoft SQL Server\100\DTS\Binn\
USERNAME=Administrator
OS=Windows_NT
PROCESSOR_IDENTIFIER=Intel64 Family 6 Model 60 Stepping 3, GenuineIntel



---------------  S Y S T E M  ---------------

OS: Windows 7 , 64 bit Build 7601 (6.1.7601.18869)

CPU:total 8 (4 cores per cpu, 2 threads per core) family 6 model 60 stepping 3, cmov, cx8, fxsr, mmx, sse, sse2, sse3, ssse3, sse4.1, sse4.2, popcnt, avx, avx2, aes, clmul, erms, lzcnt, ht, tsc, tscinvbit, bmi1, bmi2

Memory: 4k page, physical 8294168k(316076k free), swap 10389484k(4904k free)

vm_info: Java HotSpot(TM) 64-Bit Server VM (25.45-b02) for windows-amd64 JRE (1.8.0_45-b15), built on Apr 30 2015 12:40:44 by "java_re" with MS VC++ 10.0 (VS2010)

time: Tue Aug 11 14:14:28 2015
elapsed time: 0 seconds (0d 0h 0m 0s)

