#
# There is insufficient memory for the Java Runtime Environment to continue.
# Native memory allocation (malloc) failed to allocate 32784 bytes for Chunk::new
# Possible reasons:
#   The system is out of physical RAM or swap space
#   In 32 bit mode, the process size limit was hit
# Possible solutions:
#   Reduce memory load on the system
#   Increase physical memory or swap space
#   Check if swap backing store is full
#   Use 64 bit Java on a 64 bit OS
#   Decrease Java heap size (-Xmx/-Xms)
#   Decrease number of Java threads
#   Decrease Java thread stack sizes (-Xss)
#   Set larger code cache with -XX:ReservedCodeCacheSize=
# This output file may be truncated or incomplete.
#
#  Out of Memory Error (allocation.cpp:390), pid=6292, tid=6148
#
# JRE version: Java(TM) SE Runtime Environment (8.0_45-b15) (build 1.8.0_45-b15)
# Java VM: Java HotSpot(TM) 64-Bit Server VM (25.45-b02 mixed mode windows-amd64 compressed oops)
# Failed to write core dump. Minidumps are not enabled by default on client versions of Windows
#

---------------  T H R E A D  ---------------

Current thread (0x00000000077c2800):  JavaThread "C2 CompilerThread1" daemon [_thread_in_native, id=6148, stack(0x0000000009290000,0x0000000009390000)]

Stack: [0x0000000009290000,0x0000000009390000]
Native frames: (J=compiled Java code, j=interpreted, Vv=VM code, C=native code)
V  [jvm.dll+0x32b57a]


Current CompileTask:
C2:  28147 2004       4       com.android.dx.dex.code.RopTranslator::pickOrder (400 bytes)


---------------  P R O C E S S  ---------------

Java Threads: ( => current thread )
  0x000000000782b800 JavaThread "Service Thread" daemon [_thread_blocked, id=4828, stack(0x00000000095f0000,0x00000000096f0000)]
  0x0000000007820800 JavaThread "C1 CompilerThread3" daemon [_thread_blocked, id=1032, stack(0x0000000008860000,0x0000000008960000)]
  0x0000000007820000 JavaThread "C2 CompilerThread2" daemon [_thread_blocked, id=4884, stack(0x00000000093e0000,0x00000000094e0000)]
=>0x00000000077c2800 JavaThread "C2 CompilerThread1" daemon [_thread_in_native, id=6148, stack(0x0000000009290000,0x0000000009390000)]
  0x00000000077b8000 JavaThread "C2 CompilerThread0" daemon [_thread_in_native, id=3728, stack(0x0000000009000000,0x0000000009100000)]
  0x00000000077ad000 JavaThread "Attach Listener" daemon [_thread_blocked, id=5764, stack(0x0000000008e90000,0x0000000008f90000)]
  0x00000000077b6800 JavaThread "Signal Dispatcher" daemon [_thread_blocked, id=4208, stack(0x0000000008ca0000,0x0000000008da0000)]
  0x00000000066eb000 JavaThread "Finalizer" daemon [_thread_blocked, id=4708, stack(0x0000000008ab0000,0x0000000008bb0000)]
  0x00000000066e4800 JavaThread "Reference Handler" daemon [_thread_blocked, id=6828, stack(0x00000000089a0000,0x0000000008aa0000)]
  0x000000000252e000 JavaThread "main" [_thread_in_vm, id=1676, stack(0x0000000002840000,0x0000000002940000)]

Other Threads:
  0x0000000007750800 VMThread [stack: 0x0000000008750000,0x0000000008850000] [id=4604]
  0x000000000782e800 WatcherThread [stack: 0x0000000009770000,0x0000000009870000] [id=6756]

VM state:not at safepoint (normal execution)

VM Mutex/Monitor currently owned by a thread: None

Heap:
 PSYoungGen      total 71680K, used 44976K [0x00000000eab00000, 0x00000000f3700000, 0x0000000100000000)
  eden space 66560K, 59% used [0x00000000eab00000,0x00000000ed1ef840,0x00000000eec00000)
  from space 5120K, 99% used [0x00000000eec00000,0x00000000ef0fcad8,0x00000000ef100000)
  to   space 5120K, 0% used [0x00000000f3200000,0x00000000f3200000,0x00000000f3700000)
 ParOldGen       total 87552K, used 18585K [0x00000000c0000000, 0x00000000c5580000, 0x00000000eab00000)
  object space 87552K, 21% used [0x00000000c0000000,0x00000000c12264d0,0x00000000c5580000)
 Metaspace       used 5965K, capacity 7088K, committed 7296K, reserved 1056768K
  class space    used 558K, capacity 616K, committed 640K, reserved 1048576K

Card table byte_map: [0x0000000002d00000,0x0000000002f10000] byte_map_base: 0x0000000002700000

Marking Bits: (ParMarkBitMap*) 0x000000005b0d4040
 Begin Bits: [0x0000000003b00000, 0x0000000004b00000)
 End Bits:   [0x0000000004b00000, 0x0000000005b00000)

Polling page: 0x0000000000330000

CodeCache: size=245760Kb used=9892Kb max_used=9895Kb free=235867Kb
 bounds [0x000000000f010000, 0x000000000f9d0000, 0x000000001e010000]
 total_blobs=2264 nmethods=1997 adapters=180
 compilation: enabled

Compilation events (10 events):
Event: 27.672 Thread 0x0000000007820000 2001       4       com.android.dx.ssa.LocalVariableExtractor::processBlock (383 bytes)
Event: 27.693 Thread 0x00000000077c2800 nmethod 1992 0x000000000f9b6590 code [0x000000000f9b68c0, 0x000000000f9ba0e8]
Event: 27.693 Thread 0x00000000077b8000 2002       4       com.android.dx.ssa.SsaRenamer$BlockRenamer::process (191 bytes)
Event: 27.753 Thread 0x00000000077b8000 nmethod 2002 0x000000000f9ae5d0 code [0x000000000f9ae840, 0x000000000f9afee0]
Event: 27.827 Thread 0x0000000007820000 nmethod 2001 0x000000000f9c1010 code [0x000000000f9c12c0, 0x000000000f9c3300]
Event: 28.114 Thread 0x00000000077c2800 2004       4       com.android.dx.dex.code.RopTranslator::pickOrder (400 bytes)
Event: 28.114 Thread 0x00000000077b8000 2003       4       com.android.dx.rop.code.Insn::getLocalAssignment (48 bytes)
Event: 28.116 Thread 0x00000000077b8000 nmethod 2003 0x000000000f9804d0 code [0x000000000f980620, 0x000000000f980718]
Event: 28.130 Thread 0x0000000007820800 2005       3       com.android.dx.dex.file.ClassDefsSection::orderItems0 (158 bytes)
Event: 28.130 Thread 0x00000000077b8000 2008       4       java.util.TreeMap::get (19 bytes)

GC Heap History (6 events):
Event: 4.847 GC heap before
{Heap before GC invocations=1 (full 0):
 PSYoungGen      total 38400K, used 33280K [0x00000000eab00000, 0x00000000ed580000, 0x0000000100000000)
  eden space 33280K, 100% used [0x00000000eab00000,0x00000000ecb80000,0x00000000ecb80000)
  from space 5120K, 0% used [0x00000000ed080000,0x00000000ed080000,0x00000000ed580000)
  to   space 5120K, 0% used [0x00000000ecb80000,0x00000000ecb80000,0x00000000ed080000)
 ParOldGen       total 87552K, used 0K [0x00000000c0000000, 0x00000000c5580000, 0x00000000eab00000)
  object space 87552K, 0% used [0x00000000c0000000,0x00000000c0000000,0x00000000c5580000)
 Metaspace       used 5672K, capacity 6896K, committed 7040K, reserved 1056768K
  class space    used 554K, capacity 616K, committed 640K, reserved 1048576K
Event: 5.132 GC heap after
Heap after GC invocations=1 (full 0):
 PSYoungGen      total 38400K, used 5092K [0x00000000eab00000, 0x00000000ef600000, 0x0000000100000000)
  eden space 33280K, 0% used [0x00000000eab00000,0x00000000eab00000,0x00000000ecb80000)
  from space 5120K, 99% used [0x00000000ecb80000,0x00000000ed0790c0,0x00000000ed080000)
  to   space 5120K, 0% used [0x00000000ef100000,0x00000000ef100000,0x00000000ef600000)
 ParOldGen       total 87552K, used 2033K [0x00000000c0000000, 0x00000000c5580000, 0x00000000eab00000)
  object space 87552K, 2% used [0x00000000c0000000,0x00000000c01fc778,0x00000000c5580000)
 Metaspace       used 5672K, capacity 6896K, committed 7040K, reserved 1056768K
  class space    used 554K, capacity 616K, committed 640K, reserved 1048576K
}
Event: 11.154 GC heap before
{Heap before GC invocations=2 (full 0):
 PSYoungGen      total 38400K, used 38372K [0x00000000eab00000, 0x00000000ef600000, 0x0000000100000000)
  eden space 33280K, 100% used [0x00000000eab00000,0x00000000ecb80000,0x00000000ecb80000)
  from space 5120K, 99% used [0x00000000ecb80000,0x00000000ed0790c0,0x00000000ed080000)
  to   space 5120K, 0% used [0x00000000ef100000,0x00000000ef100000,0x00000000ef600000)
 ParOldGen       total 87552K, used 2033K [0x00000000c0000000, 0x00000000c5580000, 0x00000000eab00000)
  object space 87552K, 2% used [0x00000000c0000000,0x00000000c01fc778,0x00000000c5580000)
 Metaspace       used 5828K, capacity 7024K, committed 7296K, reserved 1056768K
  class space    used 554K, capacity 616K, committed 640K, reserved 1048576K
Event: 13.413 GC heap after
Heap after GC invocations=2 (full 0):
 PSYoungGen      total 71680K, used 5104K [0x00000000eab00000, 0x00000000ef600000, 0x0000000100000000)
  eden space 66560K, 0% used [0x00000000eab00000,0x00000000eab00000,0x00000000eec00000)
  from space 5120K, 99% used [0x00000000ef100000,0x00000000ef5fc290,0x00000000ef600000)
  to   space 5120K, 0% used [0x00000000eec00000,0x00000000eec00000,0x00000000ef100000)
 ParOldGen       total 87552K, used 7091K [0x00000000c0000000, 0x00000000c5580000, 0x00000000eab00000)
  object space 87552K, 8% used [0x00000000c0000000,0x00000000c06eccd8,0x00000000c5580000)
 Metaspace       used 5828K, capacity 7024K, committed 7296K, reserved 1056768K
  class space    used 554K, capacity 616K, committed 640K, reserved 1048576K
}
Event: 20.623 GC heap before
{Heap before GC invocations=3 (full 0):
 PSYoungGen      total 71680K, used 71664K [0x00000000eab00000, 0x00000000ef600000, 0x0000000100000000)
  eden space 66560K, 100% used [0x00000000eab00000,0x00000000eec00000,0x00000000eec00000)
  from space 5120K, 99% used [0x00000000ef100000,0x00000000ef5fc290,0x00000000ef600000)
  to   space 5120K, 0% used [0x00000000eec00000,0x00000000eec00000,0x00000000ef100000)
 ParOldGen       total 87552K, used 7091K [0x00000000c0000000, 0x00000000c5580000, 0x00000000eab00000)
  object space 87552K, 8% used [0x00000000c0000000,0x00000000c06eccd8,0x00000000c5580000)
 Metaspace       used 5904K, capacity 7088K, committed 7296K, reserved 1056768K
  class space    used 554K, capacity 616K, committed 640K, reserved 1048576K
Event: 24.932 GC heap after
Heap after GC invocations=3 (full 0):
 PSYoungGen      total 71680K, used 5106K [0x00000000eab00000, 0x00000000f3700000, 0x0000000100000000)
  eden space 66560K, 0% used [0x00000000eab00000,0x00000000eab00000,0x00000000eec00000)
  from space 5120K, 99% used [0x00000000eec00000,0x00000000ef0fcad8,0x00000000ef100000)
  to   space 5120K, 0% used [0x00000000f3200000,0x00000000f3200000,0x00000000f3700000)
 ParOldGen       total 87552K, used 18585K [0x00000000c0000000, 0x00000000c5580000, 0x00000000eab00000)
  object space 87552K, 21% used [0x00000000c0000000,0x00000000c12264d0,0x00000000c5580000)
 Metaspace       used 5904K, capacity 7088K, committed 7296K, reserved 1056768K
  class space    used 554K, capacity 616K, committed 640K, reserved 1048576K
}

Deoptimization events (10 events):
Event: 26.613 Thread 0x000000000252e000 Uncommon trap: reason=unstable_if action=reinterpret pc=0x000000000f64edf0 method=com.android.dx.ssa.NormalSsaInsn.getLocalAssignment()Lcom/android/dx/rop/code/RegisterSpec; @ 12
Event: 26.613 Thread 0x000000000252e000 Uncommon trap: reason=unstable_if action=reinterpret pc=0x000000000f3968d8 method=com.android.dx.ssa.NormalSsaInsn.getLocalAssignment()Lcom/android/dx/rop/code/RegisterSpec; @ 12
Event: 26.613 Thread 0x000000000252e000 Uncommon trap: reason=unstable_if action=reinterpret pc=0x000000000f8a7f1c method=com.android.dx.ssa.SsaMethod.isRegALocal(Lcom/android/dx/rop/code/RegisterSpec;)Z @ 80
Event: 26.613 Thread 0x000000000252e000 Uncommon trap: reason=unstable_if action=reinterpret pc=0x000000000f36d360 method=com.android.dx.ssa.NormalSsaInsn.getLocalAssignment()Lcom/android/dx/rop/code/RegisterSpec; @ 12
Event: 26.613 Thread 0x000000000252e000 Uncommon trap: reason=unstable_if action=reinterpret pc=0x000000000f52dce4 method=com.android.dx.ssa.NormalSsaInsn.getLocalAssignment()Lcom/android/dx/rop/code/RegisterSpec; @ 12
Event: 26.614 Thread 0x000000000252e000 Uncommon trap: reason=unstable_if action=reinterpret pc=0x000000000f673794 method=com.android.dx.rop.code.Insn.getLocalAssignment()Lcom/android/dx/rop/code/RegisterSpec; @ 9
Event: 26.614 Thread 0x000000000252e000 Uncommon trap: reason=unstable_if action=reinterpret pc=0x000000000f6c0b34 method=com.android.dx.dex.code.RopTranslator$TranslationVisitor.visitPlainInsn(Lcom/android/dx/rop/code/PlainInsn;)V @ 11
Event: 26.633 Thread 0x000000000252e000 Uncommon trap: reason=unstable_if action=reinterpret pc=0x000000000f8b5044 method=com.android.dx.ssa.SsaMethod.isRegALocal(Lcom/android/dx/rop/code/RegisterSpec;)Z @ 80
Event: 26.634 Thread 0x000000000252e000 Uncommon trap: reason=unstable_if action=reinterpret pc=0x000000000f56a9a0 method=com.android.dx.rop.code.Insn.getLocalAssignment()Lcom/android/dx/rop/code/RegisterSpec; @ 9
Event: 26.634 Thread 0x000000000252e000 Uncommon trap: reason=unstable_if action=reinterpret pc=0x000000000f6c540c method=com.android.dx.dex.code.RopTranslator$TranslationVisitor.visitPlainInsn(Lcom/android/dx/rop/code/PlainInsn;)V @ 11

Internal exceptions (3 events):
Event: 0.083 Thread 0x000000000252e000 Exception <a 'java/lang/NoSuchMethodError': Method sun.misc.Unsafe.defineClass(Ljava/lang/String;[BII)Ljava/lang/Class; name or signature does not match> (0x00000000eab12f70) thrown at [C:\re\workspace\8-2-build-windows-amd64-cygwin\jdk8u45\3627\hotspot\srñRRZ7µ?
Event: 0.083 Thread 0x000000000252e000 Exception <a 'java/lang/NoSuchMethodError': Method sun.misc.Unsafe.prefetchRead(Ljava/lang/Object;J)V name or signature does not match> (0x00000000eab13200) thrown at [C:\re\workspace\8-2-build-windows-amd64-cygwin\jdk8u45\3627\hotspot\src\share\vm\prims\j=uøj+%@
Event: 10.585 Thread 0x000000000252e000 Implicit null exception at 0x000000000f368012 to 0x000000000f368105

Events (10 events):
Event: 28.112 loading class java/util/TreeMap$KeySet
Event: 28.112 loading class java/util/NavigableSet
Event: 28.112 loading class java/util/SortedSet
Event: 28.112 loading class java/util/SortedSet done
Event: 28.117 loading class java/util/NavigableSet done
Event: 28.117 loading class java/util/TreeMap$KeySet done
Event: 28.117 loading class java/util/TreeMap$KeyIterator
Event: 28.130 loading class java/util/TreeMap$KeyIterator done
Event: 28.131 loading class java/util/ComparableTimSort
Event: 28.132 loading class java/util/ComparableTimSort done


Dynamic libraries:
0x000000013fb80000 - 0x000000013fbb7000 	C:\Program Files\Java\jdk1.8.0_45\bin\java.exe
0x0000000076e70000 - 0x0000000077019000 	C:\Windows\SYSTEM32\ntdll.dll
0x0000000076d50000 - 0x0000000076e6f000 	C:\Windows\system32\kernel32.dll
0x000007fefcdf0000 - 0x000007fefce5c000 	C:\Windows\system32\KERNELBASE.dll
0x000007fefd540000 - 0x000007fefd61b000 	C:\Windows\system32\ADVAPI32.dll
0x000007fefd190000 - 0x000007fefd22f000 	C:\Windows\system32\msvcrt.dll
0x000007fefee20000 - 0x000007fefee3f000 	C:\Windows\SYSTEM32\sechost.dll
0x000007fefd620000 - 0x000007fefd74d000 	C:\Windows\system32\RPCRT4.dll
0x0000000076c50000 - 0x0000000076d4a000 	C:\Windows\system32\USER32.dll
0x000007fefde10000 - 0x000007fefde77000 	C:\Windows\system32\GDI32.dll
0x000007fefd990000 - 0x000007fefd99e000 	C:\Windows\system32\LPK.dll
0x000007fefecb0000 - 0x000007fefed79000 	C:\Windows\system32\USP10.dll
0x000007fef9d00000 - 0x000007fef9ef4000 	C:\Windows\WinSxS\amd64_microsoft.windows.common-controls_6595b64144ccf1df_6.0.7601.18837_none_fa3b1e3d17594757\COMCTL32.dll
0x000007fefee40000 - 0x000007fefeeb1000 	C:\Windows\system32\SHLWAPI.dll
0x000007fefd960000 - 0x000007fefd98e000 	C:\Windows\system32\IMM32.DLL
0x000007fefd080000 - 0x000007fefd189000 	C:\Windows\system32\MSCTF.dll
0x000007fefcb50000 - 0x000007fefcb81000 	C:\Windows\system32\nvinitx.dll
0x000000000f000000 - 0x000000000f006000 	C:\Program Files\NVIDIA Corporation\CoProcManager\_etoured.dll
0x000007fef8de0000 - 0x000007fef8e3f000 	C:\Program Files\NVIDIA Corporation\CoProcManager\nvd3d9wrapx.dll
0x000007fefd230000 - 0x000007fefd407000 	C:\Windows\system32\SETUPAPI.dll
0x000007fefcce0000 - 0x000007fefcd16000 	C:\Windows\system32\CFGMGR32.dll
0x000007fefd460000 - 0x000007fefd537000 	C:\Windows\system32\OLEAUT32.dll
0x000007fefd750000 - 0x000007fefd953000 	C:\Windows\system32\ole32.dll
0x000007fefcd20000 - 0x000007fefcd3a000 	C:\Windows\system32\DEVOBJ.dll
0x000007fef8d60000 - 0x000007fef8da6000 	C:\Program Files\NVIDIA Corporation\CoProcManager\nvdxgiwrapx.dll
0x000000006aa50000 - 0x000000006ab22000 	C:\Program Files\Java\jdk1.8.0_45\jre\bin\msvcr100.dll
0x000000005a8d0000 - 0x000000005b153000 	C:\Program Files\Java\jdk1.8.0_45\jre\bin\server\jvm.dll
0x000007fef0620000 - 0x000007fef0629000 	C:\Windows\system32\WSOCK32.dll
0x000007fefd410000 - 0x000007fefd45d000 	C:\Windows\system32\WS2_32.dll
0x000007fefdb30000 - 0x000007fefdb38000 	C:\Windows\system32\NSI.dll
0x000007fef8f50000 - 0x000007fef8f8b000 	C:\Windows\system32\WINMM.dll
0x000007fefba20000 - 0x000007fefba2c000 	C:\Windows\system32\VERSION.dll
0x0000000077030000 - 0x0000000077037000 	C:\Windows\system32\PSAPI.DLL
0x000000006f040000 - 0x000000006f04f000 	C:\Program Files\Java\jdk1.8.0_45\jre\bin\verify.dll
0x000000006ad30000 - 0x000000006ad59000 	C:\Program Files\Java\jdk1.8.0_45\jre\bin\java.dll
0x000000006ad70000 - 0x000000006ad86000 	C:\Program Files\Java\jdk1.8.0_45\jre\bin\zip.dll
0x000007fefde80000 - 0x000007fefec09000 	C:\Windows\system32\SHELL32.dll
0x000007fefcc30000 - 0x000007fefcc3f000 	C:\Windows\system32\profapi.dll

VM Arguments:
jvm_args: -Xmx1024M -Dfile.encoding=x-windows-949 -Duser.country=KR -Duser.language=ko -Duser.variant 
java_command: com.android.dx.command.Main --dex --output C:\Users\Administrator\Documents\anoki-android\app\build\intermediates\pre-dexed\debug\classes-a70e7f1cf301d7ce70830bdb57f389b70ac2a0ef.jar C:\Users\Administrator\Documents\anoki-android\app\build\intermediates\exploded-aar\com.google.android.gms\play-services-drive\7.5.0\jars\classes.jar
java_class_path (initial): D:\Users\Administrator\AppData\Local\Android\sdk\build-tools\22.0.1\lib\dx.jar
Launcher Type: SUN_STANDARD

Environment Variables:
PATH=C:\ProgramData\Oracle\Java\javapath;C:\Program Files (x86)\NVIDIA Corporation\PhysX\Common;C:\Windows\system32;C:\Windows;C:\Windows\System32\Wbem;C:\Windows\System32\WindowsPowerShell\v1.0\;C:\Program Files (x86)\Intel\OpenCL SDK\3.0\bin\x86;C:\Program Files (x86)\Intel\OpenCL SDK\3.0\bin\x64;d:\Program Files (x86)\Microsoft SQL Server\100\Tools\Binn\;d:\Program Files\Microsoft SQL Server\100\Tools\Binn\;d:\Program Files\Microsoft SQL Server\100\DTS\Binn\;d:\Program Files (x86)\Microsoft SQL Server\100\Tools\Binn\VSShell\Common7\IDE\;d:\Program Files (x86)\Microsoft SQL Server\100\DTS\Binn\
USERNAME=Administrator
OS=Windows_NT
PROCESSOR_IDENTIFIER=Intel64 Family 6 Model 60 Stepping 3, GenuineIntel



---------------  S Y S T E M  ---------------

OS: Windows 7 , 64 bit Build 7601 (6.1.7601.18869)

CPU:total 8 (4 cores per cpu, 2 threads per core) family 6 model 60 stepping 3, cmov, cx8, fxsr, mmx, sse, sse2, sse3, ssse3, sse4.1, sse4.2, popcnt, avx, avx2, aes, clmul, erms, lzcnt, ht, tsc, tscinvbit, bmi1, bmi2

Memory: 4k page, physical 8294168k(184696k free), swap 10389484k(26752k free)

vm_info: Java HotSpot(TM) 64-Bit Server VM (25.45-b02) for windows-amd64 JRE (1.8.0_45-b15), built on Apr 30 2015 12:40:44 by "java_re" with MS VC++ 10.0 (VS2010)

time: Tue Aug 11 15:27:51 2015
elapsed time: 28 seconds (0d 0h 0m 28s)

