#
# There is insufficient memory for the Java Runtime Environment to continue.
# Native memory allocation (malloc) failed to allocate 41232 bytes for Chunk::new
# Possible reasons:
#   The system is out of physical RAM or swap space
#   In 32 bit mode, the process size limit was hit
# Possible solutions:
#   Reduce memory load on the system
#   Increase physical memory or swap space
#   Check if swap backing store is full
#   Use 64 bit Java on a 64 bit OS
#   Decrease Java heap size (-Xmx/-Xms)
#   Decrease number of Java threads
#   Decrease Java thread stack sizes (-Xss)
#   Set larger code cache with -XX:ReservedCodeCacheSize=
# This output file may be truncated or incomplete.
#
#  Out of Memory Error (allocation.cpp:390), pid=6188, tid=6648
#
# JRE version: Java(TM) SE Runtime Environment (8.0_45-b15) (build 1.8.0_45-b15)
# Java VM: Java HotSpot(TM) 64-Bit Server VM (25.45-b02 mixed mode windows-amd64 compressed oops)
# Failed to write core dump. Minidumps are not enabled by default on client versions of Windows
#

---------------  T H R E A D  ---------------

Current thread (0x0000000007552000):  JavaThread "C2 CompilerThread2" daemon [_thread_in_native, id=6648, stack(0x0000000008eb0000,0x0000000008fb0000)]

Stack: [0x0000000008eb0000,0x0000000008fb0000]
Native frames: (J=compiled Java code, j=interpreted, Vv=VM code, C=native code)
V  [jvm.dll+0x32b57a]


Current CompileTask:
C2:   2980  860   !   4       com.android.dx.rop.code.RegisterSpec::intern (70 bytes)


---------------  P R O C E S S  ---------------

Java Threads: ( => current thread )
  0x000000000756f000 JavaThread "Service Thread" daemon [_thread_blocked, id=1800, stack(0x0000000009190000,0x0000000009290000)]
  0x0000000007557000 JavaThread "C1 CompilerThread3" daemon [_thread_in_native, id=5448, stack(0x0000000008fc0000,0x00000000090c0000)]
=>0x0000000007552000 JavaThread "C2 CompilerThread2" daemon [_thread_in_native, id=6648, stack(0x0000000008eb0000,0x0000000008fb0000)]
  0x000000000754e800 JavaThread "C2 CompilerThread1" daemon [_thread_blocked, id=7048, stack(0x0000000008bf0000,0x0000000008cf0000)]
  0x000000000753e000 JavaThread "C2 CompilerThread0" daemon [_thread_blocked, id=4128, stack(0x0000000008d30000,0x0000000008e30000)]
  0x000000000753d000 JavaThread "Attach Listener" daemon [_thread_blocked, id=7092, stack(0x0000000008a90000,0x0000000008b90000)]
  0x0000000007546800 JavaThread "Signal Dispatcher" daemon [_thread_blocked, id=7100, stack(0x0000000008970000,0x0000000008a70000)]
  0x0000000006365800 JavaThread "Finalizer" daemon [_thread_blocked, id=6160, stack(0x00000000087b0000,0x00000000088b0000)]
  0x0000000006364800 JavaThread "Reference Handler" daemon [_thread_blocked, id=5160, stack(0x0000000008460000,0x0000000008560000)]
  0x000000000240e000 JavaThread "main" [_thread_in_Java, id=5020, stack(0x0000000002750000,0x0000000002850000)]

Other Threads:
  0x00000000074e0800 VMThread [stack: 0x00000000085d0000,0x00000000086d0000] [id=6664]
  0x0000000007572000 WatcherThread [stack: 0x00000000093a0000,0x00000000094a0000] [id=6328]

VM state:not at safepoint (normal execution)

VM Mutex/Monitor currently owned by a thread:  ([mutex/lock_event])
[0x000000000240b930] CodeCache_lock - owner thread: 0x0000000007557000
[0x000000000240cfe0] Compile_lock - owner thread: 0x0000000007557000
[0x000000000240d0e0] MethodCompileQueue_lock - owner thread: 0x0000000007557000

Heap:
 PSYoungGen      total 38400K, used 15339K [0x00000000eab00000, 0x00000000ed580000, 0x0000000100000000)
  eden space 33280K, 46% used [0x00000000eab00000,0x00000000eb9faf10,0x00000000ecb80000)
  from space 5120K, 0% used [0x00000000ed080000,0x00000000ed080000,0x00000000ed580000)
  to   space 5120K, 0% used [0x00000000ecb80000,0x00000000ecb80000,0x00000000ed080000)
 ParOldGen       total 87552K, used 0K [0x00000000c0000000, 0x00000000c5580000, 0x00000000eab00000)
  object space 87552K, 0% used [0x00000000c0000000,0x00000000c0000000,0x00000000c5580000)
 Metaspace       used 5435K, capacity 6704K, committed 6784K, reserved 1056768K
  class space    used 552K, capacity 616K, committed 640K, reserved 1048576K

Card table byte_map: [0x0000000002c10000,0x0000000002e20000] byte_map_base: 0x0000000002610000

Marking Bits: (ParMarkBitMap*) 0x000000005b0d4040
 Begin Bits: [0x0000000003780000, 0x0000000004780000)
 End Bits:   [0x0000000004780000, 0x0000000005780000)

Polling page: 0x0000000000240000

CodeCache: size=245760Kb used=3389Kb max_used=3389Kb free=242370Kb
 bounds [0x000000000f010000, 0x000000000f370000, 0x000000001e010000]
 total_blobs=1119 nmethods=852 adapters=180
 compilation: enabled

Compilation events (10 events):
Event: 2.975 Thread 0x000000000753e000 nmethod 882 0x000000000f34f590 code [0x000000000f34f700, 0x000000000f34f928]
Event: 2.975 Thread 0x0000000007557000 nmethod 883 0x000000000f35a590 code [0x000000000f35a800, 0x000000000f35b708]
Event: 2.975 Thread 0x0000000007557000  871       3       com.android.dx.rop.code.BasicBlock::hasExceptionHandlers (26 bytes)
Event: 2.976 Thread 0x0000000007557000 nmethod 871 0x000000000f350ad0 code [0x000000000f350c80, 0x000000000f3513e8]
Event: 2.976 Thread 0x0000000007557000  873       3       com.android.dx.rop.code.LocalVariableInfo::mergeStarts (75 bytes)
Event: 2.976 Thread 0x000000000754e800  884       4       com.android.dx.ssa.NormalSsaInsn::hasSideEffect (76 bytes)
Event: 2.976 Thread 0x0000000007557000 nmethod 873 0x000000000f35c090 code [0x000000000f35c280, 0x000000000f35cc18]
Event: 2.976 Thread 0x0000000007557000  874       3       com.android.dx.rop.code.BasicBlockList::preferredSuccessorOf (77 bytes)
Event: 2.977 Thread 0x0000000007557000 nmethod 874 0x000000000f35d090 code [0x000000000f35d240, 0x000000000f35d948]
Event: 2.977 Thread 0x0000000007557000  875       3       com.android.dx.dex.code.RopTranslator::outputBlock (202 bytes)

GC Heap History (0 events):
No events

Deoptimization events (7 events):
Event: 0.877 Thread 0x000000000240e000 Uncommon trap: reason=unstable_if action=reinterpret pc=0x000000000f1c7230 method=java.lang.String.replace(CC)Ljava/lang/String; @ 26
Event: 1.512 Thread 0x000000000240e000 Uncommon trap: reason=unstable_if action=reinterpret pc=0x000000000f1e93a0 method=java.util.BitSet.nextSetBit(I)I @ 87
Event: 1.521 Thread 0x000000000240e000 Uncommon trap: reason=class_check action=maybe_recompile pc=0x000000000f1eb0e4 method=com.android.dx.rop.type.Type.equals(Ljava/lang/Object;)Z @ 8
Event: 1.521 Thread 0x000000000240e000 Uncommon trap: reason=class_check action=maybe_recompile pc=0x000000000f1eb0e4 method=com.android.dx.rop.type.Type.equals(Ljava/lang/Object;)Z @ 8
Event: 1.540 Thread 0x000000000240e000 Uncommon trap: reason=unstable_if action=reinterpret pc=0x000000000f1ee530 method=java.util.HashMap.getNode(ILjava/lang/Object;)Ljava/util/HashMap$Node; @ 129
Event: 1.540 Thread 0x000000000240e000 Uncommon trap: reason=unstable_if action=reinterpret pc=0x000000000f1eb07c method=java.util.HashMap.getNode(ILjava/lang/Object;)Ljava/util/HashMap$Node; @ 129
Event: 1.815 Thread 0x000000000240e000 Uncommon trap: reason=class_check action=maybe_recompile pc=0x000000000f260450 method=com.android.dx.ssa.NormalSsaInsn.accept(Lcom/android/dx/ssa/SsaInsn$Visitor;)V @ 9

Internal exceptions (2 events):
Event: 0.073 Thread 0x000000000240e000 Exception <a 'java/lang/NoSuchMethodError': Method sun.misc.Unsafe.defineClass(Ljava/lang/String;[BII)Ljava/lang/Class; name or signature does not match> (0x00000000eab12ee8) thrown at [C:\re\workspace\8-2-build-windows-amd64-cygwin\jdk8u45\3627\hotspot\sr¼†¬Ãš²?
Event: 0.073 Thread 0x000000000240e000 Exception <a 'java/lang/NoSuchMethodError': Method sun.misc.Unsafe.prefetchRead(Ljava/lang/Object;J)V name or signature does not match> (0x00000000eab13178) thrown at [C:\re\workspace\8-2-build-windows-amd64-cygwin\jdk8u45\3627\hotspot\src\share\vm\prims\j

Events (10 events):
Event: 1.567 loading class java/util/HashMap$ValueIterator done
Event: 1.815 Thread 0x000000000240e000 Uncommon trap: trap_request=0xffffffde fr.pc=0x000000000f260450
Event: 1.815 Thread 0x000000000240e000 DEOPT PACKING pc=0x000000000f260450 sp=0x000000000284ea70
Event: 1.815 Thread 0x000000000240e000 DEOPT UNPACKING pc=0x000000000f05582a sp=0x000000000284e9c0 mode 2
Event: 1.817 loading class java/util/ArrayList$1
Event: 1.817 loading class java/util/ArrayList$1 done
Event: 1.819 loading class java/util/DualPivotQuicksort
Event: 1.820 loading class java/util/DualPivotQuicksort done
Event: 1.922 loading class com/android/dx/dex/file/FieldAnnotationStruct
Event: 1.922 loading class com/android/dx/dex/file/FieldAnnotationStruct done


Dynamic libraries:
0x000000013f4c0000 - 0x000000013f4f7000 	C:\Program Files\Java\jdk1.8.0_45\bin\java.exe
0x0000000076e70000 - 0x0000000077019000 	C:\Windows\SYSTEM32\ntdll.dll
0x0000000076d50000 - 0x0000000076e6f000 	C:\Windows\system32\kernel32.dll
0x000007fefcdf0000 - 0x000007fefce5c000 	C:\Windows\system32\KERNELBASE.dll
0x000007fefd540000 - 0x000007fefd61b000 	C:\Windows\system32\ADVAPI32.dll
0x000007fefd190000 - 0x000007fefd22f000 	C:\Windows\system32\msvcrt.dll
0x000007fefee20000 - 0x000007fefee3f000 	C:\Windows\SYSTEM32\sechost.dll
0x000007fefd620000 - 0x000007fefd74d000 	C:\Windows\system32\RPCRT4.dll
0x0000000076c50000 - 0x0000000076d4a000 	C:\Windows\system32\USER32.dll
0x000007fefde10000 - 0x000007fefde77000 	C:\Windows\system32\GDI32.dll
0x000007fefd990000 - 0x000007fefd99e000 	C:\Windows\system32\LPK.dll
0x000007fefecb0000 - 0x000007fefed79000 	C:\Windows\system32\USP10.dll
0x000007fef9d00000 - 0x000007fef9ef4000 	C:\Windows\WinSxS\amd64_microsoft.windows.common-controls_6595b64144ccf1df_6.0.7601.18837_none_fa3b1e3d17594757\COMCTL32.dll
0x000007fefee40000 - 0x000007fefeeb1000 	C:\Windows\system32\SHLWAPI.dll
0x000007fefd960000 - 0x000007fefd98e000 	C:\Windows\system32\IMM32.DLL
0x000007fefd080000 - 0x000007fefd189000 	C:\Windows\system32\MSCTF.dll
0x000007fefcb50000 - 0x000007fefcb81000 	C:\Windows\system32\nvinitx.dll
0x000000000f000000 - 0x000000000f006000 	C:\Program Files\NVIDIA Corporation\CoProcManager\_etoured.dll
0x000007fef8de0000 - 0x000007fef8e3f000 	C:\Program Files\NVIDIA Corporation\CoProcManager\nvd3d9wrapx.dll
0x000007fefd230000 - 0x000007fefd407000 	C:\Windows\system32\SETUPAPI.dll
0x000007fefcce0000 - 0x000007fefcd16000 	C:\Windows\system32\CFGMGR32.dll
0x000007fefd460000 - 0x000007fefd537000 	C:\Windows\system32\OLEAUT32.dll
0x000007fefd750000 - 0x000007fefd953000 	C:\Windows\system32\ole32.dll
0x000007fefcd20000 - 0x000007fefcd3a000 	C:\Windows\system32\DEVOBJ.dll
0x000007fef8d60000 - 0x000007fef8da6000 	C:\Program Files\NVIDIA Corporation\CoProcManager\nvdxgiwrapx.dll
0x0000000069ea0000 - 0x0000000069f72000 	C:\Program Files\Java\jdk1.8.0_45\jre\bin\msvcr100.dll
0x000000005a8d0000 - 0x000000005b153000 	C:\Program Files\Java\jdk1.8.0_45\jre\bin\server\jvm.dll
0x000007fef0620000 - 0x000007fef0629000 	C:\Windows\system32\WSOCK32.dll
0x000007fefd410000 - 0x000007fefd45d000 	C:\Windows\system32\WS2_32.dll
0x000007fefdb30000 - 0x000007fefdb38000 	C:\Windows\system32\NSI.dll
0x000007fef8f50000 - 0x000007fef8f8b000 	C:\Windows\system32\WINMM.dll
0x000007fefba20000 - 0x000007fefba2c000 	C:\Windows\system32\VERSION.dll
0x0000000077030000 - 0x0000000077037000 	C:\Windows\system32\PSAPI.DLL
0x000000006f040000 - 0x000000006f04f000 	C:\Program Files\Java\jdk1.8.0_45\jre\bin\verify.dll
0x000000006ad30000 - 0x000000006ad59000 	C:\Program Files\Java\jdk1.8.0_45\jre\bin\java.dll
0x000000006ad70000 - 0x000000006ad86000 	C:\Program Files\Java\jdk1.8.0_45\jre\bin\zip.dll
0x000007fefde80000 - 0x000007fefec09000 	C:\Windows\system32\SHELL32.dll
0x000007fefcc30000 - 0x000007fefcc3f000 	C:\Windows\system32\profapi.dll

VM Arguments:
jvm_args: -Xmx1024M -Dfile.encoding=x-windows-949 -Duser.country=KR -Duser.language=ko -Duser.variant 
java_command: com.android.dx.command.Main --dex --output C:\Users\Administrator\Documents\anoki-android\app\build\intermediates\pre-dexed\debug\classes-9c17bf812fc860e1a8744d11796b35faeb30b08e.jar C:\Users\Administrator\Documents\anoki-android\app\build\intermediates\exploded-aar\com.google.android.gms\play-services-ads\7.5.0\jars\classes.jar
java_class_path (initial): D:\Users\Administrator\AppData\Local\Android\sdk\build-tools\22.0.1\lib\dx.jar
Launcher Type: SUN_STANDARD

Environment Variables:
PATH=C:\ProgramData\Oracle\Java\javapath;C:\Program Files (x86)\NVIDIA Corporation\PhysX\Common;C:\Windows\system32;C:\Windows;C:\Windows\System32\Wbem;C:\Windows\System32\WindowsPowerShell\v1.0\;C:\Program Files (x86)\Intel\OpenCL SDK\3.0\bin\x86;C:\Program Files (x86)\Intel\OpenCL SDK\3.0\bin\x64;d:\Program Files (x86)\Microsoft SQL Server\100\Tools\Binn\;d:\Program Files\Microsoft SQL Server\100\Tools\Binn\;d:\Program Files\Microsoft SQL Server\100\DTS\Binn\;d:\Program Files (x86)\Microsoft SQL Server\100\Tools\Binn\VSShell\Common7\IDE\;d:\Program Files (x86)\Microsoft SQL Server\100\DTS\Binn\
USERNAME=Administrator
OS=Windows_NT
PROCESSOR_IDENTIFIER=Intel64 Family 6 Model 60 Stepping 3, GenuineIntel



---------------  S Y S T E M  ---------------

OS: Windows 7 , 64 bit Build 7601 (6.1.7601.18869)

CPU:total 8 (4 cores per cpu, 2 threads per core) family 6 model 60 stepping 3, cmov, cx8, fxsr, mmx, sse, sse2, sse3, ssse3, sse4.1, sse4.2, popcnt, avx, avx2, aes, clmul, erms, lzcnt, ht, tsc, tscinvbit, bmi1, bmi2

Memory: 4k page, physical 8294168k(338928k free), swap 10389484k(5064k free)

vm_info: Java HotSpot(TM) 64-Bit Server VM (25.45-b02) for windows-amd64 JRE (1.8.0_45-b15), built on Apr 30 2015 12:40:44 by "java_re" with MS VC++ 10.0 (VS2010)

time: Tue Aug 11 15:21:16 2015
elapsed time: 2 seconds (0d 0h 0m 2s)

