#
# There is insufficient memory for the Java Runtime Environment to continue.
# Native memory allocation (malloc) failed to allocate 38176 bytes for Chunk::new
# Possible reasons:
#   The system is out of physical RAM or swap space
#   In 32 bit mode, the process size limit was hit
# Possible solutions:
#   Reduce memory load on the system
#   Increase physical memory or swap space
#   Check if swap backing store is full
#   Use 64 bit Java on a 64 bit OS
#   Decrease Java heap size (-Xmx/-Xms)
#   Decrease number of Java threads
#   Decrease Java thread stack sizes (-Xss)
#   Set larger code cache with -XX:ReservedCodeCacheSize=
# This output file may be truncated or incomplete.
#
#  Out of Memory Error (allocation.cpp:390), pid=3836, tid=5884
#
# JRE version: Java(TM) SE Runtime Environment (8.0_45-b15) (build 1.8.0_45-b15)
# Java VM: Java HotSpot(TM) 64-Bit Server VM (25.45-b02 mixed mode windows-amd64 compressed oops)
# Failed to write core dump. Minidumps are not enabled by default on client versions of Windows
#

---------------  T H R E A D  ---------------

Current thread (0x0000000007735800):  JavaThread "C2 CompilerThread2" daemon [_thread_in_native, id=5884, stack(0x0000000009040000,0x0000000009140000)]

Stack: [0x0000000009040000,0x0000000009140000]
Native frames: (J=compiled Java code, j=interpreted, Vv=VM code, C=native code)
V  [jvm.dll+0x32b57a]


Current CompileTask:
C2:    346  143       4       java.lang.String::startsWith (72 bytes)


---------------  P R O C E S S  ---------------

Java Threads: ( => current thread )
  0x000000000777b000 JavaThread "Service Thread" daemon [_thread_blocked, id=6500, stack(0x0000000008f00000,0x0000000009000000)]
  0x0000000007740800 JavaThread "C1 CompilerThread3" daemon [_thread_in_native, id=6248, stack(0x00000000091f0000,0x00000000092f0000)]
=>0x0000000007735800 JavaThread "C2 CompilerThread2" daemon [_thread_in_native, id=5884, stack(0x0000000009040000,0x0000000009140000)]
  0x00000000076d8000 JavaThread "C2 CompilerThread1" daemon [_thread_blocked, id=4576, stack(0x0000000008c80000,0x0000000008d80000)]
  0x00000000076d0800 JavaThread "C2 CompilerThread0" daemon [_thread_in_native, id=3268, stack(0x0000000008dc0000,0x0000000008ec0000)]
  0x00000000076c7000 JavaThread "Attach Listener" daemon [_thread_blocked, id=4736, stack(0x00000000089c0000,0x0000000008ac0000)]
  0x00000000076b0800 JavaThread "Signal Dispatcher" daemon [_thread_blocked, id=7024, stack(0x0000000008b50000,0x0000000008c50000)]
  0x00000000065fd000 JavaThread "Finalizer" daemon [_thread_blocked, id=6464, stack(0x00000000088a0000,0x00000000089a0000)]
  0x00000000065f6800 JavaThread "Reference Handler" daemon [_thread_blocked, id=5416, stack(0x0000000008650000,0x0000000008750000)]
  0x00000000024ce000 JavaThread "main" [_thread_in_vm, id=6768, stack(0x0000000002640000,0x0000000002740000)]

Other Threads:
  0x0000000007660800 VMThread [stack: 0x0000000008790000,0x0000000008890000] [id=5404]
  0x000000000778c800 WatcherThread [stack: 0x00000000094c0000,0x00000000095c0000] [id=6028]

VM state:not at safepoint (normal execution)

VM Mutex/Monitor currently owned by a thread: None

Heap:
 PSYoungGen      total 38400K, used 4001K [0x00000000eab00000, 0x00000000ed580000, 0x0000000100000000)
  eden space 33280K, 12% used [0x00000000eab00000,0x00000000eaee85c0,0x00000000ecb80000)
  from space 5120K, 0% used [0x00000000ed080000,0x00000000ed080000,0x00000000ed580000)
  to   space 5120K, 0% used [0x00000000ecb80000,0x00000000ecb80000,0x00000000ed080000)
 ParOldGen       total 87552K, used 0K [0x00000000c0000000, 0x00000000c5580000, 0x00000000eab00000)
  object space 87552K, 0% used [0x00000000c0000000,0x00000000c0000000,0x00000000c5580000)
 Metaspace       used 3442K, capacity 4944K, committed 5120K, reserved 1056768K
  class space    used 382K, capacity 456K, committed 512K, reserved 1048576K

Card table byte_map: [0x0000000002b00000,0x0000000002d10000] byte_map_base: 0x0000000002500000

Marking Bits: (ParMarkBitMap*) 0x000000006a164040
 Begin Bits: [0x0000000003a10000, 0x0000000004a10000)
 End Bits:   [0x0000000004a10000, 0x0000000005a10000)

Polling page: 0x00000000001d0000

CodeCache: size=245760Kb used=1341Kb max_used=1342Kb free=244418Kb
 bounds [0x000000000f010000, 0x000000000f280000, 0x000000001e010000]
 total_blobs=397 nmethods=146 adapters=164
 compilation: enabled

Compilation events (10 events):
Event: 0.335 Thread 0x0000000007735800 nmethod 138 0x000000000f15fc50 code [0x000000000f15fd80, 0x000000000f15fed8]
Event: 0.336 Thread 0x0000000007740800  140       3       java.lang.AbstractStringBuilder::expandCapacity (50 bytes)
Event: 0.337 Thread 0x0000000007740800 nmethod 140 0x000000000f15f010 code [0x000000000f15f1a0, 0x000000000f15f6f8]
Event: 0.342 Thread 0x0000000007740800  142       3       com.android.dx.util.ByteArray::getUnsignedByte0 (16 bytes)
Event: 0.342 Thread 0x0000000007735800  143       4       java.lang.String::startsWith (72 bytes)
Event: 0.342 Thread 0x0000000007740800 nmethod 142 0x000000000f15ea50 code [0x000000000f15eba0, 0x000000000f15ed30]
Event: 0.342 Thread 0x0000000007740800  141       3       java.util.concurrent.ConcurrentHashMap::putIfAbsent (8 bytes)
Event: 0.342 Thread 0x0000000007740800 nmethod 141 0x000000000f15e650 code [0x000000000f15e7c0, 0x000000000f15e9c8]
Event: 0.342 Thread 0x0000000007740800  144       3       java.util.zip.Inflater::ensureOpen (47 bytes)
Event: 0.343 Thread 0x0000000007740800 nmethod 144 0x000000000f15e0d0 code [0x000000000f15e240, 0x000000000f15e528]

GC Heap History (0 events):
No events

Deoptimization events (0 events):
No events

Internal exceptions (2 events):
Event: 0.059 Thread 0x00000000024ce000 Exception <a 'java/lang/NoSuchMethodError': Method sun.misc.Unsafe.defineClass(Ljava/lang/String;[BII)Ljava/lang/Class; name or signature does not match> (0x00000000eab12e38) thrown at [C:\re\workspace\8-2-build-windows-amd64-cygwin\jdk8u45\3627\hotspot\sr1D•o®?
Event: 0.059 Thread 0x00000000024ce000 Exception <a 'java/lang/NoSuchMethodError': Method sun.misc.Unsafe.prefetchRead(Ljava/lang/Object;J)V name or signature does not match> (0x00000000eab130c8) thrown at [C:\re\workspace\8-2-build-windows-amd64-cygwin\jdk8u45\3627\hotspot\src\share\vm\prims\j

Events (10 events):
Event: 0.341 loading class com/android/dx/cf/iface/StdAttributeList
Event: 0.341 loading class com/android/dx/cf/iface/StdAttributeList done
Event: 0.341 loading class com/android/dx/cf/attrib/InnerClassList
Event: 0.341 loading class com/android/dx/cf/attrib/InnerClassList done
Event: 0.342 loading class com/android/dx/cf/attrib/InnerClassList$Item
Event: 0.342 loading class com/android/dx/cf/attrib/InnerClassList$Item done
Event: 0.342 loading class com/android/dx/cf/attrib/AttInnerClasses
Event: 0.342 loading class com/android/dx/cf/attrib/AttInnerClasses done
Event: 0.343 loading class com/android/dx/cf/attrib/BaseAttribute
Event: 0.343 loading class com/android/dx/cf/attrib/BaseAttribute done


Dynamic libraries:
0x000000013ff20000 - 0x000000013ff57000 	C:\Program Files\Java\jdk1.8.0_45\bin\java.exe
0x0000000077a80000 - 0x0000000077c29000 	C:\Windows\SYSTEM32\ntdll.dll
0x0000000077960000 - 0x0000000077a7f000 	C:\Windows\system32\kernel32.dll
0x000007fefd940000 - 0x000007fefd9ac000 	C:\Windows\system32\KERNELBASE.dll
0x000007fefe230000 - 0x000007fefe30b000 	C:\Windows\system32\ADVAPI32.dll
0x000007feff780000 - 0x000007feff81f000 	C:\Windows\system32\msvcrt.dll
0x000007feff180000 - 0x000007feff19f000 	C:\Windows\SYSTEM32\sechost.dll
0x000007feff1b0000 - 0x000007feff2dd000 	C:\Windows\system32\RPCRT4.dll
0x0000000077860000 - 0x000000007795a000 	C:\Windows\system32\USER32.dll
0x000007feffc80000 - 0x000007feffce7000 	C:\Windows\system32\GDI32.dll
0x000007feff170000 - 0x000007feff17e000 	C:\Windows\system32\LPK.dll
0x000007feff0a0000 - 0x000007feff169000 	C:\Windows\system32\USP10.dll
0x000007fefa810000 - 0x000007fefaa04000 	C:\Windows\WinSxS\amd64_microsoft.windows.common-controls_6595b64144ccf1df_6.0.7601.18837_none_fa3b1e3d17594757\COMCTL32.dll
0x000007fefe0d0000 - 0x000007fefe141000 	C:\Windows\system32\SHLWAPI.dll
0x000007feff6f0000 - 0x000007feff71e000 	C:\Windows\system32\IMM32.DLL
0x000007feff820000 - 0x000007feff929000 	C:\Windows\system32\MSCTF.dll
0x000007fefd760000 - 0x000007fefd791000 	C:\Windows\system32\nvinitx.dll
0x000000000f000000 - 0x000000000f006000 	C:\Program Files\NVIDIA Corporation\CoProcManager\_etoured.dll
0x000007fef9fe0000 - 0x000007fefa03f000 	C:\Program Files\NVIDIA Corporation\CoProcManager\nvd3d9wrapx.dll
0x000007fefdef0000 - 0x000007fefe0c7000 	C:\Windows\system32\SETUPAPI.dll
0x000007fefd8f0000 - 0x000007fefd926000 	C:\Windows\system32\CFGMGR32.dll
0x000007fefe150000 - 0x000007fefe227000 	C:\Windows\system32\OLEAUT32.dll
0x000007fefdce0000 - 0x000007fefdee3000 	C:\Windows\system32\ole32.dll
0x000007fefd8d0000 - 0x000007fefd8ea000 	C:\Windows\system32\DEVOBJ.dll
0x000007fef9b60000 - 0x000007fef9ba6000 	C:\Program Files\NVIDIA Corporation\CoProcManager\nvdxgiwrapx.dll
0x0000000067a20000 - 0x0000000067af2000 	C:\Program Files\Java\jdk1.8.0_45\jre\bin\msvcr100.dll
0x0000000069960000 - 0x000000006a1e3000 	C:\Program Files\Java\jdk1.8.0_45\jre\bin\server\jvm.dll
0x000007fef11f0000 - 0x000007fef11f9000 	C:\Windows\system32\WSOCK32.dll
0x000007fefdc90000 - 0x000007fefdcdd000 	C:\Windows\system32\WS2_32.dll
0x000007feff1a0000 - 0x000007feff1a8000 	C:\Windows\system32\NSI.dll
0x000007fefa170000 - 0x000007fefa1ab000 	C:\Windows\system32\WINMM.dll
0x000007fefc630000 - 0x000007fefc63c000 	C:\Windows\system32\VERSION.dll
0x0000000077c40000 - 0x0000000077c47000 	C:\Windows\system32\PSAPI.DLL
0x0000000072710000 - 0x000000007271f000 	C:\Program Files\Java\jdk1.8.0_45\jre\bin\verify.dll
0x000000006c0b0000 - 0x000000006c0d9000 	C:\Program Files\Java\jdk1.8.0_45\jre\bin\java.dll
0x0000000071e40000 - 0x0000000071e56000 	C:\Program Files\Java\jdk1.8.0_45\jre\bin\zip.dll
0x000007fefe310000 - 0x000007feff099000 	C:\Windows\system32\SHELL32.dll
0x000007fefd830000 - 0x000007fefd83f000 	C:\Windows\system32\profapi.dll

VM Arguments:
jvm_args: -Xmx1024M -Dfile.encoding=x-windows-949 -Duser.country=KR -Duser.language=ko -Duser.variant 
java_command: com.android.dx.command.Main --dex --output C:\Users\Administrator\Documents\anoki-android\app\build\intermediates\pre-dexed\debug\classes-8050aafcfbbd2905fbc878362247f4c98c23378f.jar C:\Users\Administrator\Documents\anoki-android\app\build\intermediates\exploded-aar\com.google.android.gms\play-services-wearable\7.5.0\jars\classes.jar
java_class_path (initial): D:\Users\Administrator\AppData\Local\Android\sdk\build-tools\22.0.1\lib\dx.jar
Launcher Type: SUN_STANDARD

Environment Variables:
PATH=C:\ProgramData\Oracle\Java\javapath;C:\Program Files (x86)\NVIDIA Corporation\PhysX\Common;C:\Windows\system32;C:\Windows;C:\Windows\System32\Wbem;C:\Windows\System32\WindowsPowerShell\v1.0\;C:\Program Files (x86)\Intel\OpenCL SDK\3.0\bin\x86;C:\Program Files (x86)\Intel\OpenCL SDK\3.0\bin\x64;d:\Program Files (x86)\Microsoft SQL Server\100\Tools\Binn\;d:\Program Files\Microsoft SQL Server\100\Tools\Binn\;d:\Program Files\Microsoft SQL Server\100\DTS\Binn\;d:\Program Files (x86)\Microsoft SQL Server\100\Tools\Binn\VSShell\Common7\IDE\;d:\Program Files (x86)\Microsoft SQL Server\100\DTS\Binn\
USERNAME=Administrator
OS=Windows_NT
PROCESSOR_IDENTIFIER=Intel64 Family 6 Model 60 Stepping 3, GenuineIntel



---------------  S Y S T E M  ---------------

OS: Windows 7 , 64 bit Build 7601 (6.1.7601.18869)

CPU:total 8 (4 cores per cpu, 2 threads per core) family 6 model 60 stepping 3, cmov, cx8, fxsr, mmx, sse, sse2, sse3, ssse3, sse4.1, sse4.2, popcnt, avx, avx2, aes, clmul, erms, lzcnt, ht, tsc, tscinvbit, bmi1, bmi2

Memory: 4k page, physical 8294168k(797828k free), swap 10389484k(223580k free)

vm_info: Java HotSpot(TM) 64-Bit Server VM (25.45-b02) for windows-amd64 JRE (1.8.0_45-b15), built on Apr 30 2015 12:40:44 by "java_re" with MS VC++ 10.0 (VS2010)

time: Mon Aug 10 17:34:31 2015
elapsed time: 0 seconds (0d 0h 0m 0s)

