#
# There is insufficient memory for the Java Runtime Environment to continue.
# Native memory allocation (malloc) failed to allocate 109456 bytes for Chunk::new
# Possible reasons:
#   The system is out of physical RAM or swap space
#   In 32 bit mode, the process size limit was hit
# Possible solutions:
#   Reduce memory load on the system
#   Increase physical memory or swap space
#   Check if swap backing store is full
#   Use 64 bit Java on a 64 bit OS
#   Decrease Java heap size (-Xmx/-Xms)
#   Decrease number of Java threads
#   Decrease Java thread stack sizes (-Xss)
#   Set larger code cache with -XX:ReservedCodeCacheSize=
# This output file may be truncated or incomplete.
#
#  Out of Memory Error (allocation.cpp:390), pid=4360, tid=3820
#
# JRE version: Java(TM) SE Runtime Environment (8.0_45-b15) (build 1.8.0_45-b15)
# Java VM: Java HotSpot(TM) 64-Bit Server VM (25.45-b02 mixed mode windows-amd64 compressed oops)
# Failed to write core dump. Minidumps are not enabled by default on client versions of Windows
#

---------------  T H R E A D  ---------------

Current thread (0x00000000077d0800):  JavaThread "C2 CompilerThread1" daemon [_thread_in_native, id=3820, stack(0x0000000009120000,0x0000000009220000)]

Stack: [0x0000000009120000,0x0000000009220000]
Native frames: (J=compiled Java code, j=interpreted, Vv=VM code, C=native code)
V  [jvm.dll+0x32b57a]


Current CompileTask:
C2:   4927  671       4       java.util.HashSet::contains (9 bytes)


---------------  P R O C E S S  ---------------

Java Threads: ( => current thread )
  0x000000000783d800 JavaThread "Service Thread" daemon [_thread_blocked, id=4932, stack(0x0000000009430000,0x0000000009530000)]
  0x0000000007832800 JavaThread "C1 CompilerThread3" daemon [_thread_blocked, id=6348, stack(0x0000000009270000,0x0000000009370000)]
  0x00000000077d4000 JavaThread "C2 CompilerThread2" daemon [_thread_blocked, id=5412, stack(0x00000000088e0000,0x00000000089e0000)]
=>0x00000000077d0800 JavaThread "C2 CompilerThread1" daemon [_thread_in_native, id=3820, stack(0x0000000009120000,0x0000000009220000)]
  0x00000000077c0000 JavaThread "C2 CompilerThread0" daemon [_thread_blocked, id=1964, stack(0x0000000008fb0000,0x00000000090b0000)]
  0x00000000077be800 JavaThread "Attach Listener" daemon [_thread_blocked, id=6504, stack(0x0000000008db0000,0x0000000008eb0000)]
  0x00000000077c8800 JavaThread "Signal Dispatcher" daemon [_thread_blocked, id=6740, stack(0x0000000008bf0000,0x0000000008cf0000)]
  0x00000000066fb000 JavaThread "Finalizer" daemon [_thread_blocked, id=2684, stack(0x0000000008ab0000,0x0000000008bb0000)]
  0x00000000066f4800 JavaThread "Reference Handler" daemon [_thread_blocked, id=7060, stack(0x00000000086c0000,0x00000000087c0000)]
  0x00000000025ae000 JavaThread "main" [_thread_blocked, id=6276, stack(0x0000000002860000,0x0000000002960000)]

Other Threads:
  0x0000000007760800 VMThread [stack: 0x00000000087d0000,0x00000000088d0000] [id=6124]
  0x0000000007840800 WatcherThread [stack: 0x0000000009680000,0x0000000009780000] [id=1940]

VM state:not at safepoint (normal execution)

VM Mutex/Monitor currently owned by a thread: None

Heap:
 PSYoungGen      total 38400K, used 12000K [0x00000000eab00000, 0x00000000ed580000, 0x0000000100000000)
  eden space 33280K, 36% used [0x00000000eab00000,0x00000000eb6b8180,0x00000000ecb80000)
  from space 5120K, 0% used [0x00000000ed080000,0x00000000ed080000,0x00000000ed580000)
  to   space 5120K, 0% used [0x00000000ecb80000,0x00000000ecb80000,0x00000000ed080000)
 ParOldGen       total 87552K, used 0K [0x00000000c0000000, 0x00000000c5580000, 0x00000000eab00000)
  object space 87552K, 0% used [0x00000000c0000000,0x00000000c0000000,0x00000000c5580000)
 Metaspace       used 5257K, capacity 6512K, committed 6784K, reserved 1056768K
  class space    used 550K, capacity 616K, committed 640K, reserved 1048576K

Card table byte_map: [0x0000000002d20000,0x0000000002f30000] byte_map_base: 0x0000000002720000

Marking Bits: (ParMarkBitMap*) 0x000000005c964040
 Begin Bits: [0x0000000003b10000, 0x0000000004b10000)
 End Bits:   [0x0000000004b10000, 0x0000000005b10000)

Polling page: 0x0000000000230000

CodeCache: size=245760Kb used=2626Kb max_used=2626Kb free=243133Kb
 bounds [0x000000000f010000, 0x000000000f2b0000, 0x000000001e010000]
 total_blobs=939 nmethods=672 adapters=180
 compilation: enabled

Compilation events (10 events):
Event: 4.919 Thread 0x0000000007832800  644       3       com.android.dx.cf.code.BasicBlocker::setPreviousOffset (6 bytes)
Event: 4.919 Thread 0x0000000007832800 nmethod 644 0x000000000f29bbd0 code [0x000000000f29bd20, 0x000000000f29be70]
Event: 4.919 Thread 0x0000000007832800  651       3       com.android.dx.rop.code.Rop::canThrow (18 bytes)
Event: 4.919 Thread 0x0000000007832800 nmethod 651 0x000000000f29b250 code [0x000000000f29b3c0, 0x000000000f29b628]
Event: 4.919 Thread 0x0000000007832800  656       3       java.lang.Object::equals (11 bytes)
Event: 4.919 Thread 0x0000000007832800 nmethod 656 0x000000000f29aed0 code [0x000000000f29b020, 0x000000000f29b1d0]
Event: 4.919 Thread 0x0000000007832800  668       3       com.android.dx.rop.code.PlainCstInsn::accept (8 bytes)
Event: 4.919 Thread 0x0000000007832800 nmethod 668 0x000000000f29aa50 code [0x000000000f29abc0, 0x000000000f29ade8]
Event: 4.919 Thread 0x0000000007832800  663       1       com.android.dx.dex.code.RopTranslator::access$200 (5 bytes)
Event: 4.919 Thread 0x0000000007832800 nmethod 663 0x000000000f29a790 code [0x000000000f29a8e0, 0x000000000f29a9d0]

GC Heap History (0 events):
No events

Deoptimization events (2 events):
Event: 2.037 Thread 0x00000000025ae000 Uncommon trap: reason=unstable_if action=reinterpret pc=0x000000000f174884 method=java.lang.String.indexOf(II)I @ 49
Event: 2.343 Thread 0x00000000025ae000 Uncommon trap: reason=unstable_if action=reinterpret pc=0x000000000f1c2270 method=java.lang.String.replace(CC)Ljava/lang/String; @ 26

Internal exceptions (2 events):
Event: 0.177 Thread 0x00000000025ae000 Exception <a 'java/lang/NoSuchMethodError': Method sun.misc.Unsafe.defineClass(Ljava/lang/String;[BII)Ljava/lang/Class; name or signature does not match> (0x00000000eab12f70) thrown at [C:\re\workspace\8-2-build-windows-amd64-cygwin\jdk8u45\3627\hotspot\srÿZ*o­Æ?
Event: 0.177 Thread 0x00000000025ae000 Exception <a 'java/lang/NoSuchMethodError': Method sun.misc.Unsafe.prefetchRead(Ljava/lang/Object;J)V name or signature does not match> (0x00000000eab13200) thrown at [C:\re\workspace\8-2-build-windows-amd64-cygwin\jdk8u45\3627\hotspot\src\share\vm\prims\j

Events (10 events):
Event: 4.881 loading class com/android/dx/dex/file/UniformListItem
Event: 4.881 loading class com/android/dx/dex/file/UniformListItem done
Event: 4.882 loading class com/android/dx/dex/file/AnnotationSetRefItem
Event: 4.882 loading class com/android/dx/dex/file/AnnotationSetRefItem done
Event: 4.887 loading class com/android/dx/ssa/back/FirstFitLocalCombiningAllocator$Multiset
Event: 4.887 loading class com/android/dx/ssa/back/FirstFitLocalCombiningAllocator$Multiset done
Event: 4.912 loading class java/util/ArrayList$1
Event: 4.912 loading class java/util/ArrayList$1 done
Event: 4.916 loading class com/android/dx/cf/code/SwitchList
Event: 4.916 loading class com/android/dx/cf/code/SwitchList done


Dynamic libraries:
0x000000013fc60000 - 0x000000013fc97000 	C:\Program Files\Java\jdk1.8.0_45\bin\java.exe
0x0000000076e70000 - 0x0000000077019000 	C:\Windows\SYSTEM32\ntdll.dll
0x0000000076d50000 - 0x0000000076e6f000 	C:\Windows\system32\kernel32.dll
0x000007fefcdf0000 - 0x000007fefce5c000 	C:\Windows\system32\KERNELBASE.dll
0x000007fefd540000 - 0x000007fefd61b000 	C:\Windows\system32\ADVAPI32.dll
0x000007fefd190000 - 0x000007fefd22f000 	C:\Windows\system32\msvcrt.dll
0x000007fefee20000 - 0x000007fefee3f000 	C:\Windows\SYSTEM32\sechost.dll
0x000007fefd620000 - 0x000007fefd74d000 	C:\Windows\system32\RPCRT4.dll
0x0000000076c50000 - 0x0000000076d4a000 	C:\Windows\system32\USER32.dll
0x000007fefde10000 - 0x000007fefde77000 	C:\Windows\system32\GDI32.dll
0x000007fefd990000 - 0x000007fefd99e000 	C:\Windows\system32\LPK.dll
0x000007fefecb0000 - 0x000007fefed79000 	C:\Windows\system32\USP10.dll
0x000007fef9d00000 - 0x000007fef9ef4000 	C:\Windows\WinSxS\amd64_microsoft.windows.common-controls_6595b64144ccf1df_6.0.7601.18837_none_fa3b1e3d17594757\COMCTL32.dll
0x000007fefee40000 - 0x000007fefeeb1000 	C:\Windows\system32\SHLWAPI.dll
0x000007fefd960000 - 0x000007fefd98e000 	C:\Windows\system32\IMM32.DLL
0x000007fefd080000 - 0x000007fefd189000 	C:\Windows\system32\MSCTF.dll
0x000007fefcb50000 - 0x000007fefcb81000 	C:\Windows\system32\nvinitx.dll
0x000000000f000000 - 0x000000000f006000 	C:\Program Files\NVIDIA Corporation\CoProcManager\_etoured.dll
0x000007fef8de0000 - 0x000007fef8e3f000 	C:\Program Files\NVIDIA Corporation\CoProcManager\nvd3d9wrapx.dll
0x000007fefd230000 - 0x000007fefd407000 	C:\Windows\system32\SETUPAPI.dll
0x000007fefcce0000 - 0x000007fefcd16000 	C:\Windows\system32\CFGMGR32.dll
0x000007fefd460000 - 0x000007fefd537000 	C:\Windows\system32\OLEAUT32.dll
0x000007fefd750000 - 0x000007fefd953000 	C:\Windows\system32\ole32.dll
0x000007fefcd20000 - 0x000007fefcd3a000 	C:\Windows\system32\DEVOBJ.dll
0x000007fef8d60000 - 0x000007fef8da6000 	C:\Program Files\NVIDIA Corporation\CoProcManager\nvdxgiwrapx.dll
0x0000000067fc0000 - 0x0000000068092000 	C:\Program Files\Java\jdk1.8.0_45\jre\bin\msvcr100.dll
0x000000005c160000 - 0x000000005c9e3000 	C:\Program Files\Java\jdk1.8.0_45\jre\bin\server\jvm.dll
0x000007fef0620000 - 0x000007fef0629000 	C:\Windows\system32\WSOCK32.dll
0x000007fefd410000 - 0x000007fefd45d000 	C:\Windows\system32\WS2_32.dll
0x000007fefdb30000 - 0x000007fefdb38000 	C:\Windows\system32\NSI.dll
0x000007fef8f50000 - 0x000007fef8f8b000 	C:\Windows\system32\WINMM.dll
0x000007fefba20000 - 0x000007fefba2c000 	C:\Windows\system32\VERSION.dll
0x0000000077030000 - 0x0000000077037000 	C:\Windows\system32\PSAPI.DLL
0x000000006ef10000 - 0x000000006ef1f000 	C:\Program Files\Java\jdk1.8.0_45\jre\bin\verify.dll
0x000000006ad60000 - 0x000000006ad89000 	C:\Program Files\Java\jdk1.8.0_45\jre\bin\java.dll
0x000000006ad40000 - 0x000000006ad56000 	C:\Program Files\Java\jdk1.8.0_45\jre\bin\zip.dll
0x000007fefde80000 - 0x000007fefec09000 	C:\Windows\system32\SHELL32.dll
0x000007fefcc30000 - 0x000007fefcc3f000 	C:\Windows\system32\profapi.dll

VM Arguments:
jvm_args: -Xmx1024M -Dfile.encoding=x-windows-949 -Duser.country=KR -Duser.language=ko -Duser.variant 
java_command: com.android.dx.command.Main --dex --output C:\Users\Administrator\Documents\anoki-android\app\build\intermediates\pre-dexed\debug\classes-981c8570a0b136a8d5ce4d9405504f6181035b13.jar C:\Users\Administrator\Documents\anoki-android\app\build\intermediates\exploded-aar\com.android.support\support-v4\22.2.0\jars\classes.jar
java_class_path (initial): D:\Users\Administrator\AppData\Local\Android\sdk\build-tools\22.0.1\lib\dx.jar
Launcher Type: SUN_STANDARD

Environment Variables:
PATH=C:\ProgramData\Oracle\Java\javapath;C:\Program Files (x86)\NVIDIA Corporation\PhysX\Common;C:\Windows\system32;C:\Windows;C:\Windows\System32\Wbem;C:\Windows\System32\WindowsPowerShell\v1.0\;C:\Program Files (x86)\Intel\OpenCL SDK\3.0\bin\x86;C:\Program Files (x86)\Intel\OpenCL SDK\3.0\bin\x64;d:\Program Files (x86)\Microsoft SQL Server\100\Tools\Binn\;d:\Program Files\Microsoft SQL Server\100\Tools\Binn\;d:\Program Files\Microsoft SQL Server\100\DTS\Binn\;d:\Program Files (x86)\Microsoft SQL Server\100\Tools\Binn\VSShell\Common7\IDE\;d:\Program Files (x86)\Microsoft SQL Server\100\DTS\Binn\
USERNAME=Administrator
OS=Windows_NT
PROCESSOR_IDENTIFIER=Intel64 Family 6 Model 60 Stepping 3, GenuineIntel



---------------  S Y S T E M  ---------------

OS: Windows 7 , 64 bit Build 7601 (6.1.7601.18869)

CPU:total 8 (4 cores per cpu, 2 threads per core) family 6 model 60 stepping 3, cmov, cx8, fxsr, mmx, sse, sse2, sse3, ssse3, sse4.1, sse4.2, popcnt, avx, avx2, aes, clmul, erms, lzcnt, ht, tsc, tscinvbit, bmi1, bmi2

Memory: 4k page, physical 8294168k(265932k free), swap 10389484k(5148k free)

vm_info: Java HotSpot(TM) 64-Bit Server VM (25.45-b02) for windows-amd64 JRE (1.8.0_45-b15), built on Apr 30 2015 12:40:44 by "java_re" with MS VC++ 10.0 (VS2010)

time: Tue Aug 11 11:10:37 2015
elapsed time: 4 seconds (0d 0h 0m 4s)

