#
# There is insufficient memory for the Java Runtime Environment to continue.
# Native memory allocation (malloc) failed to allocate 560 bytes for AllocateHeap
# Possible reasons:
#   The system is out of physical RAM or swap space
#   In 32 bit mode, the process size limit was hit
# Possible solutions:
#   Reduce memory load on the system
#   Increase physical memory or swap space
#   Check if swap backing store is full
#   Use 64 bit Java on a 64 bit OS
#   Decrease Java heap size (-Xmx/-Xms)
#   Decrease number of Java threads
#   Decrease Java thread stack sizes (-Xss)
#   Set larger code cache with -XX:ReservedCodeCacheSize=
# This output file may be truncated or incomplete.
#
#  Out of Memory Error (memory/allocation.inline.hpp:61), pid=5148, tid=6652
#
# JRE version: Java(TM) SE Runtime Environment (8.0_45-b15) (build 1.8.0_45-b15)
# Java VM: Java HotSpot(TM) 64-Bit Server VM (25.45-b02 mixed mode windows-amd64 compressed oops)
# Failed to write core dump. Minidumps are not enabled by default on client versions of Windows
#

---------------  T H R E A D  ---------------

Current thread (0x00000000076a2800):  JavaThread "C1 CompilerThread3" daemon [_thread_in_vm, id=6652, stack(0x0000000009230000,0x0000000009330000)]

Stack: [0x0000000009230000,0x0000000009330000]
Native frames: (J=compiled Java code, j=interpreted, Vv=VM code, C=native code)
V  [jvm.dll+0x32b57a]


Current CompileTask:
C1:   2357 1047       3       com.android.dx.ssa.LocalVariableExtractor::doit (59 bytes)


---------------  P R O C E S S  ---------------

Java Threads: ( => current thread )
  0x000000000770f800 JavaThread "Service Thread" daemon [_thread_blocked, id=5948, stack(0x0000000008f80000,0x0000000009080000)]
=>0x00000000076a2800 JavaThread "C1 CompilerThread3" daemon [_thread_in_vm, id=6652, stack(0x0000000009230000,0x0000000009330000)]
  0x0000000007681800 JavaThread "C2 CompilerThread2" daemon [_thread_blocked, id=6724, stack(0x00000000090b0000,0x00000000091b0000)]
  0x000000000767e000 JavaThread "C2 CompilerThread1" daemon [_thread_blocked, id=6444, stack(0x0000000008e70000,0x0000000008f70000)]
  0x000000000766d000 JavaThread "C2 CompilerThread0" daemon [_thread_blocked, id=2364, stack(0x0000000008c00000,0x0000000008d00000)]
  0x000000000766b800 JavaThread "Attach Listener" daemon [_thread_blocked, id=3608, stack(0x0000000008d70000,0x0000000008e70000)]
  0x000000000766a800 JavaThread "Signal Dispatcher" daemon [_thread_blocked, id=5740, stack(0x0000000008b00000,0x0000000008c00000)]
  0x00000000066b5800 JavaThread "Finalizer" daemon [_thread_blocked, id=6188, stack(0x00000000088f0000,0x00000000089f0000)]
  0x00000000066b4800 JavaThread "Reference Handler" daemon [_thread_blocked, id=6360, stack(0x0000000008590000,0x0000000008690000)]
  0x000000000240e000 JavaThread "main" [_thread_blocked, id=7116, stack(0x00000000025d0000,0x00000000026d0000)]

Other Threads:
  0x0000000007610800 VMThread [stack: 0x0000000008740000,0x0000000008840000] [id=2160]
  0x0000000007712800 WatcherThread [stack: 0x0000000009440000,0x0000000009540000] [id=3684]

VM state:not at safepoint (normal execution)

VM Mutex/Monitor currently owned by a thread:  ([mutex/lock_event])
[0x000000000240b930] CodeCache_lock - owner thread: 0x00000000076a2800
[0x000000000240cfe0] Compile_lock - owner thread: 0x00000000076a2800
[0x000000000240d0e0] MethodCompileQueue_lock - owner thread: 0x00000000076a2800

Heap:
 PSYoungGen      total 38400K, used 19981K [0x00000000eab00000, 0x00000000ed580000, 0x0000000100000000)
  eden space 33280K, 60% used [0x00000000eab00000,0x00000000ebe83408,0x00000000ecb80000)
  from space 5120K, 0% used [0x00000000ed080000,0x00000000ed080000,0x00000000ed580000)
  to   space 5120K, 0% used [0x00000000ecb80000,0x00000000ecb80000,0x00000000ed080000)
 ParOldGen       total 87552K, used 0K [0x00000000c0000000, 0x00000000c5580000, 0x00000000eab00000)
  object space 87552K, 0% used [0x00000000c0000000,0x00000000c0000000,0x00000000c5580000)
 Metaspace       used 5527K, capacity 6768K, committed 7040K, reserved 1056768K
  class space    used 553K, capacity 616K, committed 640K, reserved 1048576K

Card table byte_map: [0x0000000002a90000,0x0000000002ca0000] byte_map_base: 0x0000000002490000

Marking Bits: (ParMarkBitMap*) 0x000000005c964040
 Begin Bits: [0x0000000003ad0000, 0x0000000004ad0000)
 End Bits:   [0x0000000004ad0000, 0x0000000005ad0000)

Polling page: 0x0000000001f50000

CodeCache: size=245760Kb used=4166Kb max_used=4175Kb free=241593Kb
 bounds [0x000000000f010000, 0x000000000f430000, 0x000000001e010000]
 total_blobs=1312 nmethods=1044 adapters=180
 compilation: enabled

Compilation events (10 events):
Event: 2.118 Thread 0x00000000076a2800 nmethod 1045 0x000000000f41d190 code [0x000000000f41d300, 0x000000000f41d6e8]
Event: 2.118 Thread 0x00000000076a2800 1044       3       java.util.TreeMap::rotateRight (96 bytes)
Event: 2.119 Thread 0x00000000076a2800 nmethod 1044 0x000000000f41cbd0 code [0x000000000f41cd40, 0x000000000f41d090]
Event: 2.119 Thread 0x00000000076a2800 1032       1       com.android.dx.ssa.back.FirstFitLocalCombiningAllocator$Multiset::getSize (5 bytes)
Event: 2.119 Thread 0x00000000076a2800 nmethod 1032 0x000000000f41c910 code [0x000000000f41ca60, 0x000000000f41cb70]
Event: 2.120 Thread 0x000000000766d000 1043       4       com.android.dx.util.LabeledList::addLabelIndex (43 bytes)
Event: 2.131 Thread 0x000000000766d000 nmethod 1043 0x000000000f41be50 code [0x000000000f41bfa0, 0x000000000f41c4f8]
Event: 2.353 Thread 0x00000000076a2800 1046       3       com.android.dx.rop.type.Type::isUninitialized (13 bytes)
Event: 2.354 Thread 0x00000000076a2800 nmethod 1046 0x000000000f41bad0 code [0x000000000f41bc20, 0x000000000f41bdd0]
Event: 2.354 Thread 0x00000000076a2800 1047       3       com.android.dx.ssa.LocalVariableExtractor::doit (59 bytes)

GC Heap History (0 events):
No events

Deoptimization events (2 events):
Event: 1.304 Thread 0x000000000240e000 Uncommon trap: reason=unstable_if action=reinterpret pc=0x000000000f1fdb90 method=java.util.HashMap.getNode(ILjava/lang/Object;)Ljava/util/HashMap$Node; @ 129
Event: 1.363 Thread 0x000000000240e000 Uncommon trap: reason=unstable_if action=reinterpret pc=0x000000000f227820 method=java.util.BitSet.nextSetBit(I)I @ 87

Internal exceptions (2 events):
Event: 0.186 Thread 0x000000000240e000 Exception <a 'java/lang/NoSuchMethodError': Method sun.misc.Unsafe.defineClass(Ljava/lang/String;[BII)Ljava/lang/Class; name or signature does not match> (0x00000000eab12f70) thrown at [C:\re\workspace\8-2-build-windows-amd64-cygwin\jdk8u45\3627\hotspot\srIœjﬁ„‹«?
Event: 0.186 Thread 0x000000000240e000 Exception <a 'java/lang/NoSuchMethodError': Method sun.misc.Unsafe.prefetchRead(Ljava/lang/Object;J)V name or signature does not match> (0x00000000eab13200) thrown at [C:\re\workspace\8-2-build-windows-amd64-cygwin\jdk8u45\3627\hotspot\src\share\vm\prims\j

Events (10 events):
Event: 1.723 loading class com/android/dx/cf/direct/AnnotationParser
Event: 1.723 loading class com/android/dx/cf/direct/AnnotationParser done
Event: 1.724 loading class com/android/dx/cf/attrib/AttRuntimeVisibleAnnotations
Event: 1.724 loading class com/android/dx/cf/attrib/AttRuntimeVisibleAnnotations done
Event: 1.725 loading class com/android/dx/cf/attrib/BaseAnnotations
Event: 1.725 loading class com/android/dx/cf/attrib/BaseAnnotations done
Event: 1.984 loading class com/android/dx/cf/attrib/AttEnclosingMethod
Event: 1.984 loading class com/android/dx/cf/attrib/AttEnclosingMethod done
Event: 2.055 loading class com/android/dx/cf/attrib/AttLocalVariableTypeTable
Event: 2.055 loading class com/android/dx/cf/attrib/AttLocalVariableTypeTable done


Dynamic libraries:
0x000000013fc60000 - 0x000000013fc97000 	C:\Program Files\Java\jdk1.8.0_45\bin\java.exe
0x0000000076e70000 - 0x0000000077019000 	C:\Windows\SYSTEM32\ntdll.dll
0x0000000076d50000 - 0x0000000076e6f000 	C:\Windows\system32\kernel32.dll
0x000007fefcdf0000 - 0x000007fefce5c000 	C:\Windows\system32\KERNELBASE.dll
0x000007fefd540000 - 0x000007fefd61b000 	C:\Windows\system32\ADVAPI32.dll
0x000007fefd190000 - 0x000007fefd22f000 	C:\Windows\system32\msvcrt.dll
0x000007fefee20000 - 0x000007fefee3f000 	C:\Windows\SYSTEM32\sechost.dll
0x000007fefd620000 - 0x000007fefd74d000 	C:\Windows\system32\RPCRT4.dll
0x0000000076c50000 - 0x0000000076d4a000 	C:\Windows\system32\USER32.dll
0x000007fefde10000 - 0x000007fefde77000 	C:\Windows\system32\GDI32.dll
0x000007fefd990000 - 0x000007fefd99e000 	C:\Windows\system32\LPK.dll
0x000007fefecb0000 - 0x000007fefed79000 	C:\Windows\system32\USP10.dll
0x000007fef9d00000 - 0x000007fef9ef4000 	C:\Windows\WinSxS\amd64_microsoft.windows.common-controls_6595b64144ccf1df_6.0.7601.18837_none_fa3b1e3d17594757\COMCTL32.dll
0x000007fefee40000 - 0x000007fefeeb1000 	C:\Windows\system32\SHLWAPI.dll
0x000007fefd960000 - 0x000007fefd98e000 	C:\Windows\system32\IMM32.DLL
0x000007fefd080000 - 0x000007fefd189000 	C:\Windows\system32\MSCTF.dll
0x000007fefcb50000 - 0x000007fefcb81000 	C:\Windows\system32\nvinitx.dll
0x000000000f000000 - 0x000000000f006000 	C:\Program Files\NVIDIA Corporation\CoProcManager\_etoured.dll
0x000007fef8de0000 - 0x000007fef8e3f000 	C:\Program Files\NVIDIA Corporation\CoProcManager\nvd3d9wrapx.dll
0x000007fefd230000 - 0x000007fefd407000 	C:\Windows\system32\SETUPAPI.dll
0x000007fefcce0000 - 0x000007fefcd16000 	C:\Windows\system32\CFGMGR32.dll
0x000007fefd460000 - 0x000007fefd537000 	C:\Windows\system32\OLEAUT32.dll
0x000007fefd750000 - 0x000007fefd953000 	C:\Windows\system32\ole32.dll
0x000007fefcd20000 - 0x000007fefcd3a000 	C:\Windows\system32\DEVOBJ.dll
0x000007fef8d60000 - 0x000007fef8da6000 	C:\Program Files\NVIDIA Corporation\CoProcManager\nvdxgiwrapx.dll
0x0000000067fc0000 - 0x0000000068092000 	C:\Program Files\Java\jdk1.8.0_45\jre\bin\msvcr100.dll
0x000000005c160000 - 0x000000005c9e3000 	C:\Program Files\Java\jdk1.8.0_45\jre\bin\server\jvm.dll
0x000007fef0620000 - 0x000007fef0629000 	C:\Windows\system32\WSOCK32.dll
0x000007fefd410000 - 0x000007fefd45d000 	C:\Windows\system32\WS2_32.dll
0x000007fefdb30000 - 0x000007fefdb38000 	C:\Windows\system32\NSI.dll
0x000007fef8f50000 - 0x000007fef8f8b000 	C:\Windows\system32\WINMM.dll
0x000007fefba20000 - 0x000007fefba2c000 	C:\Windows\system32\VERSION.dll
0x0000000077030000 - 0x0000000077037000 	C:\Windows\system32\PSAPI.DLL
0x000000006ef10000 - 0x000000006ef1f000 	C:\Program Files\Java\jdk1.8.0_45\jre\bin\verify.dll
0x000000006ad60000 - 0x000000006ad89000 	C:\Program Files\Java\jdk1.8.0_45\jre\bin\java.dll
0x000000006ad40000 - 0x000000006ad56000 	C:\Program Files\Java\jdk1.8.0_45\jre\bin\zip.dll
0x000007fefde80000 - 0x000007fefec09000 	C:\Windows\system32\SHELL32.dll
0x000007fefcc30000 - 0x000007fefcc3f000 	C:\Windows\system32\profapi.dll

VM Arguments:
jvm_args: -Xmx1024M -Dfile.encoding=x-windows-949 -Duser.country=KR -Duser.language=ko -Duser.variant 
java_command: com.android.dx.command.Main --dex --output C:\Users\Administrator\Documents\anoki-android\app\build\intermediates\pre-dexed\debug\classes-a70e7f1cf301d7ce70830bdb57f389b70ac2a0ef.jar C:\Users\Administrator\Documents\anoki-android\app\build\intermediates\exploded-aar\com.google.android.gms\play-services-drive\7.5.0\jars\classes.jar
java_class_path (initial): D:\Users\Administrator\AppData\Local\Android\sdk\build-tools\22.0.1\lib\dx.jar
Launcher Type: SUN_STANDARD

Environment Variables:
PATH=C:\ProgramData\Oracle\Java\javapath;C:\Program Files (x86)\NVIDIA Corporation\PhysX\Common;C:\Windows\system32;C:\Windows;C:\Windows\System32\Wbem;C:\Windows\System32\WindowsPowerShell\v1.0\;C:\Program Files (x86)\Intel\OpenCL SDK\3.0\bin\x86;C:\Program Files (x86)\Intel\OpenCL SDK\3.0\bin\x64;d:\Program Files (x86)\Microsoft SQL Server\100\Tools\Binn\;d:\Program Files\Microsoft SQL Server\100\Tools\Binn\;d:\Program Files\Microsoft SQL Server\100\DTS\Binn\;d:\Program Files (x86)\Microsoft SQL Server\100\Tools\Binn\VSShell\Common7\IDE\;d:\Program Files (x86)\Microsoft SQL Server\100\DTS\Binn\
USERNAME=Administrator
OS=Windows_NT
PROCESSOR_IDENTIFIER=Intel64 Family 6 Model 60 Stepping 3, GenuineIntel



---------------  S Y S T E M  ---------------

OS: Windows 7 , 64 bit Build 7601 (6.1.7601.18869)

CPU:total 8 (4 cores per cpu, 2 threads per core) family 6 model 60 stepping 3, cmov, cx8, fxsr, mmx, sse, sse2, sse3, ssse3, sse4.1, sse4.2, popcnt, avx, avx2, aes, clmul, erms, lzcnt, ht, tsc, tscinvbit, bmi1, bmi2

Memory: 4k page, physical 8294168k(196792k free), swap 10389484k(5124k free)

vm_info: Java HotSpot(TM) 64-Bit Server VM (25.45-b02) for windows-amd64 JRE (1.8.0_45-b15), built on Apr 30 2015 12:40:44 by "java_re" with MS VC++ 10.0 (VS2010)

time: Tue Aug 11 11:31:44 2015
elapsed time: 2 seconds (0d 0h 0m 2s)

