#
# There is insufficient memory for the Java Runtime Environment to continue.
# Native memory allocation (malloc) failed to allocate 955936 bytes for Chunk::new
# Possible reasons:
#   The system is out of physical RAM or swap space
#   In 32 bit mode, the process size limit was hit
# Possible solutions:
#   Reduce memory load on the system
#   Increase physical memory or swap space
#   Check if swap backing store is full
#   Use 64 bit Java on a 64 bit OS
#   Decrease Java heap size (-Xmx/-Xms)
#   Decrease number of Java threads
#   Decrease Java thread stack sizes (-Xss)
#   Set larger code cache with -XX:ReservedCodeCacheSize=
# This output file may be truncated or incomplete.
#
#  Out of Memory Error (allocation.cpp:390), pid=1872, tid=3600
#
# JRE version: Java(TM) SE Runtime Environment (8.0_45-b15) (build 1.8.0_45-b15)
# Java VM: Java HotSpot(TM) 64-Bit Server VM (25.45-b02 mixed mode windows-amd64 compressed oops)
# Failed to write core dump. Minidumps are not enabled by default on client versions of Windows
#

---------------  T H R E A D  ---------------

Current thread (0x0000000007a23000):  JavaThread "C2 CompilerThread0" daemon [_thread_in_native, id=3600, stack(0x0000000009230000,0x0000000009330000)]

Stack: [0x0000000009230000,0x0000000009330000]
[error occurred during error reporting (printing stack bounds), id 0xc0000005]

Native frames: (J=compiled Java code, j=interpreted, Vv=VM code, C=native code)
V  [jvm.dll+0x32b57a]


Current CompileTask:
C2:   6134 1799       4       com.android.dx.ssa.LocalVariableExtractor::processBlock (383 bytes)


---------------  P R O C E S S  ---------------

Java Threads: ( => current thread )
  0x0000000007aba000 JavaThread "Service Thread" daemon [_thread_blocked, id=6988, stack(0x0000000009650000,0x0000000009750000)]
  0x000000000655d000 JavaThread "C1 CompilerThread3" daemon [_thread_blocked, id=1780, stack(0x0000000009410000,0x0000000009510000)]
  0x000000000655c000 JavaThread "C2 CompilerThread2" daemon [_thread_in_native, id=6432, stack(0x00000000090d0000,0x00000000091d0000)]
  0x0000000006559000 JavaThread "C2 CompilerThread1" daemon [_thread_in_native, id=3796, stack(0x0000000008d80000,0x0000000008e80000)]
=>0x0000000007a23000 JavaThread "C2 CompilerThread0" daemon [_thread_in_native, id=3600, stack(0x0000000009230000,0x0000000009330000)]
  0x0000000007a17000 JavaThread "Attach Listener" daemon [_thread_blocked, id=1968, stack(0x0000000008b30000,0x0000000008c30000)]
  0x0000000007a00000 JavaThread "Signal Dispatcher" daemon [_thread_blocked, id=6152, stack(0x0000000008fb0000,0x00000000090b0000)]
  0x000000000654d000 JavaThread "Finalizer" daemon [_thread_blocked, id=4368, stack(0x0000000008eb0000,0x0000000008fb0000)]
  0x0000000006546800 JavaThread "Reference Handler" daemon [_thread_blocked, id=6780, stack(0x0000000008c80000,0x0000000008d80000)]
  0x000000000054e000 JavaThread "main" [_thread_in_Java, id=2160, stack(0x0000000002550000,0x0000000002650000)]

Other Threads:
  0x00000000079b0800 VMThread [stack: 0x0000000008a10000,0x0000000008b10000] [id=6604]
  0x0000000007ac8800 WatcherThread [stack: 0x00000000098c0000,0x00000000099c0000] [id=2292]

VM state:not at safepoint (normal execution)

VM Mutex/Monitor currently owned by a thread: None

Heap:
 PSYoungGen      total 138240K, used 21340K [0x00000000eab00000, 0x00000000f3700000, 0x0000000100000000)
  eden space 133120K, 12% used [0x00000000eab00000,0x00000000ebaddc70,0x00000000f2d00000)
  from space 5120K, 99% used [0x00000000f3200000,0x00000000f36f93b8,0x00000000f3700000)
  to   space 5120K, 0% used [0x00000000f2d00000,0x00000000f2d00000,0x00000000f3200000)
 ParOldGen       total 87552K, used 27046K [0x00000000c0000000, 0x00000000c5580000, 0x00000000eab00000)
  object space 87552K, 30% used [0x00000000c0000000,0x00000000c1a699c0,0x00000000c5580000)
 Metaspace       used 6019K, capacity 7088K, committed 7296K, reserved 1064960K
  class space    used 579K, capacity 616K, committed 640K, reserved 1048576K

Card table byte_map: [0x0000000002a10000,0x0000000002c20000] byte_map_base: 0x0000000002410000

Marking Bits: (ParMarkBitMap*) 0x000000005c964040
 Begin Bits: [0x0000000003960000, 0x0000000004960000)
 End Bits:   [0x0000000004960000, 0x0000000005960000)

Polling page: 0x0000000000530000

CodeCache: size=245760Kb used=7789Kb max_used=7789Kb free=237970Kb
 bounds [0x000000000f010000, 0x000000000f7c0000, 0x000000001e010000]
 total_blobs=2015 nmethods=1748 adapters=180
 compilation: enabled

Compilation events (10 events):
Event: 6.086 Thread 0x000000000655d000 1807       2       com.android.dx.ssa.back.FirstFitLocalCombiningAllocator::markReserved (13 bytes)
Event: 6.087 Thread 0x000000000655d000 nmethod 1807 0x000000000f76b710 code [0x000000000f76b880, 0x000000000f76ba08]
Event: 6.087 Thread 0x000000000655d000 1808       2       java.util.BitSet::set (20 bytes)
Event: 6.087 Thread 0x000000000655d000 nmethod 1808 0x000000000f76b350 code [0x000000000f76b4c0, 0x000000000f76b658]
Event: 6.114 Thread 0x000000000655d000 1811       1       com.android.dx.cf.attrib.AttConstantValue::byteLength (3 bytes)
Event: 6.115 Thread 0x000000000655d000 nmethod 1811 0x000000000f76b090 code [0x000000000f76b1e0, 0x000000000f76b2f0]
Event: 6.115 Thread 0x000000000655d000 1812       1       com.android.dx.cf.attrib.AttConstantValue::getConstantValue (5 bytes)
Event: 6.115 Thread 0x000000000655d000 nmethod 1812 0x000000000f76add0 code [0x000000000f76af20, 0x000000000f76b030]
Event: 6.125 Thread 0x000000000655d000 1813       2       java.util.Vector::grow (57 bytes)
Event: 6.125 Thread 0x000000000655d000 nmethod 1813 0x000000000f768110 code [0x000000000f768280, 0x000000000f768518]

GC Heap History (8 events):
Event: 2.395 GC heap before
{Heap before GC invocations=1 (full 0):
 PSYoungGen      total 38400K, used 33280K [0x00000000eab00000, 0x00000000ed580000, 0x0000000100000000)
  eden space 33280K, 100% used [0x00000000eab00000,0x00000000ecb80000,0x00000000ecb80000)
  from space 5120K, 0% used [0x00000000ed080000,0x00000000ed080000,0x00000000ed580000)
  to   space 5120K, 0% used [0x00000000ecb80000,0x00000000ecb80000,0x00000000ed080000)
 ParOldGen       total 87552K, used 0K [0x00000000c0000000, 0x00000000c5580000, 0x00000000eab00000)
  object space 87552K, 0% used [0x00000000c0000000,0x00000000c0000000,0x00000000c5580000)
 Metaspace       used 5683K, capacity 6896K, committed 7040K, reserved 1064960K
  class space    used 556K, capacity 616K, committed 640K, reserved 1048576K
Event: 2.617 GC heap after
Heap after GC invocations=1 (full 0):
 PSYoungGen      total 38400K, used 5101K [0x00000000eab00000, 0x00000000ef600000, 0x0000000100000000)
  eden space 33280K, 0% used [0x00000000eab00000,0x00000000eab00000,0x00000000ecb80000)
  from space 5120K, 99% used [0x00000000ecb80000,0x00000000ed07b558,0x00000000ed080000)
  to   space 5120K, 0% used [0x00000000ef100000,0x00000000ef100000,0x00000000ef600000)
 ParOldGen       total 87552K, used 1682K [0x00000000c0000000, 0x00000000c5580000, 0x00000000eab00000)
  object space 87552K, 1% used [0x00000000c0000000,0x00000000c01a4a38,0x00000000c5580000)
 Metaspace       used 5683K, capacity 6896K, committed 7040K, reserved 1064960K
  class space    used 556K, capacity 616K, committed 640K, reserved 1048576K
}
Event: 3.266 GC heap before
{Heap before GC invocations=2 (full 0):
 PSYoungGen      total 38400K, used 38381K [0x00000000eab00000, 0x00000000ef600000, 0x0000000100000000)
  eden space 33280K, 100% used [0x00000000eab00000,0x00000000ecb80000,0x00000000ecb80000)
  from space 5120K, 99% used [0x00000000ecb80000,0x00000000ed07b558,0x00000000ed080000)
  to   space 5120K, 0% used [0x00000000ef100000,0x00000000ef100000,0x00000000ef600000)
 ParOldGen       total 87552K, used 1682K [0x00000000c0000000, 0x00000000c5580000, 0x00000000eab00000)
  object space 87552K, 1% used [0x00000000c0000000,0x00000000c01a4a38,0x00000000c5580000)
 Metaspace       used 5856K, capacity 7024K, committed 7296K, reserved 1064960K
  class space    used 560K, capacity 616K, committed 640K, reserved 1048576K
Event: 3.629 GC heap after
Heap after GC invocations=2 (full 0):
 PSYoungGen      total 71680K, used 5089K [0x00000000eab00000, 0x00000000ef600000, 0x0000000100000000)
  eden space 66560K, 0% used [0x00000000eab00000,0x00000000eab00000,0x00000000eec00000)
  from space 5120K, 99% used [0x00000000ef100000,0x00000000ef5f8508,0x00000000ef600000)
  to   space 5120K, 0% used [0x00000000eec00000,0x00000000eec00000,0x00000000ef100000)
 ParOldGen       total 87552K, used 6859K [0x00000000c0000000, 0x00000000c5580000, 0x00000000eab00000)
  object space 87552K, 7% used [0x00000000c0000000,0x00000000c06b2ed8,0x00000000c5580000)
 Metaspace       used 5856K, capacity 7024K, committed 7296K, reserved 1064960K
  class space    used 560K, capacity 616K, committed 640K, reserved 1048576K
}
Event: 4.602 GC heap before
{Heap before GC invocations=3 (full 0):
 PSYoungGen      total 71680K, used 71649K [0x00000000eab00000, 0x00000000ef600000, 0x0000000100000000)
  eden space 66560K, 100% used [0x00000000eab00000,0x00000000eec00000,0x00000000eec00000)
  from space 5120K, 99% used [0x00000000ef100000,0x00000000ef5f8508,0x00000000ef600000)
  to   space 5120K, 0% used [0x00000000eec00000,0x00000000eec00000,0x00000000ef100000)
 ParOldGen       total 87552K, used 6859K [0x00000000c0000000, 0x00000000c5580000, 0x00000000eab00000)
  object space 87552K, 7% used [0x00000000c0000000,0x00000000c06b2ed8,0x00000000c5580000)
 Metaspace       used 5995K, capacity 7088K, committed 7296K, reserved 1064960K
  class space    used 578K, capacity 616K, committed 640K, reserved 1048576K
Event: 4.633 GC heap after
Heap after GC invocations=3 (full 0):
 PSYoungGen      total 71680K, used 5117K [0x00000000eab00000, 0x00000000f3700000, 0x0000000100000000)
  eden space 66560K, 0% used [0x00000000eab00000,0x00000000eab00000,0x00000000eec00000)
  from space 5120K, 99% used [0x00000000eec00000,0x00000000ef0ff728,0x00000000ef100000)
  to   space 5120K, 0% used [0x00000000f3200000,0x00000000f3200000,0x00000000f3700000)
 ParOldGen       total 87552K, used 16485K [0x00000000c0000000, 0x00000000c5580000, 0x00000000eab00000)
  object space 87552K, 18% used [0x00000000c0000000,0x00000000c1019500,0x00000000c5580000)
 Metaspace       used 5995K, capacity 7088K, committed 7296K, reserved 1064960K
  class space    used 578K, capacity 616K, committed 640K, reserved 1048576K
}
Event: 5.289 GC heap before
{Heap before GC invocations=4 (full 0):
 PSYoungGen      total 71680K, used 71677K [0x00000000eab00000, 0x00000000f3700000, 0x0000000100000000)
  eden space 66560K, 100% used [0x00000000eab00000,0x00000000eec00000,0x00000000eec00000)
  from space 5120K, 99% used [0x00000000eec00000,0x00000000ef0ff728,0x00000000ef100000)
  to   space 5120K, 0% used [0x00000000f3200000,0x00000000f3200000,0x00000000f3700000)
 ParOldGen       total 87552K, used 16485K [0x00000000c0000000, 0x00000000c5580000, 0x00000000eab00000)
  object space 87552K, 18% used [0x00000000c0000000,0x00000000c1019500,0x00000000c5580000)
 Metaspace       used 6014K, capacity 7088K, committed 7296K, reserved 1064960K
  class space    used 579K, capacity 616K, committed 640K, reserved 1048576K
Event: 5.986 GC heap after
Heap after GC invocations=4 (full 0):
 PSYoungGen      total 138240K, used 5092K [0x00000000eab00000, 0x00000000f3700000, 0x0000000100000000)
  eden space 133120K, 0% used [0x00000000eab00000,0x00000000eab00000,0x00000000f2d00000)
  from space 5120K, 99% used [0x00000000f3200000,0x00000000f36f93b8,0x00000000f3700000)
  to   space 5120K, 0% used [0x00000000f2d00000,0x00000000f2d00000,0x00000000f3200000)
 ParOldGen       total 87552K, used 27046K [0x00000000c0000000, 0x00000000c5580000, 0x00000000eab00000)
  object space 87552K, 30% used [0x00000000c0000000,0x00000000c1a699c0,0x00000000c5580000)
 Metaspace       used 6014K, capacity 7088K, committed 7296K, reserved 1064960K
  class space    used 579K, capacity 616K, committed 640K, reserved 1048576K
}

Deoptimization events (10 events):
Event: 3.912 Thread 0x000000000054e000 Uncommon trap: reason=class_check action=maybe_recompile pc=0x000000000f684034 method=com.android.dx.rop.code.RegisterSpec.withSimpleType()Lcom/android/dx/rop/code/RegisterSpec; @ 21
Event: 4.007 Thread 0x000000000054e000 Uncommon trap: reason=unstable_if action=reinterpret pc=0x000000000f683b88 method=com.android.dx.ssa.LocalVariableExtractor.processBlock(I)V @ 251
Event: 4.311 Thread 0x000000000054e000 Uncommon trap: reason=unstable_if action=reinterpret pc=0x000000000f338d4c method=java.util.HashMap.putVal(ILjava/lang/Object;Ljava/lang/Object;ZZ)Ljava/lang/Object; @ 162
Event: 4.377 Thread 0x000000000054e000 Uncommon trap: reason=unstable_if action=reinterpret pc=0x000000000f23b474 method=java.util.HashMap.getNode(ILjava/lang/Object;)Ljava/util/HashMap$Node; @ 84
Event: 4.378 Thread 0x000000000054e000 Uncommon trap: reason=unstable_if action=reinterpret pc=0x000000000f2a4e5c method=java.util.HashMap.getNode(ILjava/lang/Object;)Ljava/util/HashMap$Node; @ 84
Event: 4.379 Thread 0x000000000054e000 Uncommon trap: reason=unstable_if action=reinterpret pc=0x000000000f492364 method=java.util.HashMap.putVal(ILjava/lang/Object;Ljava/lang/Object;ZZ)Ljava/lang/Object; @ 162
Event: 4.499 Thread 0x000000000054e000 Uncommon trap: reason=bimorphic action=maybe_recompile pc=0x000000000f668770 method=com.android.dx.ssa.LiteralOpUpgrader.tryReplacingWithConstant(Lcom/android/dx/ssa/NormalSsaInsn;)Z @ 62
Event: 4.732 Thread 0x000000000054e000 Uncommon trap: reason=bimorphic action=maybe_recompile pc=0x000000000f6f82a0 method=com.android.dx.cf.code.BytecodeArray.parseInstruction(ILcom/android/dx/cf/code/BytecodeArray$Visitor;)I @ 2484
Event: 4.732 Thread 0x000000000054e000 Uncommon trap: reason=bimorphic action=maybe_recompile pc=0x000000000f6f82a0 method=com.android.dx.cf.code.BytecodeArray.parseInstruction(ILcom/android/dx/cf/code/BytecodeArray$Visitor;)I @ 2484
Event: 4.732 Thread 0x000000000054e000 Uncommon trap: reason=bimorphic action=maybe_recompile pc=0x000000000f6f82a0 method=com.android.dx.cf.code.BytecodeArray.parseInstruction(ILcom/android/dx/cf/code/BytecodeArray$Visitor;)I @ 2484

Internal exceptions (6 events):
Event: 0.114 Thread 0x000000000054e000 Exception <a 'java/lang/NoSuchMethodError': Method sun.misc.Unsafe.defineClass(Ljava/lang/String;[BII)Ljava/lang/Class; name or signature does not match> (0x00000000eab12d68) thrown at [C:\re\workspace\8-2-build-windows-amd64-cygwin\jdk8u45\3627\hotspot\sr≤åKp{9Ω?
Event: 0.114 Thread 0x000000000054e000 Exception <a 'java/lang/NoSuchMethodError': Method sun.misc.Unsafe.prefetchRead(Ljava/lang/Object;J)V name or signature does not match> (0x00000000eab12ff8) thrown at [C:\re\workspace\8-2-build-windows-amd64-cygwin\jdk8u45\3627\hotspot\src\share\vm\prims\j–ö¡b9?	@
Event: 3.156 Thread 0x000000000054e000 Implicit null exception at 0x000000000f638d0b to 0x000000000f63be11
Event: 4.344 Thread 0x000000000054e000 Exception <a 'java/lang/ArrayIndexOutOfBoundsException': 18> (0x00000000ed876618) thrown at [C:\re\workspace\8-2-build-windows-amd64-cygwin\jdk8u45\3627\hotspot\src\share\vm\interpreter\interpreterRuntime.cpp, line 366]
Event: 4.345 Thread 0x000000000054e000 Exception <a 'java/lang/ArrayIndexOutOfBoundsException': 145> (0x00000000ed8780e8) thrown at [C:\re\workspace\8-2-build-windows-amd64-cygwin\jdk8u45\3627\hotspot\src\share\vm\interpreter\interpreterRuntime.cpp, line 366]
Event: 4.364 Thread 0x000000000054e000 Exception <a 'java/lang/ArrayIndexOutOfBoundsException'> (0x00000000ed879320) thrown at [C:\re\workspace\8-2-build-windows-amd64-cygwin\jdk8u45\3627\hotspot\src\share\vm\runtime\sharedRuntime.cpp, line 605]

Events (10 events):
Event: 4.732 Thread 0x000000000054e000 Uncommon trap: trap_request=0xffffffc6 fr.pc=0x000000000f6f82a0
Event: 4.732 Thread 0x000000000054e000 DEOPT PACKING pc=0x000000000f6f82a0 sp=0x000000000264e8f0
Event: 4.732 Thread 0x000000000054e000 DEOPT UNPACKING pc=0x000000000f05582a sp=0x000000000264e898 mode 2
Event: 4.732 Thread 0x000000000054e000 Uncommon trap: trap_request=0xffffffc6 fr.pc=0x000000000f6f82a0
Event: 4.732 Thread 0x000000000054e000 DEOPT PACKING pc=0x000000000f6f82a0 sp=0x000000000264e8f0
Event: 4.732 Thread 0x000000000054e000 DEOPT UNPACKING pc=0x000000000f05582a sp=0x000000000264e898 mode 2
Event: 5.104 loading class com/android/dx/cf/attrib/AttDeprecated
Event: 5.104 loading class com/android/dx/cf/attrib/AttDeprecated done
Event: 5.289 Executing VM operation: ParallelGCFailedAllocation
Event: 5.986 Executing VM operation: ParallelGCFailedAllocation done


Dynamic libraries:
0x000000013fc60000 - 0x000000013fc97000 	C:\Program Files\Java\jdk1.8.0_45\bin\java.exe
0x0000000076e70000 - 0x0000000077019000 	C:\Windows\SYSTEM32\ntdll.dll
0x0000000076d50000 - 0x0000000076e6f000 	C:\Windows\system32\kernel32.dll
0x000007fefcdf0000 - 0x000007fefce5c000 	C:\Windows\system32\KERNELBASE.dll
0x000007fefd540000 - 0x000007fefd61b000 	C:\Windows\system32\ADVAPI32.dll
0x000007fefd190000 - 0x000007fefd22f000 	C:\Windows\system32\msvcrt.dll
0x000007fefee20000 - 0x000007fefee3f000 	C:\Windows\SYSTEM32\sechost.dll
0x000007fefd620000 - 0x000007fefd74d000 	C:\Windows\system32\RPCRT4.dll
0x0000000076c50000 - 0x0000000076d4a000 	C:\Windows\system32\USER32.dll
0x000007fefde10000 - 0x000007fefde77000 	C:\Windows\system32\GDI32.dll
0x000007fefd990000 - 0x000007fefd99e000 	C:\Windows\system32\LPK.dll
0x000007fefecb0000 - 0x000007fefed79000 	C:\Windows\system32\USP10.dll
0x000007fef9d00000 - 0x000007fef9ef4000 	C:\Windows\WinSxS\amd64_microsoft.windows.common-controls_6595b64144ccf1df_6.0.7601.18837_none_fa3b1e3d17594757\COMCTL32.dll
0x000007fefee40000 - 0x000007fefeeb1000 	C:\Windows\system32\SHLWAPI.dll
0x000007fefd960000 - 0x000007fefd98e000 	C:\Windows\system32\IMM32.DLL
0x000007fefd080000 - 0x000007fefd189000 	C:\Windows\system32\MSCTF.dll
0x000007fefcb50000 - 0x000007fefcb81000 	C:\Windows\system32\nvinitx.dll
0x000000000f000000 - 0x000000000f006000 	C:\Program Files\NVIDIA Corporation\CoProcManager\_etoured.dll
0x000007fef8de0000 - 0x000007fef8e3f000 	C:\Program Files\NVIDIA Corporation\CoProcManager\nvd3d9wrapx.dll
0x000007fefd230000 - 0x000007fefd407000 	C:\Windows\system32\SETUPAPI.dll
0x000007fefcce0000 - 0x000007fefcd16000 	C:\Windows\system32\CFGMGR32.dll
0x000007fefd460000 - 0x000007fefd537000 	C:\Windows\system32\OLEAUT32.dll
0x000007fefd750000 - 0x000007fefd953000 	C:\Windows\system32\ole32.dll
0x000007fefcd20000 - 0x000007fefcd3a000 	C:\Windows\system32\DEVOBJ.dll
0x000007fef8d60000 - 0x000007fef8da6000 	C:\Program Files\NVIDIA Corporation\CoProcManager\nvdxgiwrapx.dll
0x0000000067fc0000 - 0x0000000068092000 	C:\Program Files\Java\jdk1.8.0_45\jre\bin\msvcr100.dll
0x000000005c160000 - 0x000000005c9e3000 	C:\Program Files\Java\jdk1.8.0_45\jre\bin\server\jvm.dll
0x000007fef0620000 - 0x000007fef0629000 	C:\Windows\system32\WSOCK32.dll
0x000007fefd410000 - 0x000007fefd45d000 	C:\Windows\system32\WS2_32.dll
0x000007fefdb30000 - 0x000007fefdb38000 	C:\Windows\system32\NSI.dll
0x000007fef8f50000 - 0x000007fef8f8b000 	C:\Windows\system32\WINMM.dll
0x000007fefba20000 - 0x000007fefba2c000 	C:\Windows\system32\VERSION.dll
0x0000000077030000 - 0x0000000077037000 	C:\Windows\system32\PSAPI.DLL
0x000000006ef10000 - 0x000000006ef1f000 	C:\Program Files\Java\jdk1.8.0_45\jre\bin\verify.dll
0x000000006ad60000 - 0x000000006ad89000 	C:\Program Files\Java\jdk1.8.0_45\jre\bin\java.dll
0x000000006ad40000 - 0x000000006ad56000 	C:\Program Files\Java\jdk1.8.0_45\jre\bin\zip.dll
0x000007fefde80000 - 0x000007fefec09000 	C:\Windows\system32\SHELL32.dll
0x000007fefcc30000 - 0x000007fefcc3f000 	C:\Windows\system32\profapi.dll

VM Arguments:
jvm_args: -Xmx1024M -Dfile.encoding=x-windows-949 -Duser.country=KR -Duser.language=ko -Duser.variant 
java_command: com.android.dx.command.Main --dex --output C:\Users\Administrator\Documents\anoki-android\app\build\intermediates\pre-dexed\debug\classes-079cc5ba8fc95fd537fbff1bcc28f489063416ba.jar C:\Users\Administrator\Documents\anoki-android\app\build\intermediates\exploded-aar\com.android.support\appcompat-v7\22.2.0\jars\classes.jar
java_class_path (initial): D:\Users\Administrator\AppData\Local\Android\sdk\build-tools\22.0.1\lib\dx.jar
Launcher Type: SUN_STANDARD

Environment Variables:
PATH=C:\ProgramData\Oracle\Java\javapath;C:\Program Files (x86)\NVIDIA Corporation\PhysX\Common;C:\Windows\system32;C:\Windows;C:\Windows\System32\Wbem;C:\Windows\System32\WindowsPowerShell\v1.0\;C:\Program Files (x86)\Intel\OpenCL SDK\3.0\bin\x86;C:\Program Files (x86)\Intel\OpenCL SDK\3.0\bin\x64;d:\Program Files (x86)\Microsoft SQL Server\100\Tools\Binn\;d:\Program Files\Microsoft SQL Server\100\Tools\Binn\;d:\Program Files\Microsoft SQL Server\100\DTS\Binn\;d:\Program Files (x86)\Microsoft SQL Server\100\Tools\Binn\VSShell\Common7\IDE\;d:\Program Files (x86)\Microsoft SQL Server\100\DTS\Binn\
USERNAME=Administrator
OS=Windows_NT
PROCESSOR_IDENTIFIER=Intel64 Family 6 Model 60 Stepping 3, GenuineIntel



---------------  S Y S T E M  ---------------

OS: Windows 7 , 64 bit Build 7601 (6.1.7601.18869)

CPU:total 8 (4 cores per cpu, 2 threads per core) family 6 model 60 stepping 3, cmov, cx8, fxsr, mmx, sse, sse2, sse3, ssse3, sse4.1, sse4.2, popcnt, avx, avx2, aes, clmul, erms, lzcnt, ht, tsc, tscinvbit, bmi1, bmi2

Memory: 4k page, physical 8294168k(364740k free), swap 10389484k(5132k free)

vm_info: Java HotSpot(TM) 64-Bit Server VM (25.45-b02) for windows-amd64 JRE (1.8.0_45-b15), built on Apr 30 2015 12:40:44 by "java_re" with MS VC++ 10.0 (VS2010)

time: Tue Aug 11 11:10:34 2015
elapsed time: 6 seconds (0d 0h 0m 6s)

