#
# There is insufficient memory for the Java Runtime Environment to continue.
# Native memory allocation (malloc) failed to allocate 423600 bytes for Chunk::new
# Possible reasons:
#   The system is out of physical RAM or swap space
#   In 32 bit mode, the process size limit was hit
# Possible solutions:
#   Reduce memory load on the system
#   Increase physical memory or swap space
#   Check if swap backing store is full
#   Use 64 bit Java on a 64 bit OS
#   Decrease Java heap size (-Xmx/-Xms)
#   Decrease number of Java threads
#   Decrease Java thread stack sizes (-Xss)
#   Set larger code cache with -XX:ReservedCodeCacheSize=
# This output file may be truncated or incomplete.
#
#  Out of Memory Error (allocation.cpp:390), pid=3068, tid=6464
#
# JRE version: Java(TM) SE Runtime Environment (8.0_45-b15) (build 1.8.0_45-b15)
# Java VM: Java HotSpot(TM) 64-Bit Server VM (25.45-b02 mixed mode windows-amd64 compressed oops)
# Failed to write core dump. Minidumps are not enabled by default on client versions of Windows
#

---------------  T H R E A D  ---------------

Current thread (0x000000000766e800):  JavaThread "C2 CompilerThread1" daemon [_thread_in_native, id=6464, stack(0x0000000008ef0000,0x0000000008ff0000)]

Stack: [0x0000000008ef0000,0x0000000008ff0000]
Native frames: (J=compiled Java code, j=interpreted, Vv=VM code, C=native code)
V  [jvm.dll+0x32b57a]


Current CompileTask:
C2:   1805 1256       4       com.android.dx.ssa.SCCP::simulateStmt (481 bytes)


---------------  P R O C E S S  ---------------

Java Threads: ( => current thread )
  0x000000000768f800 JavaThread "Service Thread" daemon [_thread_blocked, id=708, stack(0x0000000008df0000,0x0000000008ef0000)]
  0x000000000767b000 JavaThread "C1 CompilerThread3" daemon [_thread_blocked, id=1052, stack(0x00000000092b0000,0x00000000093b0000)]
  0x0000000007672000 JavaThread "C2 CompilerThread2" daemon [_thread_blocked, id=4280, stack(0x00000000090a0000,0x00000000091a0000)]
=>0x000000000766e800 JavaThread "C2 CompilerThread1" daemon [_thread_in_native, id=6464, stack(0x0000000008ef0000,0x0000000008ff0000)]
  0x000000000765e000 JavaThread "C2 CompilerThread0" daemon [_thread_in_native, id=5984, stack(0x0000000008ca0000,0x0000000008da0000)]
  0x000000000765d000 JavaThread "Attach Listener" daemon [_thread_blocked, id=5160, stack(0x0000000008980000,0x0000000008a80000)]
  0x0000000007666800 JavaThread "Signal Dispatcher" daemon [_thread_blocked, id=6732, stack(0x0000000008ac0000,0x0000000008bc0000)]
  0x000000000648b000 JavaThread "Finalizer" daemon [_thread_blocked, id=6736, stack(0x0000000008860000,0x0000000008960000)]
  0x0000000006484800 JavaThread "Reference Handler" daemon [_thread_blocked, id=5044, stack(0x0000000008560000,0x0000000008660000)]
  0x000000000255e000 JavaThread "main" [_thread_blocked, id=5800, stack(0x0000000002580000,0x0000000002680000)]

Other Threads:
  0x0000000007600800 VMThread [stack: 0x0000000008690000,0x0000000008790000] [id=4924]
  0x0000000007692800 WatcherThread [stack: 0x0000000009400000,0x0000000009500000] [id=6256]

VM state:at safepoint (normal execution)

VM Mutex/Monitor currently owned by a thread:  ([mutex/lock_event])
[0x000000000255c660] Threads_lock - owner thread: 0x0000000007600800
[0x000000000255cb60] Heap_lock - owner thread: 0x000000000255e000

Heap:
 PSYoungGen      total 38400K, used 33280K [0x00000000eab00000, 0x00000000ed580000, 0x0000000100000000)
  eden space 33280K, 100% used [0x00000000eab00000,0x00000000ecb80000,0x00000000ecb80000)
  from space 5120K, 0% used [0x00000000ed080000,0x00000000ed080000,0x00000000ed580000)
  to   space 5120K, 99% used [0x00000000ecb80000,0x00000000ed07d0c8,0x00000000ed080000)
 ParOldGen       total 87552K, used 32K [0x00000000c0000000, 0x00000000c5580000, 0x00000000eab00000)
  object space 87552K, 0% used [0x00000000c0000000,0x00000000c0008000,0x00000000c5580000)
 Metaspace       used 5744K, capacity 6960K, committed 7040K, reserved 1056768K
  class space    used 558K, capacity 616K, committed 640K, reserved 1048576K

Card table byte_map: [0x0000000002a40000,0x0000000002c50000] byte_map_base: 0x0000000002440000

Marking Bits: (ParMarkBitMap*) 0x000000005c964040
 Begin Bits: [0x00000000038a0000, 0x00000000048a0000)
 End Bits:   [0x00000000048a0000, 0x00000000058a0000)

Polling page: 0x0000000000240000

CodeCache: size=245760Kb used=5346Kb max_used=5359Kb free=240414Kb
 bounds [0x000000000f010000, 0x000000000f560000, 0x000000001e010000]
 total_blobs=1590 nmethods=1323 adapters=180
 compilation: enabled

Compilation events (10 events):
Event: 1.762 Thread 0x0000000007672000 nmethod 1312 0x000000000f50a410 code [0x000000000f50a540, 0x000000000f50a598]
Event: 1.762 Thread 0x0000000007672000 1301       4       com.android.dx.rop.code.PlainInsn::withNewRegisters (18 bytes)
Event: 1.765 Thread 0x0000000007672000 nmethod 1301 0x000000000f543350 code [0x000000000f5434a0, 0x000000000f543658]
Event: 1.765 Thread 0x0000000007672000 1303   !   4       com.android.dx.rop.cst.StdConstantPool::get (24 bytes)
Event: 1.765 Thread 0x0000000007672000 nmethod 1303 0x000000000f541b90 code [0x000000000f541cc0, 0x000000000f541d58]
Event: 1.774 Thread 0x0000000007672000 1325       4       com.android.dx.rop.code.ThrowingCstInsn::<init> (51 bytes)
Event: 1.776 Thread 0x000000000767b000 1326       3       com.android.dx.ssa.Dominators::<init> (55 bytes)
Event: 1.776 Thread 0x0000000007672000 nmethod 1325 0x000000000f544850 code [0x000000000f5449a0, 0x000000000f544b58]
Event: 1.777 Thread 0x000000000767b000 nmethod 1326 0x000000000f543f10 code [0x000000000f5440a0, 0x000000000f5445d0]
Event: 1.777 Thread 0x0000000007672000 1327       4       com.android.dx.ssa.LocalVariableExtractor::processBlock (383 bytes)

GC Heap History (1 events):
Event: 1.778 GC heap before
{Heap before GC invocations=1 (full 0):
 PSYoungGen      total 38400K, used 33280K [0x00000000eab00000, 0x00000000ed580000, 0x0000000100000000)
  eden space 33280K, 100% used [0x00000000eab00000,0x00000000ecb80000,0x00000000ecb80000)
  from space 5120K, 0% used [0x00000000ed080000,0x00000000ed080000,0x00000000ed580000)
  to   space 5120K, 0% used [0x00000000ecb80000,0x00000000ecb80000,0x00000000ed080000)
 ParOldGen       total 87552K, used 0K [0x00000000c0000000, 0x00000000c5580000, 0x00000000eab00000)
  object space 87552K, 0% used [0x00000000c0000000,0x00000000c0000000,0x00000000c5580000)
 Metaspace       used 5744K, capacity 6960K, committed 7040K, reserved 1056768K
  class space    used 558K, capacity 616K, committed 640K, reserved 1048576K

Deoptimization events (8 events):
Event: 0.959 Thread 0x000000000255e000 Uncommon trap: reason=class_check action=maybe_recompile pc=0x000000000f259960 method=com.android.dx.ssa.NormalSsaInsn.accept(Lcom/android/dx/ssa/SsaInsn$Visitor;)V @ 9
Event: 0.959 Thread 0x000000000255e000 Uncommon trap: reason=class_check action=maybe_recompile pc=0x000000000f259960 method=com.android.dx.ssa.NormalSsaInsn.accept(Lcom/android/dx/ssa/SsaInsn$Visitor;)V @ 9
Event: 0.959 Thread 0x000000000255e000 Uncommon trap: reason=class_check action=maybe_recompile pc=0x000000000f259960 method=com.android.dx.ssa.NormalSsaInsn.accept(Lcom/android/dx/ssa/SsaInsn$Visitor;)V @ 9
Event: 0.959 Thread 0x000000000255e000 Uncommon trap: reason=class_check action=maybe_recompile pc=0x000000000f259960 method=com.android.dx.ssa.NormalSsaInsn.accept(Lcom/android/dx/ssa/SsaInsn$Visitor;)V @ 9
Event: 0.960 Thread 0x000000000255e000 Uncommon trap: reason=unstable_if action=reinterpret pc=0x000000000f212ca0 method=java.util.BitSet.nextSetBit(I)I @ 87
Event: 1.404 Thread 0x000000000255e000 Uncommon trap: reason=unstable_if action=reinterpret pc=0x000000000f258564 method=java.util.BitSet.ensureCapacity(I)V @ 6
Event: 1.465 Thread 0x000000000255e000 Uncommon trap: reason=null_check action=make_not_entrant pc=0x000000000f318954 method=com.android.dx.rop.type.Type.equals(Ljava/lang/Object;)Z @ 8
Event: 1.662 Thread 0x000000000255e000 Uncommon trap: reason=unstable_if action=reinterpret pc=0x000000000f4341c8 method=com.android.dx.ssa.SsaRenamer$BlockRenamer.addMapping(ILcom/android/dx/rop/code/RegisterSpec;)V @ 120

Internal exceptions (3 events):
Event: 0.060 Thread 0x000000000255e000 Exception <a 'java/lang/NoSuchMethodError': Method sun.misc.Unsafe.defineClass(Ljava/lang/String;[BII)Ljava/lang/Class; name or signature does not match> (0x00000000eab12f70) thrown at [C:\re\workspace\8-2-build-windows-amd64-cygwin\jdk8u45\3627\hotspot\srbªGè¦®?
Event: 0.060 Thread 0x000000000255e000 Exception <a 'java/lang/NoSuchMethodError': Method sun.misc.Unsafe.prefetchRead(Ljava/lang/Object;J)V name or signature does not match> (0x00000000eab13200) thrown at [C:\re\workspace\8-2-build-windows-amd64-cygwin\jdk8u45\3627\hotspot\src\share\vm\prims\jXî	8r÷?
Event: 1.465 Thread 0x000000000255e000 Implicit null exception at 0x000000000f318852 to 0x000000000f318945

Events (10 events):
Event: 1.404 Thread 0x000000000255e000 DEOPT UNPACKING pc=0x000000000f05582a sp=0x000000000267e9a8 mode 2
Event: 1.465 Thread 0x000000000255e000 Uncommon trap: trap_request=0xfffffff4 fr.pc=0x000000000f318954
Event: 1.465 Thread 0x000000000255e000 DEOPT PACKING pc=0x000000000f318954 sp=0x000000000267e6b0
Event: 1.465 Thread 0x000000000255e000 DEOPT UNPACKING pc=0x000000000f05582a sp=0x000000000267e648 mode 2
Event: 1.489 Executing VM operation: ForceSafepoint
Event: 1.489 Executing VM operation: ForceSafepoint done
Event: 1.662 Thread 0x000000000255e000 Uncommon trap: trap_request=0xffffff65 fr.pc=0x000000000f4341c8
Event: 1.662 Thread 0x000000000255e000 DEOPT PACKING pc=0x000000000f4341c8 sp=0x000000000267e790
Event: 1.662 Thread 0x000000000255e000 DEOPT UNPACKING pc=0x000000000f05582a sp=0x000000000267e720 mode 2
Event: 1.778 Executing VM operation: ParallelGCFailedAllocation


Dynamic libraries:
0x000000013fc60000 - 0x000000013fc97000 	C:\Program Files\Java\jdk1.8.0_45\bin\java.exe
0x0000000076e70000 - 0x0000000077019000 	C:\Windows\SYSTEM32\ntdll.dll
0x0000000076d50000 - 0x0000000076e6f000 	C:\Windows\system32\kernel32.dll
0x000007fefcdf0000 - 0x000007fefce5c000 	C:\Windows\system32\KERNELBASE.dll
0x000007fefd540000 - 0x000007fefd61b000 	C:\Windows\system32\ADVAPI32.dll
0x000007fefd190000 - 0x000007fefd22f000 	C:\Windows\system32\msvcrt.dll
0x000007fefee20000 - 0x000007fefee3f000 	C:\Windows\SYSTEM32\sechost.dll
0x000007fefd620000 - 0x000007fefd74d000 	C:\Windows\system32\RPCRT4.dll
0x0000000076c50000 - 0x0000000076d4a000 	C:\Windows\system32\USER32.dll
0x000007fefde10000 - 0x000007fefde77000 	C:\Windows\system32\GDI32.dll
0x000007fefd990000 - 0x000007fefd99e000 	C:\Windows\system32\LPK.dll
0x000007fefecb0000 - 0x000007fefed79000 	C:\Windows\system32\USP10.dll
0x000007fef9d00000 - 0x000007fef9ef4000 	C:\Windows\WinSxS\amd64_microsoft.windows.common-controls_6595b64144ccf1df_6.0.7601.18837_none_fa3b1e3d17594757\COMCTL32.dll
0x000007fefee40000 - 0x000007fefeeb1000 	C:\Windows\system32\SHLWAPI.dll
0x000007fefd960000 - 0x000007fefd98e000 	C:\Windows\system32\IMM32.DLL
0x000007fefd080000 - 0x000007fefd189000 	C:\Windows\system32\MSCTF.dll
0x000007fefcb50000 - 0x000007fefcb81000 	C:\Windows\system32\nvinitx.dll
0x000000000f000000 - 0x000000000f006000 	C:\Program Files\NVIDIA Corporation\CoProcManager\_etoured.dll
0x000007fef8de0000 - 0x000007fef8e3f000 	C:\Program Files\NVIDIA Corporation\CoProcManager\nvd3d9wrapx.dll
0x000007fefd230000 - 0x000007fefd407000 	C:\Windows\system32\SETUPAPI.dll
0x000007fefcce0000 - 0x000007fefcd16000 	C:\Windows\system32\CFGMGR32.dll
0x000007fefd460000 - 0x000007fefd537000 	C:\Windows\system32\OLEAUT32.dll
0x000007fefd750000 - 0x000007fefd953000 	C:\Windows\system32\ole32.dll
0x000007fefcd20000 - 0x000007fefcd3a000 	C:\Windows\system32\DEVOBJ.dll
0x000007fef8d60000 - 0x000007fef8da6000 	C:\Program Files\NVIDIA Corporation\CoProcManager\nvdxgiwrapx.dll
0x0000000067fc0000 - 0x0000000068092000 	C:\Program Files\Java\jdk1.8.0_45\jre\bin\msvcr100.dll
0x000000005c160000 - 0x000000005c9e3000 	C:\Program Files\Java\jdk1.8.0_45\jre\bin\server\jvm.dll
0x000007fef0620000 - 0x000007fef0629000 	C:\Windows\system32\WSOCK32.dll
0x000007fefd410000 - 0x000007fefd45d000 	C:\Windows\system32\WS2_32.dll
0x000007fefdb30000 - 0x000007fefdb38000 	C:\Windows\system32\NSI.dll
0x000007fef8f50000 - 0x000007fef8f8b000 	C:\Windows\system32\WINMM.dll
0x000007fefba20000 - 0x000007fefba2c000 	C:\Windows\system32\VERSION.dll
0x0000000077030000 - 0x0000000077037000 	C:\Windows\system32\PSAPI.DLL
0x000000006ef10000 - 0x000000006ef1f000 	C:\Program Files\Java\jdk1.8.0_45\jre\bin\verify.dll
0x000000006ad60000 - 0x000000006ad89000 	C:\Program Files\Java\jdk1.8.0_45\jre\bin\java.dll
0x000000006ad40000 - 0x000000006ad56000 	C:\Program Files\Java\jdk1.8.0_45\jre\bin\zip.dll
0x000007fefde80000 - 0x000007fefec09000 	C:\Windows\system32\SHELL32.dll
0x000007fefcc30000 - 0x000007fefcc3f000 	C:\Windows\system32\profapi.dll

VM Arguments:
jvm_args: -Xmx1024M -Dfile.encoding=x-windows-949 -Duser.country=KR -Duser.language=ko -Duser.variant 
java_command: com.android.dx.command.Main --dex --output C:\Users\Administrator\Documents\anoki-android\app\build\intermediates\pre-dexed\debug\internal_impl-22.2.0-be8c69c1abda7fe60288642efc8198d8637f82e7.jar C:\Users\Administrator\Documents\anoki-android\app\build\intermediates\exploded-aar\com.android.support\support-v4\22.2.0\jars\libs\internal_impl-22.2.0.jar
java_class_path (initial): D:\Users\Administrator\AppData\Local\Android\sdk\build-tools\22.0.1\lib\dx.jar
Launcher Type: SUN_STANDARD

Environment Variables:
PATH=C:\ProgramData\Oracle\Java\javapath;C:\Program Files (x86)\NVIDIA Corporation\PhysX\Common;C:\Windows\system32;C:\Windows;C:\Windows\System32\Wbem;C:\Windows\System32\WindowsPowerShell\v1.0\;C:\Program Files (x86)\Intel\OpenCL SDK\3.0\bin\x86;C:\Program Files (x86)\Intel\OpenCL SDK\3.0\bin\x64;d:\Program Files (x86)\Microsoft SQL Server\100\Tools\Binn\;d:\Program Files\Microsoft SQL Server\100\Tools\Binn\;d:\Program Files\Microsoft SQL Server\100\DTS\Binn\;d:\Program Files (x86)\Microsoft SQL Server\100\Tools\Binn\VSShell\Common7\IDE\;d:\Program Files (x86)\Microsoft SQL Server\100\DTS\Binn\
USERNAME=Administrator
OS=Windows_NT
PROCESSOR_IDENTIFIER=Intel64 Family 6 Model 60 Stepping 3, GenuineIntel



---------------  S Y S T E M  ---------------

OS: Windows 7 , 64 bit Build 7601 (6.1.7601.18869)

CPU:total 8 (4 cores per cpu, 2 threads per core) family 6 model 60 stepping 3, cmov, cx8, fxsr, mmx, sse, sse2, sse3, ssse3, sse4.1, sse4.2, popcnt, avx, avx2, aes, clmul, erms, lzcnt, ht, tsc, tscinvbit, bmi1, bmi2

Memory: 4k page, physical 8294168k(184868k free), swap 10389484k(4968k free)

vm_info: Java HotSpot(TM) 64-Bit Server VM (25.45-b02) for windows-amd64 JRE (1.8.0_45-b15), built on Apr 30 2015 12:40:44 by "java_re" with MS VC++ 10.0 (VS2010)

time: Tue Aug 11 11:31:46 2015
elapsed time: 1 seconds (0d 0h 0m 1s)

