#
# There is insufficient memory for the Java Runtime Environment to continue.
# Native memory allocation (malloc) failed to allocate 1136016 bytes for Chunk::new
# Possible reasons:
#   The system is out of physical RAM or swap space
#   In 32 bit mode, the process size limit was hit
# Possible solutions:
#   Reduce memory load on the system
#   Increase physical memory or swap space
#   Check if swap backing store is full
#   Use 64 bit Java on a 64 bit OS
#   Decrease Java heap size (-Xmx/-Xms)
#   Decrease number of Java threads
#   Decrease Java thread stack sizes (-Xss)
#   Set larger code cache with -XX:ReservedCodeCacheSize=
# This output file may be truncated or incomplete.
#
#  Out of Memory Error (allocation.cpp:390), pid=1952, tid=5848
#
# JRE version: Java(TM) SE Runtime Environment (8.0_45-b15) (build 1.8.0_45-b15)
# Java VM: Java HotSpot(TM) 64-Bit Server VM (25.45-b02 mixed mode windows-amd64 compressed oops)
# Failed to write core dump. Minidumps are not enabled by default on client versions of Windows
#

---------------  T H R E A D  ---------------

Current thread (0x000000000768d800):  JavaThread "C2 CompilerThread1" daemon [_thread_in_native, id=5848, stack(0x0000000008fd0000,0x00000000090d0000)]

Stack: [0x0000000008fd0000,0x00000000090d0000]
Native frames: (J=compiled Java code, j=interpreted, Vv=VM code, C=native code)
V  [jvm.dll+0x32b57a]


Current CompileTask:
C2:   1765 1166   !   4       com.android.dx.cf.code.BytecodeArray::parseInstruction (2764 bytes)


---------------  P R O C E S S  ---------------

Java Threads: ( => current thread )
  0x0000000007699800 JavaThread "Service Thread" daemon [_thread_blocked, id=7148, stack(0x0000000009430000,0x0000000009530000)]
  0x0000000007691000 JavaThread "C1 CompilerThread3" daemon [_thread_in_native, id=2936, stack(0x00000000092a0000,0x00000000093a0000)]
  0x0000000007690000 JavaThread "C2 CompilerThread2" daemon [_thread_in_native, id=3728, stack(0x0000000008ed0000,0x0000000008fd0000)]
=>0x000000000768d800 JavaThread "C2 CompilerThread1" daemon [_thread_in_native, id=5848, stack(0x0000000008fd0000,0x00000000090d0000)]
  0x000000000761e000 JavaThread "C2 CompilerThread0" daemon [_thread_blocked, id=4600, stack(0x0000000008d20000,0x0000000008e20000)]
  0x000000000761d000 JavaThread "Attach Listener" daemon [_thread_blocked, id=6628, stack(0x0000000008b50000,0x0000000008c50000)]
  0x0000000007626800 JavaThread "Signal Dispatcher" daemon [_thread_blocked, id=2764, stack(0x0000000008a40000,0x0000000008b40000)]
  0x0000000006555800 JavaThread "Finalizer" daemon [_thread_blocked, id=7060, stack(0x0000000008870000,0x0000000008970000)]
  0x0000000006554800 JavaThread "Reference Handler" daemon [_thread_blocked, id=6376, stack(0x0000000008770000,0x0000000008870000)]
  0x000000000234e000 JavaThread "main" [_thread_in_vm, id=6524, stack(0x0000000002550000,0x0000000002650000)]

Other Threads:
  0x00000000075c0800 VMThread [stack: 0x0000000008600000,0x0000000008700000] [id=6260]
  0x000000000769e800 WatcherThread [stack: 0x00000000090d0000,0x00000000091d0000] [id=3048]

VM state:not at safepoint (normal execution)

VM Mutex/Monitor currently owned by a thread: None

Heap:
 PSYoungGen      total 38400K, used 23993K [0x00000000eab00000, 0x00000000ed580000, 0x0000000100000000)
  eden space 33280K, 72% used [0x00000000eab00000,0x00000000ec26e738,0x00000000ecb80000)
  from space 5120K, 0% used [0x00000000ed080000,0x00000000ed080000,0x00000000ed580000)
  to   space 5120K, 0% used [0x00000000ecb80000,0x00000000ecb80000,0x00000000ed080000)
 ParOldGen       total 87552K, used 0K [0x00000000c0000000, 0x00000000c5580000, 0x00000000eab00000)
  object space 87552K, 0% used [0x00000000c0000000,0x00000000c0000000,0x00000000c5580000)
 Metaspace       used 5622K, capacity 6832K, committed 7040K, reserved 1056768K
  class space    used 553K, capacity 616K, committed 640K, reserved 1048576K

Card table byte_map: [0x0000000002a10000,0x0000000002c20000] byte_map_base: 0x0000000002410000

Marking Bits: (ParMarkBitMap*) 0x000000005c964040
 Begin Bits: [0x0000000003970000, 0x0000000004970000)
 End Bits:   [0x0000000004970000, 0x0000000005970000)

Polling page: 0x0000000000230000

CodeCache: size=245760Kb used=4637Kb max_used=4640Kb free=241123Kb
 bounds [0x000000000f010000, 0x000000000f4a0000, 0x000000001e010000]
 total_blobs=1442 nmethods=1176 adapters=179
 compilation: enabled

Compilation events (10 events):
Event: 1.738 Thread 0x0000000007690000 1172       4       com.android.dx.ssa.SCCP::addBlockToWorklist (47 bytes)
Event: 1.742 Thread 0x000000000761e000 nmethod 1111 0x000000000f490a50 code [0x000000000f490e40, 0x000000000f492cc0]
Event: 1.755 Thread 0x0000000007690000 nmethod 1172 0x000000000f495bd0 code [0x000000000f495d60, 0x000000000f4965c8]
Event: 1.755 Thread 0x0000000007691000 1173       3       com.android.dx.ssa.SCCP::run (298 bytes)
Event: 1.755 Thread 0x000000000761e000 1175       4       com.android.dx.ssa.DeadCodeRemover::hasSideEffect (11 bytes)
Event: 1.757 Thread 0x0000000007690000 1176       4       com.android.dx.ssa.SsaBasicBlock::getCountPhiInsns (45 bytes)
Event: 1.758 Thread 0x0000000007691000 nmethod 1173 0x000000000f496d90 code [0x000000000f497180, 0x000000000f4991e8]
Event: 1.758 Thread 0x0000000007691000 1174       3       com.android.dx.ssa.DeadCodeRemover::run (194 bytes)
Event: 1.759 Thread 0x000000000761e000 nmethod 1175 0x000000000f48eb10 code [0x000000000f48ec60, 0x000000000f48ee18]
Event: 1.760 Thread 0x0000000007691000 nmethod 1174 0x000000000f499ed0 code [0x000000000f49a260, 0x000000000f49c008]

GC Heap History (0 events):
No events

Deoptimization events (4 events):
Event: 1.243 Thread 0x000000000234e000 Uncommon trap: reason=unstable_if action=reinterpret pc=0x000000000f235260 method=java.util.BitSet.nextSetBit(I)I @ 87
Event: 1.283 Thread 0x000000000234e000 Uncommon trap: reason=unstable_if action=reinterpret pc=0x000000000f2efa1c method=com.android.dx.rop.code.RegisterSpecSet.put(Lcom/android/dx/rop/code/RegisterSpec;)V @ 77
Event: 1.356 Thread 0x000000000234e000 Uncommon trap: reason=unstable_if action=reinterpret pc=0x000000000f2f032c method=com.android.dx.rop.code.RegisterSpec.equals(ILcom/android/dx/rop/type/TypeBearer;Lcom/android/dx/rop/code/LocalItem;)Z @ 42
Event: 1.516 Thread 0x000000000234e000 Uncommon trap: reason=unstable_if action=reinterpret pc=0x000000000f291ca4 method=java.util.BitSet.ensureCapacity(I)V @ 6

Internal exceptions (2 events):
Event: 0.183 Thread 0x000000000234e000 Exception <a 'java/lang/NoSuchMethodError': Method sun.misc.Unsafe.defineClass(Ljava/lang/String;[BII)Ljava/lang/Class; name or signature does not match> (0x00000000eab12f70) thrown at [C:\re\workspace\8-2-build-windows-amd64-cygwin\jdk8u45\3627\hotspot\sr:oÙﬁg«?
Event: 0.183 Thread 0x000000000234e000 Exception <a 'java/lang/NoSuchMethodError': Method sun.misc.Unsafe.prefetchRead(Ljava/lang/Object;J)V name or signature does not match> (0x00000000eab13200) thrown at [C:\re\workspace\8-2-build-windows-amd64-cygwin\jdk8u45\3627\hotspot\src\share\vm\prims\j

Events (10 events):
Event: 1.516 Thread 0x000000000234e000 DEOPT PACKING pc=0x000000000f291ca4 sp=0x000000000264ea80
Event: 1.516 Thread 0x000000000234e000 DEOPT UNPACKING pc=0x000000000f05582a sp=0x000000000264e968 mode 2
Event: 1.527 loading class com/android/dx/cf/code/BytecodeArray$ConstantParserVisitor
Event: 1.527 loading class com/android/dx/cf/code/BytecodeArray$ConstantParserVisitor done
Event: 1.533 loading class com/android/dx/cf/attrib/AttConstantValue
Event: 1.533 loading class com/android/dx/cf/attrib/AttConstantValue done
Event: 1.555 loading class com/android/dx/cf/code/SwitchList
Event: 1.555 loading class com/android/dx/cf/code/SwitchList done
Event: 1.677 loading class com/android/dx/cf/attrib/AttLocalVariableTypeTable
Event: 1.677 loading class com/android/dx/cf/attrib/AttLocalVariableTypeTable done


Dynamic libraries:
0x000000013fc60000 - 0x000000013fc97000 	C:\Program Files\Java\jdk1.8.0_45\bin\java.exe
0x0000000076e70000 - 0x0000000077019000 	C:\Windows\SYSTEM32\ntdll.dll
0x0000000076d50000 - 0x0000000076e6f000 	C:\Windows\system32\kernel32.dll
0x000007fefcdf0000 - 0x000007fefce5c000 	C:\Windows\system32\KERNELBASE.dll
0x000007fefd540000 - 0x000007fefd61b000 	C:\Windows\system32\ADVAPI32.dll
0x000007fefd190000 - 0x000007fefd22f000 	C:\Windows\system32\msvcrt.dll
0x000007fefee20000 - 0x000007fefee3f000 	C:\Windows\SYSTEM32\sechost.dll
0x000007fefd620000 - 0x000007fefd74d000 	C:\Windows\system32\RPCRT4.dll
0x0000000076c50000 - 0x0000000076d4a000 	C:\Windows\system32\USER32.dll
0x000007fefde10000 - 0x000007fefde77000 	C:\Windows\system32\GDI32.dll
0x000007fefd990000 - 0x000007fefd99e000 	C:\Windows\system32\LPK.dll
0x000007fefecb0000 - 0x000007fefed79000 	C:\Windows\system32\USP10.dll
0x000007fef9d00000 - 0x000007fef9ef4000 	C:\Windows\WinSxS\amd64_microsoft.windows.common-controls_6595b64144ccf1df_6.0.7601.18837_none_fa3b1e3d17594757\COMCTL32.dll
0x000007fefee40000 - 0x000007fefeeb1000 	C:\Windows\system32\SHLWAPI.dll
0x000007fefd960000 - 0x000007fefd98e000 	C:\Windows\system32\IMM32.DLL
0x000007fefd080000 - 0x000007fefd189000 	C:\Windows\system32\MSCTF.dll
0x000007fefcb50000 - 0x000007fefcb81000 	C:\Windows\system32\nvinitx.dll
0x000000000f000000 - 0x000000000f006000 	C:\Program Files\NVIDIA Corporation\CoProcManager\_etoured.dll
0x000007fef8de0000 - 0x000007fef8e3f000 	C:\Program Files\NVIDIA Corporation\CoProcManager\nvd3d9wrapx.dll
0x000007fefd230000 - 0x000007fefd407000 	C:\Windows\system32\SETUPAPI.dll
0x000007fefcce0000 - 0x000007fefcd16000 	C:\Windows\system32\CFGMGR32.dll
0x000007fefd460000 - 0x000007fefd537000 	C:\Windows\system32\OLEAUT32.dll
0x000007fefd750000 - 0x000007fefd953000 	C:\Windows\system32\ole32.dll
0x000007fefcd20000 - 0x000007fefcd3a000 	C:\Windows\system32\DEVOBJ.dll
0x000007fef8d60000 - 0x000007fef8da6000 	C:\Program Files\NVIDIA Corporation\CoProcManager\nvdxgiwrapx.dll
0x0000000067fc0000 - 0x0000000068092000 	C:\Program Files\Java\jdk1.8.0_45\jre\bin\msvcr100.dll
0x000000005c160000 - 0x000000005c9e3000 	C:\Program Files\Java\jdk1.8.0_45\jre\bin\server\jvm.dll
0x000007fef0620000 - 0x000007fef0629000 	C:\Windows\system32\WSOCK32.dll
0x000007fefd410000 - 0x000007fefd45d000 	C:\Windows\system32\WS2_32.dll
0x000007fefdb30000 - 0x000007fefdb38000 	C:\Windows\system32\NSI.dll
0x000007fef8f50000 - 0x000007fef8f8b000 	C:\Windows\system32\WINMM.dll
0x000007fefba20000 - 0x000007fefba2c000 	C:\Windows\system32\VERSION.dll
0x0000000077030000 - 0x0000000077037000 	C:\Windows\system32\PSAPI.DLL
0x000000006ef10000 - 0x000000006ef1f000 	C:\Program Files\Java\jdk1.8.0_45\jre\bin\verify.dll
0x000000006ad60000 - 0x000000006ad89000 	C:\Program Files\Java\jdk1.8.0_45\jre\bin\java.dll
0x000000006ad40000 - 0x000000006ad56000 	C:\Program Files\Java\jdk1.8.0_45\jre\bin\zip.dll
0x000007fefde80000 - 0x000007fefec09000 	C:\Windows\system32\SHELL32.dll
0x000007fefcc30000 - 0x000007fefcc3f000 	C:\Windows\system32\profapi.dll
0x000007fef8c30000 - 0x000007fef8d55000 	C:\Windows\system32\dbghelp.dll

VM Arguments:
jvm_args: -Xmx1024M -Dfile.encoding=x-windows-949 -Duser.country=KR -Duser.language=ko -Duser.variant 
java_command: com.android.dx.command.Main --dex --output C:\Users\Administrator\Documents\anoki-android\app\build\intermediates\pre-dexed\debug\httpcore-4.2.2-e037b2ce3538a9985b6242dc97f822e7a4eeed30.jar C:\Users\Administrator\.gradle\caches\modules-2\files-2.1\org.apache.httpcomponents\httpcore\4.2.2\b76bee23cd3f3ee9b98bc7c2c14670e821ddbbfd\httpcore-4.2.2.jar
java_class_path (initial): D:\Users\Administrator\AppData\Local\Android\sdk\build-tools\22.0.1\lib\dx.jar
Launcher Type: SUN_STANDARD

Environment Variables:
PATH=C:\ProgramData\Oracle\Java\javapath;C:\Program Files (x86)\NVIDIA Corporation\PhysX\Common;C:\Windows\system32;C:\Windows;C:\Windows\System32\Wbem;C:\Windows\System32\WindowsPowerShell\v1.0\;C:\Program Files (x86)\Intel\OpenCL SDK\3.0\bin\x86;C:\Program Files (x86)\Intel\OpenCL SDK\3.0\bin\x64;d:\Program Files (x86)\Microsoft SQL Server\100\Tools\Binn\;d:\Program Files\Microsoft SQL Server\100\Tools\Binn\;d:\Program Files\Microsoft SQL Server\100\DTS\Binn\;d:\Program Files (x86)\Microsoft SQL Server\100\Tools\Binn\VSShell\Common7\IDE\;d:\Program Files (x86)\Microsoft SQL Server\100\DTS\Binn\
USERNAME=Administrator
OS=Windows_NT
PROCESSOR_IDENTIFIER=Intel64 Family 6 Model 60 Stepping 3, GenuineIntel



---------------  S Y S T E M  ---------------

OS: Windows 7 , 64 bit Build 7601 (6.1.7601.18869)

CPU:total 8 (4 cores per cpu, 2 threads per core) family 6 model 60 stepping 3, cmov, cx8, fxsr, mmx, sse, sse2, sse3, ssse3, sse4.1, sse4.2, popcnt, avx, avx2, aes, clmul, erms, lzcnt, ht, tsc, tscinvbit, bmi1, bmi2

Memory: 4k page, physical 8294168k(194676k free), swap 10389484k(5124k free)

vm_info: Java HotSpot(TM) 64-Bit Server VM (25.45-b02) for windows-amd64 JRE (1.8.0_45-b15), built on Apr 30 2015 12:40:44 by "java_re" with MS VC++ 10.0 (VS2010)

time: Tue Aug 11 11:31:46 2015
elapsed time: 1 seconds (0d 0h 0m 1s)

