#
# There is insufficient memory for the Java Runtime Environment to continue.
# Native memory allocation (malloc) failed to allocate 1296096 bytes for Chunk::new
# Possible reasons:
#   The system is out of physical RAM or swap space
#   In 32 bit mode, the process size limit was hit
# Possible solutions:
#   Reduce memory load on the system
#   Increase physical memory or swap space
#   Check if swap backing store is full
#   Use 64 bit Java on a 64 bit OS
#   Decrease Java heap size (-Xmx/-Xms)
#   Decrease number of Java threads
#   Decrease Java thread stack sizes (-Xss)
#   Set larger code cache with -XX:ReservedCodeCacheSize=
# This output file may be truncated or incomplete.
#
#  Out of Memory Error (allocation.cpp:390), pid=6468, tid=6880
#
# JRE version: Java(TM) SE Runtime Environment (8.0_45-b15) (build 1.8.0_45-b15)
# Java VM: Java HotSpot(TM) 64-Bit Server VM (25.45-b02 mixed mode windows-amd64 compressed oops)
# Failed to write core dump. Minidumps are not enabled by default on client versions of Windows
#

---------------  T H R E A D  ---------------

Current thread (0x0000000007943800):  JavaThread "C2 CompilerThread1" daemon [_thread_in_native, id=6880, stack(0x0000000009220000,0x0000000009320000)]

Stack: [0x0000000009220000,0x0000000009320000]
Native frames: (J=compiled Java code, j=interpreted, Vv=VM code, C=native code)
V  [jvm.dll+0x32b57a]


Current CompileTask:
C2:   5226 1655   !   4       com.android.dx.cf.code.Ropper::processBlock (1101 bytes)


---------------  P R O C E S S  ---------------

Java Threads: ( => current thread )
  0x0000000007996800 JavaThread "Service Thread" daemon [_thread_blocked, id=6752, stack(0x0000000009680000,0x0000000009780000)]
  0x0000000007953800 JavaThread "C1 CompilerThread3" daemon [_thread_blocked, id=6684, stack(0x0000000009320000,0x0000000009420000)]
  0x000000000794b000 JavaThread "C2 CompilerThread2" daemon [_thread_blocked, id=6840, stack(0x0000000009480000,0x0000000009580000)]
=>0x0000000007943800 JavaThread "C2 CompilerThread1" daemon [_thread_in_native, id=6880, stack(0x0000000009220000,0x0000000009320000)]
  0x0000000007939000 JavaThread "C2 CompilerThread0" daemon [_thread_in_native, id=5828, stack(0x0000000009010000,0x0000000009110000)]
  0x0000000007938000 JavaThread "Attach Listener" daemon [_thread_blocked, id=5280, stack(0x0000000008ce0000,0x0000000008de0000)]
  0x000000000792e000 JavaThread "Signal Dispatcher" daemon [_thread_blocked, id=232, stack(0x0000000008de0000,0x0000000008ee0000)]
  0x000000000686b000 JavaThread "Finalizer" daemon [_thread_blocked, id=212, stack(0x0000000008970000,0x0000000008a70000)]
  0x0000000006864800 JavaThread "Reference Handler" daemon [_thread_blocked, id=6864, stack(0x0000000008b00000,0x0000000008c00000)]
  0x000000000245e000 JavaThread "main" [_thread_in_Java, id=6592, stack(0x0000000002760000,0x0000000002860000)]

Other Threads:
  0x00000000078d0800 VMThread [stack: 0x0000000008820000,0x0000000008920000] [id=6856]
  0x000000000799d000 WatcherThread [stack: 0x00000000098a0000,0x00000000099a0000] [id=6996]

VM state:not at safepoint (normal execution)

VM Mutex/Monitor currently owned by a thread: None

Heap:
 PSYoungGen      total 71680K, used 18364K [0x00000000eab00000, 0x00000000ef600000, 0x0000000100000000)
  eden space 66560K, 19% used [0x00000000eab00000,0x00000000eb7f6e90,0x00000000eec00000)
  from space 5120K, 99% used [0x00000000ef100000,0x00000000ef5f8298,0x00000000ef600000)
  to   space 5120K, 0% used [0x00000000eec00000,0x00000000eec00000,0x00000000ef100000)
 ParOldGen       total 87552K, used 7344K [0x00000000c0000000, 0x00000000c5580000, 0x00000000eab00000)
  object space 87552K, 8% used [0x00000000c0000000,0x00000000c072c058,0x00000000c5580000)
 Metaspace       used 5861K, capacity 7088K, committed 7296K, reserved 1056768K
  class space    used 554K, capacity 616K, committed 640K, reserved 1048576K

Card table byte_map: [0x0000000002c20000,0x0000000002e30000] byte_map_base: 0x0000000002620000

Marking Bits: (ParMarkBitMap*) 0x000000005c964040
 Begin Bits: [0x0000000003c80000, 0x0000000004c80000)
 End Bits:   [0x0000000004c80000, 0x0000000005c80000)

Polling page: 0x0000000000230000

CodeCache: size=245760Kb used=7311Kb max_used=7331Kb free=238448Kb
 bounds [0x000000000f010000, 0x000000000f740000, 0x000000001e010000]
 total_blobs=1922 nmethods=1654 adapters=180
 compilation: disabled (not enough contiguous free space left)

Compilation events (10 events):
Event: 5.040 Thread 0x000000000794b000 1656       4       com.android.dx.cf.code.ByteCatchList::toRopCatchList (57 bytes)
Event: 5.040 Thread 0x0000000007943800 1655   !   4       com.android.dx.cf.code.Ropper::processBlock (1101 bytes)
Event: 5.059 Thread 0x000000000794b000 nmethod 1656 0x000000000f734a10 code [0x000000000f734b80, 0x000000000f734e38]
Event: 5.059 Thread 0x000000000794b000 1657       4       com.android.dx.cf.code.RopperMachine::startBlock (48 bytes)
Event: 5.062 Thread 0x000000000794b000 nmethod 1657 0x000000000f71b090 code [0x000000000f71b1c0, 0x000000000f71b2d8]
Event: 5.062 Thread 0x000000000794b000 1658       4       com.android.dx.cf.code.OneLocalsArray::copy (5 bytes)
Event: 5.066 Thread 0x000000000794b000 nmethod 1658 0x000000000f723890 code [0x000000000f7239e0, 0x000000000f723c98]
Event: 5.066 Thread 0x000000000794b000 1659   !   4       com.android.dx.cf.code.Simulator::simulate (74 bytes)
Event: 5.071 Thread 0x000000000794b000 nmethod 1659 0x000000000f7350d0 code [0x000000000f735240, 0x000000000f7353f8]
Event: 5.071 Thread 0x000000000794b000 1660       4       com.android.dx.cf.code.Ropper::addOrReplaceBlock (66 bytes)

GC Heap History (4 events):
Event: 2.281 GC heap before
{Heap before GC invocations=1 (full 0):
 PSYoungGen      total 38400K, used 33280K [0x00000000eab00000, 0x00000000ed580000, 0x0000000100000000)
  eden space 33280K, 100% used [0x00000000eab00000,0x00000000ecb80000,0x00000000ecb80000)
  from space 5120K, 0% used [0x00000000ed080000,0x00000000ed080000,0x00000000ed580000)
  to   space 5120K, 0% used [0x00000000ecb80000,0x00000000ecb80000,0x00000000ed080000)
 ParOldGen       total 87552K, used 0K [0x00000000c0000000, 0x00000000c5580000, 0x00000000eab00000)
  object space 87552K, 0% used [0x00000000c0000000,0x00000000c0000000,0x00000000c5580000)
 Metaspace       used 5711K, capacity 6960K, committed 7040K, reserved 1056768K
  class space    used 553K, capacity 616K, committed 640K, reserved 1048576K
Event: 2.331 GC heap after
Heap after GC invocations=1 (full 0):
 PSYoungGen      total 38400K, used 5108K [0x00000000eab00000, 0x00000000ef600000, 0x0000000100000000)
  eden space 33280K, 0% used [0x00000000eab00000,0x00000000eab00000,0x00000000ecb80000)
  from space 5120K, 99% used [0x00000000ecb80000,0x00000000ed07d0c8,0x00000000ed080000)
  to   space 5120K, 0% used [0x00000000ef100000,0x00000000ef100000,0x00000000ef600000)
 ParOldGen       total 87552K, used 2021K [0x00000000c0000000, 0x00000000c5580000, 0x00000000eab00000)
  object space 87552K, 2% used [0x00000000c0000000,0x00000000c01f9460,0x00000000c5580000)
 Metaspace       used 5711K, capacity 6960K, committed 7040K, reserved 1056768K
  class space    used 553K, capacity 616K, committed 640K, reserved 1048576K
}
Event: 3.353 GC heap before
{Heap before GC invocations=2 (full 0):
 PSYoungGen      total 38400K, used 38388K [0x00000000eab00000, 0x00000000ef600000, 0x0000000100000000)
  eden space 33280K, 100% used [0x00000000eab00000,0x00000000ecb80000,0x00000000ecb80000)
  from space 5120K, 99% used [0x00000000ecb80000,0x00000000ed07d0c8,0x00000000ed080000)
  to   space 5120K, 0% used [0x00000000ef100000,0x00000000ef100000,0x00000000ef600000)
 ParOldGen       total 87552K, used 2021K [0x00000000c0000000, 0x00000000c5580000, 0x00000000eab00000)
  object space 87552K, 2% used [0x00000000c0000000,0x00000000c01f9460,0x00000000c5580000)
 Metaspace       used 5850K, capacity 7024K, committed 7296K, reserved 1056768K
  class space    used 554K, capacity 616K, committed 640K, reserved 1048576K
Event: 3.649 GC heap after
Heap after GC invocations=2 (full 0):
 PSYoungGen      total 71680K, used 5088K [0x00000000eab00000, 0x00000000ef600000, 0x0000000100000000)
  eden space 66560K, 0% used [0x00000000eab00000,0x00000000eab00000,0x00000000eec00000)
  from space 5120K, 99% used [0x00000000ef100000,0x00000000ef5f8298,0x00000000ef600000)
  to   space 5120K, 0% used [0x00000000eec00000,0x00000000eec00000,0x00000000ef100000)
 ParOldGen       total 87552K, used 7344K [0x00000000c0000000, 0x00000000c5580000, 0x00000000eab00000)
  object space 87552K, 8% used [0x00000000c0000000,0x00000000c072c058,0x00000000c5580000)
 Metaspace       used 5850K, capacity 7024K, committed 7296K, reserved 1056768K
  class space    used 554K, capacity 616K, committed 640K, reserved 1048576K
}

Deoptimization events (8 events):
Event: 1.069 Thread 0x000000000245e000 Uncommon trap: reason=unstable_if action=reinterpret pc=0x000000000f234820 method=java.util.BitSet.nextSetBit(I)I @ 87
Event: 1.069 Thread 0x000000000245e000 Uncommon trap: reason=unstable_if action=reinterpret pc=0x000000000f270ae4 method=java.util.BitSet.ensureCapacity(I)V @ 6
Event: 2.162 Thread 0x000000000245e000 Uncommon trap: reason=unstable_if action=reinterpret pc=0x000000000f5224bc method=com.android.dx.cf.code.BytecodeArray.parseInstruction(ILcom/android/dx/cf/code/BytecodeArray$Visitor;)I @ 1198
Event: 2.475 Thread 0x000000000245e000 Uncommon trap: reason=unstable_if action=reinterpret pc=0x000000000f5c439c method=com.android.dx.rop.cst.StdConstantPool.set(ILcom/android/dx/rop/cst/Constant;)V @ 12
Event: 2.541 Thread 0x000000000245e000 Uncommon trap: reason=bimorphic action=maybe_recompile pc=0x000000000f218690 method=java.util.HashMap.getNode(ILjava/lang/Object;)Ljava/util/HashMap$Node; @ 126
Event: 2.542 Thread 0x000000000245e000 Uncommon trap: reason=class_check action=maybe_recompile pc=0x000000000f569990 method=java.util.HashMap.putVal(ILjava/lang/Object;Ljava/lang/Object;ZZ)Ljava/lang/Object; @ 203
Event: 2.609 Thread 0x000000000245e000 Uncommon trap: reason=unloaded action=reinterpret pc=0x000000000f5a28f4 method=com.android.dx.ssa.LiteralOpUpgrader$1.visitNonMoveInsn(Lcom/android/dx/ssa/NormalSsaInsn;)V @ 72
Event: 2.610 Thread 0x000000000245e000 Uncommon trap: reason=unstable_if action=reinterpret pc=0x000000000f3f9f4c method=com.android.dx.ssa.SsaMethod.updateOneDefinition(Lcom/android/dx/ssa/SsaInsn;Lcom/android/dx/rop/code/RegisterSpec;)V @ 4

Internal exceptions (2 events):
Event: 0.118 Thread 0x000000000245e000 Exception <a 'java/lang/NoSuchMethodError': Method sun.misc.Unsafe.defineClass(Ljava/lang/String;[BII)Ljava/lang/Class; name or signature does not match> (0x00000000eab12c20) thrown at [C:\re\workspace\8-2-build-windows-amd64-cygwin\jdk8u45\3627\hotspot\srÎ+?¾?
Event: 0.118 Thread 0x000000000245e000 Exception <a 'java/lang/NoSuchMethodError': Method sun.misc.Unsafe.prefetchRead(Ljava/lang/Object;J)V name or signature does not match> (0x00000000eab12eb0) thrown at [C:\re\workspace\8-2-build-windows-amd64-cygwin\jdk8u45\3627\hotspot\src\share\vm\prims\j

Events (10 events):
Event: 2.610 Thread 0x000000000245e000 DEOPT UNPACKING pc=0x000000000f05582a sp=0x000000000285e438 mode 2
Event: 2.610 Thread 0x000000000245e000 Uncommon trap: trap_request=0xffffff65 fr.pc=0x000000000f3f9f4c
Event: 2.610 Thread 0x000000000245e000 DEOPT PACKING pc=0x000000000f3f9f4c sp=0x000000000285e2b0
Event: 2.610 Thread 0x000000000245e000 DEOPT UNPACKING pc=0x000000000f05582a sp=0x000000000285e258 mode 2
Event: 3.353 Executing VM operation: ParallelGCFailedAllocation
Event: 3.649 Executing VM operation: ParallelGCFailedAllocation done
Event: 4.440 Executing VM operation: EnableBiasedLocking
Event: 4.534 Executing VM operation: EnableBiasedLocking done
Event: 4.539 loading class com/android/dx/rop/code/RegisterSpec$1
Event: 4.539 loading class com/android/dx/rop/code/RegisterSpec$1 done


Dynamic libraries:
0x000000013f450000 - 0x000000013f487000 	C:\Program Files\Java\jdk1.8.0_45\bin\java.exe
0x0000000076e70000 - 0x0000000077019000 	C:\Windows\SYSTEM32\ntdll.dll
0x0000000076d50000 - 0x0000000076e6f000 	C:\Windows\system32\kernel32.dll
0x000007fefcdf0000 - 0x000007fefce5c000 	C:\Windows\system32\KERNELBASE.dll
0x000007fefd540000 - 0x000007fefd61b000 	C:\Windows\system32\ADVAPI32.dll
0x000007fefd190000 - 0x000007fefd22f000 	C:\Windows\system32\msvcrt.dll
0x000007fefee20000 - 0x000007fefee3f000 	C:\Windows\SYSTEM32\sechost.dll
0x000007fefd620000 - 0x000007fefd74d000 	C:\Windows\system32\RPCRT4.dll
0x0000000076c50000 - 0x0000000076d4a000 	C:\Windows\system32\USER32.dll
0x000007fefde10000 - 0x000007fefde77000 	C:\Windows\system32\GDI32.dll
0x000007fefd990000 - 0x000007fefd99e000 	C:\Windows\system32\LPK.dll
0x000007fefecb0000 - 0x000007fefed79000 	C:\Windows\system32\USP10.dll
0x000007fef9d00000 - 0x000007fef9ef4000 	C:\Windows\WinSxS\amd64_microsoft.windows.common-controls_6595b64144ccf1df_6.0.7601.18837_none_fa3b1e3d17594757\COMCTL32.dll
0x000007fefee40000 - 0x000007fefeeb1000 	C:\Windows\system32\SHLWAPI.dll
0x000007fefd960000 - 0x000007fefd98e000 	C:\Windows\system32\IMM32.DLL
0x000007fefd080000 - 0x000007fefd189000 	C:\Windows\system32\MSCTF.dll
0x000007fefcb50000 - 0x000007fefcb81000 	C:\Windows\system32\nvinitx.dll
0x000000000f000000 - 0x000000000f006000 	C:\Program Files\NVIDIA Corporation\CoProcManager\_etoured.dll
0x000007fef8de0000 - 0x000007fef8e3f000 	C:\Program Files\NVIDIA Corporation\CoProcManager\nvd3d9wrapx.dll
0x000007fefd230000 - 0x000007fefd407000 	C:\Windows\system32\SETUPAPI.dll
0x000007fefcce0000 - 0x000007fefcd16000 	C:\Windows\system32\CFGMGR32.dll
0x000007fefd460000 - 0x000007fefd537000 	C:\Windows\system32\OLEAUT32.dll
0x000007fefd750000 - 0x000007fefd953000 	C:\Windows\system32\ole32.dll
0x000007fefcd20000 - 0x000007fefcd3a000 	C:\Windows\system32\DEVOBJ.dll
0x000007fef8d60000 - 0x000007fef8da6000 	C:\Program Files\NVIDIA Corporation\CoProcManager\nvdxgiwrapx.dll
0x000000006a940000 - 0x000000006aa12000 	C:\Program Files\Java\jdk1.8.0_45\jre\bin\msvcr100.dll
0x000000005c160000 - 0x000000005c9e3000 	C:\Program Files\Java\jdk1.8.0_45\jre\bin\server\jvm.dll
0x000007fef0620000 - 0x000007fef0629000 	C:\Windows\system32\WSOCK32.dll
0x000007fefd410000 - 0x000007fefd45d000 	C:\Windows\system32\WS2_32.dll
0x000007fefdb30000 - 0x000007fefdb38000 	C:\Windows\system32\NSI.dll
0x000007fef8f50000 - 0x000007fef8f8b000 	C:\Windows\system32\WINMM.dll
0x000007fefba20000 - 0x000007fefba2c000 	C:\Windows\system32\VERSION.dll
0x0000000077030000 - 0x0000000077037000 	C:\Windows\system32\PSAPI.DLL
0x000000006ef10000 - 0x000000006ef1f000 	C:\Program Files\Java\jdk1.8.0_45\jre\bin\verify.dll
0x000000006ad60000 - 0x000000006ad89000 	C:\Program Files\Java\jdk1.8.0_45\jre\bin\java.dll
0x000000006ad40000 - 0x000000006ad56000 	C:\Program Files\Java\jdk1.8.0_45\jre\bin\zip.dll
0x000007fefde80000 - 0x000007fefec09000 	C:\Windows\system32\SHELL32.dll
0x000007fefcc30000 - 0x000007fefcc3f000 	C:\Windows\system32\profapi.dll

VM Arguments:
jvm_args: -Xmx1024M -Dfile.encoding=x-windows-949 -Duser.country=KR -Duser.language=ko -Duser.variant 
java_command: com.android.dx.command.Main --dex --output C:\Users\Administrator\Documents\anoki-android\app\build\intermediates\pre-dexed\debug\classes-8050aafcfbbd2905fbc878362247f4c98c23378f.jar C:\Users\Administrator\Documents\anoki-android\app\build\intermediates\exploded-aar\com.google.android.gms\play-services-wearable\7.5.0\jars\classes.jar
java_class_path (initial): D:\Users\Administrator\AppData\Local\Android\sdk\build-tools\22.0.1\lib\dx.jar
Launcher Type: SUN_STANDARD

Environment Variables:
PATH=C:\ProgramData\Oracle\Java\javapath;C:\Program Files (x86)\NVIDIA Corporation\PhysX\Common;C:\Windows\system32;C:\Windows;C:\Windows\System32\Wbem;C:\Windows\System32\WindowsPowerShell\v1.0\;C:\Program Files (x86)\Intel\OpenCL SDK\3.0\bin\x86;C:\Program Files (x86)\Intel\OpenCL SDK\3.0\bin\x64;d:\Program Files (x86)\Microsoft SQL Server\100\Tools\Binn\;d:\Program Files\Microsoft SQL Server\100\Tools\Binn\;d:\Program Files\Microsoft SQL Server\100\DTS\Binn\;d:\Program Files (x86)\Microsoft SQL Server\100\Tools\Binn\VSShell\Common7\IDE\;d:\Program Files (x86)\Microsoft SQL Server\100\DTS\Binn\
USERNAME=Administrator
OS=Windows_NT
PROCESSOR_IDENTIFIER=Intel64 Family 6 Model 60 Stepping 3, GenuineIntel



---------------  S Y S T E M  ---------------

OS: Windows 7 , 64 bit Build 7601 (6.1.7601.18869)

CPU:total 8 (4 cores per cpu, 2 threads per core) family 6 model 60 stepping 3, cmov, cx8, fxsr, mmx, sse, sse2, sse3, ssse3, sse4.1, sse4.2, popcnt, avx, avx2, aes, clmul, erms, lzcnt, ht, tsc, tscinvbit, bmi1, bmi2

Memory: 4k page, physical 8294168k(124728k free), swap 10389484k(200560k free)

vm_info: Java HotSpot(TM) 64-Bit Server VM (25.45-b02) for windows-amd64 JRE (1.8.0_45-b15), built on Apr 30 2015 12:40:44 by "java_re" with MS VC++ 10.0 (VS2010)

time: Tue Aug 11 11:06:12 2015
elapsed time: 5 seconds (0d 0h 0m 5s)

