#
# There is insufficient memory for the Java Runtime Environment to continue.
# Native memory allocation (malloc) failed to allocate 65552 bytes for Chunk::new
# Possible reasons:
#   The system is out of physical RAM or swap space
#   In 32 bit mode, the process size limit was hit
# Possible solutions:
#   Reduce memory load on the system
#   Increase physical memory or swap space
#   Check if swap backing store is full
#   Use 64 bit Java on a 64 bit OS
#   Decrease Java heap size (-Xmx/-Xms)
#   Decrease number of Java threads
#   Decrease Java thread stack sizes (-Xss)
#   Set larger code cache with -XX:ReservedCodeCacheSize=
# This output file may be truncated or incomplete.
#
#  Out of Memory Error (allocation.cpp:390), pid=3296, tid=5428
#
# JRE version: Java(TM) SE Runtime Environment (8.0_45-b15) (build 1.8.0_45-b15)
# Java VM: Java HotSpot(TM) 64-Bit Server VM (25.45-b02 mixed mode windows-amd64 compressed oops)
# Failed to write core dump. Minidumps are not enabled by default on client versions of Windows
#

---------------  T H R E A D  ---------------

Current thread (0x0000000007729800):  JavaThread "C2 CompilerThread0" daemon [_thread_in_native, id=5428, stack(0x0000000009020000,0x0000000009120000)]

Stack: [0x0000000009020000,0x0000000009120000]
Native frames: (J=compiled Java code, j=interpreted, Vv=VM code, C=native code)
V  [jvm.dll+0x32b57a]


Current CompileTask:
C2:   1299 1166 %     4       com.android.dx.ssa.SsaMethod::deleteInsns @ 8 (239 bytes)


---------------  P R O C E S S  ---------------

Java Threads: ( => current thread )
  0x000000000774d800 JavaThread "Service Thread" daemon [_thread_blocked, id=4708, stack(0x0000000009580000,0x0000000009680000)]
  0x0000000007738800 JavaThread "C1 CompilerThread3" daemon [_thread_blocked, id=4348, stack(0x00000000092f0000,0x00000000093f0000)]
  0x0000000007733800 JavaThread "C2 CompilerThread2" daemon [_thread_in_native, id=5912, stack(0x00000000091d0000,0x00000000092d0000)]
  0x0000000007730800 JavaThread "C2 CompilerThread1" daemon [_thread_in_native, id=2756, stack(0x0000000008690000,0x0000000008790000)]
=>0x0000000007729800 JavaThread "C2 CompilerThread0" daemon [_thread_in_native, id=5428, stack(0x0000000009020000,0x0000000009120000)]
  0x0000000007728800 JavaThread "Attach Listener" daemon [_thread_blocked, id=3392, stack(0x0000000008e90000,0x0000000008f90000)]
  0x000000000771e800 JavaThread "Signal Dispatcher" daemon [_thread_blocked, id=4784, stack(0x0000000008ca0000,0x0000000008da0000)]
  0x0000000006545800 JavaThread "Finalizer" daemon [_thread_blocked, id=6724, stack(0x0000000008a80000,0x0000000008b80000)]
  0x0000000006544800 JavaThread "Reference Handler" daemon [_thread_blocked, id=5152, stack(0x00000000088d0000,0x00000000089d0000)]
  0x00000000023be000 JavaThread "main" [_thread_in_Java, id=212, stack(0x00000000023f0000,0x00000000024f0000)]

Other Threads:
  0x00000000076c0800 VMThread [stack: 0x00000000087a0000,0x00000000088a0000] [id=6340]
  0x0000000007750800 WatcherThread [stack: 0x0000000009410000,0x0000000009510000] [id=3524]

VM state:not at safepoint (normal execution)

VM Mutex/Monitor currently owned by a thread: None

Heap:
 PSYoungGen      total 38400K, used 31297K [0x00000000eab00000, 0x00000000ed580000, 0x0000000100000000)
  eden space 33280K, 94% used [0x00000000eab00000,0x00000000ec9907b0,0x00000000ecb80000)
  from space 5120K, 0% used [0x00000000ed080000,0x00000000ed080000,0x00000000ed580000)
  to   space 5120K, 0% used [0x00000000ecb80000,0x00000000ecb80000,0x00000000ed080000)
 ParOldGen       total 87552K, used 0K [0x00000000c0000000, 0x00000000c5580000, 0x00000000eab00000)
  object space 87552K, 0% used [0x00000000c0000000,0x00000000c0000000,0x00000000c5580000)
 Metaspace       used 5570K, capacity 6832K, committed 7040K, reserved 1056768K
  class space    used 555K, capacity 616K, committed 640K, reserved 1048576K

Card table byte_map: [0x00000000029c0000,0x0000000002bd0000] byte_map_base: 0x00000000023c0000

Marking Bits: (ParMarkBitMap*) 0x000000005b0d4040
 Begin Bits: [0x0000000003960000, 0x0000000004960000)
 End Bits:   [0x0000000004960000, 0x0000000005960000)

Polling page: 0x0000000001f50000

CodeCache: size=245760Kb used=4477Kb max_used=4490Kb free=241282Kb
 bounds [0x000000000f010000, 0x000000000f480000, 0x000000001e010000]
 total_blobs=1437 nmethods=1170 adapters=180
 compilation: enabled

Compilation events (10 events):
Event: 1.246 Thread 0x0000000007738800 1174       3       com.android.dx.dex.code.RopTranslator$TranslationVisitor::visitPlainCstInsn (161 bytes)
Event: 1.249 Thread 0x0000000007738800 nmethod 1174 0x000000000f4683d0 code [0x000000000f468780, 0x000000000f46abb8]
Event: 1.254 Thread 0x0000000007738800 1177       3       com.android.dx.cf.code.Ropper::getSpecialLabel (20 bytes)
Event: 1.254 Thread 0x0000000007738800 nmethod 1177 0x000000000f46c810 code [0x000000000f46c980, 0x000000000f46cd50]
Event: 1.254 Thread 0x0000000007738800 1176       1       com.android.dx.rop.code.SourcePosition::getLine (5 bytes)
Event: 1.254 Thread 0x0000000007738800 nmethod 1176 0x000000000f46ced0 code [0x000000000f46d020, 0x000000000f46d130]
Event: 1.266 Thread 0x0000000007729800 nmethod 1121 0x000000000f46ff90 code [0x000000000f4703a0, 0x000000000f472320]
Event: 1.266 Thread 0x0000000007729800 1170       4       com.android.dx.cf.code.Ropper::getAvailableLabel (54 bytes)
Event: 1.276 Thread 0x0000000007729800 nmethod 1170 0x000000000f46e150 code [0x000000000f46e2c0, 0x000000000f46e6d8]
Event: 1.276 Thread 0x0000000007729800 1166 %     4       com.android.dx.ssa.SsaMethod::deleteInsns @ 8 (239 bytes)

GC Heap History (0 events):
No events

Deoptimization events (8 events):
Event: 0.709 Thread 0x00000000023be000 Uncommon trap: reason=unstable_if action=reinterpret pc=0x000000000f219dd0 method=java.util.HashMap.getNode(ILjava/lang/Object;)Ljava/util/HashMap$Node; @ 129
Event: 0.719 Thread 0x00000000023be000 Uncommon trap: reason=unstable_if action=reinterpret pc=0x000000000f224820 method=java.util.BitSet.nextSetBit(I)I @ 87
Event: 0.954 Thread 0x00000000023be000 Uncommon trap: reason=null_check action=make_not_entrant pc=0x000000000f320f14 method=com.android.dx.rop.type.Type.equals(Ljava/lang/Object;)Z @ 8
Event: 1.170 Thread 0x00000000023be000 Uncommon trap: reason=class_check action=maybe_recompile pc=0x000000000f2b04dc method=com.android.dx.ssa.NormalSsaInsn.accept(Lcom/android/dx/ssa/SsaInsn$Visitor;)V @ 9
Event: 1.176 Thread 0x00000000023be000 Uncommon trap: reason=class_check action=maybe_recompile pc=0x000000000f2b04dc method=com.android.dx.ssa.NormalSsaInsn.accept(Lcom/android/dx/ssa/SsaInsn$Visitor;)V @ 9
Event: 1.188 Thread 0x00000000023be000 Uncommon trap: reason=class_check action=maybe_recompile pc=0x000000000f2b04dc method=com.android.dx.ssa.NormalSsaInsn.accept(Lcom/android/dx/ssa/SsaInsn$Visitor;)V @ 9
Event: 1.188 Thread 0x00000000023be000 Uncommon trap: reason=class_check action=maybe_recompile pc=0x000000000f2b04dc method=com.android.dx.ssa.NormalSsaInsn.accept(Lcom/android/dx/ssa/SsaInsn$Visitor;)V @ 9
Event: 1.188 Thread 0x00000000023be000 Uncommon trap: reason=class_check action=maybe_recompile pc=0x000000000f2758e0 method=com.android.dx.ssa.NormalSsaInsn.accept(Lcom/android/dx/ssa/SsaInsn$Visitor;)V @ 9

Internal exceptions (3 events):
Event: 0.052 Thread 0x00000000023be000 Exception <a 'java/lang/NoSuchMethodError': Method sun.misc.Unsafe.defineClass(Ljava/lang/String;[BII)Ljava/lang/Class; name or signature does not match> (0x00000000eab12f70) thrown at [C:\re\workspace\8-2-build-windows-amd64-cygwin\jdk8u45\3627\hotspot\srz¸Ý¦œª?
Event: 0.052 Thread 0x00000000023be000 Exception <a 'java/lang/NoSuchMethodError': Method sun.misc.Unsafe.prefetchRead(Ljava/lang/Object;J)V name or signature does not match> (0x00000000eab13200) thrown at [C:\re\workspace\8-2-build-windows-amd64-cygwin\jdk8u45\3627\hotspot\src\share\vm\prims\j¾deüI„î?
Event: 0.954 Thread 0x00000000023be000 Implicit null exception at 0x000000000f320e12 to 0x000000000f320f05

Events (10 events):
Event: 1.247 Thread 0x00000000023be000 DEOPT PACKING pc=0x000000000f30239e sp=0x00000000024eea60
Event: 1.247 Thread 0x00000000023be000 DEOPT UNPACKING pc=0x000000000f05787f sp=0x00000000024ee7c8 mode 0
Event: 1.249 Thread 0x00000000023be000 DEOPT PACKING pc=0x000000000f30239e sp=0x00000000024eea60
Event: 1.249 Thread 0x00000000023be000 DEOPT UNPACKING pc=0x000000000f05787f sp=0x00000000024ee7c8 mode 0
Event: 1.250 Thread 0x00000000023be000 DEOPT PACKING pc=0x000000000f30239e sp=0x00000000024eea60
Event: 1.250 Thread 0x00000000023be000 DEOPT UNPACKING pc=0x000000000f05787f sp=0x00000000024ee7c8 mode 0
Event: 1.256 Executing VM operation: ForceSafepoint
Event: 1.256 Executing VM operation: ForceSafepoint done
Event: 1.292 Thread 0x00000000023be000 DEOPT PACKING pc=0x000000000f2bd8c5 sp=0x00000000024eeb00
Event: 1.292 Thread 0x00000000023be000 DEOPT UNPACKING pc=0x000000000f05787f sp=0x00000000024ee8e0 mode 0


Dynamic libraries:
0x000000013fcd0000 - 0x000000013fd07000 	C:\Program Files\Java\jdk1.8.0_45\bin\java.exe
0x0000000076e70000 - 0x0000000077019000 	C:\Windows\SYSTEM32\ntdll.dll
0x0000000076d50000 - 0x0000000076e6f000 	C:\Windows\system32\kernel32.dll
0x000007fefcdf0000 - 0x000007fefce5c000 	C:\Windows\system32\KERNELBASE.dll
0x000007fefd540000 - 0x000007fefd61b000 	C:\Windows\system32\ADVAPI32.dll
0x000007fefd190000 - 0x000007fefd22f000 	C:\Windows\system32\msvcrt.dll
0x000007fefee20000 - 0x000007fefee3f000 	C:\Windows\SYSTEM32\sechost.dll
0x000007fefd620000 - 0x000007fefd74d000 	C:\Windows\system32\RPCRT4.dll
0x0000000076c50000 - 0x0000000076d4a000 	C:\Windows\system32\USER32.dll
0x000007fefde10000 - 0x000007fefde77000 	C:\Windows\system32\GDI32.dll
0x000007fefd990000 - 0x000007fefd99e000 	C:\Windows\system32\LPK.dll
0x000007fefecb0000 - 0x000007fefed79000 	C:\Windows\system32\USP10.dll
0x000007fef9d00000 - 0x000007fef9ef4000 	C:\Windows\WinSxS\amd64_microsoft.windows.common-controls_6595b64144ccf1df_6.0.7601.18837_none_fa3b1e3d17594757\COMCTL32.dll
0x000007fefee40000 - 0x000007fefeeb1000 	C:\Windows\system32\SHLWAPI.dll
0x000007fefd960000 - 0x000007fefd98e000 	C:\Windows\system32\IMM32.DLL
0x000007fefd080000 - 0x000007fefd189000 	C:\Windows\system32\MSCTF.dll
0x000007fefcb50000 - 0x000007fefcb81000 	C:\Windows\system32\nvinitx.dll
0x000000000f000000 - 0x000000000f006000 	C:\Program Files\NVIDIA Corporation\CoProcManager\_etoured.dll
0x000007fef8de0000 - 0x000007fef8e3f000 	C:\Program Files\NVIDIA Corporation\CoProcManager\nvd3d9wrapx.dll
0x000007fefd230000 - 0x000007fefd407000 	C:\Windows\system32\SETUPAPI.dll
0x000007fefcce0000 - 0x000007fefcd16000 	C:\Windows\system32\CFGMGR32.dll
0x000007fefd460000 - 0x000007fefd537000 	C:\Windows\system32\OLEAUT32.dll
0x000007fefd750000 - 0x000007fefd953000 	C:\Windows\system32\ole32.dll
0x000007fefcd20000 - 0x000007fefcd3a000 	C:\Windows\system32\DEVOBJ.dll
0x000007fef8d60000 - 0x000007fef8da6000 	C:\Program Files\NVIDIA Corporation\CoProcManager\nvdxgiwrapx.dll
0x0000000067fc0000 - 0x0000000068092000 	C:\Program Files\Java\jdk1.8.0_45\jre\bin\msvcr100.dll
0x000000005a8d0000 - 0x000000005b153000 	C:\Program Files\Java\jdk1.8.0_45\jre\bin\server\jvm.dll
0x000007fef0620000 - 0x000007fef0629000 	C:\Windows\system32\WSOCK32.dll
0x000007fefd410000 - 0x000007fefd45d000 	C:\Windows\system32\WS2_32.dll
0x000007fefdb30000 - 0x000007fefdb38000 	C:\Windows\system32\NSI.dll
0x000007fef8f50000 - 0x000007fef8f8b000 	C:\Windows\system32\WINMM.dll
0x000007fefba20000 - 0x000007fefba2c000 	C:\Windows\system32\VERSION.dll
0x0000000077030000 - 0x0000000077037000 	C:\Windows\system32\PSAPI.DLL
0x000000006f040000 - 0x000000006f04f000 	C:\Program Files\Java\jdk1.8.0_45\jre\bin\verify.dll
0x000000006ad30000 - 0x000000006ad59000 	C:\Program Files\Java\jdk1.8.0_45\jre\bin\java.dll
0x000000006ad70000 - 0x000000006ad86000 	C:\Program Files\Java\jdk1.8.0_45\jre\bin\zip.dll
0x000007fefde80000 - 0x000007fefec09000 	C:\Windows\system32\SHELL32.dll
0x000007fefcc30000 - 0x000007fefcc3f000 	C:\Windows\system32\profapi.dll

VM Arguments:
jvm_args: -Xmx1024M -Dfile.encoding=x-windows-949 -Duser.country=KR -Duser.language=ko -Duser.variant 
java_command: com.android.dx.command.Main --dex --output C:\Users\Administrator\Documents\anoki-android\app\build\intermediates\pre-dexed\debug\butterknife-7.0.1-fc861cbde294a7e4a9efd57936d766cb077b60e2.jar C:\Users\Administrator\.gradle\caches\modules-2\files-2.1\com.jakewharton\butterknife\7.0.1\d5d13ea991eab0252e3710e5df3d6a9d4b21d461\butterknife-7.0.1.jar
java_class_path (initial): D:\Users\Administrator\AppData\Local\Android\sdk\build-tools\22.0.1\lib\dx.jar
Launcher Type: SUN_STANDARD

Environment Variables:
PATH=C:\ProgramData\Oracle\Java\javapath;C:\Program Files (x86)\NVIDIA Corporation\PhysX\Common;C:\Windows\system32;C:\Windows;C:\Windows\System32\Wbem;C:\Windows\System32\WindowsPowerShell\v1.0\;C:\Program Files (x86)\Intel\OpenCL SDK\3.0\bin\x86;C:\Program Files (x86)\Intel\OpenCL SDK\3.0\bin\x64;d:\Program Files (x86)\Microsoft SQL Server\100\Tools\Binn\;d:\Program Files\Microsoft SQL Server\100\Tools\Binn\;d:\Program Files\Microsoft SQL Server\100\DTS\Binn\;d:\Program Files (x86)\Microsoft SQL Server\100\Tools\Binn\VSShell\Common7\IDE\;d:\Program Files (x86)\Microsoft SQL Server\100\DTS\Binn\
USERNAME=Administrator
OS=Windows_NT
PROCESSOR_IDENTIFIER=Intel64 Family 6 Model 60 Stepping 3, GenuineIntel



---------------  S Y S T E M  ---------------

OS: Windows 7 , 64 bit Build 7601 (6.1.7601.18869)

CPU:total 8 (4 cores per cpu, 2 threads per core) family 6 model 60 stepping 3, cmov, cx8, fxsr, mmx, sse, sse2, sse3, ssse3, sse4.1, sse4.2, popcnt, avx, avx2, aes, clmul, erms, lzcnt, ht, tsc, tscinvbit, bmi1, bmi2

Memory: 4k page, physical 8294168k(504712k free), swap 10389484k(5112k free)

vm_info: Java HotSpot(TM) 64-Bit Server VM (25.45-b02) for windows-amd64 JRE (1.8.0_45-b15), built on Apr 30 2015 12:40:44 by "java_re" with MS VC++ 10.0 (VS2010)

time: Tue Aug 11 14:05:29 2015
elapsed time: 1 seconds (0d 0h 0m 1s)

