#
# There is insufficient memory for the Java Runtime Environment to continue.
# Native memory allocation (malloc) failed to allocate 46096 bytes for Chunk::new
# Possible reasons:
#   The system is out of physical RAM or swap space
#   In 32 bit mode, the process size limit was hit
# Possible solutions:
#   Reduce memory load on the system
#   Increase physical memory or swap space
#   Check if swap backing store is full
#   Use 64 bit Java on a 64 bit OS
#   Decrease Java heap size (-Xmx/-Xms)
#   Decrease number of Java threads
#   Decrease Java thread stack sizes (-Xss)
#   Set larger code cache with -XX:ReservedCodeCacheSize=
# This output file may be truncated or incomplete.
#
#  Out of Memory Error (allocation.cpp:390), pid=4032, tid=7040
#
# JRE version: Java(TM) SE Runtime Environment (8.0_45-b15) (build 1.8.0_45-b15)
# Java VM: Java HotSpot(TM) 64-Bit Server VM (25.45-b02 mixed mode windows-amd64 compressed oops)
# Failed to write core dump. Minidumps are not enabled by default on client versions of Windows
#

---------------  T H R E A D  ---------------

Current thread (0x00000000075e8000):  JavaThread "C2 CompilerThread0" daemon [_thread_in_native, id=7040, stack(0x0000000008c70000,0x0000000008d70000)]

Stack: [0x0000000008c70000,0x0000000008d70000]
Native frames: (J=compiled Java code, j=interpreted, Vv=VM code, C=native code)
V  [jvm.dll+0x32b57a]


Current CompileTask:
C2:    799  345       4       java.lang.String::equals (81 bytes)


---------------  P R O C E S S  ---------------

Java Threads: ( => current thread )
  0x000000000766f800 JavaThread "Service Thread" daemon [_thread_blocked, id=7132, stack(0x0000000009250000,0x0000000009350000)]
  0x0000000007648800 JavaThread "C1 CompilerThread3" daemon [_thread_in_native, id=440, stack(0x00000000090a0000,0x00000000091a0000)]
  0x00000000075f9800 JavaThread "C2 CompilerThread2" daemon [_thread_blocked, id=5256, stack(0x0000000008ee0000,0x0000000008fe0000)]
  0x00000000075ef000 JavaThread "C2 CompilerThread1" daemon [_thread_blocked, id=2948, stack(0x0000000008db0000,0x0000000008eb0000)]
=>0x00000000075e8000 JavaThread "C2 CompilerThread0" daemon [_thread_in_native, id=7040, stack(0x0000000008c70000,0x0000000008d70000)]
  0x00000000075dd000 JavaThread "Attach Listener" daemon [_thread_blocked, id=4996, stack(0x00000000086b0000,0x00000000087b0000)]
  0x00000000075e6800 JavaThread "Signal Dispatcher" daemon [_thread_blocked, id=2308, stack(0x0000000008ac0000,0x0000000008bc0000)]
  0x000000000662b000 JavaThread "Finalizer" daemon [_thread_blocked, id=6316, stack(0x0000000008950000,0x0000000008a50000)]
  0x0000000006624800 JavaThread "Reference Handler" daemon [_thread_blocked, id=3912, stack(0x00000000087e0000,0x00000000088e0000)]
  0x000000000243e000 JavaThread "main" [_thread_in_Java, id=6964, stack(0x0000000002570000,0x0000000002670000)]

Other Threads:
  0x0000000007580800 VMThread [stack: 0x0000000008500000,0x0000000008600000] [id=6744]
  0x000000000765c800 WatcherThread [stack: 0x0000000009440000,0x0000000009540000] [id=6264]

VM state:not at safepoint (normal execution)

VM Mutex/Monitor currently owned by a thread: None

Heap:
 PSYoungGen      total 38400K, used 6915K [0x00000000eab00000, 0x00000000ef600000, 0x0000000100000000)
  eden space 33280K, 20% used [0x00000000eab00000,0x00000000eb1c0e30,0x00000000ecb80000)
  from space 5120K, 0% used [0x00000000ecb80000,0x00000000ecb80000,0x00000000ed080000)
  to   space 5120K, 0% used [0x00000000ef100000,0x00000000ef100000,0x00000000ef600000)
 ParOldGen       total 54272K, used 1046K [0x00000000c0000000, 0x00000000c3500000, 0x00000000eab00000)
  object space 54272K, 1% used [0x00000000c0000000,0x00000000c0105af0,0x00000000c3500000)
 Metaspace       used 5000K, capacity 6320K, committed 6528K, reserved 1058816K
  class space    used 548K, capacity 616K, committed 640K, reserved 1048576K

Card table byte_map: [0x0000000002a30000,0x0000000002c40000] byte_map_base: 0x0000000002430000

Marking Bits: (ParMarkBitMap*) 0x000000006a164040
 Begin Bits: [0x0000000003a40000, 0x0000000004a40000)
 End Bits:   [0x0000000004a40000, 0x0000000005a40000)

Polling page: 0x0000000000230000

CodeCache: size=245760Kb used=1746Kb max_used=1746Kb free=244013Kb
 bounds [0x000000000f010000, 0x000000000f280000, 0x000000001e010000]
 total_blobs=625 nmethods=358 adapters=180
 compilation: enabled

Compilation events (10 events):
Event: 0.793 Thread 0x0000000007648800  341       3       java.util.ArrayList::<init> (12 bytes)
Event: 0.794 Thread 0x0000000007648800 nmethod 341 0x000000000f1c1510 code [0x000000000f1c1680, 0x000000000f1c1910]
Event: 0.794 Thread 0x0000000007648800  342   !   3       com.android.dx.rop.code.RegisterSpec::intern (70 bytes)
Event: 0.794 Thread 0x00000000075e8000  345       4       java.lang.String::equals (81 bytes)
Event: 0.795 Thread 0x0000000007648800 nmethod 342 0x000000000f1bfe90 code [0x000000000f1c00c0, 0x000000000f1c0d88]
Event: 0.795 Thread 0x0000000007648800  343       3       com.android.dx.rop.code.RegisterSpec$ForComparison::set (16 bytes)
Event: 0.795 Thread 0x0000000007648800 nmethod 343 0x000000000f1bfb10 code [0x000000000f1bfc60, 0x000000000f1bfdf0]
Event: 0.795 Thread 0x0000000007648800  344       3       java.lang.Long::numberOfTrailingZeros (116 bytes)
Event: 0.796 Thread 0x0000000007648800 nmethod 344 0x000000000f1bf610 code [0x000000000f1bf780, 0x000000000f1bfa90]
Event: 0.796 Thread 0x0000000007648800  348       3       com.android.dx.ssa.NormalSsaInsn::accept (25 bytes)

GC Heap History (4 events):
Event: 0.282 GC heap before
{Heap before GC invocations=1 (full 0):
 PSYoungGen      total 38400K, used 3328K [0x00000000eab00000, 0x00000000ed580000, 0x0000000100000000)
  eden space 33280K, 10% used [0x00000000eab00000,0x00000000eae401d0,0x00000000ecb80000)
  from space 5120K, 0% used [0x00000000ed080000,0x00000000ed080000,0x00000000ed580000)
  to   space 5120K, 0% used [0x00000000ecb80000,0x00000000ecb80000,0x00000000ed080000)
 ParOldGen       total 87552K, used 0K [0x00000000c0000000, 0x00000000c5580000, 0x00000000eab00000)
  object space 87552K, 0% used [0x00000000c0000000,0x00000000c0000000,0x00000000c5580000)
 Metaspace       used 3219K, capacity 4720K, committed 4864K, reserved 1060864K
  class space    used 349K, capacity 424K, committed 512K, reserved 1048576K
Event: 0.330 GC heap after
Heap after GC invocations=1 (full 0):
 PSYoungGen      total 38400K, used 1150K [0x00000000eab00000, 0x00000000ef600000, 0x0000000100000000)
  eden space 33280K, 0% used [0x00000000eab00000,0x00000000eab00000,0x00000000ecb80000)
  from space 5120K, 22% used [0x00000000ecb80000,0x00000000ecc9f9e8,0x00000000ed080000)
  to   space 5120K, 0% used [0x00000000ef100000,0x00000000ef100000,0x00000000ef600000)
 ParOldGen       total 87552K, used 8K [0x00000000c0000000, 0x00000000c5580000, 0x00000000eab00000)
  object space 87552K, 0% used [0x00000000c0000000,0x00000000c0002000,0x00000000c5580000)
 Metaspace       used 3219K, capacity 4720K, committed 4864K, reserved 1060864K
  class space    used 349K, capacity 424K, committed 512K, reserved 1048576K
}
Event: 0.330 GC heap before
{Heap before GC invocations=2 (full 1):
 PSYoungGen      total 38400K, used 1150K [0x00000000eab00000, 0x00000000ef600000, 0x0000000100000000)
  eden space 33280K, 0% used [0x00000000eab00000,0x00000000eab00000,0x00000000ecb80000)
  from space 5120K, 22% used [0x00000000ecb80000,0x00000000ecc9f9e8,0x00000000ed080000)
  to   space 5120K, 0% used [0x00000000ef100000,0x00000000ef100000,0x00000000ef600000)
 ParOldGen       total 87552K, used 8K [0x00000000c0000000, 0x00000000c5580000, 0x00000000eab00000)
  object space 87552K, 0% used [0x00000000c0000000,0x00000000c0002000,0x00000000c5580000)
 Metaspace       used 3219K, capacity 4720K, committed 4864K, reserved 1060864K
  class space    used 349K, capacity 424K, committed 512K, reserved 1048576K
Event: 0.412 GC heap after
Heap after GC invocations=2 (full 1):
 PSYoungGen      total 38400K, used 0K [0x00000000eab00000, 0x00000000ef600000, 0x0000000100000000)
  eden space 33280K, 0% used [0x00000000eab00000,0x00000000eab00000,0x00000000ecb80000)
  from space 5120K, 0% used [0x00000000ecb80000,0x00000000ecb80000,0x00000000ed080000)
  to   space 5120K, 0% used [0x00000000ef100000,0x00000000ef100000,0x00000000ef600000)
 ParOldGen       total 54272K, used 1046K [0x00000000c0000000, 0x00000000c3500000, 0x00000000eab00000)
  object space 54272K, 1% used [0x00000000c0000000,0x00000000c0105af0,0x00000000c3500000)
 Metaspace       used 3219K, capacity 4720K, committed 4864K, reserved 1058816K
  class space    used 349K, capacity 424K, committed 512K, reserved 1048576K
}

Deoptimization events (1 events):
Event: 0.553 Thread 0x000000000243e000 Uncommon trap: reason=unstable_if action=reinterpret pc=0x000000000f165444 method=java.lang.String.indexOf(II)I @ 49

Internal exceptions (2 events):
Event: 0.063 Thread 0x000000000243e000 Exception <a 'java/lang/NoSuchMethodError': Method sun.misc.Unsafe.defineClass(Ljava/lang/String;[BII)Ljava/lang/Class; name or signature does not match> (0x00000000eab12f70) thrown at [C:\re\workspace\8-2-build-windows-amd64-cygwin\jdk8u45\3627\hotspot\srììè¶%°?
Event: 0.063 Thread 0x000000000243e000 Exception <a 'java/lang/NoSuchMethodError': Method sun.misc.Unsafe.prefetchRead(Ljava/lang/Object;J)V name or signature does not match> (0x00000000eab13200) thrown at [C:\re\workspace\8-2-build-windows-amd64-cygwin\jdk8u45\3627\hotspot\src\share\vm\prims\j

Events (10 events):
Event: 0.783 loading class com/android/dx/cf/attrib/AttSignature
Event: 0.783 loading class com/android/dx/cf/attrib/AttSignature done
Event: 0.785 loading class com/android/dx/cf/attrib/AttExceptions
Event: 0.785 loading class com/android/dx/cf/attrib/AttExceptions done
Event: 0.786 loading class com/android/dx/rop/cst/CstArray$List
Event: 0.786 loading class com/android/dx/rop/cst/CstArray$List done
Event: 0.789 loading class com/android/dx/cf/code/BytecodeArray$ConstantParserVisitor
Event: 0.789 loading class com/android/dx/cf/code/BytecodeArray$ConstantParserVisitor done
Event: 0.794 loading class com/android/dx/ssa/PhiInsn$Operand
Event: 0.794 loading class com/android/dx/ssa/PhiInsn$Operand done


Dynamic libraries:
0x000000013ff20000 - 0x000000013ff57000 	C:\Program Files\Java\jdk1.8.0_45\bin\java.exe
0x0000000077a80000 - 0x0000000077c29000 	C:\Windows\SYSTEM32\ntdll.dll
0x0000000077960000 - 0x0000000077a7f000 	C:\Windows\system32\kernel32.dll
0x000007fefd940000 - 0x000007fefd9ac000 	C:\Windows\system32\KERNELBASE.dll
0x000007fefe230000 - 0x000007fefe30b000 	C:\Windows\system32\ADVAPI32.dll
0x000007feff780000 - 0x000007feff81f000 	C:\Windows\system32\msvcrt.dll
0x000007feff180000 - 0x000007feff19f000 	C:\Windows\SYSTEM32\sechost.dll
0x000007feff1b0000 - 0x000007feff2dd000 	C:\Windows\system32\RPCRT4.dll
0x0000000077860000 - 0x000000007795a000 	C:\Windows\system32\USER32.dll
0x000007feffc80000 - 0x000007feffce7000 	C:\Windows\system32\GDI32.dll
0x000007feff170000 - 0x000007feff17e000 	C:\Windows\system32\LPK.dll
0x000007feff0a0000 - 0x000007feff169000 	C:\Windows\system32\USP10.dll
0x000007fefa810000 - 0x000007fefaa04000 	C:\Windows\WinSxS\amd64_microsoft.windows.common-controls_6595b64144ccf1df_6.0.7601.18837_none_fa3b1e3d17594757\COMCTL32.dll
0x000007fefe0d0000 - 0x000007fefe141000 	C:\Windows\system32\SHLWAPI.dll
0x000007feff6f0000 - 0x000007feff71e000 	C:\Windows\system32\IMM32.DLL
0x000007feff820000 - 0x000007feff929000 	C:\Windows\system32\MSCTF.dll
0x000007fefd760000 - 0x000007fefd791000 	C:\Windows\system32\nvinitx.dll
0x000000000f000000 - 0x000000000f006000 	C:\Program Files\NVIDIA Corporation\CoProcManager\_etoured.dll
0x000007fef9fe0000 - 0x000007fefa03f000 	C:\Program Files\NVIDIA Corporation\CoProcManager\nvd3d9wrapx.dll
0x000007fefdef0000 - 0x000007fefe0c7000 	C:\Windows\system32\SETUPAPI.dll
0x000007fefd8f0000 - 0x000007fefd926000 	C:\Windows\system32\CFGMGR32.dll
0x000007fefe150000 - 0x000007fefe227000 	C:\Windows\system32\OLEAUT32.dll
0x000007fefdce0000 - 0x000007fefdee3000 	C:\Windows\system32\ole32.dll
0x000007fefd8d0000 - 0x000007fefd8ea000 	C:\Windows\system32\DEVOBJ.dll
0x000007fef9b60000 - 0x000007fef9ba6000 	C:\Program Files\NVIDIA Corporation\CoProcManager\nvdxgiwrapx.dll
0x0000000067a20000 - 0x0000000067af2000 	C:\Program Files\Java\jdk1.8.0_45\jre\bin\msvcr100.dll
0x0000000069960000 - 0x000000006a1e3000 	C:\Program Files\Java\jdk1.8.0_45\jre\bin\server\jvm.dll
0x000007fef11f0000 - 0x000007fef11f9000 	C:\Windows\system32\WSOCK32.dll
0x000007fefdc90000 - 0x000007fefdcdd000 	C:\Windows\system32\WS2_32.dll
0x000007feff1a0000 - 0x000007feff1a8000 	C:\Windows\system32\NSI.dll
0x000007fefa170000 - 0x000007fefa1ab000 	C:\Windows\system32\WINMM.dll
0x000007fefc630000 - 0x000007fefc63c000 	C:\Windows\system32\VERSION.dll
0x0000000077c40000 - 0x0000000077c47000 	C:\Windows\system32\PSAPI.DLL
0x0000000072710000 - 0x000000007271f000 	C:\Program Files\Java\jdk1.8.0_45\jre\bin\verify.dll
0x000000006c0b0000 - 0x000000006c0d9000 	C:\Program Files\Java\jdk1.8.0_45\jre\bin\java.dll
0x0000000071e40000 - 0x0000000071e56000 	C:\Program Files\Java\jdk1.8.0_45\jre\bin\zip.dll
0x000007fefe310000 - 0x000007feff099000 	C:\Windows\system32\SHELL32.dll
0x000007fefd830000 - 0x000007fefd83f000 	C:\Windows\system32\profapi.dll

VM Arguments:
jvm_args: -Xmx1024M -Dfile.encoding=x-windows-949 -Duser.country=KR -Duser.language=ko -Duser.variant 
java_command: com.android.dx.command.Main --dex --output C:\Users\Administrator\Documents\anoki-android\app\build\intermediates\pre-dexed\debug\classes-95e45caf26029412093b84ee6312d2ce80ea2eb1.jar C:\Users\Administrator\Documents\anoki-android\app\build\intermediates\exploded-aar\com.android.support\recyclerview-v7\22.0.0\jars\classes.jar
java_class_path (initial): D:\Users\Administrator\AppData\Local\Android\sdk\build-tools\22.0.1\lib\dx.jar
Launcher Type: SUN_STANDARD

Environment Variables:
PATH=C:\ProgramData\Oracle\Java\javapath;C:\Program Files (x86)\NVIDIA Corporation\PhysX\Common;C:\Windows\system32;C:\Windows;C:\Windows\System32\Wbem;C:\Windows\System32\WindowsPowerShell\v1.0\;C:\Program Files (x86)\Intel\OpenCL SDK\3.0\bin\x86;C:\Program Files (x86)\Intel\OpenCL SDK\3.0\bin\x64;d:\Program Files (x86)\Microsoft SQL Server\100\Tools\Binn\;d:\Program Files\Microsoft SQL Server\100\Tools\Binn\;d:\Program Files\Microsoft SQL Server\100\DTS\Binn\;d:\Program Files (x86)\Microsoft SQL Server\100\Tools\Binn\VSShell\Common7\IDE\;d:\Program Files (x86)\Microsoft SQL Server\100\DTS\Binn\
USERNAME=Administrator
OS=Windows_NT
PROCESSOR_IDENTIFIER=Intel64 Family 6 Model 60 Stepping 3, GenuineIntel



---------------  S Y S T E M  ---------------

OS: Windows 7 , 64 bit Build 7601 (6.1.7601.18869)

CPU:total 8 (4 cores per cpu, 2 threads per core) family 6 model 60 stepping 3, cmov, cx8, fxsr, mmx, sse, sse2, sse3, ssse3, sse4.1, sse4.2, popcnt, avx, avx2, aes, clmul, erms, lzcnt, ht, tsc, tscinvbit, bmi1, bmi2

Memory: 4k page, physical 8294168k(788916k free), swap 10389484k(4912k free)

vm_info: Java HotSpot(TM) 64-Bit Server VM (25.45-b02) for windows-amd64 JRE (1.8.0_45-b15), built on Apr 30 2015 12:40:44 by "java_re" with MS VC++ 10.0 (VS2010)

time: Mon Aug 10 17:34:32 2015
elapsed time: 0 seconds (0d 0h 0m 0s)

