#
# There is insufficient memory for the Java Runtime Environment to continue.
# Native memory allocation (malloc) failed to allocate 264816 bytes for Chunk::new
# Possible reasons:
#   The system is out of physical RAM or swap space
#   In 32 bit mode, the process size limit was hit
# Possible solutions:
#   Reduce memory load on the system
#   Increase physical memory or swap space
#   Check if swap backing store is full
#   Use 64 bit Java on a 64 bit OS
#   Decrease Java heap size (-Xmx/-Xms)
#   Decrease number of Java threads
#   Decrease Java thread stack sizes (-Xss)
#   Set larger code cache with -XX:ReservedCodeCacheSize=
# This output file may be truncated or incomplete.
#
#  Out of Memory Error (allocation.cpp:390), pid=5932, tid=6488
#
# JRE version: Java(TM) SE Runtime Environment (8.0_45-b15) (build 1.8.0_45-b15)
# Java VM: Java HotSpot(TM) 64-Bit Server VM (25.45-b02 mixed mode windows-amd64 compressed oops)
# Failed to write core dump. Minidumps are not enabled by default on client versions of Windows
#

---------------  T H R E A D  ---------------

Current thread (0x00000000077c8000):  JavaThread "C2 CompilerThread0" daemon [_thread_in_native, id=6488, stack(0x00000000090b0000,0x00000000091b0000)]

Stack: [0x00000000090b0000,0x00000000091b0000]
Native frames: (J=compiled Java code, j=interpreted, Vv=VM code, C=native code)
V  [jvm.dll+0x32b57a]


Current CompileTask:
C2:   4039 1341       4       com.android.dx.ssa.SsaMethod::mapRegisters (87 bytes)


---------------  P R O C E S S  ---------------

Java Threads: ( => current thread )
  0x00000000077ea000 JavaThread "Service Thread" daemon [_thread_blocked, id=4244, stack(0x0000000009430000,0x0000000009530000)]
  0x00000000077d7000 JavaThread "C1 CompilerThread3" daemon [_thread_in_vm, id=444, stack(0x0000000009260000,0x0000000009360000)]
  0x00000000077d2000 JavaThread "C2 CompilerThread2" daemon [_thread_in_native, id=4912, stack(0x0000000008860000,0x0000000008960000)]
  0x00000000077cf000 JavaThread "C2 CompilerThread1" daemon [_thread_blocked, id=7128, stack(0x0000000008cc0000,0x0000000008dc0000)]
=>0x00000000077c8000 JavaThread "C2 CompilerThread0" daemon [_thread_in_native, id=6488, stack(0x00000000090b0000,0x00000000091b0000)]
  0x00000000077bd000 JavaThread "Attach Listener" daemon [_thread_blocked, id=6168, stack(0x0000000008f40000,0x0000000009040000)]
  0x00000000077c7000 JavaThread "Signal Dispatcher" daemon [_thread_blocked, id=3684, stack(0x0000000008dc0000,0x0000000008ec0000)]
  0x00000000065e5800 JavaThread "Finalizer" daemon [_thread_in_Java, id=5796, stack(0x0000000008b80000,0x0000000008c80000)]
  0x00000000065e4800 JavaThread "Reference Handler" daemon [_thread_in_vm, id=6240, stack(0x0000000008970000,0x0000000008a70000)]
  0x00000000024ce000 JavaThread "main" [_thread_in_Java, id=4396, stack(0x00000000027d0000,0x00000000028d0000)]

Other Threads:
  0x0000000007760800 VMThread [stack: 0x0000000008750000,0x0000000008850000] [id=6428]
  0x00000000077f1000 WatcherThread [stack: 0x0000000009540000,0x0000000009640000] [id=6896]

VM state:not at safepoint (normal execution)

VM Mutex/Monitor currently owned by a thread: None

Heap:
 PSYoungGen      total 38400K, used 5741K [0x00000000eab00000, 0x00000000ed580000, 0x0000000100000000)
  eden space 33280K, 1% used [0x00000000eab00000,0x00000000eaba3020,0x00000000ecb80000)
  from space 5120K, 99% used [0x00000000ecb80000,0x00000000ed078680,0x00000000ed080000)
  to   space 5120K, 0% used [0x00000000ed080000,0x00000000ed080000,0x00000000ed580000)
 ParOldGen       total 87552K, used 1914K [0x00000000c0000000, 0x00000000c5580000, 0x00000000eab00000)
  object space 87552K, 2% used [0x00000000c0000000,0x00000000c01debc0,0x00000000c5580000)
 Metaspace       used 5757K, capacity 6960K, committed 7040K, reserved 1056768K
  class space    used 556K, capacity 616K, committed 640K, reserved 1048576K

Card table byte_map: [0x0000000002c90000,0x0000000002ea0000] byte_map_base: 0x0000000002690000

Marking Bits: (ParMarkBitMap*) 0x000000005b0d4040
 Begin Bits: [0x0000000003a00000, 0x0000000004a00000)
 End Bits:   [0x0000000004a00000, 0x0000000005a00000)

Polling page: 0x00000000001c0000

CodeCache: size=245760Kb used=5666Kb max_used=5674Kb free=240094Kb
 bounds [0x000000000f010000, 0x000000000f5a0000, 0x000000001e010000]
 total_blobs=1617 nmethods=1349 adapters=180
 compilation: enabled

Compilation events (10 events):
Event: 3.208 Thread 0x00000000077d7000 nmethod 1346 0x000000000f583a10 code [0x000000000f583bc0, 0x000000000f584218]
Event: 3.208 Thread 0x00000000077d7000 1347       3       com.android.dx.dex.file.ValueEncoder::addContents (75 bytes)
Event: 3.209 Thread 0x00000000077d7000 nmethod 1347 0x000000000f5828d0 code [0x000000000f582ac0, 0x000000000f5836a8]
Event: 3.209 Thread 0x00000000077d7000 1348       3       com.android.dx.cf.code.Simulator$SimVisitor::checkReturnType (64 bytes)
Event: 3.210 Thread 0x00000000077d7000 nmethod 1348 0x000000000f581310 code [0x000000000f581560, 0x000000000f5822a8]
Event: 4.032 Thread 0x00000000077cf000 nmethod 1343 0x000000000f59f3d0 code [0x000000000f59f540, 0x000000000f59fb38]
Event: 4.032 Thread 0x00000000077cf000 1349       4       java.util.ArrayList::ensureExplicitCapacity (26 bytes)
Event: 4.033 Thread 0x00000000077d7000 1350       3       com.android.dx.ssa.back.FirstFitLocalCombiningAllocator::handleUnassociatedParameters (60 bytes)
Event: 4.034 Thread 0x00000000077d7000 nmethod 1350 0x000000000f59e910 code [0x000000000f59eac0, 0x000000000f59f158]
Event: 4.035 Thread 0x00000000077cf000 


GC Heap History (2 events):
Event: 3.211 GC heap before
{Heap before GC invocations=1 (full 0):
 PSYoungGen      total 38400K, used 33280K [0x00000000eab00000, 0x00000000ed580000, 0x0000000100000000)
  eden space 33280K, 100% used [0x00000000eab00000,0x00000000ecb80000,0x00000000ecb80000)
  from space 5120K, 0% used [0x00000000ed080000,0x00000000ed080000,0x00000000ed580000)
  to   space 5120K, 0% used [0x00000000ecb80000,0x00000000ecb80000,0x00000000ed080000)
 ParOldGen       total 87552K, used 0K [0x00000000c0000000, 0x00000000c5580000, 0x00000000eab00000)
  object space 87552K, 0% used [0x00000000c0000000,0x00000000c0000000,0x00000000c5580000)
 Metaspace       used 5755K, capacity 6960K, committed 7040K, reserved 1056768K
  class space    used 556K, capacity 616K, committed 640K, reserved 1048576K
Event: 4.031 GC heap after
Heap after GC invocations=1 (full 0):
 PSYoungGen      total 38400K, used 5089K [0x00000000eab00000, 0x00000000ed580000, 0x0000000100000000)
  eden space 33280K, 0% used [0x00000000eab00000,0x00000000eab00000,0x00000000ecb80000)
  from space 5120K, 99% used [0x00000000ecb80000,0x00000000ed078680,0x00000000ed080000)
  to   space 5120K, 0% used [0x00000000ed080000,0x00000000ed080000,0x00000000ed580000)
 ParOldGen       total 87552K, used 1914K [0x00000000c0000000, 0x00000000c5580000, 0x00000000eab00000)
  object space 87552K, 2% used [0x00000000c0000000,0x00000000c01debc0,0x00000000c5580000)
 Metaspace       used 5755K, capacity 6960K, committed 7040K, reserved 1056768K
  class space    used 556K, capacity 616K, committed 640K, reserved 1048576K
}

Deoptimization events (10 events):
Event: 2.068 Thread 0x00000000024ce000 Uncommon trap: reason=unstable_if action=reinterpret pc=0x000000000f38b758 method=com.android.dx.rop.code.RegisterSpec.equals(ILcom/android/dx/rop/type/TypeBearer;Lcom/android/dx/rop/code/LocalItem;)Z @ 16
Event: 2.684 Thread 0x00000000024ce000 Uncommon trap: reason=unstable_if action=reinterpret pc=0x000000000f44ad18 method=com.android.dx.rop.code.RegisterSpec.equals(ILcom/android/dx/rop/type/TypeBearer;Lcom/android/dx/rop/code/LocalItem;)Z @ 16
Event: 2.758 Thread 0x00000000024ce000 Uncommon trap: reason=unstable_if action=reinterpret pc=0x000000000f3f799c method=com.android.dx.rop.code.RegisterSpecSet.put(Lcom/android/dx/rop/code/RegisterSpec;)V @ 77
Event: 2.758 Thread 0x00000000024ce000 Uncommon trap: reason=unstable_if action=reinterpret pc=0x000000000f45014c method=com.android.dx.rop.code.RegisterSpecSet.put(Lcom/android/dx/rop/code/RegisterSpec;)V @ 77
Event: 2.812 Thread 0x00000000024ce000 Uncommon trap: reason=class_check action=maybe_recompile pc=0x000000000f494994 method=com.android.dx.rop.type.Type.equals(Ljava/lang/Object;)Z @ 8
Event: 2.812 Thread 0x00000000024ce000 Uncommon trap: reason=class_check action=maybe_recompile pc=0x000000000f494994 method=com.android.dx.rop.type.Type.equals(Ljava/lang/Object;)Z @ 8
Event: 2.813 Thread 0x00000000024ce000 Uncommon trap: reason=class_check action=maybe_recompile pc=0x000000000f494994 method=com.android.dx.rop.type.Type.equals(Ljava/lang/Object;)Z @ 8
Event: 2.813 Thread 0x00000000024ce000 Uncommon trap: reason=class_check action=maybe_recompile pc=0x000000000f494994 method=com.android.dx.rop.type.Type.equals(Ljava/lang/Object;)Z @ 8
Event: 2.833 Thread 0x00000000024ce000 Uncommon trap: reason=null_check action=make_not_entrant pc=0x000000000f400b74 method=com.android.dx.ssa.SsaRenamer.getLocalForNewReg(I)Lcom/android/dx/rop/code/LocalItem; @ 19
Event: 3.030 Thread 0x00000000024ce000 Uncommon trap: reason=unstable_if action=reinterpret pc=0x000000000f507344 method=com.android.dx.util.LabeledList.set(ILcom/android/dx/util/LabeledItem;)V @ 16

Internal exceptions (3 events):
Event: 0.089 Thread 0x00000000024ce000 Exception <a 'java/lang/NoSuchMethodError': Method sun.misc.Unsafe.defineClass(Ljava/lang/String;[BII)Ljava/lang/Class; name or signature does not match> (0x00000000eab12f00) thrown at [C:\re\workspace\8-2-build-windows-amd64-cygwin\jdk8u45\3627\hotspot\sr—É|wÓ¶?
Event: 0.089 Thread 0x00000000024ce000 Exception <a 'java/lang/NoSuchMethodError': Method sun.misc.Unsafe.prefetchRead(Ljava/lang/Object;J)V name or signature does not match> (0x00000000eab13190) thrown at [C:\re\workspace\8-2-build-windows-amd64-cygwin\jdk8u45\3627\hotspot\src\share\vm\prims\jx[ÿžò©@
Event: 2.833 Thread 0x00000000024ce000 Implicit null exception at 0x000000000f3fe77e to 0x000000000f400b2d

Events (10 events):
Event: 3.028 loading class java/util/HashMap$Values done
Event: 3.028 loading class java/util/HashMap$ValueIterator
Event: 3.028 loading class java/util/HashMap$ValueIterator done
Event: 3.030 Thread 0x00000000024ce000 Uncommon trap: trap_request=0xffffff65 fr.pc=0x000000000f507344
Event: 3.030 Thread 0x00000000024ce000 DEOPT PACKING pc=0x000000000f507344 sp=0x00000000028ce480
Event: 3.030 Thread 0x00000000024ce000 DEOPT UNPACKING pc=0x000000000f05582a sp=0x00000000028ce468 mode 2
Event: 3.111 loading class com/android/dx/cf/attrib/AttDeprecated
Event: 3.111 loading class com/android/dx/cf/attrib/AttDeprecated done
Event: 3.210 Executing VM operation: ParallelGCFailedAllocation
Event: 4.031 Executing VM operation: ParallelGCFailedAllocation done


Dynamic libraries:
0x000000013f4c0000 - 0x000000013f4f7000 	C:\Program Files\Java\jdk1.8.0_45\bin\java.exe
0x0000000076e70000 - 0x0000000077019000 	C:\Windows\SYSTEM32\ntdll.dll
0x0000000076d50000 - 0x0000000076e6f000 	C:\Windows\system32\kernel32.dll
0x000007fefcdf0000 - 0x000007fefce5c000 	C:\Windows\system32\KERNELBASE.dll
0x000007fefd540000 - 0x000007fefd61b000 	C:\Windows\system32\ADVAPI32.dll
0x000007fefd190000 - 0x000007fefd22f000 	C:\Windows\system32\msvcrt.dll
0x000007fefee20000 - 0x000007fefee3f000 	C:\Windows\SYSTEM32\sechost.dll
0x000007fefd620000 - 0x000007fefd74d000 	C:\Windows\system32\RPCRT4.dll
0x0000000076c50000 - 0x0000000076d4a000 	C:\Windows\system32\USER32.dll
0x000007fefde10000 - 0x000007fefde77000 	C:\Windows\system32\GDI32.dll
0x000007fefd990000 - 0x000007fefd99e000 	C:\Windows\system32\LPK.dll
0x000007fefecb0000 - 0x000007fefed79000 	C:\Windows\system32\USP10.dll
0x000007fef9d00000 - 0x000007fef9ef4000 	C:\Windows\WinSxS\amd64_microsoft.windows.common-controls_6595b64144ccf1df_6.0.7601.18837_none_fa3b1e3d17594757\COMCTL32.dll
0x000007fefee40000 - 0x000007fefeeb1000 	C:\Windows\system32\SHLWAPI.dll
0x000007fefd960000 - 0x000007fefd98e000 	C:\Windows\system32\IMM32.DLL
0x000007fefd080000 - 0x000007fefd189000 	C:\Windows\system32\MSCTF.dll
0x000007fefcb50000 - 0x000007fefcb81000 	C:\Windows\system32\nvinitx.dll
0x000000000f000000 - 0x000000000f006000 	C:\Program Files\NVIDIA Corporation\CoProcManager\_etoured.dll
0x000007fef8de0000 - 0x000007fef8e3f000 	C:\Program Files\NVIDIA Corporation\CoProcManager\nvd3d9wrapx.dll
0x000007fefd230000 - 0x000007fefd407000 	C:\Windows\system32\SETUPAPI.dll
0x000007fefcce0000 - 0x000007fefcd16000 	C:\Windows\system32\CFGMGR32.dll
0x000007fefd460000 - 0x000007fefd537000 	C:\Windows\system32\OLEAUT32.dll
0x000007fefd750000 - 0x000007fefd953000 	C:\Windows\system32\ole32.dll
0x000007fefcd20000 - 0x000007fefcd3a000 	C:\Windows\system32\DEVOBJ.dll
0x000007fef8d60000 - 0x000007fef8da6000 	C:\Program Files\NVIDIA Corporation\CoProcManager\nvdxgiwrapx.dll
0x0000000069ea0000 - 0x0000000069f72000 	C:\Program Files\Java\jdk1.8.0_45\jre\bin\msvcr100.dll
0x000000005a8d0000 - 0x000000005b153000 	C:\Program Files\Java\jdk1.8.0_45\jre\bin\server\jvm.dll
0x000007fef0620000 - 0x000007fef0629000 	C:\Windows\system32\WSOCK32.dll
0x000007fefd410000 - 0x000007fefd45d000 	C:\Windows\system32\WS2_32.dll
0x000007fefdb30000 - 0x000007fefdb38000 	C:\Windows\system32\NSI.dll
0x000007fef8f50000 - 0x000007fef8f8b000 	C:\Windows\system32\WINMM.dll
0x000007fefba20000 - 0x000007fefba2c000 	C:\Windows\system32\VERSION.dll
0x0000000077030000 - 0x0000000077037000 	C:\Windows\system32\PSAPI.DLL
0x000000006f040000 - 0x000000006f04f000 	C:\Program Files\Java\jdk1.8.0_45\jre\bin\verify.dll
0x000000006ad30000 - 0x000000006ad59000 	C:\Program Files\Java\jdk1.8.0_45\jre\bin\java.dll
0x000000006ad70000 - 0x000000006ad86000 	C:\Program Files\Java\jdk1.8.0_45\jre\bin\zip.dll
0x000007fefde80000 - 0x000007fefec09000 	C:\Windows\system32\SHELL32.dll
0x000007fefcc30000 - 0x000007fefcc3f000 	C:\Windows\system32\profapi.dll

VM Arguments:
jvm_args: -Xmx1024M -Dfile.encoding=x-windows-949 -Duser.country=KR -Duser.language=ko -Duser.variant 
java_command: com.android.dx.command.Main --dex --output C:\Users\Administrator\Documents\anoki-android\app\build\intermediates\pre-dexed\debug\classes-981c8570a0b136a8d5ce4d9405504f6181035b13.jar C:\Users\Administrator\Documents\anoki-android\app\build\intermediates\exploded-aar\com.android.support\support-v4\22.2.0\jars\classes.jar
java_class_path (initial): D:\Users\Administrator\AppData\Local\Android\sdk\build-tools\22.0.1\lib\dx.jar
Launcher Type: SUN_STANDARD

Environment Variables:
PATH=C:\ProgramData\Oracle\Java\javapath;C:\Program Files (x86)\NVIDIA Corporation\PhysX\Common;C:\Windows\system32;C:\Windows;C:\Windows\System32\Wbem;C:\Windows\System32\WindowsPowerShell\v1.0\;C:\Program Files (x86)\Intel\OpenCL SDK\3.0\bin\x86;C:\Program Files (x86)\Intel\OpenCL SDK\3.0\bin\x64;d:\Program Files (x86)\Microsoft SQL Server\100\Tools\Binn\;d:\Program Files\Microsoft SQL Server\100\Tools\Binn\;d:\Program Files\Microsoft SQL Server\100\DTS\Binn\;d:\Program Files (x86)\Microsoft SQL Server\100\Tools\Binn\VSShell\Common7\IDE\;d:\Program Files (x86)\Microsoft SQL Server\100\DTS\Binn\
USERNAME=Administrator
OS=Windows_NT
PROCESSOR_IDENTIFIER=Intel64 Family 6 Model 60 Stepping 3, GenuineIntel



---------------  S Y S T E M  ---------------

OS: Windows 7 , 64 bit Build 7601 (6.1.7601.18869)

CPU:total 8 (4 cores per cpu, 2 threads per core) family 6 model 60 stepping 3, cmov, cx8, fxsr, mmx, sse, sse2, sse3, ssse3, sse4.1, sse4.2, popcnt, avx, avx2, aes, clmul, erms, lzcnt, ht, tsc, tscinvbit, bmi1, bmi2

Memory: 4k page, physical 8294168k(85596k free), swap 10389484k(4940k free)

vm_info: Java HotSpot(TM) 64-Bit Server VM (25.45-b02) for windows-amd64 JRE (1.8.0_45-b15), built on Apr 30 2015 12:40:44 by "java_re" with MS VC++ 10.0 (VS2010)

time: Tue Aug 11 14:14:28 2015
elapsed time: 4 seconds (0d 0h 0m 4s)

