#
# There is insufficient memory for the Java Runtime Environment to continue.
# Native memory allocation (malloc) failed to allocate 256880 bytes for Chunk::new
# Possible reasons:
#   The system is out of physical RAM or swap space
#   In 32 bit mode, the process size limit was hit
# Possible solutions:
#   Reduce memory load on the system
#   Increase physical memory or swap space
#   Check if swap backing store is full
#   Use 64 bit Java on a 64 bit OS
#   Decrease Java heap size (-Xmx/-Xms)
#   Decrease number of Java threads
#   Decrease Java thread stack sizes (-Xss)
#   Set larger code cache with -XX:ReservedCodeCacheSize=
# This output file may be truncated or incomplete.
#
#  Out of Memory Error (allocation.cpp:390), pid=4368, tid=6240
#
# JRE version: Java(TM) SE Runtime Environment (8.0_45-b15) (build 1.8.0_45-b15)
# Java VM: Java HotSpot(TM) 64-Bit Server VM (25.45-b02 mixed mode windows-amd64 compressed oops)
# Failed to write core dump. Minidumps are not enabled by default on client versions of Windows
#

---------------  T H R E A D  ---------------

Current thread (0x0000000007741000):  JavaThread "C2 CompilerThread1" daemon [_thread_in_native, id=6240, stack(0x0000000009060000,0x0000000009160000)]

Stack: [0x0000000009060000,0x0000000009160000]
Native frames: (J=compiled Java code, j=interpreted, Vv=VM code, C=native code)
V  [jvm.dll+0x32b57a]


Current CompileTask:
C2:   1827 1166       4       com.android.dx.ssa.NormalSsaInsn::accept (25 bytes)


---------------  P R O C E S S  ---------------

Java Threads: ( => current thread )
  0x00000000077b8800 JavaThread "Service Thread" daemon [_thread_blocked, id=5500, stack(0x0000000009450000,0x0000000009550000)]
  0x00000000077a7800 JavaThread "C1 CompilerThread3" daemon [_thread_blocked, id=6600, stack(0x00000000091a0000,0x00000000092a0000)]
  0x0000000007744000 JavaThread "C2 CompilerThread2" daemon [_thread_blocked, id=6560, stack(0x00000000092b0000,0x00000000093b0000)]
=>0x0000000007741000 JavaThread "C2 CompilerThread1" daemon [_thread_in_native, id=6240, stack(0x0000000009060000,0x0000000009160000)]
  0x000000000772e000 JavaThread "C2 CompilerThread0" daemon [_thread_blocked, id=6372, stack(0x0000000008c20000,0x0000000008d20000)]
  0x000000000773c000 JavaThread "Attach Listener" daemon [_thread_blocked, id=6444, stack(0x0000000008e90000,0x0000000008f90000)]
  0x000000000656a800 JavaThread "Signal Dispatcher" daemon [_thread_blocked, id=6408, stack(0x0000000008d20000,0x0000000008e20000)]
  0x0000000006555800 JavaThread "Finalizer" daemon [_thread_blocked, id=6336, stack(0x0000000008aa0000,0x0000000008ba0000)]
  0x0000000006554800 JavaThread "Reference Handler" daemon [_thread_blocked, id=6596, stack(0x0000000008960000,0x0000000008a60000)]
  0x000000000264e000 JavaThread "main" [_thread_in_Java, id=6508, stack(0x00000000027c0000,0x00000000028c0000)]

Other Threads:
  0x00000000076d0800 VMThread [stack: 0x0000000008770000,0x0000000008870000] [id=6640]
  0x00000000077b1800 WatcherThread [stack: 0x0000000009580000,0x0000000009680000] [id=1376]

VM state:not at safepoint (normal execution)

VM Mutex/Monitor currently owned by a thread: None

Heap:
 PSYoungGen      total 38400K, used 33280K [0x00000000eab00000, 0x00000000ed580000, 0x0000000100000000)
  eden space 33280K, 100% used [0x00000000eab00000,0x00000000ecb80000,0x00000000ecb80000)
  from space 5120K, 0% used [0x00000000ed080000,0x00000000ed080000,0x00000000ed580000)
  to   space 5120K, 0% used [0x00000000ecb80000,0x00000000ecb80000,0x00000000ed080000)
 ParOldGen       total 87552K, used 0K [0x00000000c0000000, 0x00000000c5580000, 0x00000000eab00000)
  object space 87552K, 0% used [0x00000000c0000000,0x00000000c0000000,0x00000000c5580000)
 Metaspace       used 5687K, capacity 6896K, committed 7040K, reserved 1056768K
  class space    used 557K, capacity 616K, committed 640K, reserved 1048576K

Card table byte_map: [0x0000000002c80000,0x0000000002e90000] byte_map_base: 0x0000000002680000

Marking Bits: (ParMarkBitMap*) 0x000000005c964040
 Begin Bits: [0x0000000003970000, 0x0000000004970000)
 End Bits:   [0x0000000004970000, 0x0000000005970000)

Polling page: 0x0000000000130000

CodeCache: size=245760Kb used=4766Kb max_used=4777Kb free=240993Kb
 bounds [0x000000000f010000, 0x000000000f4c0000, 0x000000001e010000]
 total_blobs=1446 nmethods=1177 adapters=180
 compilation: disabled (not enough contiguous free space left)

Compilation events (10 events):
Event: 1.651 Thread 0x00000000077a7800 nmethod 1173 0x000000000f49f9d0 code [0x000000000f49fc00, 0x000000000f4a07b8]
Event: 1.651 Thread 0x00000000077a7800 1177       3       java.util.HashMap::afterNodeAccess (1 bytes)
Event: 1.651 Thread 0x00000000077a7800 nmethod 1177 0x000000000f49a210 code [0x000000000f49a360, 0x000000000f49a4b0]
Event: 1.651 Thread 0x00000000077a7800 1179       3       com.android.dx.rop.code.Insn$BaseVisitor::visitThrowingCstInsn (1 bytes)
Event: 1.652 Thread 0x00000000077a7800 nmethod 1179 0x000000000f499ed0 code [0x000000000f49a020, 0x000000000f49a170]
Event: 1.652 Thread 0x00000000077a7800 1180       3       com.android.dx.dex.code.RopTranslator$LocalVariableAwareTranslationVisitor::visitThrowingCstInsn (11 bytes)
Event: 1.653 Thread 0x00000000077a7800 nmethod 1180 0x000000000f49e5d0 code [0x000000000f49e7e0, 0x000000000f49f318]
Event: 1.653 Thread 0x00000000077a7800 1181       3       com.android.dx.dex.code.RopTranslator$TranslationVisitor::visitThrowingCstInsn (225 bytes)
Event: 1.653 Thread 0x0000000007744000 nmethod 1178 0x000000000f499a10 code [0x000000000f499b60, 0x000000000f499d18]
Event: 1.653 Thread 0x0000000007744000 1182       4       com.android.dx.rop.cst.CstType::compareTo0 (25 bytes)

GC Heap History (0 events):
No events

Deoptimization events (10 events):
Event: 1.342 Thread 0x000000000264e000 Uncommon trap: reason=unstable_if action=reinterpret pc=0x000000000f390418 method=com.android.dx.rop.code.RegisterSpec.equals(ILcom/android/dx/rop/type/TypeBearer;Lcom/android/dx/rop/code/LocalItem;)Z @ 16
Event: 1.342 Thread 0x000000000264e000 Uncommon trap: reason=unstable_if action=reinterpret pc=0x000000000f40c3cc method=com.android.dx.rop.code.RegisterSpec.equals(ILcom/android/dx/rop/type/TypeBearer;Lcom/android/dx/rop/code/LocalItem;)Z @ 16
Event: 1.379 Thread 0x000000000264e000 Uncommon trap: reason=unstable_if action=reinterpret pc=0x000000000f432ed4 method=com.android.dx.rop.code.RegisterSpec.equals(ILcom/android/dx/rop/type/TypeBearer;Lcom/android/dx/rop/code/LocalItem;)Z @ 16
Event: 1.431 Thread 0x000000000264e000 Uncommon trap: reason=unstable_if action=reinterpret pc=0x000000000f3b17dc method=com.android.dx.rop.code.RegisterSpecSet.put(Lcom/android/dx/rop/code/RegisterSpec;)V @ 77
Event: 1.431 Thread 0x000000000264e000 Uncommon trap: reason=unstable_if action=reinterpret pc=0x000000000f455f18 method=com.android.dx.rop.code.RegisterSpecSet.put(Lcom/android/dx/rop/code/RegisterSpec;)V @ 77
Event: 1.435 Thread 0x000000000264e000 Uncommon trap: reason=unstable_if action=reinterpret pc=0x000000000f39ff08 method=java.util.HashMap.getNode(ILjava/lang/Object;)Ljava/util/HashMap$Node; @ 62
Event: 1.565 Thread 0x000000000264e000 Uncommon trap: reason=class_check action=maybe_recompile pc=0x000000000f38f8d4 method=com.android.dx.rop.type.Type.equals(Ljava/lang/Object;)Z @ 8
Event: 1.565 Thread 0x000000000264e000 Uncommon trap: reason=class_check action=maybe_recompile pc=0x000000000f38f8d4 method=com.android.dx.rop.type.Type.equals(Ljava/lang/Object;)Z @ 8
Event: 1.566 Thread 0x000000000264e000 Uncommon trap: reason=class_check action=maybe_recompile pc=0x000000000f38f8d4 method=com.android.dx.rop.type.Type.equals(Ljava/lang/Object;)Z @ 8
Event: 1.566 Thread 0x000000000264e000 Uncommon trap: reason=class_check action=maybe_recompile pc=0x000000000f38f8d4 method=com.android.dx.rop.type.Type.equals(Ljava/lang/Object;)Z @ 8

Internal exceptions (2 events):
Event: 0.115 Thread 0x000000000264e000 Exception <a 'java/lang/NoSuchMethodError': Method sun.misc.Unsafe.defineClass(Ljava/lang/String;[BII)Ljava/lang/Class; name or signature does not match> (0x00000000eab12f70) thrown at [C:\re\workspace\8-2-build-windows-amd64-cygwin\jdk8u45\3627\hotspot\sr∞Ô‘∂ráΩ?
Event: 0.115 Thread 0x000000000264e000 Exception <a 'java/lang/NoSuchMethodError': Method sun.misc.Unsafe.prefetchRead(Ljava/lang/Object;J)V name or signature does not match> (0x00000000eab13200) thrown at [C:\re\workspace\8-2-build-windows-amd64-cygwin\jdk8u45\3627\hotspot\src\share\vm\prims\j

Events (10 events):
Event: 1.565 Thread 0x000000000264e000 DEOPT UNPACKING pc=0x000000000f05582a sp=0x00000000028bd908 mode 2
Event: 1.565 Thread 0x000000000264e000 Uncommon trap: trap_request=0xffffffde fr.pc=0x000000000f38f8d4
Event: 1.565 Thread 0x000000000264e000 DEOPT PACKING pc=0x000000000f38f8d4 sp=0x00000000028bd7d0
Event: 1.565 Thread 0x000000000264e000 DEOPT UNPACKING pc=0x000000000f05582a sp=0x00000000028bd768 mode 2
Event: 1.566 Thread 0x000000000264e000 Uncommon trap: trap_request=0xffffffde fr.pc=0x000000000f38f8d4
Event: 1.566 Thread 0x000000000264e000 DEOPT PACKING pc=0x000000000f38f8d4 sp=0x00000000028be1e0
Event: 1.566 Thread 0x000000000264e000 DEOPT UNPACKING pc=0x000000000f05582a sp=0x00000000028be178 mode 2
Event: 1.566 Thread 0x000000000264e000 Uncommon trap: trap_request=0xffffffde fr.pc=0x000000000f38f8d4
Event: 1.566 Thread 0x000000000264e000 DEOPT PACKING pc=0x000000000f38f8d4 sp=0x00000000028be160
Event: 1.566 Thread 0x000000000264e000 DEOPT UNPACKING pc=0x000000000f05582a sp=0x00000000028be0f8 mode 2


Dynamic libraries:
0x000000013f450000 - 0x000000013f487000 	C:\Program Files\Java\jdk1.8.0_45\bin\java.exe
0x0000000076e70000 - 0x0000000077019000 	C:\Windows\SYSTEM32\ntdll.dll
0x0000000076d50000 - 0x0000000076e6f000 	C:\Windows\system32\kernel32.dll
0x000007fefcdf0000 - 0x000007fefce5c000 	C:\Windows\system32\KERNELBASE.dll
0x000007fefd540000 - 0x000007fefd61b000 	C:\Windows\system32\ADVAPI32.dll
0x000007fefd190000 - 0x000007fefd22f000 	C:\Windows\system32\msvcrt.dll
0x000007fefee20000 - 0x000007fefee3f000 	C:\Windows\SYSTEM32\sechost.dll
0x000007fefd620000 - 0x000007fefd74d000 	C:\Windows\system32\RPCRT4.dll
0x0000000076c50000 - 0x0000000076d4a000 	C:\Windows\system32\USER32.dll
0x000007fefde10000 - 0x000007fefde77000 	C:\Windows\system32\GDI32.dll
0x000007fefd990000 - 0x000007fefd99e000 	C:\Windows\system32\LPK.dll
0x000007fefecb0000 - 0x000007fefed79000 	C:\Windows\system32\USP10.dll
0x000007fef9d00000 - 0x000007fef9ef4000 	C:\Windows\WinSxS\amd64_microsoft.windows.common-controls_6595b64144ccf1df_6.0.7601.18837_none_fa3b1e3d17594757\COMCTL32.dll
0x000007fefee40000 - 0x000007fefeeb1000 	C:\Windows\system32\SHLWAPI.dll
0x000007fefd960000 - 0x000007fefd98e000 	C:\Windows\system32\IMM32.DLL
0x000007fefd080000 - 0x000007fefd189000 	C:\Windows\system32\MSCTF.dll
0x000007fefcb50000 - 0x000007fefcb81000 	C:\Windows\system32\nvinitx.dll
0x000000000f000000 - 0x000000000f006000 	C:\Program Files\NVIDIA Corporation\CoProcManager\_etoured.dll
0x000007fef8de0000 - 0x000007fef8e3f000 	C:\Program Files\NVIDIA Corporation\CoProcManager\nvd3d9wrapx.dll
0x000007fefd230000 - 0x000007fefd407000 	C:\Windows\system32\SETUPAPI.dll
0x000007fefcce0000 - 0x000007fefcd16000 	C:\Windows\system32\CFGMGR32.dll
0x000007fefd460000 - 0x000007fefd537000 	C:\Windows\system32\OLEAUT32.dll
0x000007fefd750000 - 0x000007fefd953000 	C:\Windows\system32\ole32.dll
0x000007fefcd20000 - 0x000007fefcd3a000 	C:\Windows\system32\DEVOBJ.dll
0x000007fef8d60000 - 0x000007fef8da6000 	C:\Program Files\NVIDIA Corporation\CoProcManager\nvdxgiwrapx.dll
0x000000006a940000 - 0x000000006aa12000 	C:\Program Files\Java\jdk1.8.0_45\jre\bin\msvcr100.dll
0x000000005c160000 - 0x000000005c9e3000 	C:\Program Files\Java\jdk1.8.0_45\jre\bin\server\jvm.dll
0x000007fef0620000 - 0x000007fef0629000 	C:\Windows\system32\WSOCK32.dll
0x000007fefd410000 - 0x000007fefd45d000 	C:\Windows\system32\WS2_32.dll
0x000007fefdb30000 - 0x000007fefdb38000 	C:\Windows\system32\NSI.dll
0x000007fef8f50000 - 0x000007fef8f8b000 	C:\Windows\system32\WINMM.dll
0x000007fefba20000 - 0x000007fefba2c000 	C:\Windows\system32\VERSION.dll
0x0000000077030000 - 0x0000000077037000 	C:\Windows\system32\PSAPI.DLL
0x000000006ef10000 - 0x000000006ef1f000 	C:\Program Files\Java\jdk1.8.0_45\jre\bin\verify.dll
0x000000006ad60000 - 0x000000006ad89000 	C:\Program Files\Java\jdk1.8.0_45\jre\bin\java.dll
0x000000006ad40000 - 0x000000006ad56000 	C:\Program Files\Java\jdk1.8.0_45\jre\bin\zip.dll
0x000007fefde80000 - 0x000007fefec09000 	C:\Windows\system32\SHELL32.dll
0x000007fefcc30000 - 0x000007fefcc3f000 	C:\Windows\system32\profapi.dll

VM Arguments:
jvm_args: -Xmx1024M -Dfile.encoding=x-windows-949 -Duser.country=KR -Duser.language=ko -Duser.variant 
java_command: com.android.dx.command.Main --dex --output C:\Users\Administrator\Documents\anoki-android\app\build\intermediates\pre-dexed\debug\classes-981c8570a0b136a8d5ce4d9405504f6181035b13.jar C:\Users\Administrator\Documents\anoki-android\app\build\intermediates\exploded-aar\com.android.support\support-v4\22.2.0\jars\classes.jar
java_class_path (initial): D:\Users\Administrator\AppData\Local\Android\sdk\build-tools\22.0.1\lib\dx.jar
Launcher Type: SUN_STANDARD

Environment Variables:
PATH=C:\ProgramData\Oracle\Java\javapath;C:\Program Files (x86)\NVIDIA Corporation\PhysX\Common;C:\Windows\system32;C:\Windows;C:\Windows\System32\Wbem;C:\Windows\System32\WindowsPowerShell\v1.0\;C:\Program Files (x86)\Intel\OpenCL SDK\3.0\bin\x86;C:\Program Files (x86)\Intel\OpenCL SDK\3.0\bin\x64;d:\Program Files (x86)\Microsoft SQL Server\100\Tools\Binn\;d:\Program Files\Microsoft SQL Server\100\Tools\Binn\;d:\Program Files\Microsoft SQL Server\100\DTS\Binn\;d:\Program Files (x86)\Microsoft SQL Server\100\Tools\Binn\VSShell\Common7\IDE\;d:\Program Files (x86)\Microsoft SQL Server\100\DTS\Binn\
USERNAME=Administrator
OS=Windows_NT
PROCESSOR_IDENTIFIER=Intel64 Family 6 Model 60 Stepping 3, GenuineIntel



---------------  S Y S T E M  ---------------

OS: Windows 7 , 64 bit Build 7601 (6.1.7601.18869)

CPU:total 8 (4 cores per cpu, 2 threads per core) family 6 model 60 stepping 3, cmov, cx8, fxsr, mmx, sse, sse2, sse3, ssse3, sse4.1, sse4.2, popcnt, avx, avx2, aes, clmul, erms, lzcnt, ht, tsc, tscinvbit, bmi1, bmi2

Memory: 4k page, physical 8294168k(124724k free), swap 10389484k(200112k free)

vm_info: Java HotSpot(TM) 64-Bit Server VM (25.45-b02) for windows-amd64 JRE (1.8.0_45-b15), built on Apr 30 2015 12:40:44 by "java_re" with MS VC++ 10.0 (VS2010)

time: Tue Aug 11 11:06:12 2015
elapsed time: 1 seconds (0d 0h 0m 1s)

