#
# There is insufficient memory for the Java Runtime Environment to continue.
# Native memory allocation (malloc) failed to allocate 556560 bytes for Chunk::new
# Possible reasons:
#   The system is out of physical RAM or swap space
#   In 32 bit mode, the process size limit was hit
# Possible solutions:
#   Reduce memory load on the system
#   Increase physical memory or swap space
#   Check if swap backing store is full
#   Use 64 bit Java on a 64 bit OS
#   Decrease Java heap size (-Xmx/-Xms)
#   Decrease number of Java threads
#   Decrease Java thread stack sizes (-Xss)
#   Set larger code cache with -XX:ReservedCodeCacheSize=
# This output file may be truncated or incomplete.
#
#  Out of Memory Error (allocation.cpp:390), pid=6648, tid=1904
#
# JRE version: Java(TM) SE Runtime Environment (8.0_45-b15) (build 1.8.0_45-b15)
# Java VM: Java HotSpot(TM) 64-Bit Server VM (25.45-b02 mixed mode windows-amd64 compressed oops)
# Failed to write core dump. Minidumps are not enabled by default on client versions of Windows
#

---------------  T H R E A D  ---------------

Current thread (0x00000000076ad800):  JavaThread "C2 CompilerThread0" daemon [_thread_in_native, id=1904, stack(0x0000000008fb0000,0x00000000090b0000)]

Stack: [0x0000000008fb0000,0x00000000090b0000]
Native frames: (J=compiled Java code, j=interpreted, Vv=VM code, C=native code)
V  [jvm.dll+0x32b57a]


Current CompileTask:
C2:   1532 1174   !   4       com.android.dx.cf.code.BytecodeArray::parseInstruction (2764 bytes)


---------------  P R O C E S S  ---------------

Java Threads: ( => current thread )
  0x00000000076db800 JavaThread "Service Thread" daemon [_thread_blocked, id=1052, stack(0x0000000009540000,0x0000000009640000)]
  0x00000000076c6800 JavaThread "C1 CompilerThread3" daemon [_thread_blocked, id=7072, stack(0x00000000092e0000,0x00000000093e0000)]
  0x00000000076c1800 JavaThread "C2 CompilerThread2" daemon [_thread_blocked, id=6312, stack(0x00000000090e0000,0x00000000091e0000)]
  0x00000000076be800 JavaThread "C2 CompilerThread1" daemon [_thread_blocked, id=5416, stack(0x00000000091e0000,0x00000000092e0000)]
=>0x00000000076ad800 JavaThread "C2 CompilerThread0" daemon [_thread_in_native, id=1904, stack(0x0000000008fb0000,0x00000000090b0000)]
  0x00000000076ac800 JavaThread "Attach Listener" daemon [_thread_blocked, id=6156, stack(0x0000000008e10000,0x0000000008f10000)]
  0x00000000076b7000 JavaThread "Signal Dispatcher" daemon [_thread_blocked, id=6592, stack(0x0000000008c30000,0x0000000008d30000)]
  0x00000000064db000 JavaThread "Finalizer" daemon [_thread_blocked, id=7012, stack(0x0000000008a90000,0x0000000008b90000)]
  0x00000000064d4800 JavaThread "Reference Handler" daemon [_thread_blocked, id=2288, stack(0x00000000088b0000,0x00000000089b0000)]
  0x000000000047e000 JavaThread "main" [_thread_in_Java, id=7016, stack(0x0000000002640000,0x0000000002740000)]

Other Threads:
  0x0000000007650800 VMThread [stack: 0x0000000008710000,0x0000000008810000] [id=4144]
  0x0000000007739000 WatcherThread [stack: 0x00000000085a0000,0x00000000086a0000] [id=1384]

VM state:not at safepoint (normal execution)

VM Mutex/Monitor currently owned by a thread:  ([mutex/lock_event])
[0x000000000047d0e0] MethodCompileQueue_lock - owner thread: 0x0000000000000000

Heap:
 PSYoungGen      total 38400K, used 24642K [0x00000000eab00000, 0x00000000ed580000, 0x0000000100000000)
  eden space 33280K, 74% used [0x00000000eab00000,0x00000000ec310918,0x00000000ecb80000)
  from space 5120K, 0% used [0x00000000ed080000,0x00000000ed080000,0x00000000ed580000)
  to   space 5120K, 0% used [0x00000000ecb80000,0x00000000ecb80000,0x00000000ed080000)
 ParOldGen       total 87552K, used 0K [0x00000000c0000000, 0x00000000c5580000, 0x00000000eab00000)
  object space 87552K, 0% used [0x00000000c0000000,0x00000000c0000000,0x00000000c5580000)
 Metaspace       used 5606K, capacity 6832K, committed 7040K, reserved 1056768K
  class space    used 552K, capacity 616K, committed 640K, reserved 1048576K

Card table byte_map: [0x0000000002b00000,0x0000000002d10000] byte_map_base: 0x0000000002500000

Marking Bits: (ParMarkBitMap*) 0x000000005c964040
 Begin Bits: [0x00000000038f0000, 0x00000000048f0000)
 End Bits:   [0x00000000048f0000, 0x00000000058f0000)

Polling page: 0x0000000000430000

CodeCache: size=245760Kb used=4711Kb max_used=4725Kb free=241048Kb
 bounds [0x000000000f010000, 0x000000000f4c0000, 0x000000001e010000]
 total_blobs=1446 nmethods=1178 adapters=180
 compilation: enabled

Compilation events (10 events):
Event: 1.437 Thread 0x00000000076c6800 1180       3       com.android.dx.ssa.LocalVariableExtractor::doit (59 bytes)
Event: 1.438 Thread 0x00000000076c6800 nmethod 1180 0x000000000f48f8d0 code [0x000000000f48fa80, 0x000000000f48ffc8]
Event: 1.484 Thread 0x00000000076be800 nmethod 1173 0x000000000f4a6550 code [0x000000000f4a6740, 0x000000000f4a75c8]
Event: 1.484 Thread 0x00000000076be800 1175       4       com.android.dx.rop.code.RopMethod::labelToPredecessors (54 bytes)
Event: 1.498 Thread 0x00000000076c1800 nmethod 1148 0x000000000f4a9250 code [0x000000000f4a9660, 0x000000000f4ab540]
Event: 1.498 Thread 0x00000000076c1800 1176       4       com.android.dx.rop.cst.Constant::compareTo (33 bytes)
Event: 1.500 Thread 0x00000000076c1800 nmethod 1176 0x000000000f4a3210 code [0x000000000f4a3360, 0x000000000f4a3578]
Event: 1.509 Thread 0x00000000076c6800 1181       3       com.android.dx.ssa.DomFront::buildDomTree (72 bytes)
Event: 1.509 Thread 0x00000000076c1800 1182       4       com.android.dx.ssa.SsaMethod$2::addToUses (48 bytes)
Event: 1.510 Thread 0x00000000076c6800 nmethod 1181 0x000000000f4a49d0 code [0x000000000f4a4c40, 0x000000000f4a5aa8]

GC Heap History (0 events):
No events

Deoptimization events (5 events):
Event: 0.750 Thread 0x000000000047e000 Uncommon trap: reason=unstable_if action=reinterpret pc=0x000000000f1f7430 method=java.util.HashMap.getNode(ILjava/lang/Object;)Ljava/util/HashMap$Node; @ 62
Event: 0.773 Thread 0x000000000047e000 Uncommon trap: reason=unstable_if action=reinterpret pc=0x000000000f21bb60 method=java.util.BitSet.nextSetBit(I)I @ 87
Event: 0.919 Thread 0x000000000047e000 Uncommon trap: reason=unstable_if action=reinterpret pc=0x000000000f269900 method=java.util.HashMap.getNode(ILjava/lang/Object;)Ljava/util/HashMap$Node; @ 129
Event: 1.046 Thread 0x000000000047e000 Uncommon trap: reason=unstable_if action=reinterpret pc=0x000000000f2ae9a8 method=com.android.dx.cf.code.Ropper.labelToResultIndex(I)I @ 34
Event: 1.054 Thread 0x000000000047e000 Uncommon trap: reason=bimorphic action=maybe_recompile pc=0x000000000f27210c method=java.util.HashMap.getNode(ILjava/lang/Object;)Ljava/util/HashMap$Node; @ 126

Internal exceptions (2 events):
Event: 0.081 Thread 0x000000000047e000 Exception <a 'java/lang/NoSuchMethodError': Method sun.misc.Unsafe.defineClass(Ljava/lang/String;[BII)Ljava/lang/Class; name or signature does not match> (0x00000000eab12f70) thrown at [C:\re\workspace\8-2-build-windows-amd64-cygwin\jdk8u45\3627\hotspot\srú2¤mÐÇ´?
Event: 0.081 Thread 0x000000000047e000 Exception <a 'java/lang/NoSuchMethodError': Method sun.misc.Unsafe.prefetchRead(Ljava/lang/Object;J)V name or signature does not match> (0x00000000eab13200) thrown at [C:\re\workspace\8-2-build-windows-amd64-cygwin\jdk8u45\3627\hotspot\src\share\vm\prims\j

Events (10 events):
Event: 1.055 loading class java/util/TreeMap$EntryIterator
Event: 1.055 loading class java/util/TreeMap$EntryIterator done
Event: 1.067 loading class com/android/dx/cf/attrib/AttExceptions
Event: 1.067 loading class com/android/dx/cf/attrib/AttExceptions done
Event: 1.068 loading class com/android/dx/cf/attrib/AttLocalVariableTypeTable
Event: 1.068 loading class com/android/dx/cf/attrib/AttLocalVariableTypeTable done
Event: 1.212 loading class com/android/dx/cf/attrib/AttEnclosingMethod
Event: 1.212 loading class com/android/dx/cf/attrib/AttEnclosingMethod done
Event: 1.372 Thread 0x000000000047e000 DEOPT PACKING pc=0x000000000f38363a sp=0x000000000273e610
Event: 1.372 Thread 0x000000000047e000 DEOPT UNPACKING pc=0x000000000f05787f sp=0x000000000273e378 mode 0


Dynamic libraries:
0x000000013fc60000 - 0x000000013fc97000 	C:\Program Files\Java\jdk1.8.0_45\bin\java.exe
0x0000000076e70000 - 0x0000000077019000 	C:\Windows\SYSTEM32\ntdll.dll
0x0000000076d50000 - 0x0000000076e6f000 	C:\Windows\system32\kernel32.dll
0x000007fefcdf0000 - 0x000007fefce5c000 	C:\Windows\system32\KERNELBASE.dll
0x000007fefd540000 - 0x000007fefd61b000 	C:\Windows\system32\ADVAPI32.dll
0x000007fefd190000 - 0x000007fefd22f000 	C:\Windows\system32\msvcrt.dll
0x000007fefee20000 - 0x000007fefee3f000 	C:\Windows\SYSTEM32\sechost.dll
0x000007fefd620000 - 0x000007fefd74d000 	C:\Windows\system32\RPCRT4.dll
0x0000000076c50000 - 0x0000000076d4a000 	C:\Windows\system32\USER32.dll
0x000007fefde10000 - 0x000007fefde77000 	C:\Windows\system32\GDI32.dll
0x000007fefd990000 - 0x000007fefd99e000 	C:\Windows\system32\LPK.dll
0x000007fefecb0000 - 0x000007fefed79000 	C:\Windows\system32\USP10.dll
0x000007fef9d00000 - 0x000007fef9ef4000 	C:\Windows\WinSxS\amd64_microsoft.windows.common-controls_6595b64144ccf1df_6.0.7601.18837_none_fa3b1e3d17594757\COMCTL32.dll
0x000007fefee40000 - 0x000007fefeeb1000 	C:\Windows\system32\SHLWAPI.dll
0x000007fefd960000 - 0x000007fefd98e000 	C:\Windows\system32\IMM32.DLL
0x000007fefd080000 - 0x000007fefd189000 	C:\Windows\system32\MSCTF.dll
0x000007fefcb50000 - 0x000007fefcb81000 	C:\Windows\system32\nvinitx.dll
0x000000000f000000 - 0x000000000f006000 	C:\Program Files\NVIDIA Corporation\CoProcManager\_etoured.dll
0x000007fef8de0000 - 0x000007fef8e3f000 	C:\Program Files\NVIDIA Corporation\CoProcManager\nvd3d9wrapx.dll
0x000007fefd230000 - 0x000007fefd407000 	C:\Windows\system32\SETUPAPI.dll
0x000007fefcce0000 - 0x000007fefcd16000 	C:\Windows\system32\CFGMGR32.dll
0x000007fefd460000 - 0x000007fefd537000 	C:\Windows\system32\OLEAUT32.dll
0x000007fefd750000 - 0x000007fefd953000 	C:\Windows\system32\ole32.dll
0x000007fefcd20000 - 0x000007fefcd3a000 	C:\Windows\system32\DEVOBJ.dll
0x000007fef8d60000 - 0x000007fef8da6000 	C:\Program Files\NVIDIA Corporation\CoProcManager\nvdxgiwrapx.dll
0x0000000067fc0000 - 0x0000000068092000 	C:\Program Files\Java\jdk1.8.0_45\jre\bin\msvcr100.dll
0x000000005c160000 - 0x000000005c9e3000 	C:\Program Files\Java\jdk1.8.0_45\jre\bin\server\jvm.dll
0x000007fef0620000 - 0x000007fef0629000 	C:\Windows\system32\WSOCK32.dll
0x000007fefd410000 - 0x000007fefd45d000 	C:\Windows\system32\WS2_32.dll
0x000007fefdb30000 - 0x000007fefdb38000 	C:\Windows\system32\NSI.dll
0x000007fef8f50000 - 0x000007fef8f8b000 	C:\Windows\system32\WINMM.dll
0x000007fefba20000 - 0x000007fefba2c000 	C:\Windows\system32\VERSION.dll
0x0000000077030000 - 0x0000000077037000 	C:\Windows\system32\PSAPI.DLL
0x000000006ef10000 - 0x000000006ef1f000 	C:\Program Files\Java\jdk1.8.0_45\jre\bin\verify.dll
0x000000006ad60000 - 0x000000006ad89000 	C:\Program Files\Java\jdk1.8.0_45\jre\bin\java.dll
0x000000006ad40000 - 0x000000006ad56000 	C:\Program Files\Java\jdk1.8.0_45\jre\bin\zip.dll
0x000007fefde80000 - 0x000007fefec09000 	C:\Windows\system32\SHELL32.dll
0x000007fefcc30000 - 0x000007fefcc3f000 	C:\Windows\system32\profapi.dll

VM Arguments:
jvm_args: -Xmx1024M -Dfile.encoding=x-windows-949 -Duser.country=KR -Duser.language=ko -Duser.variant 
java_command: com.android.dx.command.Main --dex --output C:\Users\Administrator\Documents\anoki-android\app\build\intermediates\pre-dexed\debug\classes-21af24fe5eb69b66662f63c262b9c39f53d32771.jar C:\Users\Administrator\Documents\anoki-android\app\build\intermediates\exploded-aar\com.google.android.gms\play-services-fitness\7.5.0\jars\classes.jar
java_class_path (initial): D:\Users\Administrator\AppData\Local\Android\sdk\build-tools\22.0.1\lib\dx.jar
Launcher Type: SUN_STANDARD

Environment Variables:
PATH=C:\ProgramData\Oracle\Java\javapath;C:\Program Files (x86)\NVIDIA Corporation\PhysX\Common;C:\Windows\system32;C:\Windows;C:\Windows\System32\Wbem;C:\Windows\System32\WindowsPowerShell\v1.0\;C:\Program Files (x86)\Intel\OpenCL SDK\3.0\bin\x86;C:\Program Files (x86)\Intel\OpenCL SDK\3.0\bin\x64;d:\Program Files (x86)\Microsoft SQL Server\100\Tools\Binn\;d:\Program Files\Microsoft SQL Server\100\Tools\Binn\;d:\Program Files\Microsoft SQL Server\100\DTS\Binn\;d:\Program Files (x86)\Microsoft SQL Server\100\Tools\Binn\VSShell\Common7\IDE\;d:\Program Files (x86)\Microsoft SQL Server\100\DTS\Binn\
USERNAME=Administrator
OS=Windows_NT
PROCESSOR_IDENTIFIER=Intel64 Family 6 Model 60 Stepping 3, GenuineIntel



---------------  S Y S T E M  ---------------

OS: Windows 7 , 64 bit Build 7601 (6.1.7601.18869)

CPU:total 8 (4 cores per cpu, 2 threads per core) family 6 model 60 stepping 3, cmov, cx8, fxsr, mmx, sse, sse2, sse3, ssse3, sse4.1, sse4.2, popcnt, avx, avx2, aes, clmul, erms, lzcnt, ht, tsc, tscinvbit, bmi1, bmi2

Memory: 4k page, physical 8294168k(364132k free), swap 10389484k(5076k free)

vm_info: Java HotSpot(TM) 64-Bit Server VM (25.45-b02) for windows-amd64 JRE (1.8.0_45-b15), built on Apr 30 2015 12:40:44 by "java_re" with MS VC++ 10.0 (VS2010)

time: Tue Aug 11 11:10:34 2015
elapsed time: 1 seconds (0d 0h 0m 1s)

