#
# There is insufficient memory for the Java Runtime Environment to continue.
# Native memory allocation (malloc) failed to allocate 32744 bytes for ChunkPool::allocate
# Possible reasons:
#   The system is out of physical RAM or swap space
#   In 32 bit mode, the process size limit was hit
# Possible solutions:
#   Reduce memory load on the system
#   Increase physical memory or swap space
#   Check if swap backing store is full
#   Use 64 bit Java on a 64 bit OS
#   Decrease Java heap size (-Xmx/-Xms)
#   Decrease number of Java threads
#   Decrease Java thread stack sizes (-Xss)
#   Set larger code cache with -XX:ReservedCodeCacheSize=
# This output file may be truncated or incomplete.
#
#  Out of Memory Error (allocation.cpp:273), pid=5188, tid=6580
#
# JRE version: Java(TM) SE Runtime Environment (8.0_45-b15) (build 1.8.0_45-b15)
# Java VM: Java HotSpot(TM) 64-Bit Server VM (25.45-b02 mixed mode windows-amd64 compressed oops)
# Failed to write core dump. Minidumps are not enabled by default on client versions of Windows
#

---------------  T H R E A D  ---------------

Current thread (0x000000000675f800):  JavaThread "C1 CompilerThread3" daemon [_thread_in_native, id=6580, stack(0x00000000092f0000,0x00000000093f0000)]

Stack: [0x00000000092f0000,0x00000000093f0000]
Native frames: (J=compiled Java code, j=interpreted, Vv=VM code, C=native code)
V  [jvm.dll+0x32b57a]


Current CompileTask:
C1:    359  160       3       java.util.zip.ZipEntry::setExtra0 (350 bytes)


---------------  P R O C E S S  ---------------

Java Threads: ( => current thread )
  0x00000000078d3800 JavaThread "Service Thread" daemon [_thread_blocked, id=5664, stack(0x0000000009580000,0x0000000009680000)]
=>0x000000000675f800 JavaThread "C1 CompilerThread3" daemon [_thread_in_native, id=6580, stack(0x00000000092f0000,0x00000000093f0000)]
  0x000000000675c000 JavaThread "C2 CompilerThread2" daemon [_thread_blocked, id=5148, stack(0x00000000090e0000,0x00000000091e0000)]
  0x0000000006759000 JavaThread "C2 CompilerThread1" daemon [_thread_blocked, id=6628, stack(0x0000000008f90000,0x0000000009090000)]
  0x0000000007820800 JavaThread "C2 CompilerThread0" daemon [_thread_blocked, id=4088, stack(0x00000000089f0000,0x0000000008af0000)]
  0x0000000007817000 JavaThread "Attach Listener" daemon [_thread_blocked, id=5316, stack(0x0000000008dd0000,0x0000000008ed0000)]
  0x0000000007800800 JavaThread "Signal Dispatcher" daemon [_thread_blocked, id=6584, stack(0x0000000008c60000,0x0000000008d60000)]
  0x000000000674d000 JavaThread "Finalizer" daemon [_thread_blocked, id=6592, stack(0x0000000008b30000,0x0000000008c30000)]
  0x0000000006746800 JavaThread "Reference Handler" daemon [_thread_blocked, id=6440, stack(0x00000000088b0000,0x00000000089b0000)]
  0x000000000015e000 JavaThread "main" [_thread_blocked, id=2752, stack(0x00000000026f0000,0x00000000027f0000)]

Other Threads:
  0x00000000077b0800 VMThread [stack: 0x0000000008760000,0x0000000008860000] [id=6288]
  0x00000000078a4800 WatcherThread [stack: 0x0000000009790000,0x0000000009890000] [id=5996]

VM state:at safepoint (normal execution)

VM Mutex/Monitor currently owned by a thread:  ([mutex/lock_event])
[0x000000000015c5e0] Threads_lock - owner thread: 0x00000000077b0800
[0x000000000015cae0] Heap_lock - owner thread: 0x000000000015e000

Heap:
 PSYoungGen      total 38400K, used 3994K [0x00000000eab00000, 0x00000000ed580000, 0x0000000100000000)
  eden space 33280K, 12% used [0x00000000eab00000,0x00000000eaee6a50,0x00000000ecb80000)
  from space 5120K, 0% used [0x00000000ed080000,0x00000000ed080000,0x00000000ed580000)
  to   space 5120K, 20% used [0x00000000ecb80000,0x00000000ecc89090,0x00000000ed080000)
 ParOldGen       total 87552K, used 8K [0x00000000c0000000, 0x00000000c5580000, 0x00000000eab00000)
  object space 87552K, 0% used [0x00000000c0000000,0x00000000c0002000,0x00000000c5580000)
 Metaspace       used 3285K, capacity 4720K, committed 4864K, reserved 1060864K
  class space    used 349K, capacity 424K, committed 512K, reserved 1048576K

Card table byte_map: [0x0000000002bb0000,0x0000000002dc0000] byte_map_base: 0x00000000025b0000

Marking Bits: (ParMarkBitMap*) 0x000000006a164040
 Begin Bits: [0x0000000003b60000, 0x0000000004b60000)
 End Bits:   [0x0000000004b60000, 0x0000000005b60000)

Polling page: 0x0000000000130000

CodeCache: size=245760Kb used=1421Kb max_used=1421Kb free=244338Kb
 bounds [0x000000000f010000, 0x000000000f280000, 0x000000001e010000]
 total_blobs=410 nmethods=162 adapters=161
 compilation: enabled

Compilation events (10 events):
Event: 0.346 Thread 0x000000000675f800 nmethod 158 0x000000000f1711d0 code [0x000000000f171360, 0x000000000f1717f8]
Event: 0.346 Thread 0x000000000675f800  159       3       java.util.Date::normalize (110 bytes)
Event: 0.348 Thread 0x000000000675f800 nmethod 159 0x000000000f171990 code [0x000000000f171be0, 0x000000000f172c38]
Event: 0.348 Thread 0x000000000675f800  170       1       java.util.zip.ZipFile::access$400 (5 bytes)
Event: 0.348 Thread 0x000000000675f800 nmethod 170 0x000000000f173150 code [0x000000000f1732a0, 0x000000000f173390]
Event: 0.348 Thread 0x000000000675f800  175       1       sun.util.calendar.CalendarDate::setTimeOfDay (6 bytes)
Event: 0.348 Thread 0x000000000675f800 nmethod 175 0x000000000f173410 code [0x000000000f173560, 0x000000000f173670]
Event: 0.348 Thread 0x000000000675f800  176       1       sun.util.calendar.CalendarDate::setLeapYear (6 bytes)
Event: 0.348 Thread 0x000000000675f800 nmethod 176 0x000000000f1736d0 code [0x000000000f173820, 0x000000000f173930]
Event: 0.348 Thread 0x000000000675f800  160       3       java.util.zip.ZipEntry::setExtra0 (350 bytes)

GC Heap History (1 events):
Event: 0.352 GC heap before
{Heap before GC invocations=1 (full 0):
 PSYoungGen      total 38400K, used 3994K [0x00000000eab00000, 0x00000000ed580000, 0x0000000100000000)
  eden space 33280K, 12% used [0x00000000eab00000,0x00000000eaee6a50,0x00000000ecb80000)
  from space 5120K, 0% used [0x00000000ed080000,0x00000000ed080000,0x00000000ed580000)
  to   space 5120K, 0% used [0x00000000ecb80000,0x00000000ecb80000,0x00000000ed080000)
 ParOldGen       total 87552K, used 0K [0x00000000c0000000, 0x00000000c5580000, 0x00000000eab00000)
  object space 87552K, 0% used [0x00000000c0000000,0x00000000c0000000,0x00000000c5580000)
 Metaspace       used 3285K, capacity 4720K, committed 4864K, reserved 1060864K
  class space    used 349K, capacity 424K, committed 512K, reserved 1048576K

Deoptimization events (0 events):
No events

Internal exceptions (2 events):
Event: 0.061 Thread 0x000000000015e000 Exception <a 'java/lang/NoSuchMethodError': Method sun.misc.Unsafe.defineClass(Ljava/lang/String;[BII)Ljava/lang/Class; name or signature does not match> (0x00000000eab12f70) thrown at [C:\re\workspace\8-2-build-windows-amd64-cygwin\jdk8u45\3627\hotspot\sr√¡ùƒC)Ø?
Event: 0.061 Thread 0x000000000015e000 Exception <a 'java/lang/NoSuchMethodError': Method sun.misc.Unsafe.prefetchRead(Ljava/lang/Object;J)V name or signature does not match> (0x00000000eab13200) thrown at [C:\re\workspace\8-2-build-windows-amd64-cygwin\jdk8u45\3627\hotspot\src\share\vm\prims\j

Events (10 events):
Event: 0.297 loading class java/util/zip/ZipFile$ZipEntryIterator done
Event: 0.349 loading class java/util/ArrayList$Itr
Event: 0.349 loading class java/util/ArrayList$Itr done
Event: 0.350 loading class com/android/dx/cf/direct/DirectClassFile
Event: 0.350 loading class com/android/dx/cf/direct/DirectClassFile done
Event: 0.350 loading class com/android/dx/cf/iface/ClassFile
Event: 0.350 loading class com/android/dx/cf/iface/ClassFile done
Event: 0.351 loading class com/android/dx/cf/iface/HasAttribute
Event: 0.351 loading class com/android/dx/cf/iface/HasAttribute done
Event: 0.352 Executing VM operation: CollectForMetadataAllocation


Dynamic libraries:
0x000000013ff20000 - 0x000000013ff57000 	C:\Program Files\Java\jdk1.8.0_45\bin\java.exe
0x0000000077a80000 - 0x0000000077c29000 	C:\Windows\SYSTEM32\ntdll.dll
0x0000000077960000 - 0x0000000077a7f000 	C:\Windows\system32\kernel32.dll
0x000007fefd940000 - 0x000007fefd9ac000 	C:\Windows\system32\KERNELBASE.dll
0x000007fefe230000 - 0x000007fefe30b000 	C:\Windows\system32\ADVAPI32.dll
0x000007feff780000 - 0x000007feff81f000 	C:\Windows\system32\msvcrt.dll
0x000007feff180000 - 0x000007feff19f000 	C:\Windows\SYSTEM32\sechost.dll
0x000007feff1b0000 - 0x000007feff2dd000 	C:\Windows\system32\RPCRT4.dll
0x0000000077860000 - 0x000000007795a000 	C:\Windows\system32\USER32.dll
0x000007feffc80000 - 0x000007feffce7000 	C:\Windows\system32\GDI32.dll
0x000007feff170000 - 0x000007feff17e000 	C:\Windows\system32\LPK.dll
0x000007feff0a0000 - 0x000007feff169000 	C:\Windows\system32\USP10.dll
0x000007fefa810000 - 0x000007fefaa04000 	C:\Windows\WinSxS\amd64_microsoft.windows.common-controls_6595b64144ccf1df_6.0.7601.18837_none_fa3b1e3d17594757\COMCTL32.dll
0x000007fefe0d0000 - 0x000007fefe141000 	C:\Windows\system32\SHLWAPI.dll
0x000007feff6f0000 - 0x000007feff71e000 	C:\Windows\system32\IMM32.DLL
0x000007feff820000 - 0x000007feff929000 	C:\Windows\system32\MSCTF.dll
0x000007fefd760000 - 0x000007fefd791000 	C:\Windows\system32\nvinitx.dll
0x000000000f000000 - 0x000000000f006000 	C:\Program Files\NVIDIA Corporation\CoProcManager\_etoured.dll
0x000007fef9fe0000 - 0x000007fefa03f000 	C:\Program Files\NVIDIA Corporation\CoProcManager\nvd3d9wrapx.dll
0x000007fefdef0000 - 0x000007fefe0c7000 	C:\Windows\system32\SETUPAPI.dll
0x000007fefd8f0000 - 0x000007fefd926000 	C:\Windows\system32\CFGMGR32.dll
0x000007fefe150000 - 0x000007fefe227000 	C:\Windows\system32\OLEAUT32.dll
0x000007fefdce0000 - 0x000007fefdee3000 	C:\Windows\system32\ole32.dll
0x000007fefd8d0000 - 0x000007fefd8ea000 	C:\Windows\system32\DEVOBJ.dll
0x000007fef9b60000 - 0x000007fef9ba6000 	C:\Program Files\NVIDIA Corporation\CoProcManager\nvdxgiwrapx.dll
0x0000000067a20000 - 0x0000000067af2000 	C:\Program Files\Java\jdk1.8.0_45\jre\bin\msvcr100.dll
0x0000000069960000 - 0x000000006a1e3000 	C:\Program Files\Java\jdk1.8.0_45\jre\bin\server\jvm.dll
0x000007fef11f0000 - 0x000007fef11f9000 	C:\Windows\system32\WSOCK32.dll
0x000007fefdc90000 - 0x000007fefdcdd000 	C:\Windows\system32\WS2_32.dll
0x000007feff1a0000 - 0x000007feff1a8000 	C:\Windows\system32\NSI.dll
0x000007fefa170000 - 0x000007fefa1ab000 	C:\Windows\system32\WINMM.dll
0x000007fefc630000 - 0x000007fefc63c000 	C:\Windows\system32\VERSION.dll
0x0000000077c40000 - 0x0000000077c47000 	C:\Windows\system32\PSAPI.DLL
0x0000000072710000 - 0x000000007271f000 	C:\Program Files\Java\jdk1.8.0_45\jre\bin\verify.dll
0x000000006c0b0000 - 0x000000006c0d9000 	C:\Program Files\Java\jdk1.8.0_45\jre\bin\java.dll
0x0000000071e40000 - 0x0000000071e56000 	C:\Program Files\Java\jdk1.8.0_45\jre\bin\zip.dll
0x000007fefe310000 - 0x000007feff099000 	C:\Windows\system32\SHELL32.dll
0x000007fefd830000 - 0x000007fefd83f000 	C:\Windows\system32\profapi.dll

VM Arguments:
jvm_args: -Xmx1024M -Dfile.encoding=x-windows-949 -Duser.country=KR -Duser.language=ko -Duser.variant 
java_command: com.android.dx.command.Main --dex --output C:\Users\Administrator\Documents\anoki-android\app\build\intermediates\pre-dexed\debug\classes-9c17bf812fc860e1a8744d11796b35faeb30b08e.jar C:\Users\Administrator\Documents\anoki-android\app\build\intermediates\exploded-aar\com.google.android.gms\play-services-ads\7.5.0\jars\classes.jar
java_class_path (initial): D:\Users\Administrator\AppData\Local\Android\sdk\build-tools\22.0.1\lib\dx.jar
Launcher Type: SUN_STANDARD

Environment Variables:
PATH=C:\ProgramData\Oracle\Java\javapath;C:\Program Files (x86)\NVIDIA Corporation\PhysX\Common;C:\Windows\system32;C:\Windows;C:\Windows\System32\Wbem;C:\Windows\System32\WindowsPowerShell\v1.0\;C:\Program Files (x86)\Intel\OpenCL SDK\3.0\bin\x86;C:\Program Files (x86)\Intel\OpenCL SDK\3.0\bin\x64;d:\Program Files (x86)\Microsoft SQL Server\100\Tools\Binn\;d:\Program Files\Microsoft SQL Server\100\Tools\Binn\;d:\Program Files\Microsoft SQL Server\100\DTS\Binn\;d:\Program Files (x86)\Microsoft SQL Server\100\Tools\Binn\VSShell\Common7\IDE\;d:\Program Files (x86)\Microsoft SQL Server\100\DTS\Binn\
USERNAME=Administrator
OS=Windows_NT
PROCESSOR_IDENTIFIER=Intel64 Family 6 Model 60 Stepping 3, GenuineIntel



---------------  S Y S T E M  ---------------

OS: Windows 7 , 64 bit Build 7601 (6.1.7601.18869)

CPU:total 8 (4 cores per cpu, 2 threads per core) family 6 model 60 stepping 3, cmov, cx8, fxsr, mmx, sse, sse2, sse3, ssse3, sse4.1, sse4.2, popcnt, avx, avx2, aes, clmul, erms, lzcnt, ht, tsc, tscinvbit, bmi1, bmi2

Memory: 4k page, physical 8294168k(803344k free), swap 10389484k(4228k free)

vm_info: Java HotSpot(TM) 64-Bit Server VM (25.45-b02) for windows-amd64 JRE (1.8.0_45-b15), built on Apr 30 2015 12:40:44 by "java_re" with MS VC++ 10.0 (VS2010)

time: Mon Aug 10 17:34:31 2015
elapsed time: 0 seconds (0d 0h 0m 0s)

