#
# There is insufficient memory for the Java Runtime Environment to continue.
# Native memory allocation (malloc) failed to allocate 32744 bytes for ChunkPool::allocate
# Possible reasons:
#   The system is out of physical RAM or swap space
#   In 32 bit mode, the process size limit was hit
# Possible solutions:
#   Reduce memory load on the system
#   Increase physical memory or swap space
#   Check if swap backing store is full
#   Use 64 bit Java on a 64 bit OS
#   Decrease Java heap size (-Xmx/-Xms)
#   Decrease number of Java threads
#   Decrease Java thread stack sizes (-Xss)
#   Set larger code cache with -XX:ReservedCodeCacheSize=
# This output file may be truncated or incomplete.
#
#  Out of Memory Error (allocation.cpp:273), pid=7024, tid=5212
#
# JRE version: Java(TM) SE Runtime Environment (8.0_45-b15) (build 1.8.0_45-b15)
# Java VM: Java HotSpot(TM) 64-Bit Server VM (25.45-b02 mixed mode windows-amd64 compressed oops)
# Failed to write core dump. Minidumps are not enabled by default on client versions of Windows
#

---------------  T H R E A D  ---------------

Current thread (0x0000000007781000):  JavaThread "C2 CompilerThread1" daemon [_thread_in_native, id=5212, stack(0x0000000008fc0000,0x00000000090c0000)]

Stack: [0x0000000008fc0000,0x00000000090c0000]
Native frames: (J=compiled Java code, j=interpreted, Vv=VM code, C=native code)
V  [jvm.dll+0x32b57a]


Current CompileTask:
C2:   4076 1726       4       java.util.TreeMap::get (19 bytes)


---------------  P R O C E S S  ---------------

Java Threads: ( => current thread )
  0x000000000779d800 JavaThread "Service Thread" daemon [_thread_blocked, id=7028, stack(0x00000000093e0000,0x00000000094e0000)]
  0x0000000007789000 JavaThread "C1 CompilerThread3" daemon [_thread_blocked, id=4740, stack(0x0000000009210000,0x0000000009310000)]
  0x0000000007784000 JavaThread "C2 CompilerThread2" daemon [_thread_in_native, id=4280, stack(0x0000000008660000,0x0000000008760000)]
=>0x0000000007781000 JavaThread "C2 CompilerThread1" daemon [_thread_in_native, id=5212, stack(0x0000000008fc0000,0x00000000090c0000)]
  0x000000000776e000 JavaThread "C2 CompilerThread0" daemon [_thread_in_native, id=5196, stack(0x0000000008ec0000,0x0000000008fc0000)]
  0x000000000777c000 JavaThread "Attach Listener" daemon [_thread_blocked, id=6360, stack(0x0000000008d90000,0x0000000008e90000)]
  0x00000000065aa800 JavaThread "Signal Dispatcher" daemon [_thread_blocked, id=4796, stack(0x0000000008870000,0x0000000008970000)]
  0x0000000006595800 JavaThread "Finalizer" daemon [_thread_blocked, id=3540, stack(0x0000000008b70000,0x0000000008c70000)]
  0x0000000006594800 JavaThread "Reference Handler" daemon [_thread_blocked, id=6800, stack(0x00000000089f0000,0x0000000008af0000)]
  0x000000000253e000 JavaThread "main" [_thread_blocked, id=3052, stack(0x0000000002810000,0x0000000002910000)]

Other Threads:
  0x0000000007710800 VMThread [stack: 0x0000000008770000,0x0000000008870000] [id=3972]
  0x00000000077a0800 WatcherThread [stack: 0x00000000094f0000,0x00000000095f0000] [id=5020]

VM state:at safepoint (normal execution)

VM Mutex/Monitor currently owned by a thread:  ([mutex/lock_event])
[0x000000000253c660] Threads_lock - owner thread: 0x0000000007710800
[0x000000000253cb60] Heap_lock - owner thread: 0x000000000253e000
[0x000000000253d0e0] MethodData_lock - owner thread: 0x0000000007789000

Heap:
 PSYoungGen      total 71680K, used 36033K [0x00000000eab00000, 0x00000000ef600000, 0x0000000100000000)
  eden space 66560K, 46% used [0x00000000eab00000,0x00000000ec935ec0,0x00000000eec00000)
  from space 5120K, 99% used [0x00000000ef100000,0x00000000ef5fa658,0x00000000ef600000)
  to   space 5120K, 0% used [0x00000000eec00000,0x00000000eec00000,0x00000000ef100000)
 ParOldGen       total 87552K, used 7323K [0x00000000c0000000, 0x00000000c5580000, 0x00000000eab00000)
  object space 87552K, 8% used [0x00000000c0000000,0x00000000c0726fb8,0x00000000c5580000)
 Metaspace       used 6128K, capacity 7216K, committed 7296K, reserved 1062912K
  class space    used 576K, capacity 616K, committed 640K, reserved 1048576K

Card table byte_map: [0x0000000002cd0000,0x0000000002ee0000] byte_map_base: 0x00000000026d0000

Marking Bits: (ParMarkBitMap*) 0x000000005b0d4040
 Begin Bits: [0x00000000039b0000, 0x00000000049b0000)
 End Bits:   [0x00000000049b0000, 0x00000000059b0000)

Polling page: 0x0000000000140000

CodeCache: size=245760Kb used=7077Kb max_used=7088Kb free=238682Kb
 bounds [0x000000000f010000, 0x000000000f710000, 0x000000001e010000]
 total_blobs=2022 nmethods=1755 adapters=180
 compilation: enabled

Compilation events (10 events):
Event: 4.059 Thread 0x0000000007789000 nmethod 1791 0x000000000f6fd890 code [0x000000000f6fdaa0, 0x000000000f6fe118]
Event: 4.059 Thread 0x0000000007789000 1792       2       com.android.dx.rop.code.RegisterSpecSet::getMaxSize (6 bytes)
Event: 4.060 Thread 0x0000000007789000 nmethod 1792 0x000000000f6fe8d0 code [0x000000000f6fea20, 0x000000000f6feb70]
Event: 4.060 Thread 0x0000000007789000 1793       2       com.android.dx.rop.code.BasicBlock::canThrow (11 bytes)
Event: 4.060 Thread 0x0000000007789000 nmethod 1793 0x000000000f6fec10 code [0x000000000f6fed80, 0x000000000f6fef78]
Event: 4.063 Thread 0x0000000007781000 nmethod 1711 0x000000000f701f90 code [0x000000000f7020e0, 0x000000000f702318]
Event: 4.063 Thread 0x0000000007781000 1771   !   4       com.android.dx.rop.code.RegisterSpecSet::get (18 bytes)
Event: 4.064 Thread 0x0000000007781000 nmethod 1771 0x000000000f59f550 code [0x000000000f59f680, 0x000000000f59f718]
Event: 4.064 Thread 0x0000000007781000 1726       4       java.util.TreeMap::get (19 bytes)
Event: 4.068 Thread 0x0000000007789000 1794       2       com.android.dx.dex.file.DexFile::findItemOrNull (66 bytes)

GC Heap History (5 events):
Event: 2.620 GC heap before
{Heap before GC invocations=1 (full 0):
 PSYoungGen      total 38400K, used 33280K [0x00000000eab00000, 0x00000000ed580000, 0x0000000100000000)
  eden space 33280K, 100% used [0x00000000eab00000,0x00000000ecb80000,0x00000000ecb80000)
  from space 5120K, 0% used [0x00000000ed080000,0x00000000ed080000,0x00000000ed580000)
  to   space 5120K, 0% used [0x00000000ecb80000,0x00000000ecb80000,0x00000000ed080000)
 ParOldGen       total 87552K, used 0K [0x00000000c0000000, 0x00000000c5580000, 0x00000000eab00000)
  object space 87552K, 0% used [0x00000000c0000000,0x00000000c0000000,0x00000000c5580000)
 Metaspace       used 5758K, capacity 6960K, committed 7040K, reserved 1056768K
  class space    used 558K, capacity 616K, committed 640K, reserved 1048576K
Event: 2.970 GC heap after
Heap after GC invocations=1 (full 0):
 PSYoungGen      total 38400K, used 5104K [0x00000000eab00000, 0x00000000ef600000, 0x0000000100000000)
  eden space 33280K, 0% used [0x00000000eab00000,0x00000000eab00000,0x00000000ecb80000)
  from space 5120K, 99% used [0x00000000ecb80000,0x00000000ed07c288,0x00000000ed080000)
  to   space 5120K, 0% used [0x00000000ef100000,0x00000000ef100000,0x00000000ef600000)
 ParOldGen       total 87552K, used 1937K [0x00000000c0000000, 0x00000000c5580000, 0x00000000eab00000)
  object space 87552K, 2% used [0x00000000c0000000,0x00000000c01e44d0,0x00000000c5580000)
 Metaspace       used 5758K, capacity 6960K, committed 7040K, reserved 1056768K
  class space    used 558K, capacity 616K, committed 640K, reserved 1048576K
}
Event: 3.442 GC heap before
{Heap before GC invocations=2 (full 0):
 PSYoungGen      total 38400K, used 38384K [0x00000000eab00000, 0x00000000ef600000, 0x0000000100000000)
  eden space 33280K, 100% used [0x00000000eab00000,0x00000000ecb80000,0x00000000ecb80000)
  from space 5120K, 99% used [0x00000000ecb80000,0x00000000ed07c288,0x00000000ed080000)
  to   space 5120K, 0% used [0x00000000ef100000,0x00000000ef100000,0x00000000ef600000)
 ParOldGen       total 87552K, used 1937K [0x00000000c0000000, 0x00000000c5580000, 0x00000000eab00000)
  object space 87552K, 2% used [0x00000000c0000000,0x00000000c01e44d0,0x00000000c5580000)
 Metaspace       used 5883K, capacity 7088K, committed 7296K, reserved 1056768K
  class space    used 559K, capacity 616K, committed 640K, reserved 1048576K
Event: 3.592 GC heap after
Heap after GC invocations=2 (full 0):
 PSYoungGen      total 71680K, used 5097K [0x00000000eab00000, 0x00000000ef600000, 0x0000000100000000)
  eden space 66560K, 0% used [0x00000000eab00000,0x00000000eab00000,0x00000000eec00000)
  from space 5120K, 99% used [0x00000000ef100000,0x00000000ef5fa658,0x00000000ef600000)
  to   space 5120K, 0% used [0x00000000eec00000,0x00000000eec00000,0x00000000ef100000)
 ParOldGen       total 87552K, used 7323K [0x00000000c0000000, 0x00000000c5580000, 0x00000000eab00000)
  object space 87552K, 8% used [0x00000000c0000000,0x00000000c0726fb8,0x00000000c5580000)
 Metaspace       used 5883K, capacity 7088K, committed 7296K, reserved 1056768K
  class space    used 559K, capacity 616K, committed 640K, reserved 1048576K
}
Event: 4.072 GC heap before
{Heap before GC invocations=3 (full 0):
 PSYoungGen      total 71680K, used 36033K [0x00000000eab00000, 0x00000000ef600000, 0x0000000100000000)
  eden space 66560K, 46% used [0x00000000eab00000,0x00000000ec935ec0,0x00000000eec00000)
  from space 5120K, 99% used [0x00000000ef100000,0x00000000ef5fa658,0x00000000ef600000)
  to   space 5120K, 0% used [0x00000000eec00000,0x00000000eec00000,0x00000000ef100000)
 ParOldGen       total 87552K, used 7323K [0x00000000c0000000, 0x00000000c5580000, 0x00000000eab00000)
  object space 87552K, 8% used [0x00000000c0000000,0x00000000c0726fb8,0x00000000c5580000)
 Metaspace       used 6128K, capacity 7216K, committed 7296K, reserved 1062912K
  class space    used 576K, capacity 616K, committed 640K, reserved 1048576K

Deoptimization events (10 events):
Event: 3.892 Thread 0x000000000253e000 Uncommon trap: reason=class_check action=maybe_recompile pc=0x000000000f484a74 method=java.util.HashMap.putVal(ILjava/lang/Object;Ljava/lang/Object;ZZ)Ljava/lang/Object; @ 203
Event: 3.892 Thread 0x000000000253e000 Uncommon trap: reason=class_check action=maybe_recompile pc=0x000000000f484a74 method=java.util.HashMap.putVal(ILjava/lang/Object;Ljava/lang/Object;ZZ)Ljava/lang/Object; @ 203
Event: 4.060 Thread 0x000000000253e000 Uncommon trap: reason=speculate_class_check action=maybe_recompile pc=0x000000000f385ab4 method=com.android.dx.util.FixedSizeList.equals(Ljava/lang/Object;)Z @ 25
Event: 4.060 Thread 0x000000000253e000 Uncommon trap: reason=class_check action=maybe_recompile pc=0x000000000f3827c0 method=java.util.Arrays.equals([Ljava/lang/Object;[Ljava/lang/Object;)Z @ 62
Event: 4.060 Thread 0x000000000253e000 Uncommon trap: reason=speculate_class_check action=maybe_recompile pc=0x000000000f385ab4 method=com.android.dx.util.FixedSizeList.equals(Ljava/lang/Object;)Z @ 25
Event: 4.060 Thread 0x000000000253e000 Uncommon trap: reason=class_check action=maybe_recompile pc=0x000000000f3827c0 method=java.util.Arrays.equals([Ljava/lang/Object;[Ljava/lang/Object;)Z @ 62
Event: 4.060 Thread 0x000000000253e000 Uncommon trap: reason=speculate_class_check action=maybe_recompile pc=0x000000000f385ab4 method=com.android.dx.util.FixedSizeList.equals(Ljava/lang/Object;)Z @ 25
Event: 4.060 Thread 0x000000000253e000 Uncommon trap: reason=class_check action=maybe_recompile pc=0x000000000f3827c0 method=java.util.Arrays.equals([Ljava/lang/Object;[Ljava/lang/Object;)Z @ 62
Event: 4.060 Thread 0x000000000253e000 Uncommon trap: reason=speculate_class_check action=maybe_recompile pc=0x000000000f385ab4 method=com.android.dx.util.FixedSizeList.equals(Ljava/lang/Object;)Z @ 25
Event: 4.060 Thread 0x000000000253e000 Uncommon trap: reason=class_check action=maybe_recompile pc=0x000000000f3827c0 method=java.util.Arrays.equals([Ljava/lang/Object;[Ljava/lang/Object;)Z @ 62

Internal exceptions (2 events):
Event: 0.406 Thread 0x000000000253e000 Exception <a 'java/lang/NoSuchMethodError': Method sun.misc.Unsafe.defineClass(Ljava/lang/String;[BII)Ljava/lang/Class; name or signature does not match> (0x00000000eab12f70) thrown at [C:\re\workspace\8-2-build-windows-amd64-cygwin\jdk8u45\3627\hotspot\srº—-êúÙ?
Event: 0.406 Thread 0x000000000253e000 Exception <a 'java/lang/NoSuchMethodError': Method sun.misc.Unsafe.prefetchRead(Ljava/lang/Object;J)V name or signature does not match> (0x00000000eab13200) thrown at [C:\re\workspace\8-2-build-windows-amd64-cygwin\jdk8u45\3627\hotspot\src\share\vm\prims\j

Events (10 events):
Event: 4.060 Thread 0x000000000253e000 DEOPT PACKING pc=0x000000000f385ab4 sp=0x000000000290eac0
Event: 4.060 Thread 0x000000000253e000 DEOPT UNPACKING pc=0x000000000f05582a sp=0x000000000290ea80 mode 2
Event: 4.060 Thread 0x000000000253e000 Uncommon trap: trap_request=0xffffffde fr.pc=0x000000000f3827c0
Event: 4.060 Thread 0x000000000253e000 DEOPT PACKING pc=0x000000000f3827c0 sp=0x000000000290ea50
Event: 4.060 Thread 0x000000000253e000 DEOPT UNPACKING pc=0x000000000f05582a sp=0x000000000290e9f0 mode 2
Event: 4.061 loading class com/android/dx/dex/code/CatchTable$Entry
Event: 4.061 loading class com/android/dx/dex/code/CatchTable$Entry done
Event: 4.061 loading class com/android/dx/util/ByteArrayAnnotatedOutput
Event: 4.061 loading class com/android/dx/util/ByteArrayAnnotatedOutput done
Event: 4.072 Executing VM operation: CollectForMetadataAllocation


Dynamic libraries:
0x000000013f4c0000 - 0x000000013f4f7000 	C:\Program Files\Java\jdk1.8.0_45\bin\java.exe
0x0000000076e70000 - 0x0000000077019000 	C:\Windows\SYSTEM32\ntdll.dll
0x0000000076d50000 - 0x0000000076e6f000 	C:\Windows\system32\kernel32.dll
0x000007fefcdf0000 - 0x000007fefce5c000 	C:\Windows\system32\KERNELBASE.dll
0x000007fefd540000 - 0x000007fefd61b000 	C:\Windows\system32\ADVAPI32.dll
0x000007fefd190000 - 0x000007fefd22f000 	C:\Windows\system32\msvcrt.dll
0x000007fefee20000 - 0x000007fefee3f000 	C:\Windows\SYSTEM32\sechost.dll
0x000007fefd620000 - 0x000007fefd74d000 	C:\Windows\system32\RPCRT4.dll
0x0000000076c50000 - 0x0000000076d4a000 	C:\Windows\system32\USER32.dll
0x000007fefde10000 - 0x000007fefde77000 	C:\Windows\system32\GDI32.dll
0x000007fefd990000 - 0x000007fefd99e000 	C:\Windows\system32\LPK.dll
0x000007fefecb0000 - 0x000007fefed79000 	C:\Windows\system32\USP10.dll
0x000007fef9d00000 - 0x000007fef9ef4000 	C:\Windows\WinSxS\amd64_microsoft.windows.common-controls_6595b64144ccf1df_6.0.7601.18837_none_fa3b1e3d17594757\COMCTL32.dll
0x000007fefee40000 - 0x000007fefeeb1000 	C:\Windows\system32\SHLWAPI.dll
0x000007fefd960000 - 0x000007fefd98e000 	C:\Windows\system32\IMM32.DLL
0x000007fefd080000 - 0x000007fefd189000 	C:\Windows\system32\MSCTF.dll
0x000007fefcb50000 - 0x000007fefcb81000 	C:\Windows\system32\nvinitx.dll
0x000000000f000000 - 0x000000000f006000 	C:\Program Files\NVIDIA Corporation\CoProcManager\_etoured.dll
0x000007fef8de0000 - 0x000007fef8e3f000 	C:\Program Files\NVIDIA Corporation\CoProcManager\nvd3d9wrapx.dll
0x000007fefd230000 - 0x000007fefd407000 	C:\Windows\system32\SETUPAPI.dll
0x000007fefcce0000 - 0x000007fefcd16000 	C:\Windows\system32\CFGMGR32.dll
0x000007fefd460000 - 0x000007fefd537000 	C:\Windows\system32\OLEAUT32.dll
0x000007fefd750000 - 0x000007fefd953000 	C:\Windows\system32\ole32.dll
0x000007fefcd20000 - 0x000007fefcd3a000 	C:\Windows\system32\DEVOBJ.dll
0x000007fef8d60000 - 0x000007fef8da6000 	C:\Program Files\NVIDIA Corporation\CoProcManager\nvdxgiwrapx.dll
0x0000000069ea0000 - 0x0000000069f72000 	C:\Program Files\Java\jdk1.8.0_45\jre\bin\msvcr100.dll
0x000000005a8d0000 - 0x000000005b153000 	C:\Program Files\Java\jdk1.8.0_45\jre\bin\server\jvm.dll
0x000007fef0620000 - 0x000007fef0629000 	C:\Windows\system32\WSOCK32.dll
0x000007fefd410000 - 0x000007fefd45d000 	C:\Windows\system32\WS2_32.dll
0x000007fefdb30000 - 0x000007fefdb38000 	C:\Windows\system32\NSI.dll
0x000007fef8f50000 - 0x000007fef8f8b000 	C:\Windows\system32\WINMM.dll
0x000007fefba20000 - 0x000007fefba2c000 	C:\Windows\system32\VERSION.dll
0x0000000077030000 - 0x0000000077037000 	C:\Windows\system32\PSAPI.DLL
0x000000006f040000 - 0x000000006f04f000 	C:\Program Files\Java\jdk1.8.0_45\jre\bin\verify.dll
0x000000006ad30000 - 0x000000006ad59000 	C:\Program Files\Java\jdk1.8.0_45\jre\bin\java.dll
0x000000006ad70000 - 0x000000006ad86000 	C:\Program Files\Java\jdk1.8.0_45\jre\bin\zip.dll
0x000007fefde80000 - 0x000007fefec09000 	C:\Windows\system32\SHELL32.dll
0x000007fefcc30000 - 0x000007fefcc3f000 	C:\Windows\system32\profapi.dll

VM Arguments:
jvm_args: -Xmx1024M -Dfile.encoding=x-windows-949 -Duser.country=KR -Duser.language=ko -Duser.variant 
java_command: com.android.dx.command.Main --dex --output C:\Users\Administrator\Documents\anoki-android\app\build\intermediates\pre-dexed\debug\internal_impl-22.2.0-be8c69c1abda7fe60288642efc8198d8637f82e7.jar C:\Users\Administrator\Documents\anoki-android\app\build\intermediates\exploded-aar\com.android.support\support-v4\22.2.0\jars\libs\internal_impl-22.2.0.jar
java_class_path (initial): D:\Users\Administrator\AppData\Local\Android\sdk\build-tools\22.0.1\lib\dx.jar
Launcher Type: SUN_STANDARD

Environment Variables:
PATH=C:\ProgramData\Oracle\Java\javapath;C:\Program Files (x86)\NVIDIA Corporation\PhysX\Common;C:\Windows\system32;C:\Windows;C:\Windows\System32\Wbem;C:\Windows\System32\WindowsPowerShell\v1.0\;C:\Program Files (x86)\Intel\OpenCL SDK\3.0\bin\x86;C:\Program Files (x86)\Intel\OpenCL SDK\3.0\bin\x64;d:\Program Files (x86)\Microsoft SQL Server\100\Tools\Binn\;d:\Program Files\Microsoft SQL Server\100\Tools\Binn\;d:\Program Files\Microsoft SQL Server\100\DTS\Binn\;d:\Program Files (x86)\Microsoft SQL Server\100\Tools\Binn\VSShell\Common7\IDE\;d:\Program Files (x86)\Microsoft SQL Server\100\DTS\Binn\
USERNAME=Administrator
OS=Windows_NT
PROCESSOR_IDENTIFIER=Intel64 Family 6 Model 60 Stepping 3, GenuineIntel



---------------  S Y S T E M  ---------------

OS: Windows 7 , 64 bit Build 7601 (6.1.7601.18869)

CPU:total 8 (4 cores per cpu, 2 threads per core) family 6 model 60 stepping 3, cmov, cx8, fxsr, mmx, sse, sse2, sse3, ssse3, sse4.1, sse4.2, popcnt, avx, avx2, aes, clmul, erms, lzcnt, ht, tsc, tscinvbit, bmi1, bmi2

Memory: 4k page, physical 8294168k(92972k free), swap 10389484k(5092k free)

vm_info: Java HotSpot(TM) 64-Bit Server VM (25.45-b02) for windows-amd64 JRE (1.8.0_45-b15), built on Apr 30 2015 12:40:44 by "java_re" with MS VC++ 10.0 (VS2010)

time: Tue Aug 11 14:14:28 2015
elapsed time: 4 seconds (0d 0h 0m 4s)

