#
# There is insufficient memory for the Java Runtime Environment to continue.
# Native memory allocation (malloc) failed to allocate 131088 bytes for Chunk::new
# Possible reasons:
#   The system is out of physical RAM or swap space
#   In 32 bit mode, the process size limit was hit
# Possible solutions:
#   Reduce memory load on the system
#   Increase physical memory or swap space
#   Check if swap backing store is full
#   Use 64 bit Java on a 64 bit OS
#   Decrease Java heap size (-Xmx/-Xms)
#   Decrease number of Java threads
#   Decrease Java thread stack sizes (-Xss)
#   Set larger code cache with -XX:ReservedCodeCacheSize=
# This output file may be truncated or incomplete.
#
#  Out of Memory Error (allocation.cpp:390), pid=7012, tid=5384
#
# JRE version: Java(TM) SE Runtime Environment (8.0_45-b15) (build 1.8.0_45-b15)
# Java VM: Java HotSpot(TM) 64-Bit Server VM (25.45-b02 mixed mode windows-amd64 compressed oops)
# Failed to write core dump. Minidumps are not enabled by default on client versions of Windows
#

---------------  T H R E A D  ---------------

Current thread (0x00000000077b3000):  JavaThread "C2 CompilerThread1" daemon [_thread_in_native, id=5384, stack(0x0000000009150000,0x0000000009250000)]

Stack: [0x0000000009150000,0x0000000009250000]
Native frames: (J=compiled Java code, j=interpreted, Vv=VM code, C=native code)
V  [jvm.dll+0x32b57a]


Current CompileTask:
C2:   2906 1287       4       com.android.dx.ssa.back.FirstFitLocalCombiningAllocator$1::processInsn (169 bytes)


---------------  P R O C E S S  ---------------

Java Threads: ( => current thread )
  0x000000000781c000 JavaThread "Service Thread" daemon [_thread_blocked, id=5204, stack(0x0000000008830000,0x0000000008930000)]
  0x00000000077f1000 JavaThread "C1 CompilerThread3" daemon [_thread_in_vm, id=4988, stack(0x00000000094d0000,0x00000000095d0000)]
  0x00000000077d6000 JavaThread "C2 CompilerThread2" daemon [_thread_in_native, id=3256, stack(0x0000000009320000,0x0000000009420000)]
=>0x00000000077b3000 JavaThread "C2 CompilerThread1" daemon [_thread_in_native, id=5384, stack(0x0000000009150000,0x0000000009250000)]
  0x0000000007788000 JavaThread "C2 CompilerThread0" daemon [_thread_in_native, id=3144, stack(0x0000000008f20000,0x0000000009020000)]
  0x000000000777d000 JavaThread "Attach Listener" daemon [_thread_blocked, id=1804, stack(0x0000000008d60000,0x0000000008e60000)]
  0x0000000007786800 JavaThread "Signal Dispatcher" daemon [_thread_blocked, id=3900, stack(0x0000000008c20000,0x0000000008d20000)]
  0x00000000066bb000 JavaThread "Finalizer" daemon [_thread_blocked, id=4144, stack(0x0000000008b00000,0x0000000008c00000)]
  0x00000000066b4800 JavaThread "Reference Handler" daemon [_thread_blocked, id=4168, stack(0x0000000008970000,0x0000000008a70000)]
  0x000000000016e000 JavaThread "main" [_thread_in_Java, id=6256, stack(0x0000000002740000,0x0000000002840000)]

Other Threads:
  0x0000000007720800 VMThread [stack: 0x0000000008730000,0x0000000008830000] [id=6892]
  0x0000000007825000 WatcherThread [stack: 0x0000000009610000,0x0000000009710000] [id=5220]

VM state:not at safepoint (normal execution)

VM Mutex/Monitor currently owned by a thread: None

Heap:
 PSYoungGen      total 38400K, used 7398K [0x00000000eab00000, 0x00000000ed580000, 0x0000000100000000)
  eden space 33280K, 6% used [0x00000000eab00000,0x00000000ead41608,0x00000000ecb80000)
  from space 5120K, 99% used [0x00000000ecb80000,0x00000000ed078298,0x00000000ed080000)
  to   space 5120K, 0% used [0x00000000ed080000,0x00000000ed080000,0x00000000ed580000)
 ParOldGen       total 87552K, used 1753K [0x00000000c0000000, 0x00000000c5580000, 0x00000000eab00000)
  object space 87552K, 2% used [0x00000000c0000000,0x00000000c01b6450,0x00000000c5580000)
 Metaspace       used 5698K, capacity 6896K, committed 7040K, reserved 1056768K
  class space    used 554K, capacity 616K, committed 640K, reserved 1048576K

Card table byte_map: [0x0000000002c00000,0x0000000002e10000] byte_map_base: 0x0000000002600000

Marking Bits: (ParMarkBitMap*) 0x000000005c964040
 Begin Bits: [0x0000000003ad0000, 0x0000000004ad0000)
 End Bits:   [0x0000000004ad0000, 0x0000000005ad0000)

Polling page: 0x0000000000130000

CodeCache: size=245760Kb used=5354Kb max_used=5354Kb free=240405Kb
 bounds [0x000000000f010000, 0x000000000f550000, 0x000000001e010000]
 total_blobs=1583 nmethods=1316 adapters=180
 compilation: enabled

Compilation events (10 events):
Event: 2.892 Thread 0x00000000077f1000 1316       3       java.lang.System$2::invokeFinalize (5 bytes)
Event: 2.892 Thread 0x00000000077f1000 nmethod 1316 0x000000000f54c310 code [0x000000000f54c480, 0x000000000f54c6a8]
Event: 2.892 Thread 0x00000000077f1000 1317       3       java.lang.ref.Reference::clear (6 bytes)
Event: 2.892 Thread 0x00000000077f1000 nmethod 1317 0x000000000f54bfd0 code [0x000000000f54c120, 0x000000000f54c290]
Event: 2.892 Thread 0x00000000077f1000 1321       3       com.android.dx.rop.cst.CstString::<init> (42 bytes)
Event: 2.893 Thread 0x00000000077f1000 nmethod 1321 0x000000000f541490 code [0x000000000f541660, 0x000000000f541bf8]
Event: 2.898 Thread 0x00000000077f1000 1323       3       com.android.dx.ssa.BasicRegisterMapper::oldToNew (22 bytes)
Event: 2.898 Thread 0x00000000077f1000 nmethod 1323 0x000000000f540f50 code [0x000000000f5410c0, 0x000000000f5413a8]
Event: 2.898 Thread 0x00000000077f1000 1322       3       com.android.dx.rop.cst.CstKnownNull::equals (5 bytes)
Event: 2.899 Thread 0x00000000077f1000 nmethod 1322 0x000000000f54bbd0 code [0x000000000f54bd20, 0x000000000f54bf50]

GC Heap History (2 events):
Event: 2.348 GC heap before
{Heap before GC invocations=1 (full 0):
 PSYoungGen      total 38400K, used 33280K [0x00000000eab00000, 0x00000000ed580000, 0x0000000100000000)
  eden space 33280K, 100% used [0x00000000eab00000,0x00000000ecb80000,0x00000000ecb80000)
  from space 5120K, 0% used [0x00000000ed080000,0x00000000ed080000,0x00000000ed580000)
  to   space 5120K, 0% used [0x00000000ecb80000,0x00000000ecb80000,0x00000000ed080000)
 ParOldGen       total 87552K, used 0K [0x00000000c0000000, 0x00000000c5580000, 0x00000000eab00000)
  object space 87552K, 0% used [0x00000000c0000000,0x00000000c0000000,0x00000000c5580000)
 Metaspace       used 5690K, capacity 6896K, committed 7040K, reserved 1056768K
  class space    used 554K, capacity 616K, committed 640K, reserved 1048576K
Event: 2.882 GC heap after
Heap after GC invocations=1 (full 0):
 PSYoungGen      total 38400K, used 5088K [0x00000000eab00000, 0x00000000ed580000, 0x0000000100000000)
  eden space 33280K, 0% used [0x00000000eab00000,0x00000000eab00000,0x00000000ecb80000)
  from space 5120K, 99% used [0x00000000ecb80000,0x00000000ed078298,0x00000000ed080000)
  to   space 5120K, 0% used [0x00000000ed080000,0x00000000ed080000,0x00000000ed580000)
 ParOldGen       total 87552K, used 1753K [0x00000000c0000000, 0x00000000c5580000, 0x00000000eab00000)
  object space 87552K, 2% used [0x00000000c0000000,0x00000000c01b6450,0x00000000c5580000)
 Metaspace       used 5690K, capacity 6896K, committed 7040K, reserved 1056768K
  class space    used 554K, capacity 616K, committed 640K, reserved 1048576K
}

Deoptimization events (10 events):
Event: 0.990 Thread 0x000000000016e000 Uncommon trap: reason=unstable_if action=reinterpret pc=0x000000000f242624 method=java.util.BitSet.ensureCapacity(I)V @ 6
Event: 1.357 Thread 0x000000000016e000 Uncommon trap: reason=unstable_if action=reinterpret pc=0x000000000f36ac30 method=com.android.dx.rop.code.RegisterSpec.equals(ILcom/android/dx/rop/type/TypeBearer;Lcom/android/dx/rop/code/LocalItem;)Z @ 16
Event: 1.357 Thread 0x000000000016e000 Uncommon trap: reason=unstable_if action=reinterpret pc=0x000000000f2f3a90 method=com.android.dx.rop.code.RegisterSpec.equals(ILcom/android/dx/rop/type/TypeBearer;Lcom/android/dx/rop/code/LocalItem;)Z @ 16
Event: 1.403 Thread 0x000000000016e000 Uncommon trap: reason=null_check action=make_not_entrant pc=0x000000000f32bd10 method=com.android.dx.ssa.SsaRenamer.getLocalForNewReg(I)Lcom/android/dx/rop/code/LocalItem; @ 19
Event: 1.448 Thread 0x000000000016e000 Uncommon trap: reason=unstable_if action=reinterpret pc=0x000000000f3762c4 method=com.android.dx.rop.cst.Constant.compareTo(Lcom/android/dx/rop/cst/Constant;)I @ 12
Event: 1.699 Thread 0x000000000016e000 Uncommon trap: reason=unstable_if action=reinterpret pc=0x000000000f38aeb0 method=com.android.dx.rop.code.RegisterSpecSet.put(Lcom/android/dx/rop/code/RegisterSpec;)V @ 77
Event: 2.052 Thread 0x000000000016e000 Uncommon trap: reason=unstable_if action=reinterpret pc=0x000000000f2c64cc method=com.android.dx.ssa.SsaMethod.updateOneDefinition(Lcom/android/dx/ssa/SsaInsn;Lcom/android/dx/rop/code/RegisterSpec;)V @ 4
Event: 2.317 Thread 0x000000000016e000 Uncommon trap: reason=unstable_if action=reinterpret pc=0x000000000f428b2c method=com.android.dx.util.IntList.binarysearch(I)I @ 105
Event: 2.318 Thread 0x000000000016e000 Uncommon trap: reason=null_check action=make_not_entrant pc=0x000000000f37e5d4 method=com.android.dx.rop.type.Type.equals(Ljava/lang/Object;)Z @ 8
Event: 2.894 Thread 0x000000000016e000 Uncommon trap: reason=class_check action=maybe_recompile pc=0x000000000f4f7224 method=com.android.dx.ssa.SCCP.simulateBranch(Lcom/android/dx/ssa/SsaInsn;)V @ 145

Internal exceptions (4 events):
Event: 0.054 Thread 0x000000000016e000 Exception <a 'java/lang/NoSuchMethodError': Method sun.misc.Unsafe.defineClass(Ljava/lang/String;[BII)Ljava/lang/Class; name or signature does not match> (0x00000000eab12ee8) thrown at [C:\re\workspace\8-2-build-windows-amd64-cygwin\jdk8u45\3627\hotspot\srÜ_å2†‘«?
Event: 0.054 Thread 0x000000000016e000 Exception <a 'java/lang/NoSuchMethodError': Method sun.misc.Unsafe.prefetchRead(Ljava/lang/Object;J)V name or signature does not match> (0x00000000eab13178) thrown at [C:\re\workspace\8-2-build-windows-amd64-cygwin\jdk8u45\3627\hotspot\src\share\vm\prims\jM“)¦rö?
Event: 1.403 Thread 0x000000000016e000 Implicit null exception at 0x000000000f329b57 to 0x000000000f32bcc5
Event: 2.318 Thread 0x000000000016e000 Implicit null exception at 0x000000000f37e4d2 to 0x000000000f37e5c5

Events (10 events):
Event: 2.317 Thread 0x000000000016e000 DEOPT PACKING pc=0x000000000f428b2c sp=0x000000000283e9c0
Event: 2.317 Thread 0x000000000016e000 DEOPT UNPACKING pc=0x000000000f05582a sp=0x000000000283e938 mode 2
Event: 2.318 Thread 0x000000000016e000 Uncommon trap: trap_request=0xfffffff4 fr.pc=0x000000000f37e5d4
Event: 2.318 Thread 0x000000000016e000 DEOPT PACKING pc=0x000000000f37e5d4 sp=0x000000000283e6e0
Event: 2.318 Thread 0x000000000016e000 DEOPT UNPACKING pc=0x000000000f05582a sp=0x000000000283e668 mode 2
Event: 2.348 Executing VM operation: ParallelGCFailedAllocation
Event: 2.882 Executing VM operation: ParallelGCFailedAllocation done
Event: 2.894 Thread 0x000000000016e000 Uncommon trap: trap_request=0xffffffde fr.pc=0x000000000f4f7224
Event: 2.894 Thread 0x000000000016e000 DEOPT PACKING pc=0x000000000f4f7224 sp=0x000000000283e950
Event: 2.894 Thread 0x000000000016e000 DEOPT UNPACKING pc=0x000000000f05582a sp=0x000000000283e928 mode 2


Dynamic libraries:
0x000000013f450000 - 0x000000013f487000 	C:\Program Files\Java\jdk1.8.0_45\bin\java.exe
0x0000000076e70000 - 0x0000000077019000 	C:\Windows\SYSTEM32\ntdll.dll
0x0000000076d50000 - 0x0000000076e6f000 	C:\Windows\system32\kernel32.dll
0x000007fefcdf0000 - 0x000007fefce5c000 	C:\Windows\system32\KERNELBASE.dll
0x000007fefd540000 - 0x000007fefd61b000 	C:\Windows\system32\ADVAPI32.dll
0x000007fefd190000 - 0x000007fefd22f000 	C:\Windows\system32\msvcrt.dll
0x000007fefee20000 - 0x000007fefee3f000 	C:\Windows\SYSTEM32\sechost.dll
0x000007fefd620000 - 0x000007fefd74d000 	C:\Windows\system32\RPCRT4.dll
0x0000000076c50000 - 0x0000000076d4a000 	C:\Windows\system32\USER32.dll
0x000007fefde10000 - 0x000007fefde77000 	C:\Windows\system32\GDI32.dll
0x000007fefd990000 - 0x000007fefd99e000 	C:\Windows\system32\LPK.dll
0x000007fefecb0000 - 0x000007fefed79000 	C:\Windows\system32\USP10.dll
0x000007fef9d00000 - 0x000007fef9ef4000 	C:\Windows\WinSxS\amd64_microsoft.windows.common-controls_6595b64144ccf1df_6.0.7601.18837_none_fa3b1e3d17594757\COMCTL32.dll
0x000007fefee40000 - 0x000007fefeeb1000 	C:\Windows\system32\SHLWAPI.dll
0x000007fefd960000 - 0x000007fefd98e000 	C:\Windows\system32\IMM32.DLL
0x000007fefd080000 - 0x000007fefd189000 	C:\Windows\system32\MSCTF.dll
0x000007fefcb50000 - 0x000007fefcb81000 	C:\Windows\system32\nvinitx.dll
0x000000000f000000 - 0x000000000f006000 	C:\Program Files\NVIDIA Corporation\CoProcManager\_etoured.dll
0x000007fef8de0000 - 0x000007fef8e3f000 	C:\Program Files\NVIDIA Corporation\CoProcManager\nvd3d9wrapx.dll
0x000007fefd230000 - 0x000007fefd407000 	C:\Windows\system32\SETUPAPI.dll
0x000007fefcce0000 - 0x000007fefcd16000 	C:\Windows\system32\CFGMGR32.dll
0x000007fefd460000 - 0x000007fefd537000 	C:\Windows\system32\OLEAUT32.dll
0x000007fefd750000 - 0x000007fefd953000 	C:\Windows\system32\ole32.dll
0x000007fefcd20000 - 0x000007fefcd3a000 	C:\Windows\system32\DEVOBJ.dll
0x000007fef8d60000 - 0x000007fef8da6000 	C:\Program Files\NVIDIA Corporation\CoProcManager\nvdxgiwrapx.dll
0x000000006a940000 - 0x000000006aa12000 	C:\Program Files\Java\jdk1.8.0_45\jre\bin\msvcr100.dll
0x000000005c160000 - 0x000000005c9e3000 	C:\Program Files\Java\jdk1.8.0_45\jre\bin\server\jvm.dll
0x000007fef0620000 - 0x000007fef0629000 	C:\Windows\system32\WSOCK32.dll
0x000007fefd410000 - 0x000007fefd45d000 	C:\Windows\system32\WS2_32.dll
0x000007fefdb30000 - 0x000007fefdb38000 	C:\Windows\system32\NSI.dll
0x000007fef8f50000 - 0x000007fef8f8b000 	C:\Windows\system32\WINMM.dll
0x000007fefba20000 - 0x000007fefba2c000 	C:\Windows\system32\VERSION.dll
0x0000000077030000 - 0x0000000077037000 	C:\Windows\system32\PSAPI.DLL
0x000000006ef10000 - 0x000000006ef1f000 	C:\Program Files\Java\jdk1.8.0_45\jre\bin\verify.dll
0x000000006ad60000 - 0x000000006ad89000 	C:\Program Files\Java\jdk1.8.0_45\jre\bin\java.dll
0x000000006ad40000 - 0x000000006ad56000 	C:\Program Files\Java\jdk1.8.0_45\jre\bin\zip.dll
0x000007fefde80000 - 0x000007fefec09000 	C:\Windows\system32\SHELL32.dll
0x000007fefcc30000 - 0x000007fefcc3f000 	C:\Windows\system32\profapi.dll

VM Arguments:
jvm_args: -Xmx1024M -Dfile.encoding=x-windows-949 -Duser.country=KR -Duser.language=ko -Duser.variant 
java_command: com.android.dx.command.Main --dex --output C:\Users\Administrator\Documents\anoki-android\app\build\intermediates\pre-dexed\debug\classes-ef55ab57e7ab95301e81cf52a98e5671be6e3490.jar C:\Users\Administrator\Documents\anoki-android\app\build\intermediates\exploded-aar\com.google.android.gms\play-services-plus\7.5.0\jars\classes.jar
java_class_path (initial): D:\Users\Administrator\AppData\Local\Android\sdk\build-tools\22.0.1\lib\dx.jar
Launcher Type: SUN_STANDARD

Environment Variables:
PATH=C:\ProgramData\Oracle\Java\javapath;C:\Program Files (x86)\NVIDIA Corporation\PhysX\Common;C:\Windows\system32;C:\Windows;C:\Windows\System32\Wbem;C:\Windows\System32\WindowsPowerShell\v1.0\;C:\Program Files (x86)\Intel\OpenCL SDK\3.0\bin\x86;C:\Program Files (x86)\Intel\OpenCL SDK\3.0\bin\x64;d:\Program Files (x86)\Microsoft SQL Server\100\Tools\Binn\;d:\Program Files\Microsoft SQL Server\100\Tools\Binn\;d:\Program Files\Microsoft SQL Server\100\DTS\Binn\;d:\Program Files (x86)\Microsoft SQL Server\100\Tools\Binn\VSShell\Common7\IDE\;d:\Program Files (x86)\Microsoft SQL Server\100\DTS\Binn\
USERNAME=Administrator
OS=Windows_NT
PROCESSOR_IDENTIFIER=Intel64 Family 6 Model 60 Stepping 3, GenuineIntel



---------------  S Y S T E M  ---------------

OS: Windows 7 , 64 bit Build 7601 (6.1.7601.18869)

CPU:total 8 (4 cores per cpu, 2 threads per core) family 6 model 60 stepping 3, cmov, cx8, fxsr, mmx, sse, sse2, sse3, ssse3, sse4.1, sse4.2, popcnt, avx, avx2, aes, clmul, erms, lzcnt, ht, tsc, tscinvbit, bmi1, bmi2

Memory: 4k page, physical 8294168k(124724k free), swap 10389484k(200560k free)

vm_info: Java HotSpot(TM) 64-Bit Server VM (25.45-b02) for windows-amd64 JRE (1.8.0_45-b15), built on Apr 30 2015 12:40:44 by "java_re" with MS VC++ 10.0 (VS2010)

time: Tue Aug 11 11:06:12 2015
elapsed time: 2 seconds (0d 0h 0m 2s)

