#
# There is insufficient memory for the Java Runtime Environment to continue.
# Native memory allocation (malloc) failed to allocate 767888 bytes for Chunk::new
# Possible reasons:
#   The system is out of physical RAM or swap space
#   In 32 bit mode, the process size limit was hit
# Possible solutions:
#   Reduce memory load on the system
#   Increase physical memory or swap space
#   Check if swap backing store is full
#   Use 64 bit Java on a 64 bit OS
#   Decrease Java heap size (-Xmx/-Xms)
#   Decrease number of Java threads
#   Decrease Java thread stack sizes (-Xss)
#   Set larger code cache with -XX:ReservedCodeCacheSize=
# This output file may be truncated or incomplete.
#
#  Out of Memory Error (allocation.cpp:390), pid=5236, tid=6840
#
# JRE version: Java(TM) SE Runtime Environment (8.0_45-b15) (build 1.8.0_45-b15)
# Java VM: Java HotSpot(TM) 64-Bit Server VM (25.45-b02 mixed mode windows-amd64 compressed oops)
# Failed to write core dump. Minidumps are not enabled by default on client versions of Windows
#

---------------  T H R E A D  ---------------

Current thread (0x0000000007836800):  JavaThread "C2 CompilerThread0" daemon [_thread_in_native, id=6840, stack(0x0000000008b50000,0x0000000008c50000)]

Stack: [0x0000000008b50000,0x0000000008c50000]
Native frames: (J=compiled Java code, j=interpreted, Vv=VM code, C=native code)
V  [jvm.dll+0x32b57a]


Current CompileTask:
C2:  14910 1732   !   4       com.android.dx.cf.code.BytecodeArray::parseInstruction (2764 bytes)


---------------  P R O C E S S  ---------------

Java Threads: ( => current thread )
  0x0000000007866800 JavaThread "Service Thread" daemon [_thread_blocked, id=5788, stack(0x0000000009580000,0x0000000009680000)]
  0x000000000677e000 JavaThread "C1 CompilerThread3" daemon [_thread_blocked, id=4396, stack(0x0000000009420000,0x0000000009520000)]
  0x000000000677d000 JavaThread "C2 CompilerThread2" daemon [_thread_in_native, id=4568, stack(0x0000000009270000,0x0000000009370000)]
  0x000000000677a000 JavaThread "C2 CompilerThread1" daemon [_thread_in_native, id=5568, stack(0x0000000009130000,0x0000000009230000)]
=>0x0000000007836800 JavaThread "C2 CompilerThread0" daemon [_thread_in_native, id=6840, stack(0x0000000008b50000,0x0000000008c50000)]
  0x0000000007835800 JavaThread "Attach Listener" daemon [_thread_blocked, id=5888, stack(0x0000000008f70000,0x0000000009070000)]
  0x0000000007847000 JavaThread "Signal Dispatcher" daemon [_thread_blocked, id=4844, stack(0x0000000008e40000,0x0000000008f40000)]
  0x0000000006768000 JavaThread "Finalizer" daemon [_thread_blocked, id=5964, stack(0x0000000008cd0000,0x0000000008dd0000)]
  0x0000000006767800 JavaThread "Reference Handler" daemon [_thread_blocked, id=1216, stack(0x0000000008a50000,0x0000000008b50000)]
  0x00000000003ae000 JavaThread "main" [_thread_in_vm, id=2644, stack(0x00000000026f0000,0x00000000027f0000)]

Other Threads:
  0x00000000077d2800 VMThread [stack: 0x0000000008880000,0x0000000008980000] [id=5372]
  0x00000000078ce000 WatcherThread [stack: 0x0000000008770000,0x0000000008870000] [id=1480]

VM state:not at safepoint (normal execution)

VM Mutex/Monitor currently owned by a thread:  ([mutex/lock_event])
[0x00000000003abd60] SystemDictionary_lock - owner thread: 0x00000000003ae000

Heap:
 PSYoungGen      total 71680K, used 51951K [0x00000000eab00000, 0x00000000f3700000, 0x0000000100000000)
  eden space 66560K, 70% used [0x00000000eab00000,0x00000000ed8bfaa0,0x00000000eec00000)
  from space 5120K, 99% used [0x00000000eec00000,0x00000000ef0fc1e8,0x00000000ef100000)
  to   space 5120K, 0% used [0x00000000f3200000,0x00000000f3200000,0x00000000f3700000)
 ParOldGen       total 87552K, used 15427K [0x00000000c0000000, 0x00000000c5580000, 0x00000000eab00000)
  object space 87552K, 17% used [0x00000000c0000000,0x00000000c0f10db0,0x00000000c5580000)
 Metaspace       used 6047K, capacity 7088K, committed 7296K, reserved 1056768K
  class space    used 582K, capacity 616K, committed 640K, reserved 1048576K

Card table byte_map: [0x0000000002bb0000,0x0000000002dc0000] byte_map_base: 0x00000000025b0000

Marking Bits: (ParMarkBitMap*) 0x000000005b0d4040
 Begin Bits: [0x0000000003b80000, 0x0000000004b80000)
 End Bits:   [0x0000000004b80000, 0x0000000005b80000)

Polling page: 0x0000000000330000

CodeCache: size=245760Kb used=7794Kb max_used=7794Kb free=237966Kb
 bounds [0x000000000f010000, 0x000000000f7c0000, 0x000000001e010000]
 total_blobs=2026 nmethods=1759 adapters=180
 compilation: enabled

Compilation events (10 events):
Event: 14.894 Thread 0x000000000677e000 1793       1       com.android.dx.cf.direct.DirectClassFile$DcfTypeList::size (5 bytes)
Event: 14.894 Thread 0x000000000677e000 nmethod 1793 0x000000000f7b15d0 code [0x000000000f7b1720, 0x000000000f7b1830]
Event: 14.894 Thread 0x000000000677e000 1794       2       com.android.dx.rop.cst.CstMemberRef::hashCode (19 bytes)
Event: 14.894 Thread 0x000000000677e000 nmethod 1794 0x000000000f7b1890 code [0x000000000f7b1a20, 0x000000000f7b1c48]
Event: 14.894 Thread 0x000000000677e000 1797       2       com.android.dx.util.FixedSizeList::hashCode (8 bytes)
Event: 14.895 Thread 0x000000000677e000 nmethod 1797 0x000000000f7b1f10 code [0x000000000f7b2080, 0x000000000f7b21e8]
Event: 14.895 Thread 0x000000000677e000 1795       1       com.android.dx.dex.file.OffsettedItem::getAlignment (5 bytes)
Event: 14.895 Thread 0x000000000677e000 nmethod 1795 0x000000000f7b2290 code [0x000000000f7b23e0, 0x000000000f7b24f0]
Event: 14.895 Thread 0x000000000677e000 1796       1       com.android.dx.dex.file.Section::getAlignment (5 bytes)
Event: 14.895 Thread 0x000000000677e000 nmethod 1796 0x000000000f7b2550 code [0x000000000f7b26a0, 0x000000000f7b27b0]

GC Heap History (6 events):
Event: 3.254 GC heap before
{Heap before GC invocations=1 (full 0):
 PSYoungGen      total 38400K, used 33280K [0x00000000eab00000, 0x00000000ed580000, 0x0000000100000000)
  eden space 33280K, 100% used [0x00000000eab00000,0x00000000ecb80000,0x00000000ecb80000)
  from space 5120K, 0% used [0x00000000ed080000,0x00000000ed080000,0x00000000ed580000)
  to   space 5120K, 0% used [0x00000000ecb80000,0x00000000ecb80000,0x00000000ed080000)
 ParOldGen       total 87552K, used 0K [0x00000000c0000000, 0x00000000c5580000, 0x00000000eab00000)
  object space 87552K, 0% used [0x00000000c0000000,0x00000000c0000000,0x00000000c5580000)
 Metaspace       used 5657K, capacity 6896K, committed 7040K, reserved 1056768K
  class space    used 552K, capacity 616K, committed 640K, reserved 1048576K
Event: 4.123 GC heap after
Heap after GC invocations=1 (full 0):
 PSYoungGen      total 38400K, used 5104K [0x00000000eab00000, 0x00000000ef600000, 0x0000000100000000)
  eden space 33280K, 0% used [0x00000000eab00000,0x00000000eab00000,0x00000000ecb80000)
  from space 5120K, 99% used [0x00000000ecb80000,0x00000000ed07c0c8,0x00000000ed080000)
  to   space 5120K, 0% used [0x00000000ef100000,0x00000000ef100000,0x00000000ef600000)
 ParOldGen       total 87552K, used 1578K [0x00000000c0000000, 0x00000000c5580000, 0x00000000eab00000)
  object space 87552K, 1% used [0x00000000c0000000,0x00000000c018aa10,0x00000000c5580000)
 Metaspace       used 5657K, capacity 6896K, committed 7040K, reserved 1056768K
  class space    used 552K, capacity 616K, committed 640K, reserved 1048576K
}
Event: 6.103 GC heap before
{Heap before GC invocations=2 (full 0):
 PSYoungGen      total 38400K, used 38384K [0x00000000eab00000, 0x00000000ef600000, 0x0000000100000000)
  eden space 33280K, 100% used [0x00000000eab00000,0x00000000ecb80000,0x00000000ecb80000)
  from space 5120K, 99% used [0x00000000ecb80000,0x00000000ed07c0c8,0x00000000ed080000)
  to   space 5120K, 0% used [0x00000000ef100000,0x00000000ef100000,0x00000000ef600000)
 ParOldGen       total 87552K, used 1578K [0x00000000c0000000, 0x00000000c5580000, 0x00000000eab00000)
  object space 87552K, 1% used [0x00000000c0000000,0x00000000c018aa10,0x00000000c5580000)
 Metaspace       used 5821K, capacity 7024K, committed 7296K, reserved 1056768K
  class space    used 554K, capacity 616K, committed 640K, reserved 1048576K
Event: 6.923 GC heap after
Heap after GC invocations=2 (full 0):
 PSYoungGen      total 71680K, used 5088K [0x00000000eab00000, 0x00000000ef600000, 0x0000000100000000)
  eden space 66560K, 0% used [0x00000000eab00000,0x00000000eab00000,0x00000000eec00000)
  from space 5120K, 99% used [0x00000000ef100000,0x00000000ef5f8168,0x00000000ef600000)
  to   space 5120K, 0% used [0x00000000eec00000,0x00000000eec00000,0x00000000ef100000)
 ParOldGen       total 87552K, used 6537K [0x00000000c0000000, 0x00000000c5580000, 0x00000000eab00000)
  object space 87552K, 7% used [0x00000000c0000000,0x00000000c0662438,0x00000000c5580000)
 Metaspace       used 5821K, capacity 7024K, committed 7296K, reserved 1056768K
  class space    used 554K, capacity 616K, committed 640K, reserved 1048576K
}
Event: 7.672 GC heap before
{Heap before GC invocations=3 (full 0):
 PSYoungGen      total 71680K, used 71648K [0x00000000eab00000, 0x00000000ef600000, 0x0000000100000000)
  eden space 66560K, 100% used [0x00000000eab00000,0x00000000eec00000,0x00000000eec00000)
  from space 5120K, 99% used [0x00000000ef100000,0x00000000ef5f8168,0x00000000ef600000)
  to   space 5120K, 0% used [0x00000000eec00000,0x00000000eec00000,0x00000000ef100000)
 ParOldGen       total 87552K, used 6537K [0x00000000c0000000, 0x00000000c5580000, 0x00000000eab00000)
  object space 87552K, 7% used [0x00000000c0000000,0x00000000c0662438,0x00000000c5580000)
 Metaspace       used 5973K, capacity 7088K, committed 7296K, reserved 1056768K
  class space    used 578K, capacity 616K, committed 640K, reserved 1048576K
Event: 14.563 GC heap after
Heap after GC invocations=3 (full 0):
 PSYoungGen      total 71680K, used 5104K [0x00000000eab00000, 0x00000000f3700000, 0x0000000100000000)
  eden space 66560K, 0% used [0x00000000eab00000,0x00000000eab00000,0x00000000eec00000)
  from space 5120K, 99% used [0x00000000eec00000,0x00000000ef0fc1e8,0x00000000ef100000)
  to   space 5120K, 0% used [0x00000000f3200000,0x00000000f3200000,0x00000000f3700000)
 ParOldGen       total 87552K, used 15427K [0x00000000c0000000, 0x00000000c5580000, 0x00000000eab00000)
  object space 87552K, 17% used [0x00000000c0000000,0x00000000c0f10db0,0x00000000c5580000)
 Metaspace       used 5973K, capacity 7088K, committed 7296K, reserved 1056768K
  class space    used 578K, capacity 616K, committed 640K, reserved 1048576K
}

Deoptimization events (10 events):
Event: 7.497 Thread 0x00000000003ae000 Uncommon trap: reason=unstable_if action=reinterpret pc=0x000000000f61e044 method=java.util.HashMap.putVal(ILjava/lang/Object;Ljava/lang/Object;ZZ)Ljava/lang/Object; @ 162
Event: 7.608 Thread 0x00000000003ae000 Uncommon trap: reason=unstable_if action=reinterpret pc=0x000000000f6e0c44 method=java.util.HashMap.resize()[Ljava/util/HashMap$Node; @ 206
Event: 7.616 Thread 0x00000000003ae000 Uncommon trap: reason=bimorphic action=maybe_recompile pc=0x000000000f762650 method=com.android.dx.cf.code.BytecodeArray.parseInstruction(ILcom/android/dx/cf/code/BytecodeArray$Visitor;)I @ 1501
Event: 7.616 Thread 0x00000000003ae000 Uncommon trap: reason=bimorphic action=maybe_recompile pc=0x000000000f762650 method=com.android.dx.cf.code.BytecodeArray.parseInstruction(ILcom/android/dx/cf/code/BytecodeArray$Visitor;)I @ 1501
Event: 14.695 Thread 0x00000000003ae000 Uncommon trap: reason=unstable_if action=reinterpret pc=0x000000000f4f7bd4 method=com.android.dx.ssa.SCCP.simulateStmt(Lcom/android/dx/ssa/SsaInsn;)V @ 59
Event: 14.805 Thread 0x00000000003ae000 Uncommon trap: reason=unstable_if action=reinterpret pc=0x000000000f75290c method=com.android.dx.ssa.LocalVariableExtractor.processBlock(I)V @ 251
Event: 14.892 Thread 0x00000000003ae000 Uncommon trap: reason=class_check action=maybe_recompile pc=0x000000000f4242b8 method=java.util.Arrays.hashCode([Ljava/lang/Object;)I @ 43
Event: 14.892 Thread 0x00000000003ae000 Uncommon trap: reason=class_check action=maybe_recompile pc=0x000000000f4242b8 method=java.util.Arrays.hashCode([Ljava/lang/Object;)I @ 43
Event: 14.892 Thread 0x00000000003ae000 Uncommon trap: reason=class_check action=maybe_recompile pc=0x000000000f4242b8 method=java.util.Arrays.hashCode([Ljava/lang/Object;)I @ 43
Event: 14.892 Thread 0x00000000003ae000 Uncommon trap: reason=class_check action=maybe_recompile pc=0x000000000f4242b8 method=java.util.Arrays.hashCode([Ljava/lang/Object;)I @ 43

Internal exceptions (7 events):
Event: 0.065 Thread 0x00000000003ae000 Exception <a 'java/lang/NoSuchMethodError': Method sun.misc.Unsafe.defineClass(Ljava/lang/String;[BII)Ljava/lang/Class; name or signature does not match> (0x00000000eab12f70) thrown at [C:\re\workspace\8-2-build-windows-amd64-cygwin\jdk8u45\3627\hotspot\srç÷˝«∞?
Event: 0.066 Thread 0x00000000003ae000 Exception <a 'java/lang/NoSuchMethodError': Method sun.misc.Unsafe.prefetchRead(Ljava/lang/Object;J)V name or signature does not match> (0x00000000eab13200) thrown at [C:\re\workspace\8-2-build-windows-amd64-cygwin\jdk8u45\3627\hotspot\src\share\vm\prims\j¬D≠ΩZ@
Event: 2.169 Thread 0x00000000003ae000 Implicit null exception at 0x000000000f339f9b to 0x000000000f33c27d
Event: 2.246 Thread 0x00000000003ae000 Implicit null exception at 0x000000000f2b81c0 to 0x000000000f2ba4c1
Event: 7.450 Thread 0x00000000003ae000 Exception <a 'java/lang/ArrayIndexOutOfBoundsException': 18> (0x00000000ed97e140) thrown at [C:\re\workspace\8-2-build-windows-amd64-cygwin\jdk8u45\3627\hotspot\src\share\vm\interpreter\interpreterRuntime.cpp, line 366]
Event: 7.451 Thread 0x00000000003ae000 Exception <a 'java/lang/ArrayIndexOutOfBoundsException': 145> (0x00000000ed97fc10) thrown at [C:\re\workspace\8-2-build-windows-amd64-cygwin\jdk8u45\3627\hotspot\src\share\vm\interpreter\interpreterRuntime.cpp, line 366]
Event: 7.452 Thread 0x00000000003ae000 Exception <a 'java/lang/ArrayIndexOutOfBoundsException'> (0x00000000ed980e48) thrown at [C:\re\workspace\8-2-build-windows-amd64-cygwin\jdk8u45\3627\hotspot\src\share\vm\runtime\sharedRuntime.cpp, line 605]

Events (10 events):
Event: 14.892 Thread 0x00000000003ae000 DEOPT PACKING pc=0x000000000f4242b8 sp=0x00000000027eec70
Event: 14.892 Thread 0x00000000003ae000 DEOPT UNPACKING pc=0x000000000f05582a sp=0x00000000027eeba0 mode 2
Event: 14.892 Thread 0x00000000003ae000 Uncommon trap: trap_request=0xffffffde fr.pc=0x000000000f4242b8
Event: 14.892 Thread 0x00000000003ae000 DEOPT PACKING pc=0x000000000f4242b8 sp=0x00000000027eec90
Event: 14.892 Thread 0x00000000003ae000 DEOPT UNPACKING pc=0x000000000f05582a sp=0x00000000027eebc0 mode 2
Event: 14.892 Thread 0x00000000003ae000 Uncommon trap: trap_request=0xffffffde fr.pc=0x000000000f4242b8
Event: 14.892 Thread 0x00000000003ae000 DEOPT PACKING pc=0x000000000f4242b8 sp=0x00000000027eec70
Event: 14.892 Thread 0x00000000003ae000 DEOPT UNPACKING pc=0x000000000f05582a sp=0x00000000027eeba0 mode 2
Event: 14.893 loading class com/android/dx/rop/cst/Zeroes
Event: 14.893 loading class com/android/dx/rop/cst/Zeroes done


Dynamic libraries:
0x000000013fb80000 - 0x000000013fbb7000 	C:\Program Files\Java\jdk1.8.0_45\bin\java.exe
0x0000000076e70000 - 0x0000000077019000 	C:\Windows\SYSTEM32\ntdll.dll
0x0000000076d50000 - 0x0000000076e6f000 	C:\Windows\system32\kernel32.dll
0x000007fefcdf0000 - 0x000007fefce5c000 	C:\Windows\system32\KERNELBASE.dll
0x000007fefd540000 - 0x000007fefd61b000 	C:\Windows\system32\ADVAPI32.dll
0x000007fefd190000 - 0x000007fefd22f000 	C:\Windows\system32\msvcrt.dll
0x000007fefee20000 - 0x000007fefee3f000 	C:\Windows\SYSTEM32\sechost.dll
0x000007fefd620000 - 0x000007fefd74d000 	C:\Windows\system32\RPCRT4.dll
0x0000000076c50000 - 0x0000000076d4a000 	C:\Windows\system32\USER32.dll
0x000007fefde10000 - 0x000007fefde77000 	C:\Windows\system32\GDI32.dll
0x000007fefd990000 - 0x000007fefd99e000 	C:\Windows\system32\LPK.dll
0x000007fefecb0000 - 0x000007fefed79000 	C:\Windows\system32\USP10.dll
0x000007fef9d00000 - 0x000007fef9ef4000 	C:\Windows\WinSxS\amd64_microsoft.windows.common-controls_6595b64144ccf1df_6.0.7601.18837_none_fa3b1e3d17594757\COMCTL32.dll
0x000007fefee40000 - 0x000007fefeeb1000 	C:\Windows\system32\SHLWAPI.dll
0x000007fefd960000 - 0x000007fefd98e000 	C:\Windows\system32\IMM32.DLL
0x000007fefd080000 - 0x000007fefd189000 	C:\Windows\system32\MSCTF.dll
0x000007fefcb50000 - 0x000007fefcb81000 	C:\Windows\system32\nvinitx.dll
0x000000000f000000 - 0x000000000f006000 	C:\Program Files\NVIDIA Corporation\CoProcManager\_etoured.dll
0x000007fef8de0000 - 0x000007fef8e3f000 	C:\Program Files\NVIDIA Corporation\CoProcManager\nvd3d9wrapx.dll
0x000007fefd230000 - 0x000007fefd407000 	C:\Windows\system32\SETUPAPI.dll
0x000007fefcce0000 - 0x000007fefcd16000 	C:\Windows\system32\CFGMGR32.dll
0x000007fefd460000 - 0x000007fefd537000 	C:\Windows\system32\OLEAUT32.dll
0x000007fefd750000 - 0x000007fefd953000 	C:\Windows\system32\ole32.dll
0x000007fefcd20000 - 0x000007fefcd3a000 	C:\Windows\system32\DEVOBJ.dll
0x000007fef8d60000 - 0x000007fef8da6000 	C:\Program Files\NVIDIA Corporation\CoProcManager\nvdxgiwrapx.dll
0x000000006aa50000 - 0x000000006ab22000 	C:\Program Files\Java\jdk1.8.0_45\jre\bin\msvcr100.dll
0x000000005a8d0000 - 0x000000005b153000 	C:\Program Files\Java\jdk1.8.0_45\jre\bin\server\jvm.dll
0x000007fef0620000 - 0x000007fef0629000 	C:\Windows\system32\WSOCK32.dll
0x000007fefd410000 - 0x000007fefd45d000 	C:\Windows\system32\WS2_32.dll
0x000007fefdb30000 - 0x000007fefdb38000 	C:\Windows\system32\NSI.dll
0x000007fef8f50000 - 0x000007fef8f8b000 	C:\Windows\system32\WINMM.dll
0x000007fefba20000 - 0x000007fefba2c000 	C:\Windows\system32\VERSION.dll
0x0000000077030000 - 0x0000000077037000 	C:\Windows\system32\PSAPI.DLL
0x000000006f040000 - 0x000000006f04f000 	C:\Program Files\Java\jdk1.8.0_45\jre\bin\verify.dll
0x000000006ad30000 - 0x000000006ad59000 	C:\Program Files\Java\jdk1.8.0_45\jre\bin\java.dll
0x000000006ad70000 - 0x000000006ad86000 	C:\Program Files\Java\jdk1.8.0_45\jre\bin\zip.dll
0x000007fefde80000 - 0x000007fefec09000 	C:\Windows\system32\SHELL32.dll
0x000007fefcc30000 - 0x000007fefcc3f000 	C:\Windows\system32\profapi.dll

VM Arguments:
jvm_args: -Xmx1024M -Dfile.encoding=x-windows-949 -Duser.country=KR -Duser.language=ko -Duser.variant 
java_command: com.android.dx.command.Main --dex --output C:\Users\Administrator\Documents\anoki-android\app\build\intermediates\pre-dexed\debug\classes-bc32b34dc22eeb97644229248e296c7c78369916.jar C:\Users\Administrator\Documents\anoki-android\app\build\intermediates\exploded-aar\com.android.support\recyclerview-v7\22.2.0\jars\classes.jar
java_class_path (initial): D:\Users\Administrator\AppData\Local\Android\sdk\build-tools\22.0.1\lib\dx.jar
Launcher Type: SUN_STANDARD

Environment Variables:
PATH=C:\ProgramData\Oracle\Java\javapath;C:\Program Files (x86)\NVIDIA Corporation\PhysX\Common;C:\Windows\system32;C:\Windows;C:\Windows\System32\Wbem;C:\Windows\System32\WindowsPowerShell\v1.0\;C:\Program Files (x86)\Intel\OpenCL SDK\3.0\bin\x86;C:\Program Files (x86)\Intel\OpenCL SDK\3.0\bin\x64;d:\Program Files (x86)\Microsoft SQL Server\100\Tools\Binn\;d:\Program Files\Microsoft SQL Server\100\Tools\Binn\;d:\Program Files\Microsoft SQL Server\100\DTS\Binn\;d:\Program Files (x86)\Microsoft SQL Server\100\Tools\Binn\VSShell\Common7\IDE\;d:\Program Files (x86)\Microsoft SQL Server\100\DTS\Binn\
USERNAME=Administrator
OS=Windows_NT
PROCESSOR_IDENTIFIER=Intel64 Family 6 Model 60 Stepping 3, GenuineIntel



---------------  S Y S T E M  ---------------

OS: Windows 7 , 64 bit Build 7601 (6.1.7601.18869)

CPU:total 8 (4 cores per cpu, 2 threads per core) family 6 model 60 stepping 3, cmov, cx8, fxsr, mmx, sse, sse2, sse3, ssse3, sse4.1, sse4.2, popcnt, avx, avx2, aes, clmul, erms, lzcnt, ht, tsc, tscinvbit, bmi1, bmi2

Memory: 4k page, physical 8294168k(184696k free), swap 10389484k(26752k free)

vm_info: Java HotSpot(TM) 64-Bit Server VM (25.45-b02) for windows-amd64 JRE (1.8.0_45-b15), built on Apr 30 2015 12:40:44 by "java_re" with MS VC++ 10.0 (VS2010)

time: Tue Aug 11 15:27:51 2015
elapsed time: 15 seconds (0d 0h 0m 15s)

