#
# There is insufficient memory for the Java Runtime Environment to continue.
# Native memory allocation (malloc) failed to allocate 955536 bytes for Chunk::new
# Possible reasons:
#   The system is out of physical RAM or swap space
#   In 32 bit mode, the process size limit was hit
# Possible solutions:
#   Reduce memory load on the system
#   Increase physical memory or swap space
#   Check if swap backing store is full
#   Use 64 bit Java on a 64 bit OS
#   Decrease Java heap size (-Xmx/-Xms)
#   Decrease number of Java threads
#   Decrease Java thread stack sizes (-Xss)
#   Set larger code cache with -XX:ReservedCodeCacheSize=
# This output file may be truncated or incomplete.
#
#  Out of Memory Error (allocation.cpp:390), pid=7072, tid=5444
#
# JRE version: Java(TM) SE Runtime Environment (8.0_45-b15) (build 1.8.0_45-b15)
# Java VM: Java HotSpot(TM) 64-Bit Server VM (25.45-b02 mixed mode windows-amd64 compressed oops)
# Failed to write core dump. Minidumps are not enabled by default on client versions of Windows
#

---------------  T H R E A D  ---------------

Current thread (0x00000000074e7800):  JavaThread "C2 CompilerThread1" daemon [_thread_in_native, id=5444, stack(0x0000000008c60000,0x0000000008d60000)]

Stack: [0x0000000008c60000,0x0000000008d60000]
Native frames: (J=compiled Java code, j=interpreted, Vv=VM code, C=native code)
V  [jvm.dll+0x32b57a]


Current CompileTask:
C2:   2633 1266       4       com.android.dx.ssa.SCCP::simulatePhi (169 bytes)


---------------  P R O C E S S  ---------------

Java Threads: ( => current thread )
  0x0000000007525800 JavaThread "Service Thread" daemon [_thread_blocked, id=1800, stack(0x0000000009060000,0x0000000009160000)]
  0x00000000074eb000 JavaThread "C1 CompilerThread3" daemon [_thread_blocked, id=7156, stack(0x0000000008670000,0x0000000008770000)]
  0x00000000074ea000 JavaThread "C2 CompilerThread2" daemon [_thread_in_native, id=6864, stack(0x0000000008e00000,0x0000000008f00000)]
=>0x00000000074e7800 JavaThread "C2 CompilerThread1" daemon [_thread_in_native, id=5444, stack(0x0000000008c60000,0x0000000008d60000)]
  0x00000000063c9800 JavaThread "C2 CompilerThread0" daemon [_thread_in_native, id=6368, stack(0x0000000008b40000,0x0000000008c40000)]
  0x0000000007486000 JavaThread "Attach Listener" daemon [_thread_blocked, id=6528, stack(0x0000000008a20000,0x0000000008b20000)]
  0x000000000748f800 JavaThread "Signal Dispatcher" daemon [_thread_blocked, id=3556, stack(0x0000000008900000,0x0000000008a00000)]
  0x00000000063bd000 JavaThread "Finalizer" daemon [_thread_blocked, id=6228, stack(0x0000000008800000,0x0000000008900000)]
  0x00000000063b6800 JavaThread "Reference Handler" daemon [_thread_blocked, id=2412, stack(0x0000000008520000,0x0000000008620000)]
  0x0000000001f6e000 JavaThread "main" [_thread_in_Java, id=5808, stack(0x0000000002670000,0x0000000002770000)]

Other Threads:
  0x0000000007422800 VMThread [stack: 0x00000000083d0000,0x00000000084d0000] [id=6696]
  0x0000000007528000 WatcherThread [stack: 0x00000000092a0000,0x00000000093a0000] [id=4208]

VM state:not at safepoint (normal execution)

VM Mutex/Monitor currently owned by a thread: None

Heap:
 PSYoungGen      total 38400K, used 16647K [0x00000000eab00000, 0x00000000ef600000, 0x0000000100000000)
  eden space 33280K, 34% used [0x00000000eab00000,0x00000000eb643640,0x00000000ecb80000)
  from space 5120K, 99% used [0x00000000ecb80000,0x00000000ed07e888,0x00000000ed080000)
  to   space 5120K, 0% used [0x00000000ef100000,0x00000000ef100000,0x00000000ef600000)
 ParOldGen       total 87552K, used 1660K [0x00000000c0000000, 0x00000000c5580000, 0x00000000eab00000)
  object space 87552K, 1% used [0x00000000c0000000,0x00000000c019f0d0,0x00000000c5580000)
 Metaspace       used 5759K, capacity 6960K, committed 7040K, reserved 1056768K
  class space    used 552K, capacity 616K, committed 640K, reserved 1048576K

Card table byte_map: [0x0000000002b30000,0x0000000002d40000] byte_map_base: 0x0000000002530000

Marking Bits: (ParMarkBitMap*) 0x000000005c964040
 Begin Bits: [0x00000000037d0000, 0x00000000047d0000)
 End Bits:   [0x00000000047d0000, 0x00000000057d0000)

Polling page: 0x0000000001f50000

CodeCache: size=245760Kb used=5632Kb max_used=5632Kb free=240127Kb
 bounds [0x000000000f010000, 0x000000000f5a0000, 0x000000001e010000]
 total_blobs=1627 nmethods=1360 adapters=180
 compilation: enabled

Compilation events (10 events):
Event: 2.621 Thread 0x00000000074eb000 1366       3       com.android.dx.ssa.back.FirstFitLocalCombiningAllocator::canMapRegs (60 bytes)
Event: 2.622 Thread 0x00000000074eb000 nmethod 1366 0x000000000f586390 code [0x000000000f586600, 0x000000000f5875c8]
Event: 2.622 Thread 0x00000000074eb000 1359       3       com.android.dx.cf.code.LocalVariableList$Item::getLocalItem (12 bytes)
Event: 2.623 Thread 0x00000000074eb000 nmethod 1359 0x000000000f585d50 code [0x000000000f585ec0, 0x000000000f586230]
Event: 2.623 Thread 0x00000000074eb000 1360       3       com.android.dx.rop.code.LocalItem::make (20 bytes)
Event: 2.623 Thread 0x00000000074eb000 nmethod 1360 0x000000000f5857d0 code [0x000000000f585940, 0x000000000f585c30]
Event: 2.623 Thread 0x00000000074eb000 1361       3       com.android.dx.rop.code.LocalItem::<init> (15 bytes)
Event: 2.623 Thread 0x00000000074eb000 nmethod 1361 0x000000000f585410 code [0x000000000f585560, 0x000000000f585730]
Event: 2.623 Thread 0x00000000074eb000 1362       3       com.android.dx.rop.code.LocalVariableInfo::addAssignment (43 bytes)
Event: 2.624 Thread 0x00000000074eb000 nmethod 1362 0x000000000f58c990 code [0x000000000f58cb80, 0x000000000f58d448]

GC Heap History (2 events):
Event: 2.311 GC heap before
{Heap before GC invocations=1 (full 0):
 PSYoungGen      total 38400K, used 33280K [0x00000000eab00000, 0x00000000ed580000, 0x0000000100000000)
  eden space 33280K, 100% used [0x00000000eab00000,0x00000000ecb80000,0x00000000ecb80000)
  from space 5120K, 0% used [0x00000000ed080000,0x00000000ed080000,0x00000000ed580000)
  to   space 5120K, 0% used [0x00000000ecb80000,0x00000000ecb80000,0x00000000ed080000)
 ParOldGen       total 87552K, used 0K [0x00000000c0000000, 0x00000000c5580000, 0x00000000eab00000)
  object space 87552K, 0% used [0x00000000c0000000,0x00000000c0000000,0x00000000c5580000)
 Metaspace       used 5673K, capacity 6896K, committed 7040K, reserved 1056768K
  class space    used 551K, capacity 616K, committed 640K, reserved 1048576K
Event: 2.505 GC heap after
Heap after GC invocations=1 (full 0):
 PSYoungGen      total 38400K, used 5114K [0x00000000eab00000, 0x00000000ef600000, 0x0000000100000000)
  eden space 33280K, 0% used [0x00000000eab00000,0x00000000eab00000,0x00000000ecb80000)
  from space 5120K, 99% used [0x00000000ecb80000,0x00000000ed07e888,0x00000000ed080000)
  to   space 5120K, 0% used [0x00000000ef100000,0x00000000ef100000,0x00000000ef600000)
 ParOldGen       total 87552K, used 1660K [0x00000000c0000000, 0x00000000c5580000, 0x00000000eab00000)
  object space 87552K, 1% used [0x00000000c0000000,0x00000000c019f0d0,0x00000000c5580000)
 Metaspace       used 5673K, capacity 6896K, committed 7040K, reserved 1056768K
  class space    used 551K, capacity 616K, committed 640K, reserved 1048576K
}

Deoptimization events (10 events):
Event: 2.545 Thread 0x0000000001f6e000 Uncommon trap: reason=class_check action=maybe_recompile pc=0x000000000f38cc80 method=com.android.dx.ssa.NormalSsaInsn.accept(Lcom/android/dx/ssa/SsaInsn$Visitor;)V @ 9
Event: 2.545 Thread 0x0000000001f6e000 Uncommon trap: reason=class_check action=maybe_recompile pc=0x000000000f329f18 method=com.android.dx.ssa.NormalSsaInsn.accept(Lcom/android/dx/ssa/SsaInsn$Visitor;)V @ 9
Event: 2.545 Thread 0x0000000001f6e000 Uncommon trap: reason=class_check action=maybe_recompile pc=0x000000000f329f18 method=com.android.dx.ssa.NormalSsaInsn.accept(Lcom/android/dx/ssa/SsaInsn$Visitor;)V @ 9
Event: 2.546 Thread 0x0000000001f6e000 Uncommon trap: reason=class_check action=maybe_recompile pc=0x000000000f38cc80 method=com.android.dx.ssa.NormalSsaInsn.accept(Lcom/android/dx/ssa/SsaInsn$Visitor;)V @ 9
Event: 2.558 Thread 0x0000000001f6e000 Uncommon trap: reason=bimorphic action=maybe_recompile pc=0x000000000f3f6334 method=com.android.dx.cf.code.Merger.mergeType(Lcom/android/dx/rop/type/TypeBearer;Lcom/android/dx/rop/type/TypeBearer;)Lcom/android/dx/rop/type/TypeBearer; @ 6
Event: 2.558 Thread 0x0000000001f6e000 Uncommon trap: reason=bimorphic action=maybe_recompile pc=0x000000000f3f6334 method=com.android.dx.cf.code.Merger.mergeType(Lcom/android/dx/rop/type/TypeBearer;Lcom/android/dx/rop/type/TypeBearer;)Lcom/android/dx/rop/type/TypeBearer; @ 6
Event: 2.563 Thread 0x0000000001f6e000 Uncommon trap: reason=unstable_if action=reinterpret pc=0x000000000f4ffbb0 method=com.android.dx.util.LabeledList.set(ILcom/android/dx/util/LabeledItem;)V @ 16
Event: 2.563 Thread 0x0000000001f6e000 Uncommon trap: reason=unstable_if action=reinterpret pc=0x000000000f4513c8 method=com.android.dx.util.LabeledList.set(ILcom/android/dx/util/LabeledItem;)V @ 16
Event: 2.596 Thread 0x0000000001f6e000 Uncommon trap: reason=null_check action=make_not_entrant pc=0x000000000f243994 method=com.android.dx.rop.type.Type.equals(Ljava/lang/Object;)Z @ 8
Event: 2.598 Thread 0x0000000001f6e000 Uncommon trap: reason=unstable_if action=reinterpret pc=0x000000000f2b6140 method=com.android.dx.rop.code.RegisterSpec.equals(ILcom/android/dx/rop/type/TypeBearer;Lcom/android/dx/rop/code/LocalItem;)Z @ 16

Internal exceptions (3 events):
Event: 0.396 Thread 0x0000000001f6e000 Exception <a 'java/lang/NoSuchMethodError': Method sun.misc.Unsafe.defineClass(Ljava/lang/String;[BII)Ljava/lang/Class; name or signature does not match> (0x00000000eab12f70) thrown at [C:\re\workspace\8-2-build-windows-amd64-cygwin\jdk8u45\3627\hotspot\sr<ÅvUZÙ?
Event: 0.396 Thread 0x0000000001f6e000 Exception <a 'java/lang/NoSuchMethodError': Method sun.misc.Unsafe.prefetchRead(Ljava/lang/Object;J)V name or signature does not match> (0x00000000eab13200) thrown at [C:\re\workspace\8-2-build-windows-amd64-cygwin\jdk8u45\3627\hotspot\src\share\vm\prims\j›£k¤Ã@
Event: 2.596 Thread 0x0000000001f6e000 Implicit null exception at 0x000000000f243892 to 0x000000000f243985

Events (10 events):
Event: 2.563 Thread 0x0000000001f6e000 DEOPT UNPACKING pc=0x000000000f05582a sp=0x000000000276eaf8 mode 2
Event: 2.563 Thread 0x0000000001f6e000 Uncommon trap: trap_request=0xffffff65 fr.pc=0x000000000f4513c8
Event: 2.563 Thread 0x0000000001f6e000 DEOPT PACKING pc=0x000000000f4513c8 sp=0x000000000276eaf0
Event: 2.563 Thread 0x0000000001f6e000 DEOPT UNPACKING pc=0x000000000f05582a sp=0x000000000276eaf0 mode 2
Event: 2.596 Thread 0x0000000001f6e000 Uncommon trap: trap_request=0xfffffff4 fr.pc=0x000000000f243994
Event: 2.596 Thread 0x0000000001f6e000 DEOPT PACKING pc=0x000000000f243994 sp=0x000000000276e7f0
Event: 2.596 Thread 0x0000000001f6e000 DEOPT UNPACKING pc=0x000000000f05582a sp=0x000000000276e778 mode 2
Event: 2.598 Thread 0x0000000001f6e000 Uncommon trap: trap_request=0xffffff65 fr.pc=0x000000000f2b6140
Event: 2.598 Thread 0x0000000001f6e000 DEOPT PACKING pc=0x000000000f2b6140 sp=0x000000000276eb80
Event: 2.598 Thread 0x0000000001f6e000 DEOPT UNPACKING pc=0x000000000f05582a sp=0x000000000276e9c0 mode 2


Dynamic libraries:
0x000000013fc60000 - 0x000000013fc97000 	C:\Program Files\Java\jdk1.8.0_45\bin\java.exe
0x0000000076e70000 - 0x0000000077019000 	C:\Windows\SYSTEM32\ntdll.dll
0x0000000076d50000 - 0x0000000076e6f000 	C:\Windows\system32\kernel32.dll
0x000007fefcdf0000 - 0x000007fefce5c000 	C:\Windows\system32\KERNELBASE.dll
0x000007fefd540000 - 0x000007fefd61b000 	C:\Windows\system32\ADVAPI32.dll
0x000007fefd190000 - 0x000007fefd22f000 	C:\Windows\system32\msvcrt.dll
0x000007fefee20000 - 0x000007fefee3f000 	C:\Windows\SYSTEM32\sechost.dll
0x000007fefd620000 - 0x000007fefd74d000 	C:\Windows\system32\RPCRT4.dll
0x0000000076c50000 - 0x0000000076d4a000 	C:\Windows\system32\USER32.dll
0x000007fefde10000 - 0x000007fefde77000 	C:\Windows\system32\GDI32.dll
0x000007fefd990000 - 0x000007fefd99e000 	C:\Windows\system32\LPK.dll
0x000007fefecb0000 - 0x000007fefed79000 	C:\Windows\system32\USP10.dll
0x000007fef9d00000 - 0x000007fef9ef4000 	C:\Windows\WinSxS\amd64_microsoft.windows.common-controls_6595b64144ccf1df_6.0.7601.18837_none_fa3b1e3d17594757\COMCTL32.dll
0x000007fefee40000 - 0x000007fefeeb1000 	C:\Windows\system32\SHLWAPI.dll
0x000007fefd960000 - 0x000007fefd98e000 	C:\Windows\system32\IMM32.DLL
0x000007fefd080000 - 0x000007fefd189000 	C:\Windows\system32\MSCTF.dll
0x000007fefcb50000 - 0x000007fefcb81000 	C:\Windows\system32\nvinitx.dll
0x000000000f000000 - 0x000000000f006000 	C:\Program Files\NVIDIA Corporation\CoProcManager\_etoured.dll
0x000007fef8de0000 - 0x000007fef8e3f000 	C:\Program Files\NVIDIA Corporation\CoProcManager\nvd3d9wrapx.dll
0x000007fefd230000 - 0x000007fefd407000 	C:\Windows\system32\SETUPAPI.dll
0x000007fefcce0000 - 0x000007fefcd16000 	C:\Windows\system32\CFGMGR32.dll
0x000007fefd460000 - 0x000007fefd537000 	C:\Windows\system32\OLEAUT32.dll
0x000007fefd750000 - 0x000007fefd953000 	C:\Windows\system32\ole32.dll
0x000007fefcd20000 - 0x000007fefcd3a000 	C:\Windows\system32\DEVOBJ.dll
0x000007fef8d60000 - 0x000007fef8da6000 	C:\Program Files\NVIDIA Corporation\CoProcManager\nvdxgiwrapx.dll
0x0000000067fc0000 - 0x0000000068092000 	C:\Program Files\Java\jdk1.8.0_45\jre\bin\msvcr100.dll
0x000000005c160000 - 0x000000005c9e3000 	C:\Program Files\Java\jdk1.8.0_45\jre\bin\server\jvm.dll
0x000007fef0620000 - 0x000007fef0629000 	C:\Windows\system32\WSOCK32.dll
0x000007fefd410000 - 0x000007fefd45d000 	C:\Windows\system32\WS2_32.dll
0x000007fefdb30000 - 0x000007fefdb38000 	C:\Windows\system32\NSI.dll
0x000007fef8f50000 - 0x000007fef8f8b000 	C:\Windows\system32\WINMM.dll
0x000007fefba20000 - 0x000007fefba2c000 	C:\Windows\system32\VERSION.dll
0x0000000077030000 - 0x0000000077037000 	C:\Windows\system32\PSAPI.DLL
0x000000006ef10000 - 0x000000006ef1f000 	C:\Program Files\Java\jdk1.8.0_45\jre\bin\verify.dll
0x000000006ad60000 - 0x000000006ad89000 	C:\Program Files\Java\jdk1.8.0_45\jre\bin\java.dll
0x000000006ad40000 - 0x000000006ad56000 	C:\Program Files\Java\jdk1.8.0_45\jre\bin\zip.dll
0x000007fefde80000 - 0x000007fefec09000 	C:\Windows\system32\SHELL32.dll
0x000007fefcc30000 - 0x000007fefcc3f000 	C:\Windows\system32\profapi.dll
0x000007fef8c30000 - 0x000007fef8d55000 	C:\Windows\system32\dbghelp.dll

VM Arguments:
jvm_args: -Xmx1024M -Dfile.encoding=x-windows-949 -Duser.country=KR -Duser.language=ko -Duser.variant 
java_command: com.android.dx.command.Main --dex --output C:\Users\Administrator\Documents\anoki-android\app\build\intermediates\pre-dexed\debug\classes-01666c9dcc559e61bb6aa8c07e5783d7feac8e88.jar C:\Users\Administrator\Documents\anoki-android\app\build\intermediates\exploded-aar\com.google.android.gms\play-services-wallet\7.5.0\jars\classes.jar
java_class_path (initial): D:\Users\Administrator\AppData\Local\Android\sdk\build-tools\22.0.1\lib\dx.jar
Launcher Type: SUN_STANDARD

Environment Variables:
PATH=C:\ProgramData\Oracle\Java\javapath;C:\Program Files (x86)\NVIDIA Corporation\PhysX\Common;C:\Windows\system32;C:\Windows;C:\Windows\System32\Wbem;C:\Windows\System32\WindowsPowerShell\v1.0\;C:\Program Files (x86)\Intel\OpenCL SDK\3.0\bin\x86;C:\Program Files (x86)\Intel\OpenCL SDK\3.0\bin\x64;d:\Program Files (x86)\Microsoft SQL Server\100\Tools\Binn\;d:\Program Files\Microsoft SQL Server\100\Tools\Binn\;d:\Program Files\Microsoft SQL Server\100\DTS\Binn\;d:\Program Files (x86)\Microsoft SQL Server\100\Tools\Binn\VSShell\Common7\IDE\;d:\Program Files (x86)\Microsoft SQL Server\100\DTS\Binn\
USERNAME=Administrator
OS=Windows_NT
PROCESSOR_IDENTIFIER=Intel64 Family 6 Model 60 Stepping 3, GenuineIntel



---------------  S Y S T E M  ---------------

OS: Windows 7 , 64 bit Build 7601 (6.1.7601.18869)

CPU:total 8 (4 cores per cpu, 2 threads per core) family 6 model 60 stepping 3, cmov, cx8, fxsr, mmx, sse, sse2, sse3, ssse3, sse4.1, sse4.2, popcnt, avx, avx2, aes, clmul, erms, lzcnt, ht, tsc, tscinvbit, bmi1, bmi2

Memory: 4k page, physical 8294168k(340940k free), swap 10389484k(11172k free)

vm_info: Java HotSpot(TM) 64-Bit Server VM (25.45-b02) for windows-amd64 JRE (1.8.0_45-b15), built on Apr 30 2015 12:40:44 by "java_re" with MS VC++ 10.0 (VS2010)

time: Tue Aug 11 11:10:42 2015
elapsed time: 2 seconds (0d 0h 0m 2s)

