#
# There is insufficient memory for the Java Runtime Environment to continue.
# Native memory allocation (malloc) failed to allocate 576 bytes for AllocateHeap
# Possible reasons:
#   The system is out of physical RAM or swap space
#   In 32 bit mode, the process size limit was hit
# Possible solutions:
#   Reduce memory load on the system
#   Increase physical memory or swap space
#   Check if swap backing store is full
#   Use 64 bit Java on a 64 bit OS
#   Decrease Java heap size (-Xmx/-Xms)
#   Decrease number of Java threads
#   Decrease Java thread stack sizes (-Xss)
#   Set larger code cache with -XX:ReservedCodeCacheSize=
# This output file may be truncated or incomplete.
#
#  Out of Memory Error (memory/allocation.inline.hpp:61), pid=6816, tid=5108
#
# JRE version: Java(TM) SE Runtime Environment (8.0_45-b15) (build 1.8.0_45-b15)
# Java VM: Java HotSpot(TM) 64-Bit Server VM (25.45-b02 mixed mode windows-amd64 compressed oops)
# Failed to write core dump. Minidumps are not enabled by default on client versions of Windows
#

---------------  T H R E A D  ---------------

Current thread (0x00000000076c9000):  JavaThread "C1 CompilerThread3" daemon [_thread_in_vm, id=5108, stack(0x0000000009290000,0x0000000009390000)]

Stack: [0x0000000009290000,0x0000000009390000]
Native frames: (J=compiled Java code, j=interpreted, Vv=VM code, C=native code)
V  [jvm.dll+0x32b57a]


Current CompileTask:
C1:   1558  998       3       com.android.dx.util.IntList::shrink (42 bytes)


---------------  P R O C E S S  ---------------

Java Threads: ( => current thread )
  0x0000000007748000 JavaThread "Service Thread" daemon [_thread_blocked, id=6644, stack(0x0000000009450000,0x0000000009550000)]
=>0x00000000076c9000 JavaThread "C1 CompilerThread3" daemon [_thread_in_vm, id=5108, stack(0x0000000009290000,0x0000000009390000)]
  0x00000000076c8000 JavaThread "C2 CompilerThread2" daemon [_thread_blocked, id=6836, stack(0x0000000009120000,0x0000000009220000)]
  0x00000000076c1000 JavaThread "C2 CompilerThread1" daemon [_thread_blocked, id=2620, stack(0x0000000008bb0000,0x0000000008cb0000)]
  0x00000000076b9800 JavaThread "C2 CompilerThread0" daemon [_thread_blocked, id=872, stack(0x0000000008f20000,0x0000000009020000)]
  0x00000000076b8800 JavaThread "Attach Listener" daemon [_thread_blocked, id=6964, stack(0x0000000008de0000,0x0000000008ee0000)]
  0x00000000076af000 JavaThread "Signal Dispatcher" daemon [_thread_blocked, id=2252, stack(0x0000000008ce0000,0x0000000008de0000)]
  0x00000000065e5800 JavaThread "Finalizer" daemon [_thread_blocked, id=980, stack(0x0000000008a90000,0x0000000008b90000)]
  0x00000000065e4800 JavaThread "Reference Handler" daemon [_thread_blocked, id=6304, stack(0x0000000008800000,0x0000000008900000)]
  0x000000000232e000 JavaThread "main" [_thread_in_Java, id=6756, stack(0x00000000025d0000,0x00000000026d0000)]

Other Threads:
  0x0000000007650800 VMThread [stack: 0x0000000008640000,0x0000000008740000] [id=6272]
  0x0000000007755000 WatcherThread [stack: 0x0000000009620000,0x0000000009720000] [id=6560]

VM state:not at safepoint (normal execution)

VM Mutex/Monitor currently owned by a thread:  ([mutex/lock_event])
[0x000000000232b930] CodeCache_lock - owner thread: 0x00000000076c9000
[0x000000000232cfe0] Compile_lock - owner thread: 0x00000000076c9000
[0x000000000232d0e0] MethodCompileQueue_lock - owner thread: 0x00000000076c9000

Heap:
 PSYoungGen      total 38400K, used 18039K [0x00000000eab00000, 0x00000000ed580000, 0x0000000100000000)
  eden space 33280K, 54% used [0x00000000eab00000,0x00000000ebc9dd28,0x00000000ecb80000)
  from space 5120K, 0% used [0x00000000ed080000,0x00000000ed080000,0x00000000ed580000)
  to   space 5120K, 0% used [0x00000000ecb80000,0x00000000ecb80000,0x00000000ed080000)
 ParOldGen       total 87552K, used 0K [0x00000000c0000000, 0x00000000c5580000, 0x00000000eab00000)
  object space 87552K, 0% used [0x00000000c0000000,0x00000000c0000000,0x00000000c5580000)
 Metaspace       used 5466K, capacity 6768K, committed 7040K, reserved 1056768K
  class space    used 552K, capacity 616K, committed 640K, reserved 1048576K

Card table byte_map: [0x0000000002a90000,0x0000000002ca0000] byte_map_base: 0x0000000002490000

Marking Bits: (ParMarkBitMap*) 0x000000005c964040
 Begin Bits: [0x0000000003a00000, 0x0000000004a00000)
 End Bits:   [0x0000000004a00000, 0x0000000005a00000)

Polling page: 0x0000000000330000

CodeCache: size=245760Kb used=3968Kb max_used=3968Kb free=241791Kb
 bounds [0x000000000f010000, 0x000000000f400000, 0x000000001e010000]
 total_blobs=1269 nmethods=1001 adapters=180
 compilation: enabled

Compilation events (10 events):
Event: 1.550 Thread 0x00000000076c9000 nmethod 999 0x000000000f3f0c50 code [0x000000000f3f0de0, 0x000000000f3f1450]
Event: 1.551 Thread 0x00000000076c9000 1000       3       com.android.dx.util.IntList::mutableCopy (39 bytes)
Event: 1.551 Thread 0x00000000076b9800 1001       4       com.android.dx.rop.code.PlainInsn::accept (8 bytes)
Event: 1.551 Thread 0x00000000076c9000 nmethod 1000 0x000000000f3e8790 code [0x000000000f3e8920, 0x000000000f3e8c98]
Event: 1.551 Thread 0x00000000076c9000 1002       3       com.android.dx.rop.code.RegisterSpecList::withFirst (64 bytes)
Event: 1.551 Thread 0x00000000076b9800 nmethod 1001 0x000000000f3e84d0 code [0x000000000f3e8600, 0x000000000f3e8678]
Event: 1.552 Thread 0x00000000076c9000 nmethod 1002 0x000000000f3ee990 code [0x000000000f3eec20, 0x000000000f3eff48]
Event: 1.552 Thread 0x00000000076c9000  997       3       com.android.dx.util.LabeledList::getMaxLabel (47 bytes)
Event: 1.553 Thread 0x00000000076c9000 nmethod 997 0x000000000f3ee210 code [0x000000000f3ee3a0, 0x000000000f3ee818]
Event: 1.553 Thread 0x00000000076c9000  998       3       com.android.dx.util.IntList::shrink (42 bytes)

GC Heap History (0 events):
No events

Deoptimization events (2 events):
Event: 1.163 Thread 0x000000000232e000 Uncommon trap: reason=unstable_if action=reinterpret pc=0x000000000f1fca50 method=java.util.HashMap.getNode(ILjava/lang/Object;)Ljava/util/HashMap$Node; @ 129
Event: 1.254 Thread 0x000000000232e000 Uncommon trap: reason=unstable_if action=reinterpret pc=0x000000000f2188e0 method=java.util.BitSet.nextSetBit(I)I @ 87

Internal exceptions (2 events):
Event: 0.354 Thread 0x000000000232e000 Exception <a 'java/lang/NoSuchMethodError': Method sun.misc.Unsafe.defineClass(Ljava/lang/String;[BII)Ljava/lang/Class; name or signature does not match> (0x00000000eab12f70) thrown at [C:\re\workspace\8-2-build-windows-amd64-cygwin\jdk8u45\3627\hotspot\sr0)
Event: 0.354 Thread 0x000000000232e000 Exception <a 'java/lang/NoSuchMethodError': Method sun.misc.Unsafe.prefetchRead(Ljava/lang/Object;J)V name or signature does not match> (0x00000000eab13200) thrown at [C:\re\workspace\8-2-build-windows-amd64-cygwin\jdk8u45\3627\hotspot\src\share\vm\prims\j

Events (10 events):
Event: 1.177 loading class com/android/dx/cf/attrib/AttLocalVariableTypeTable done
Event: 1.242 Executing VM operation: ForceSafepoint
Event: 1.242 Executing VM operation: ForceSafepoint done
Event: 1.254 Thread 0x000000000232e000 Uncommon trap: trap_request=0xffffff65 fr.pc=0x000000000f2188e0
Event: 1.254 Thread 0x000000000232e000 DEOPT PACKING pc=0x000000000f2188e0 sp=0x00000000026ceb60
Event: 1.254 Thread 0x000000000232e000 DEOPT UNPACKING pc=0x000000000f05582a sp=0x00000000026ceaf8 mode 2
Event: 1.366 loading class com/android/dx/cf/attrib/AttEnclosingMethod
Event: 1.366 loading class com/android/dx/cf/attrib/AttEnclosingMethod done
Event: 1.414 loading class com/android/dx/dex/file/MethodAnnotationStruct
Event: 1.414 loading class com/android/dx/dex/file/MethodAnnotationStruct done


Dynamic libraries:
0x000000013fc60000 - 0x000000013fc97000 	C:\Program Files\Java\jdk1.8.0_45\bin\java.exe
0x0000000076e70000 - 0x0000000077019000 	C:\Windows\SYSTEM32\ntdll.dll
0x0000000076d50000 - 0x0000000076e6f000 	C:\Windows\system32\kernel32.dll
0x000007fefcdf0000 - 0x000007fefce5c000 	C:\Windows\system32\KERNELBASE.dll
0x000007fefd540000 - 0x000007fefd61b000 	C:\Windows\system32\ADVAPI32.dll
0x000007fefd190000 - 0x000007fefd22f000 	C:\Windows\system32\msvcrt.dll
0x000007fefee20000 - 0x000007fefee3f000 	C:\Windows\SYSTEM32\sechost.dll
0x000007fefd620000 - 0x000007fefd74d000 	C:\Windows\system32\RPCRT4.dll
0x0000000076c50000 - 0x0000000076d4a000 	C:\Windows\system32\USER32.dll
0x000007fefde10000 - 0x000007fefde77000 	C:\Windows\system32\GDI32.dll
0x000007fefd990000 - 0x000007fefd99e000 	C:\Windows\system32\LPK.dll
0x000007fefecb0000 - 0x000007fefed79000 	C:\Windows\system32\USP10.dll
0x000007fef9d00000 - 0x000007fef9ef4000 	C:\Windows\WinSxS\amd64_microsoft.windows.common-controls_6595b64144ccf1df_6.0.7601.18837_none_fa3b1e3d17594757\COMCTL32.dll
0x000007fefee40000 - 0x000007fefeeb1000 	C:\Windows\system32\SHLWAPI.dll
0x000007fefd960000 - 0x000007fefd98e000 	C:\Windows\system32\IMM32.DLL
0x000007fefd080000 - 0x000007fefd189000 	C:\Windows\system32\MSCTF.dll
0x000007fefcb50000 - 0x000007fefcb81000 	C:\Windows\system32\nvinitx.dll
0x000000000f000000 - 0x000000000f006000 	C:\Program Files\NVIDIA Corporation\CoProcManager\_etoured.dll
0x000007fef8de0000 - 0x000007fef8e3f000 	C:\Program Files\NVIDIA Corporation\CoProcManager\nvd3d9wrapx.dll
0x000007fefd230000 - 0x000007fefd407000 	C:\Windows\system32\SETUPAPI.dll
0x000007fefcce0000 - 0x000007fefcd16000 	C:\Windows\system32\CFGMGR32.dll
0x000007fefd460000 - 0x000007fefd537000 	C:\Windows\system32\OLEAUT32.dll
0x000007fefd750000 - 0x000007fefd953000 	C:\Windows\system32\ole32.dll
0x000007fefcd20000 - 0x000007fefcd3a000 	C:\Windows\system32\DEVOBJ.dll
0x000007fef8d60000 - 0x000007fef8da6000 	C:\Program Files\NVIDIA Corporation\CoProcManager\nvdxgiwrapx.dll
0x0000000067fc0000 - 0x0000000068092000 	C:\Program Files\Java\jdk1.8.0_45\jre\bin\msvcr100.dll
0x000000005c160000 - 0x000000005c9e3000 	C:\Program Files\Java\jdk1.8.0_45\jre\bin\server\jvm.dll
0x000007fef0620000 - 0x000007fef0629000 	C:\Windows\system32\WSOCK32.dll
0x000007fefd410000 - 0x000007fefd45d000 	C:\Windows\system32\WS2_32.dll
0x000007fefdb30000 - 0x000007fefdb38000 	C:\Windows\system32\NSI.dll
0x000007fef8f50000 - 0x000007fef8f8b000 	C:\Windows\system32\WINMM.dll
0x000007fefba20000 - 0x000007fefba2c000 	C:\Windows\system32\VERSION.dll
0x0000000077030000 - 0x0000000077037000 	C:\Windows\system32\PSAPI.DLL
0x000000006ef10000 - 0x000000006ef1f000 	C:\Program Files\Java\jdk1.8.0_45\jre\bin\verify.dll
0x000000006ad60000 - 0x000000006ad89000 	C:\Program Files\Java\jdk1.8.0_45\jre\bin\java.dll
0x000000006ad40000 - 0x000000006ad56000 	C:\Program Files\Java\jdk1.8.0_45\jre\bin\zip.dll
0x000007fefde80000 - 0x000007fefec09000 	C:\Windows\system32\SHELL32.dll
0x000007fefcc30000 - 0x000007fefcc3f000 	C:\Windows\system32\profapi.dll

VM Arguments:
jvm_args: -Xmx1024M -Dfile.encoding=x-windows-949 -Duser.country=KR -Duser.language=ko -Duser.variant 
java_command: com.android.dx.command.Main --dex --output C:\Users\Administrator\Documents\anoki-android\app\build\intermediates\pre-dexed\debug\classes-486eff69323a3a142467bb61a5e1fc3e3e44b886.jar C:\Users\Administrator\Documents\anoki-android\app\build\intermediates\exploded-aar\com.android.support\mediarouter-v7\22.0.0\jars\classes.jar
java_class_path (initial): D:\Users\Administrator\AppData\Local\Android\sdk\build-tools\22.0.1\lib\dx.jar
Launcher Type: SUN_STANDARD

Environment Variables:
PATH=C:\ProgramData\Oracle\Java\javapath;C:\Program Files (x86)\NVIDIA Corporation\PhysX\Common;C:\Windows\system32;C:\Windows;C:\Windows\System32\Wbem;C:\Windows\System32\WindowsPowerShell\v1.0\;C:\Program Files (x86)\Intel\OpenCL SDK\3.0\bin\x86;C:\Program Files (x86)\Intel\OpenCL SDK\3.0\bin\x64;d:\Program Files (x86)\Microsoft SQL Server\100\Tools\Binn\;d:\Program Files\Microsoft SQL Server\100\Tools\Binn\;d:\Program Files\Microsoft SQL Server\100\DTS\Binn\;d:\Program Files (x86)\Microsoft SQL Server\100\Tools\Binn\VSShell\Common7\IDE\;d:\Program Files (x86)\Microsoft SQL Server\100\DTS\Binn\
USERNAME=Administrator
OS=Windows_NT
PROCESSOR_IDENTIFIER=Intel64 Family 6 Model 60 Stepping 3, GenuineIntel



---------------  S Y S T E M  ---------------

OS: Windows 7 , 64 bit Build 7601 (6.1.7601.18869)

CPU:total 8 (4 cores per cpu, 2 threads per core) family 6 model 60 stepping 3, cmov, cx8, fxsr, mmx, sse, sse2, sse3, ssse3, sse4.1, sse4.2, popcnt, avx, avx2, aes, clmul, erms, lzcnt, ht, tsc, tscinvbit, bmi1, bmi2

Memory: 4k page, physical 8294168k(236476k free), swap 10389484k(5044k free)

vm_info: Java HotSpot(TM) 64-Bit Server VM (25.45-b02) for windows-amd64 JRE (1.8.0_45-b15), built on Apr 30 2015 12:40:44 by "java_re" with MS VC++ 10.0 (VS2010)

time: Tue Aug 11 11:31:45 2015
elapsed time: 1 seconds (0d 0h 0m 1s)

