#
# There is insufficient memory for the Java Runtime Environment to continue.
# Native memory allocation (malloc) failed to allocate 131088 bytes for Chunk::new
# Possible reasons:
#   The system is out of physical RAM or swap space
#   In 32 bit mode, the process size limit was hit
# Possible solutions:
#   Reduce memory load on the system
#   Increase physical memory or swap space
#   Check if swap backing store is full
#   Use 64 bit Java on a 64 bit OS
#   Decrease Java heap size (-Xmx/-Xms)
#   Decrease number of Java threads
#   Decrease Java thread stack sizes (-Xss)
#   Set larger code cache with -XX:ReservedCodeCacheSize=
# This output file may be truncated or incomplete.
#
#  Out of Memory Error (allocation.cpp:390), pid=5768, tid=4364
#
# JRE version: Java(TM) SE Runtime Environment (8.0_45-b15) (build 1.8.0_45-b15)
# Java VM: Java HotSpot(TM) 64-Bit Server VM (25.45-b02 mixed mode windows-amd64 compressed oops)
# Failed to write core dump. Minidumps are not enabled by default on client versions of Windows
#

---------------  T H R E A D  ---------------

Current thread (0x00000000076b6800):  JavaThread "C2 CompilerThread2" daemon [_thread_in_native, id=4364, stack(0x0000000009110000,0x0000000009210000)]

Stack: [0x0000000009110000,0x0000000009210000]
Native frames: (J=compiled Java code, j=interpreted, Vv=VM code, C=native code)
V  [jvm.dll+0x32b57a]


Current CompileTask:
C2:   4769  810       4       com.android.dx.rop.code.Rops::ropFor (771 bytes)


---------------  P R O C E S S  ---------------

Java Threads: ( => current thread )
  0x000000000772a800 JavaThread "Service Thread" daemon [_thread_blocked, id=4872, stack(0x0000000009420000,0x0000000009520000)]
  0x0000000007721800 JavaThread "C1 CompilerThread3" daemon [_thread_blocked, id=6036, stack(0x0000000009320000,0x0000000009420000)]
=>0x00000000076b6800 JavaThread "C2 CompilerThread2" daemon [_thread_in_native, id=4364, stack(0x0000000009110000,0x0000000009210000)]
  0x00000000076b3800 JavaThread "C2 CompilerThread1" daemon [_thread_blocked, id=6856, stack(0x0000000008f70000,0x0000000009070000)]
  0x00000000076ad000 JavaThread "C2 CompilerThread0" daemon [_thread_blocked, id=2528, stack(0x0000000008cc0000,0x0000000008dc0000)]
  0x00000000076a3800 JavaThread "Attach Listener" daemon [_thread_blocked, id=6708, stack(0x0000000008de0000,0x0000000008ee0000)]
  0x00000000076a2000 JavaThread "Signal Dispatcher" daemon [_thread_blocked, id=6460, stack(0x0000000008bb0000,0x0000000008cb0000)]
  0x00000000065e0800 JavaThread "Finalizer" daemon [_thread_blocked, id=6892, stack(0x0000000008930000,0x0000000008a30000)]
  0x00000000065da800 JavaThread "Reference Handler" daemon [_thread_blocked, id=6492, stack(0x0000000008760000,0x0000000008860000)]
  0x000000000047e000 JavaThread "main" [_thread_in_Java, id=6420, stack(0x00000000025d0000,0x00000000026d0000)]

Other Threads:
  0x0000000007640800 VMThread [stack: 0x0000000008650000,0x0000000008750000] [id=6544]
  0x000000000772d000 WatcherThread [stack: 0x0000000009660000,0x0000000009760000] [id=3204]

VM state:not at safepoint (normal execution)

VM Mutex/Monitor currently owned by a thread: None

Heap:
 PSYoungGen      total 38400K, used 34620K [0x00000000eab00000, 0x00000000ef600000, 0x0000000100000000)
  eden space 33280K, 88% used [0x00000000eab00000,0x00000000ec7d2f10,0x00000000ecb80000)
  from space 5120K, 99% used [0x00000000ecb80000,0x00000000ed07c288,0x00000000ed080000)
  to   space 5120K, 0% used [0x00000000ef100000,0x00000000ef100000,0x00000000ef600000)
 ParOldGen       total 87552K, used 2031K [0x00000000c0000000, 0x00000000c5580000, 0x00000000eab00000)
  object space 87552K, 2% used [0x00000000c0000000,0x00000000c01fbdd0,0x00000000c5580000)
 Metaspace       used 5701K, capacity 6896K, committed 7040K, reserved 1056768K
  class space    used 554K, capacity 616K, committed 640K, reserved 1048576K

Card table byte_map: [0x0000000002a90000,0x0000000002ca0000] byte_map_base: 0x0000000002490000

Marking Bits: (ParMarkBitMap*) 0x000000005c964040
 Begin Bits: [0x00000000039f0000, 0x00000000049f0000)
 End Bits:   [0x00000000049f0000, 0x00000000059f0000)

Polling page: 0x00000000001c0000

CodeCache: size=245760Kb used=3083Kb max_used=3191Kb free=242676Kb
 bounds [0x000000000f010000, 0x000000000f330000, 0x000000001e010000]
 total_blobs=998 nmethods=727 adapters=180
 compilation: disabled (not enough contiguous free space left)

Compilation events (10 events):
Event: 4.753 Thread 0x0000000007721800 nmethod 811 0x000000000f133390 code [0x000000000f1335c0, 0x000000000f134198]
Event: 4.754 Thread 0x0000000007721800  812       3       com.android.dx.rop.type.StdTypeList::withFirst (53 bytes)
Event: 4.755 Thread 0x0000000007721800 nmethod 812 0x000000000f1a7ad0 code [0x000000000f1a7d40, 0x000000000f1a8e38]
Event: 4.755 Thread 0x00000000076ad000  813 %     4       com.android.dx.cf.code.Ropper::labelToResultIndex @ 10 (47 bytes)
Event: 4.755 Thread 0x00000000076b3800  814       4       com.android.dx.cf.code.Merger::isPossiblyAssignableFrom (202 bytes)
Event: 4.756 Thread 0x0000000007721800  818       3       com.android.dx.ssa.NormalSsaInsn::clone (5 bytes)
Event: 4.756 Thread 0x0000000007721800 nmethod 818 0x000000000f1caa50 code [0x000000000f1cac00, 0x000000000f1cb158]
Event: 4.757 Thread 0x0000000007721800  820       3       com.android.dx.ssa.SsaConverter::placePhiFunctions (394 bytes)
Event: 4.761 Thread 0x0000000007721800 

Event: 4.762 Thread 0x00000000076ad000 


GC Heap History (2 events):
Event: 3.307 GC heap before
{Heap before GC invocations=1 (full 0):
 PSYoungGen      total 38400K, used 33280K [0x00000000eab00000, 0x00000000ed580000, 0x0000000100000000)
  eden space 33280K, 100% used [0x00000000eab00000,0x00000000ecb80000,0x00000000ecb80000)
  from space 5120K, 0% used [0x00000000ed080000,0x00000000ed080000,0x00000000ed580000)
  to   space 5120K, 0% used [0x00000000ecb80000,0x00000000ecb80000,0x00000000ed080000)
 ParOldGen       total 87552K, used 0K [0x00000000c0000000, 0x00000000c5580000, 0x00000000eab00000)
  object space 87552K, 0% used [0x00000000c0000000,0x00000000c0000000,0x00000000c5580000)
 Metaspace       used 5574K, capacity 6832K, committed 7040K, reserved 1056768K
  class space    used 553K, capacity 616K, committed 640K, reserved 1048576K
Event: 3.436 GC heap after
Heap after GC invocations=1 (full 0):
 PSYoungGen      total 38400K, used 5104K [0x00000000eab00000, 0x00000000ef600000, 0x0000000100000000)
  eden space 33280K, 0% used [0x00000000eab00000,0x00000000eab00000,0x00000000ecb80000)
  from space 5120K, 99% used [0x00000000ecb80000,0x00000000ed07c288,0x00000000ed080000)
  to   space 5120K, 0% used [0x00000000ef100000,0x00000000ef100000,0x00000000ef600000)
 ParOldGen       total 87552K, used 2031K [0x00000000c0000000, 0x00000000c5580000, 0x00000000eab00000)
  object space 87552K, 2% used [0x00000000c0000000,0x00000000c01fbdd0,0x00000000c5580000)
 Metaspace       used 5574K, capacity 6832K, committed 7040K, reserved 1056768K
  class space    used 553K, capacity 616K, committed 640K, reserved 1048576K
}

Deoptimization events (5 events):
Event: 0.871 Thread 0x000000000047e000 Uncommon trap: reason=unstable_if action=reinterpret pc=0x000000000f16f3c4 method=java.lang.String.indexOf(II)I @ 49
Event: 1.953 Thread 0x000000000047e000 Uncommon trap: reason=unstable_if action=reinterpret pc=0x000000000f206360 method=java.util.BitSet.nextSetBit(I)I @ 87
Event: 1.953 Thread 0x000000000047e000 Uncommon trap: reason=unstable_if action=reinterpret pc=0x000000000f25a664 method=java.util.BitSet.ensureCapacity(I)V @ 6
Event: 1.953 Thread 0x000000000047e000 Uncommon trap: reason=unstable_if action=reinterpret pc=0x000000000f259f60 method=java.util.BitSet.ensureCapacity(I)V @ 6
Event: 3.805 Thread 0x000000000047e000 Uncommon trap: reason=bimorphic action=maybe_recompile pc=0x000000000f27297c method=java.util.HashMap.getNode(ILjava/lang/Object;)Ljava/util/HashMap$Node; @ 126

Internal exceptions (2 events):
Event: 0.138 Thread 0x000000000047e000 Exception <a 'java/lang/NoSuchMethodError': Method sun.misc.Unsafe.defineClass(Ljava/lang/String;[BII)Ljava/lang/Class; name or signature does not match> (0x00000000eab12f70) thrown at [C:\re\workspace\8-2-build-windows-amd64-cygwin\jdk8u45\3627\hotspot\srû&û5ªÁ?
Event: 0.138 Thread 0x000000000047e000 Exception <a 'java/lang/NoSuchMethodError': Method sun.misc.Unsafe.prefetchRead(Ljava/lang/Object;J)V name or signature does not match> (0x00000000eab13200) thrown at [C:\re\workspace\8-2-build-windows-amd64-cygwin\jdk8u45\3627\hotspot\src\share\vm\prims\j

Events (10 events):
Event: 4.729 Thread 0x0000000007721800 flushing nmethod 0x000000000f1d3f50
Event: 4.729 Thread 0x0000000007721800 flushing nmethod 0x000000000f1d5110
Event: 4.729 Thread 0x0000000007721800 flushing nmethod 0x000000000f1d8450
Event: 4.729 Thread 0x0000000007721800 flushing nmethod 0x000000000f1dcdd0
Event: 4.729 Thread 0x0000000007721800 flushing nmethod 0x000000000f1df4d0
Event: 4.729 Thread 0x0000000007721800 flushing nmethod 0x000000000f1e75d0
Event: 4.729 Thread 0x0000000007721800 flushing nmethod 0x000000000f202e50
Event: 4.729 Thread 0x0000000007721800 flushing nmethod 0x000000000f205350
Event: 4.729 Thread 0x0000000007721800 flushing nmethod 0x000000000f209110
Event: 4.729 Thread 0x0000000007721800 flushing nmethod 0x000000000f210b90


Dynamic libraries:
0x000000013fc60000 - 0x000000013fc97000 	C:\Program Files\Java\jdk1.8.0_45\bin\java.exe
0x0000000076e70000 - 0x0000000077019000 	C:\Windows\SYSTEM32\ntdll.dll
0x0000000076d50000 - 0x0000000076e6f000 	C:\Windows\system32\kernel32.dll
0x000007fefcdf0000 - 0x000007fefce5c000 	C:\Windows\system32\KERNELBASE.dll
0x000007fefd540000 - 0x000007fefd61b000 	C:\Windows\system32\ADVAPI32.dll
0x000007fefd190000 - 0x000007fefd22f000 	C:\Windows\system32\msvcrt.dll
0x000007fefee20000 - 0x000007fefee3f000 	C:\Windows\SYSTEM32\sechost.dll
0x000007fefd620000 - 0x000007fefd74d000 	C:\Windows\system32\RPCRT4.dll
0x0000000076c50000 - 0x0000000076d4a000 	C:\Windows\system32\USER32.dll
0x000007fefde10000 - 0x000007fefde77000 	C:\Windows\system32\GDI32.dll
0x000007fefd990000 - 0x000007fefd99e000 	C:\Windows\system32\LPK.dll
0x000007fefecb0000 - 0x000007fefed79000 	C:\Windows\system32\USP10.dll
0x000007fef9d00000 - 0x000007fef9ef4000 	C:\Windows\WinSxS\amd64_microsoft.windows.common-controls_6595b64144ccf1df_6.0.7601.18837_none_fa3b1e3d17594757\COMCTL32.dll
0x000007fefee40000 - 0x000007fefeeb1000 	C:\Windows\system32\SHLWAPI.dll
0x000007fefd960000 - 0x000007fefd98e000 	C:\Windows\system32\IMM32.DLL
0x000007fefd080000 - 0x000007fefd189000 	C:\Windows\system32\MSCTF.dll
0x000007fefcb50000 - 0x000007fefcb81000 	C:\Windows\system32\nvinitx.dll
0x000000000f000000 - 0x000000000f006000 	C:\Program Files\NVIDIA Corporation\CoProcManager\_etoured.dll
0x000007fef8de0000 - 0x000007fef8e3f000 	C:\Program Files\NVIDIA Corporation\CoProcManager\nvd3d9wrapx.dll
0x000007fefd230000 - 0x000007fefd407000 	C:\Windows\system32\SETUPAPI.dll
0x000007fefcce0000 - 0x000007fefcd16000 	C:\Windows\system32\CFGMGR32.dll
0x000007fefd460000 - 0x000007fefd537000 	C:\Windows\system32\OLEAUT32.dll
0x000007fefd750000 - 0x000007fefd953000 	C:\Windows\system32\ole32.dll
0x000007fefcd20000 - 0x000007fefcd3a000 	C:\Windows\system32\DEVOBJ.dll
0x000007fef8d60000 - 0x000007fef8da6000 	C:\Program Files\NVIDIA Corporation\CoProcManager\nvdxgiwrapx.dll
0x0000000067fc0000 - 0x0000000068092000 	C:\Program Files\Java\jdk1.8.0_45\jre\bin\msvcr100.dll
0x000000005c160000 - 0x000000005c9e3000 	C:\Program Files\Java\jdk1.8.0_45\jre\bin\server\jvm.dll
0x000007fef0620000 - 0x000007fef0629000 	C:\Windows\system32\WSOCK32.dll
0x000007fefd410000 - 0x000007fefd45d000 	C:\Windows\system32\WS2_32.dll
0x000007fefdb30000 - 0x000007fefdb38000 	C:\Windows\system32\NSI.dll
0x000007fef8f50000 - 0x000007fef8f8b000 	C:\Windows\system32\WINMM.dll
0x000007fefba20000 - 0x000007fefba2c000 	C:\Windows\system32\VERSION.dll
0x0000000077030000 - 0x0000000077037000 	C:\Windows\system32\PSAPI.DLL
0x000000006ef10000 - 0x000000006ef1f000 	C:\Program Files\Java\jdk1.8.0_45\jre\bin\verify.dll
0x000000006ad60000 - 0x000000006ad89000 	C:\Program Files\Java\jdk1.8.0_45\jre\bin\java.dll
0x000000006ad40000 - 0x000000006ad56000 	C:\Program Files\Java\jdk1.8.0_45\jre\bin\zip.dll
0x000007fefde80000 - 0x000007fefec09000 	C:\Windows\system32\SHELL32.dll
0x000007fefcc30000 - 0x000007fefcc3f000 	C:\Windows\system32\profapi.dll

VM Arguments:
jvm_args: -Xmx1024M -Dfile.encoding=x-windows-949 -Duser.country=KR -Duser.language=ko -Duser.variant 
java_command: com.android.dx.command.Main --dex --output C:\Users\Administrator\Documents\anoki-android\app\build\intermediates\pre-dexed\debug\classes-8050aafcfbbd2905fbc878362247f4c98c23378f.jar C:\Users\Administrator\Documents\anoki-android\app\build\intermediates\exploded-aar\com.google.android.gms\play-services-wearable\7.5.0\jars\classes.jar
java_class_path (initial): D:\Users\Administrator\AppData\Local\Android\sdk\build-tools\22.0.1\lib\dx.jar
Launcher Type: SUN_STANDARD

Environment Variables:
PATH=C:\ProgramData\Oracle\Java\javapath;C:\Program Files (x86)\NVIDIA Corporation\PhysX\Common;C:\Windows\system32;C:\Windows;C:\Windows\System32\Wbem;C:\Windows\System32\WindowsPowerShell\v1.0\;C:\Program Files (x86)\Intel\OpenCL SDK\3.0\bin\x86;C:\Program Files (x86)\Intel\OpenCL SDK\3.0\bin\x64;d:\Program Files (x86)\Microsoft SQL Server\100\Tools\Binn\;d:\Program Files\Microsoft SQL Server\100\Tools\Binn\;d:\Program Files\Microsoft SQL Server\100\DTS\Binn\;d:\Program Files (x86)\Microsoft SQL Server\100\Tools\Binn\VSShell\Common7\IDE\;d:\Program Files (x86)\Microsoft SQL Server\100\DTS\Binn\
USERNAME=Administrator
OS=Windows_NT
PROCESSOR_IDENTIFIER=Intel64 Family 6 Model 60 Stepping 3, GenuineIntel



---------------  S Y S T E M  ---------------

OS: Windows 7 , 64 bit Build 7601 (6.1.7601.18869)

CPU:total 8 (4 cores per cpu, 2 threads per core) family 6 model 60 stepping 3, cmov, cx8, fxsr, mmx, sse, sse2, sse3, ssse3, sse4.1, sse4.2, popcnt, avx, avx2, aes, clmul, erms, lzcnt, ht, tsc, tscinvbit, bmi1, bmi2

Memory: 4k page, physical 8294168k(185292k free), swap 10389484k(4872k free)

vm_info: Java HotSpot(TM) 64-Bit Server VM (25.45-b02) for windows-amd64 JRE (1.8.0_45-b15), built on Apr 30 2015 12:40:44 by "java_re" with MS VC++ 10.0 (VS2010)

time: Tue Aug 11 11:31:46 2015
elapsed time: 4 seconds (0d 0h 0m 4s)

